<?xml version="1.0" encoding="UTF-8"?>
<testsuite xmlns:xsi="http://www.w3.org/2001/XMLSchema-instance" xsi:noNamespaceSchemaLocation="https://maven.apache.org/surefire/maven-failsafe-plugin/xsd/failsafe-test-report-3.0.xsd" version="3.0" name="CucumberTestSuite" time="134.663" tests="9" errors="2" skipped="0" failures="0">
  <properties>
[...]
</properties>
  <testcase name="As a user, i have able to login" classname="Login" time="31.683">
    <system-out><![CDATA[01:48:54.186 [main] INFO io.cucumber.core.plugin.SerenityReporter - Running feature from file:///D:/Mini%20Project-QE%20Alta/Web%20Automation/FrontEnd-AltaShop/src/test/resources/features/ALogin.feature
01:48:54.541 [main] INFO  - 

-------------------------------------------------------------------------------------
     _______. _______ .______       _______ .__   __.  __  .___________.____    ____ 
    /       ||   ____||   _  \     |   ____||  \ |  | |  | |           |\   \  /   / 
   |   (----`|  |__   |  |_)  |    |  |__   |   \|  | |  | `---|  |----` \   \/   /  
    \   \    |   __|  |      /     |   __|  |  . `  | |  |     |  |       \_    _/   
.----)   |   |  |____ |  |\  \----.|  |____ |  |\   | |  |     |  |         |  |     
|_______/    |_______|| _| `._____||_______||__| \__| |__|     |__|         |__|    
                                                                                     
 News and tutorials at http://www.serenity-bdd.info                                  
 Documentation at https://wakaleo.gitbooks.io/the-serenity-book/content/             
 Join the Serenity Community on Gitter: https://gitter.im/serenity-bdd/serenity-core 
 Serenity BDD Support and Training at http://serenity-bdd.info/#/trainingandsupport  
-------------------------------------------------------------------------------------

01:48:54.549 [main] DEBUG net.thucydides.core.steps.StepEventBus - Test suite started for story net.thucydides.core.model.Story@7c786067
01:48:54.559 [main] INFO  - Test Suite Started: Login
01:48:54.587 [main] INFO io.cucumber.core.plugin.SerenityReporter - Running feature from file:///D:/Mini%20Project-QE%20Alta/Web%20Automation/FrontEnd-AltaShop/src/test/resources/features/BuyProducts.feature
01:48:54.604 [main] DEBUG net.thucydides.core.steps.StepEventBus - Test suite started for story net.thucydides.core.model.Story@b6b7434a
01:48:54.605 [main] INFO  - Test Suite Started: Buy Product
01:48:54.606 [main] INFO io.cucumber.core.plugin.SerenityReporter - Running feature from file:///D:/Mini%20Project-QE%20Alta/Web%20Automation/FrontEnd-AltaShop/src/test/resources/features/Logout.feature
01:48:54.617 [main] DEBUG net.thucydides.core.steps.StepEventBus - Test suite started for story net.thucydides.core.model.Story@7960de68
01:48:54.619 [main] INFO  - Test Suite Started: Logout
01:48:54.620 [main] INFO io.cucumber.core.plugin.SerenityReporter - Running feature from file:///D:/Mini%20Project-QE%20Alta/Web%20Automation/FrontEnd-AltaShop/src/test/resources/features/Order.feature
01:48:54.632 [main] DEBUG net.thucydides.core.steps.StepEventBus - Test suite started for story net.thucydides.core.model.Story@cc4b76a8
01:48:54.634 [main] INFO  - Test Suite Started: Order
01:48:54.635 [main] INFO io.cucumber.core.plugin.SerenityReporter - Running feature from file:///D:/Mini%20Project-QE%20Alta/Web%20Automation/FrontEnd-AltaShop/src/test/resources/features/Register.feature
01:48:54.647 [main] DEBUG net.thucydides.core.steps.StepEventBus - Test suite started for story net.thucydides.core.model.Story@30e75088
01:48:54.649 [main] INFO  - Test Suite Started: Register
01:48:54.651 [main] INFO io.cucumber.core.plugin.SerenityReporter - Running feature from file:///D:/Mini%20Project-QE%20Alta/Web%20Automation/FrontEnd-AltaShop/src/test/resources/features/ALogin.feature
01:48:54.660 [main] DEBUG net.thucydides.core.steps.StepEventBus - Test suite started for story net.thucydides.core.model.Story@7c786067
01:48:54.661 [main] INFO  - Test Suite Started: Login

Scenario: As a user, i have able to login           &amp#27;[90m# src/test/resources/features/ALogin.feature:3&amp#27;[0m
01:48:54.932 [main] INFO io.cucumber.core.plugin.SerenityReporter - Running feature from file:///D:/Mini%20Project-QE%20Alta/Web%20Automation/FrontEnd-AltaShop/src/test/resources/features/ALogin.feature
01:48:55.198 [main] INFO  - 
  _____   ___   ___   _____     ___   _____     _     ___   _____   ___   ___  
 |_   _| | __| / __| |_   _|   / __| |_   _|   /_\   | _ \ |_   _| | __| |   \ 
   | |   | _|  \__ \   | |     \__ \   | |    / _ \  |   /   | |   | _|  | |) |
   |_|   |___| |___/   |_|     |___/   |_|   /_/ \_\ |_|_\   |_|   |___| |___/ 

As a user, i have able to login(login;as-a-user--i-have-able-to-login)
--------------------------------------------------------------------------------
01:48:56.827 [main] DEBUG net.thucydides.core.steps.StepInterceptor - STARTING STEP: BLoginStep.iAmAtLoginPage - onLoginPage
01:48:56.911 [main] INFO net.serenitybdd.core.webdriver.driverproviders.ChromeDriverProvider - Using automatically driver download
01:48:58.469 [main] DEBUG io.github.bonigarcia.wdm.cache.ResolutionCache - Resolution chrome=101 in cache (valid until 02:25:36 13/05/2022 ICT)
01:48:58.494 [main] DEBUG io.github.bonigarcia.wdm.cache.ResolutionCache - Resolution chrome101=101.0.4951.41 in cache (valid until 14:31:54 13/05/2022 ICT)
01:48:58.506 [main] INFO io.github.bonigarcia.wdm.WebDriverManager - Using chromedriver 101.0.4951.41 (resolved driver for Chrome 101)
01:48:58.601 [main] DEBUG io.github.bonigarcia.wdm.WebDriverManager - Driver chromedriver 101.0.4951.41 found in cache
01:48:58.607 [main] INFO io.github.bonigarcia.wdm.WebDriverManager - Exporting webdriver.chrome.driver as C:\Users\Siti Nurlatipah\.cache\selenium\chromedriver\win32\101.0.4951.41\chromedriver.exe
01:48:59.705 [main] DEBUG net.thucydides.core.reflection.ClassFinder - Could not load class .CucumberTestSuite
01:48:59.705 [main] DEBUG net.thucydides.core.reflection.ClassFinder - Could not load class .starter.ARegister
01:48:59.706 [main] DEBUG net.thucydides.core.reflection.ClassFinder - Could not load class .starter.BLogin
01:48:59.706 [main] DEBUG net.thucydides.core.reflection.ClassFinder - Could not load class .starter.BuyProducts
01:48:59.706 [main] DEBUG net.thucydides.core.reflection.ClassFinder - Could not load class .starter.Logout
01:48:59.706 [main] DEBUG net.thucydides.core.reflection.ClassFinder - Could not load class .starter.Order
01:48:59.706 [main] DEBUG net.thucydides.core.reflection.ClassFinder - Could not load class .starter.Transaction
01:48:59.706 [main] DEBUG net.thucydides.core.reflection.ClassFinder - Could not load class .stepdefinitions.ARegisterStep
01:48:59.706 [main] DEBUG net.thucydides.core.reflection.ClassFinder - Could not load class .stepdefinitions.BLoginStep
01:48:59.706 [main] DEBUG net.thucydides.core.reflection.ClassFinder - Could not load class .stepdefinitions.BuyProductsStep
01:48:59.706 [main] DEBUG net.thucydides.core.reflection.ClassFinder - Could not load class .stepdefinitions.LogoutStep
01:48:59.707 [main] DEBUG net.thucydides.core.reflection.ClassFinder - Could not load class .stepdefinitions.OrderStep
01:48:59.708 [main] DEBUG net.thucydides.core.reflection.ClassFinder - Could not load class META-INF.versions.9.com.sun.istack.logging.StackHelper
01:48:59.709 [main] DEBUG net.thucydides.core.reflection.ClassFinder - Could not load class META-INF.versions.9.com.sun.xml.bind.v2.runtime.reflect.opt.AccessorInjector
01:48:59.710 [main] DEBUG net.thucydides.core.reflection.ClassFinder - Could not load class META-INF.versions.9.com.sun.xml.bind.v2.runtime.reflect.opt.Injector
01:48:59.710 [main] DEBUG net.thucydides.core.reflection.ClassFinder - Could not load class META-INF.versions.9.com.sun.xml.bind.v2.runtime.reflect.opt.OptimizedAccessorFactory
01:48:59.711 [main] DEBUG net.thucydides.core.reflection.ClassFinder - Could not load class META-INF.versions.9.com.sun.xml.bind.v2.runtime.reflect.opt.OptimizedTransducedAccessorFactory
01:48:59.711 [main] DEBUG net.thucydides.core.reflection.ClassFinder - Could not load class META-INF.versions.9.io.opentelemetry.sdk.internal.CurrentJavaVersionSpecific
01:48:59.712 [main] DEBUG net.thucydides.core.reflection.ClassFinder - Could not load class META-INF.versions.9.io.opentelemetry.sdk.internal.Java9VersionSpecific
01:48:59.712 [main] DEBUG net.thucydides.core.reflection.ClassFinder - Could not load class META-INF.versions.9.javax.xml.bind.ModuleUtil
01:48:59.714 [main] DEBUG net.thucydides.core.reflection.ClassFinder - Could not load class META-INF.versions.9.module-info
01:48:59.715 [main] DEBUG net.thucydides.core.reflection.ClassFinder - Could not load class META-INF.versions.9.org.junit.platform.commons.util.ModuleUtils
01:49:00.475 [main] DEBUG net.thucydides.core.reflection.ClassFinder - Could not load class com.google.gson.internal.
01:49:00.866 [main] DEBUG net.thucydides.core.reflection.ClassFinder - Could not load class com.sun.xml.bind.v2.runtime.output.FastInfosetStreamWriterOutput
01:49:01.912 [main] DEBUG net.thucydides.core.reflection.ClassFinder - Could not load class module-info
01:49:07.456 [main] DEBUG io.netty.util.internal.logging.InternalLoggerFactory - Using SLF4J as the default logging framework
01:49:07.461 [main] DEBUG io.netty.util.ResourceLeakDetector - -Dio.netty.leakDetection.level: simple
01:49:07.462 [main] DEBUG io.netty.util.ResourceLeakDetector - -Dio.netty.leakDetection.targetRecords: 4
01:49:07.470 [main] DEBUG io.netty.util.ResourceLeakDetectorFactory - Loaded default ResourceLeakDetector: io.netty.util.ResourceLeakDetector@7fc2e0b7
01:49:07.512 [main] DEBUG io.netty.util.internal.PlatformDependent0 - -Dio.netty.noUnsafe: false
01:49:07.513 [main] DEBUG io.netty.util.internal.PlatformDependent0 - Java version: 11
01:49:07.515 [main] DEBUG io.netty.util.internal.PlatformDependent0 - sun.misc.Unsafe.theUnsafe: available
01:49:07.516 [main] DEBUG io.netty.util.internal.PlatformDependent0 - sun.misc.Unsafe.copyMemory: available
01:49:07.517 [main] DEBUG io.netty.util.internal.PlatformDependent0 - java.nio.Buffer.address: available
01:49:07.519 [main] DEBUG io.netty.util.internal.PlatformDependent0 - direct buffer constructor: unavailable: Reflective setAccessible(true) disabled
01:49:07.520 [main] DEBUG io.netty.util.internal.PlatformDependent0 - java.nio.Bits.unaligned: available, true
01:49:07.523 [main] DEBUG io.netty.util.internal.PlatformDependent0 - jdk.internal.misc.Unsafe.allocateUninitializedArray(int): unavailable: class io.netty.util.internal.PlatformDependent0$6 cannot access class jdk.internal.misc.Unsafe (in module java.base) because module java.base does not export jdk.internal.misc to unnamed module @5149f008
01:49:07.527 [main] DEBUG io.netty.util.internal.PlatformDependent0 - java.nio.DirectByteBuffer.<init>(long, int): unavailable
01:49:07.527 [main] DEBUG io.netty.util.internal.PlatformDependent - sun.misc.Unsafe: available
01:49:07.531 [main] DEBUG io.netty.util.internal.PlatformDependent - maxDirectMemory: 1579155456 bytes (maybe)
01:49:07.532 [main] DEBUG io.netty.util.internal.PlatformDependent - -Dio.netty.tmpdir: C:\Users\SITINU~1\AppData\Local\Temp (java.io.tmpdir)
01:49:07.533 [main] DEBUG io.netty.util.internal.PlatformDependent - -Dio.netty.bitMode: 64 (sun.arch.data.model)
01:49:07.533 [main] DEBUG io.netty.util.internal.PlatformDependent - Platform: Windows
01:49:07.535 [main] DEBUG io.netty.util.internal.PlatformDependent - -Dio.netty.maxDirectMemory: -1 bytes
01:49:07.536 [main] DEBUG io.netty.util.internal.PlatformDependent - -Dio.netty.uninitializedArrayAllocationThreshold: -1
01:49:07.538 [main] DEBUG io.netty.util.internal.CleanerJava9 - java.nio.ByteBuffer.cleaner(): available
01:49:07.539 [main] DEBUG io.netty.util.internal.PlatformDependent - -Dio.netty.noPreferDirect: false
01:49:07.561 [main] DEBUG io.netty.util.internal.PlatformDependent - org.jctools-core.MpscChunkedArrayQueue: available
01:49:07.602 [main] DEBUG io.netty.util.internal.InternalThreadLocalMap - -Dio.netty.threadLocalMap.stringBuilder.initialSize: 1024
01:49:07.602 [main] DEBUG io.netty.util.internal.InternalThreadLocalMap - -Dio.netty.threadLocalMap.stringBuilder.maxSize: 4096
01:49:07.688 [main] DEBUG io.netty.handler.ssl.JdkSslContext - Default protocols (JDK): [TLSv1.3, TLSv1.2] 
01:49:07.688 [main] DEBUG io.netty.handler.ssl.JdkSslContext - Default cipher suites (JDK): [TLS_ECDHE_ECDSA_WITH_AES_256_GCM_SHA384, TLS_ECDHE_ECDSA_WITH_AES_128_GCM_SHA256, TLS_ECDHE_RSA_WITH_AES_128_GCM_SHA256, TLS_ECDHE_RSA_WITH_AES_256_GCM_SHA384, TLS_ECDHE_RSA_WITH_AES_128_CBC_SHA, TLS_ECDHE_RSA_WITH_AES_256_CBC_SHA, TLS_RSA_WITH_AES_128_GCM_SHA256, TLS_RSA_WITH_AES_128_CBC_SHA, TLS_RSA_WITH_AES_256_CBC_SHA, TLS_AES_128_GCM_SHA256, TLS_AES_256_GCM_SHA384]
01:49:07.733 [main] DEBUG io.netty.channel.MultithreadEventLoopGroup - -Dio.netty.eventLoopThreads: 8
01:49:07.753 [main] DEBUG io.netty.channel.nio.NioEventLoop - -Dio.netty.noKeySetOptimization: false
01:49:07.753 [main] DEBUG io.netty.channel.nio.NioEventLoop - -Dio.netty.selectorAutoRebuildThreshold: 512
01:49:07.830 [main] DEBUG io.netty.buffer.PooledByteBufAllocator - -Dio.netty.allocator.numHeapArenas: 8
01:49:07.830 [main] DEBUG io.netty.buffer.PooledByteBufAllocator - -Dio.netty.allocator.numDirectArenas: 8
01:49:07.830 [main] DEBUG io.netty.buffer.PooledByteBufAllocator - -Dio.netty.allocator.pageSize: 8192
01:49:07.830 [main] DEBUG io.netty.buffer.PooledByteBufAllocator - -Dio.netty.allocator.maxOrder: 11
01:49:07.830 [main] DEBUG io.netty.buffer.PooledByteBufAllocator - -Dio.netty.allocator.chunkSize: 16777216
01:49:07.830 [main] DEBUG io.netty.buffer.PooledByteBufAllocator - -Dio.netty.allocator.smallCacheSize: 256
01:49:07.831 [main] DEBUG io.netty.buffer.PooledByteBufAllocator - -Dio.netty.allocator.normalCacheSize: 64
01:49:07.831 [main] DEBUG io.netty.buffer.PooledByteBufAllocator - -Dio.netty.allocator.maxCachedBufferCapacity: 32768
01:49:07.831 [main] DEBUG io.netty.buffer.PooledByteBufAllocator - -Dio.netty.allocator.cacheTrimInterval: 8192
01:49:07.831 [main] DEBUG io.netty.buffer.PooledByteBufAllocator - -Dio.netty.allocator.cacheTrimIntervalMillis: 0
01:49:07.831 [main] DEBUG io.netty.buffer.PooledByteBufAllocator - -Dio.netty.allocator.useCacheForAllThreads: true
01:49:07.831 [main] DEBUG io.netty.buffer.PooledByteBufAllocator - -Dio.netty.allocator.maxCachedByteBuffersPerChunk: 1023
01:49:07.855 [main] DEBUG io.netty.buffer.ByteBufUtil - -Dio.netty.allocator.type: pooled
01:49:07.855 [main] DEBUG io.netty.buffer.ByteBufUtil - -Dio.netty.threadLocalDirectBufferSize: 0
01:49:07.856 [main] DEBUG io.netty.buffer.ByteBufUtil - -Dio.netty.maxThreadLocalCharBufferSize: 16384
01:49:08.254 [main] DEBUG net.serenitybdd.core.webdriver.driverproviders.ProvideNewDriver - Instantiating driver
01:49:08.254 [main] DEBUG net.serenitybdd.core.webdriver.driverproviders.ProvideNewDriver - Driver capabilities: Capabilities {acceptInsecureCerts: false, base.url: https://qa.alta.id, browserName: chrome, chrome.driver: src/test/resources/webdrive..., driver: chrome, goog:chromeOptions: {args: [], extensions: []}}
01:49:09.217 [Forwarding newSession on session null to remote] DEBUG io.netty.channel.DefaultChannelId - -Dio.netty.processId: 976 (auto-detected)
01:49:09.223 [Forwarding newSession on session null to remote] DEBUG io.netty.util.NetUtil - -Djava.net.preferIPv4Stack: false
01:49:09.223 [Forwarding newSession on session null to remote] DEBUG io.netty.util.NetUtil - -Djava.net.preferIPv6Addresses: false
01:49:09.934 [Forwarding newSession on session null to remote] DEBUG io.netty.util.NetUtilInitializations - Loopback interface: lo (Software Loopback Interface 1, 127.0.0.1)
01:49:09.936 [Forwarding newSession on session null to remote] DEBUG io.netty.util.NetUtil - Failed to get SOMAXCONN from sysctl and file \proc\sys\net\core\somaxconn. Default: 200
01:49:10.676 [Forwarding newSession on session null to remote] DEBUG io.netty.channel.DefaultChannelId - -Dio.netty.machineId: a4:97:b1:ff:fe:c8:9c:0f (auto-detected)
01:49:10.791 [AsyncHttpClient-1-2] DEBUG io.netty.buffer.AbstractByteBuf - -Dio.netty.buffer.checkAccessible: true
01:49:10.793 [AsyncHttpClient-1-2] DEBUG io.netty.buffer.AbstractByteBuf - -Dio.netty.buffer.checkBounds: true
01:49:10.793 [AsyncHttpClient-1-2] DEBUG io.netty.util.ResourceLeakDetectorFactory - Loaded default ResourceLeakDetector: io.netty.util.ResourceLeakDetector@42d3d13b
01:49:10.824 [AsyncHttpClient-1-2] DEBUG org.asynchttpclient.netty.channel.NettyConnectListener - Using new Channel '[id: 0x20094ad6, L:/127.0.0.1:57214 - R:localhost/127.0.0.1:56406]' for 'POST' to '/session'
01:49:10.858 [AsyncHttpClient-1-2] DEBUG io.netty.util.Recycler - -Dio.netty.recycler.maxCapacityPerThread: 4096
01:49:10.858 [AsyncHttpClient-1-2] DEBUG io.netty.util.Recycler - -Dio.netty.recycler.ratio: 8
01:49:10.858 [AsyncHttpClient-1-2] DEBUG io.netty.util.Recycler - -Dio.netty.recycler.chunkSize: 32
01:49:10.859 [AsyncHttpClient-1-2] DEBUG io.netty.util.Recycler - -Dio.netty.recycler.blocking: false
01:49:12.514 [AsyncHttpClient-1-2] DEBUG io.netty.handler.codec.compression.Brotli - brotli4j not in the classpath; Brotli support will be unavailable.
01:49:12.515 [AsyncHttpClient-1-2] DEBUG org.asynchttpclient.netty.handler.HttpHandler - 

Request DefaultHttpRequest(decodeResult: success, version: HTTP/1.1)
POST /session HTTP/1.1
User-Agent: selenium/4.1.2 (java windows)
Content-Length: 595
Content-Type: application/json; charset=utf-8
host: localhost:56406
accept: */*

Response DefaultHttpResponse(decodeResult: success, version: HTTP/1.1)
HTTP/1.1 200 OK
Content-Type: application/json; charset=utf-8
cache-control: no-cache
content-length: 792

01:49:12.540 [AsyncHttpClient-1-2] DEBUG org.asynchttpclient.netty.channel.ChannelManager - Adding key: http://localhost:56406 for channel [id: 0x20094ad6, L:/127.0.0.1:57214 - R:localhost/127.0.0.1:56406]
01:49:12.746 [AsyncHttpClient-1-3] DEBUG org.asynchttpclient.netty.channel.NettyConnectListener - Using new Channel '[id: 0xe0be79c1, L:/127.0.0.1:57223 - R:localhost/127.0.0.1:57216]' for 'GET' to '/json/version'
01:49:12.987 [AsyncHttpClient-1-3] DEBUG org.asynchttpclient.netty.handler.HttpHandler - 

Request DefaultFullHttpRequest(decodeResult: success, version: HTTP/1.1, content: EmptyByteBufBE)
GET /json/version HTTP/1.1
User-Agent: selenium/4.1.2 (java windows)
host: localhost:57216
accept: */*

Response DefaultHttpResponse(decodeResult: success, version: HTTP/1.1)
HTTP/1.1 200 OK
Content-Type: application/json; charset=UTF-8
content-length: 427

01:49:12.988 [AsyncHttpClient-1-3] DEBUG org.asynchttpclient.netty.channel.ChannelManager - Adding key: http://localhost:57216 for channel [id: 0xe0be79c1, L:/127.0.0.1:57223 - R:localhost/127.0.0.1:57216]
01:49:13.006 [main] DEBUG io.netty.util.internal.ThreadLocalRandom - -Dio.netty.initialSeedUniquifier: 0x433f04599cf8fbd6
01:49:13.027 [AsyncHttpClient-1-4] DEBUG org.asynchttpclient.netty.channel.NettyConnectListener - Using new Channel '[id: 0x880b19b7, L:/127.0.0.1:57226 - R:localhost/127.0.0.1:57216]' for 'GET' to '/devtools/browser/58e51408-ba97-4a5f-8c7b-eb6a79d07e99'
01:49:13.043 [AsyncHttpClient-1-4] DEBUG org.asynchttpclient.netty.handler.WebSocketHandler - 

Request DefaultFullHttpRequest(decodeResult: success, version: HTTP/1.1, content: EmptyByteBufBE)
GET /devtools/browser/58e51408-ba97-4a5f-8c7b-eb6a79d07e99 HTTP/1.1
upgrade: websocket
connection: upgrade
sec-websocket-key: opeicvQdlf6J7kaoe9TQUA==
sec-websocket-version: 13
origin: http://localhost:57216
host: localhost:57216
accept: */*
user-agent: AHC/2.1

Response DefaultHttpResponse(decodeResult: success, version: HTTP/1.1)
HTTP/1.1 101 WebSocket Protocol Handshake
Upgrade: WebSocket
Connection: Upgrade
Sec-WebSocket-Accept: QcKmjh5rWidmPvGZZnORtHI01nk=

01:49:13.187 [AsyncHttpClient-1-1] DEBUG org.asynchttpclient.netty.channel.DefaultChannelPool - Entry count for : http://localhost:56406 : 1
01:49:13.187 [AsyncHttpClient-1-1] DEBUG org.asynchttpclient.netty.channel.DefaultChannelPool - Entry count for : http://localhost:57216 : 1
01:49:14.318 [AsyncHttpClient-1-1] DEBUG org.asynchttpclient.netty.channel.DefaultChannelPool - Entry count for : http://localhost:56406 : 1
01:49:14.319 [AsyncHttpClient-1-1] DEBUG org.asynchttpclient.netty.channel.DefaultChannelPool - Entry count for : http://localhost:57216 : 1
01:49:14.774 [main] DEBUG net.thucydides.core.reflection.ClassFinder - Could not load class .CucumberTestSuite
01:49:14.775 [main] DEBUG net.thucydides.core.reflection.ClassFinder - Could not load class .starter.ARegister
01:49:14.775 [main] DEBUG net.thucydides.core.reflection.ClassFinder - Could not load class .starter.BLogin
01:49:14.775 [main] DEBUG net.thucydides.core.reflection.ClassFinder - Could not load class .starter.BuyProducts
01:49:14.775 [main] DEBUG net.thucydides.core.reflection.ClassFinder - Could not load class .starter.Logout
01:49:14.775 [main] DEBUG net.thucydides.core.reflection.ClassFinder - Could not load class .starter.Order
01:49:14.776 [main] DEBUG net.thucydides.core.reflection.ClassFinder - Could not load class .starter.Transaction
01:49:14.776 [main] DEBUG net.thucydides.core.reflection.ClassFinder - Could not load class .stepdefinitions.ARegisterStep
01:49:14.776 [main] DEBUG net.thucydides.core.reflection.ClassFinder - Could not load class .stepdefinitions.BLoginStep
01:49:14.777 [main] DEBUG net.thucydides.core.reflection.ClassFinder - Could not load class .stepdefinitions.BuyProductsStep
01:49:14.777 [main] DEBUG net.thucydides.core.reflection.ClassFinder - Could not load class .stepdefinitions.LogoutStep
01:49:14.777 [main] DEBUG net.thucydides.core.reflection.ClassFinder - Could not load class .stepdefinitions.OrderStep
01:49:14.779 [main] DEBUG net.thucydides.core.reflection.ClassFinder - Could not load class META-INF.versions.9.com.sun.istack.logging.StackHelper
01:49:14.780 [main] DEBUG net.thucydides.core.reflection.ClassFinder - Could not load class META-INF.versions.9.com.sun.xml.bind.v2.runtime.reflect.opt.AccessorInjector
01:49:14.781 [main] DEBUG net.thucydides.core.reflection.ClassFinder - Could not load class META-INF.versions.9.com.sun.xml.bind.v2.runtime.reflect.opt.Injector
01:49:14.783 [main] DEBUG net.thucydides.core.reflection.ClassFinder - Could not load class META-INF.versions.9.com.sun.xml.bind.v2.runtime.reflect.opt.OptimizedAccessorFactory
01:49:14.784 [main] DEBUG net.thucydides.core.reflection.ClassFinder - Could not load class META-INF.versions.9.com.sun.xml.bind.v2.runtime.reflect.opt.OptimizedTransducedAccessorFactory
01:49:14.785 [main] DEBUG net.thucydides.core.reflection.ClassFinder - Could not load class META-INF.versions.9.io.opentelemetry.sdk.internal.CurrentJavaVersionSpecific
01:49:14.787 [main] DEBUG net.thucydides.core.reflection.ClassFinder - Could not load class META-INF.versions.9.io.opentelemetry.sdk.internal.Java9VersionSpecific
01:49:14.789 [main] DEBUG net.thucydides.core.reflection.ClassFinder - Could not load class META-INF.versions.9.javax.xml.bind.ModuleUtil
01:49:14.790 [main] DEBUG net.thucydides.core.reflection.ClassFinder - Could not load class META-INF.versions.9.module-info
01:49:14.792 [main] DEBUG net.thucydides.core.reflection.ClassFinder - Could not load class META-INF.versions.9.org.junit.platform.commons.util.ModuleUtils
01:49:14.798 [main] DEBUG net.thucydides.core.reflection.ClassFinder - Could not load class com.google.gson.internal.
01:49:14.801 [main] DEBUG net.thucydides.core.reflection.ClassFinder - Could not load class com.sun.xml.bind.v2.runtime.output.FastInfosetStreamWriterOutput
01:49:14.808 [main] DEBUG net.thucydides.core.reflection.ClassFinder - Could not load class module-info
01:49:14.862 [Forwarding get on session 5598a0f8363d7fd6029439f68364f613 to remote] DEBUG org.asynchttpclient.netty.request.NettyRequestSender - Using pooled Channel '[id: 0x20094ad6, L:/127.0.0.1:57214 - R:localhost/127.0.0.1:56406]' for 'POST' to 'http://localhost:56406/session/5598a0f8363d7fd6029439f68364f613/url'
01:49:14.863 [Forwarding get on session 5598a0f8363d7fd6029439f68364f613 to remote] DEBUG org.asynchttpclient.netty.request.NettyRequestSender - Using open Channel [id: 0x20094ad6, L:/127.0.0.1:57214 - R:localhost/127.0.0.1:56406] for POST '/session/5598a0f8363d7fd6029439f68364f613/url'
01:49:15.386 [AsyncHttpClient-1-1] DEBUG org.asynchttpclient.netty.channel.DefaultChannelPool - Entry count for : http://localhost:57216 : 1
01:49:16.474 [AsyncHttpClient-1-1] DEBUG org.asynchttpclient.netty.channel.DefaultChannelPool - Entry count for : http://localhost:57216 : 1
01:49:17.103 [AsyncHttpClient-1-2] DEBUG org.asynchttpclient.netty.handler.HttpHandler - 

Request DefaultHttpRequest(decodeResult: success, version: HTTP/1.1)
POST /session/5598a0f8363d7fd6029439f68364f613/url HTTP/1.1
User-Agent: selenium/4.1.2 (java windows)
Content-Length: 64
Content-Type: application/json; charset=utf-8
host: localhost:56406
accept: */*

Response DefaultHttpResponse(decodeResult: success, version: HTTP/1.1)
HTTP/1.1 200 OK
Content-Type: application/json; charset=utf-8
cache-control: no-cache
content-length: 14

01:49:17.104 [AsyncHttpClient-1-2] DEBUG org.asynchttpclient.netty.channel.ChannelManager - Adding key: http://localhost:56406 for channel [id: 0x20094ad6, L:/127.0.0.1:57214 - R:localhost/127.0.0.1:56406]
01:49:17.131 [Forwarding setTimeout on session 5598a0f8363d7fd6029439f68364f613 to remote] DEBUG org.asynchttpclient.netty.request.NettyRequestSender - Using pooled Channel '[id: 0x20094ad6, L:/127.0.0.1:57214 - R:localhost/127.0.0.1:56406]' for 'POST' to 'http://localhost:56406/session/5598a0f8363d7fd6029439f68364f613/timeouts'
01:49:17.131 [Forwarding setTimeout on session 5598a0f8363d7fd6029439f68364f613 to remote] DEBUG org.asynchttpclient.netty.request.NettyRequestSender - Using open Channel [id: 0x20094ad6, L:/127.0.0.1:57214 - R:localhost/127.0.0.1:56406] for POST '/session/5598a0f8363d7fd6029439f68364f613/timeouts'
01:49:17.147 [AsyncHttpClient-1-2] DEBUG org.asynchttpclient.netty.handler.HttpHandler - 

Request DefaultHttpRequest(decodeResult: success, version: HTTP/1.1)
POST /session/5598a0f8363d7fd6029439f68364f613/timeouts HTTP/1.1
User-Agent: selenium/4.1.2 (java windows)
Content-Length: 22
Content-Type: application/json; charset=utf-8
host: localhost:56406
accept: */*

Response DefaultHttpResponse(decodeResult: success, version: HTTP/1.1)
HTTP/1.1 200 OK
Content-Type: application/json; charset=utf-8
cache-control: no-cache
content-length: 14

01:49:17.148 [AsyncHttpClient-1-2] DEBUG org.asynchttpclient.netty.channel.ChannelManager - Adding key: http://localhost:56406 for channel [id: 0x20094ad6, L:/127.0.0.1:57214 - R:localhost/127.0.0.1:56406]
01:49:17.184 [Forwarding getCurrentUrl on session 5598a0f8363d7fd6029439f68364f613 to remote] DEBUG org.asynchttpclient.netty.request.NettyRequestSender - Using pooled Channel '[id: 0x20094ad6, L:/127.0.0.1:57214 - R:localhost/127.0.0.1:56406]' for 'GET' to 'http://localhost:56406/session/5598a0f8363d7fd6029439f68364f613/url'
01:49:17.184 [Forwarding getCurrentUrl on session 5598a0f8363d7fd6029439f68364f613 to remote] DEBUG org.asynchttpclient.netty.request.NettyRequestSender - Using open Channel [id: 0x20094ad6, L:/127.0.0.1:57214 - R:localhost/127.0.0.1:56406] for GET '/session/5598a0f8363d7fd6029439f68364f613/url'
01:49:17.241 [AsyncHttpClient-1-2] DEBUG org.asynchttpclient.netty.handler.HttpHandler - 

Request DefaultFullHttpRequest(decodeResult: success, version: HTTP/1.1, content: EmptyByteBufBE)
GET /session/5598a0f8363d7fd6029439f68364f613/url HTTP/1.1
User-Agent: selenium/4.1.2 (java windows)
Cache-Control: no-cache
Content-Type: application/json; charset=utf-8
host: localhost:56406
accept: */*

Response DefaultHttpResponse(decodeResult: success, version: HTTP/1.1)
HTTP/1.1 200 OK
Content-Type: application/json; charset=utf-8
cache-control: no-cache
content-length: 41

01:49:17.241 [AsyncHttpClient-1-2] DEBUG org.asynchttpclient.netty.channel.ChannelManager - Adding key: http://localhost:56406 for channel [id: 0x20094ad6, L:/127.0.0.1:57214 - R:localhost/127.0.0.1:56406]
01:49:17.327 [main] DEBUG net.serenitybdd.core.photography.Darkroom - Opening darkroom
01:49:17.329 [Darkroom Processing Line] DEBUG net.serenitybdd.core.photography.DarkroomProcessingLine - Darkroom processing line starting up
01:49:17.332 [Forwarding screenshot on session 5598a0f8363d7fd6029439f68364f613 to remote] DEBUG org.asynchttpclient.netty.request.NettyRequestSender - Using pooled Channel '[id: 0x20094ad6, L:/127.0.0.1:57214 - R:localhost/127.0.0.1:56406]' for 'GET' to 'http://localhost:56406/session/5598a0f8363d7fd6029439f68364f613/screenshot'
01:49:17.332 [Forwarding screenshot on session 5598a0f8363d7fd6029439f68364f613 to remote] DEBUG org.asynchttpclient.netty.request.NettyRequestSender - Using open Channel [id: 0x20094ad6, L:/127.0.0.1:57214 - R:localhost/127.0.0.1:56406] for GET '/session/5598a0f8363d7fd6029439f68364f613/screenshot'
01:49:17.574 [AsyncHttpClient-1-1] DEBUG org.asynchttpclient.netty.channel.DefaultChannelPool - Entry count for : http://localhost:57216 : 1
01:49:17.578 [AsyncHttpClient-1-2] DEBUG org.asynchttpclient.netty.handler.HttpHandler - 

Request DefaultFullHttpRequest(decodeResult: success, version: HTTP/1.1, content: EmptyByteBufBE)
GET /session/5598a0f8363d7fd6029439f68364f613/screenshot HTTP/1.1
User-Agent: selenium/4.1.2 (java windows)
Cache-Control: no-cache
Content-Type: application/json; charset=utf-8
host: localhost:56406
accept: */*

Response DefaultHttpResponse(decodeResult: success, version: HTTP/1.1)
HTTP/1.1 200 OK
Content-Type: application/json; charset=utf-8
cache-control: no-cache
content-length: 37840

01:49:17.581 [AsyncHttpClient-1-2] DEBUG org.asynchttpclient.netty.channel.ChannelManager - Adding key: http://localhost:56406 for channel [id: 0x20094ad6, L:/127.0.0.1:57214 - R:localhost/127.0.0.1:56406]
01:49:17.708 [main] DEBUG net.serenitybdd.core.photography.Darkroom - Send negative for processing for target\site\serenity\6f2f89e8c5a543dd0a10df9cc2fb4dfa2a13d528c2d3ad44cda943733ef50e85.png
01:49:17.709 [Darkroom Processing Line] DEBUG net.serenitybdd.core.photography.DarkroomProcessingLine - Processing screenshot image in /var/screenshots/screenshot-18391225043518407290
01:49:17.710 [Darkroom Processing Line] DEBUG net.serenitybdd.core.photography.DarkroomProcessingLine - Saving screenshot to target\site\serenity\6f2f89e8c5a543dd0a10df9cc2fb4dfa2a13d528c2d3ad44cda943733ef50e85.png
01:49:17.715 [main] DEBUG net.thucydides.core.steps.StepInterceptor - STEP DONE: onLoginPage
  &amp#27;[32mGiven &amp#27;[0m&amp#27;[32m&amp#27;[0m&amp#27;[32m&amp#27;[1mI&amp#27;[0m&amp#27;[32m am at login-page&amp#27;[0m                          &amp#27;[90m# stepdefinitions.BLoginStep.iAmAtLoginPage(java.lang.String)&amp#27;[0m
01:49:17.766 [Forwarding screenshot on session 5598a0f8363d7fd6029439f68364f613 to remote] DEBUG org.asynchttpclient.netty.request.NettyRequestSender - Using pooled Channel '[id: 0x20094ad6, L:/127.0.0.1:57214 - R:localhost/127.0.0.1:56406]' for 'GET' to 'http://localhost:56406/session/5598a0f8363d7fd6029439f68364f613/screenshot'
01:49:17.766 [Forwarding screenshot on session 5598a0f8363d7fd6029439f68364f613 to remote] DEBUG org.asynchttpclient.netty.request.NettyRequestSender - Using open Channel [id: 0x20094ad6, L:/127.0.0.1:57214 - R:localhost/127.0.0.1:56406] for GET '/session/5598a0f8363d7fd6029439f68364f613/screenshot'
01:49:17.980 [AsyncHttpClient-1-2] DEBUG org.asynchttpclient.netty.handler.HttpHandler - 

Request DefaultFullHttpRequest(decodeResult: success, version: HTTP/1.1, content: EmptyByteBufBE)
GET /session/5598a0f8363d7fd6029439f68364f613/screenshot HTTP/1.1
User-Agent: selenium/4.1.2 (java windows)
Cache-Control: no-cache
Content-Type: application/json; charset=utf-8
host: localhost:56406
accept: */*

Response DefaultHttpResponse(decodeResult: success, version: HTTP/1.1)
HTTP/1.1 200 OK
Content-Type: application/json; charset=utf-8
cache-control: no-cache
content-length: 37840

01:49:17.981 [AsyncHttpClient-1-2] DEBUG org.asynchttpclient.netty.channel.ChannelManager - Adding key: http://localhost:56406 for channel [id: 0x20094ad6, L:/127.0.0.1:57214 - R:localhost/127.0.0.1:56406]
01:49:17.990 [main] DEBUG net.serenitybdd.core.photography.Darkroom - Send negative for processing for target\site\serenity\6f2f89e8c5a543dd0a10df9cc2fb4dfa2a13d528c2d3ad44cda943733ef50e85.png
01:49:17.991 [main] DEBUG net.thucydides.core.steps.StepInterceptor - STARTING STEP: BLoginStep.iTypeMyEmail - typeMyEmail
01:49:18.000 [Forwarding findElement on session 5598a0f8363d7fd6029439f68364f613 to remote] DEBUG org.asynchttpclient.netty.request.NettyRequestSender - Using pooled Channel '[id: 0x20094ad6, L:/127.0.0.1:57214 - R:localhost/127.0.0.1:56406]' for 'POST' to 'http://localhost:56406/session/5598a0f8363d7fd6029439f68364f613/element'
01:49:18.000 [Forwarding findElement on session 5598a0f8363d7fd6029439f68364f613 to remote] DEBUG org.asynchttpclient.netty.request.NettyRequestSender - Using open Channel [id: 0x20094ad6, L:/127.0.0.1:57214 - R:localhost/127.0.0.1:56406] for POST '/session/5598a0f8363d7fd6029439f68364f613/element'
01:49:18.023 [AsyncHttpClient-1-2] DEBUG org.asynchttpclient.netty.handler.HttpHandler - 

Request DefaultHttpRequest(decodeResult: success, version: HTTP/1.1)
POST /session/5598a0f8363d7fd6029439f68364f613/element HTTP/1.1
User-Agent: selenium/4.1.2 (java windows)
Content-Length: 84
Content-Type: application/json; charset=utf-8
host: localhost:56406
accept: */*

Response DefaultHttpResponse(decodeResult: success, version: HTTP/1.1)
HTTP/1.1 200 OK
Content-Type: application/json; charset=utf-8
cache-control: no-cache
content-length: 88

01:49:18.024 [AsyncHttpClient-1-2] DEBUG org.asynchttpclient.netty.channel.ChannelManager - Adding key: http://localhost:56406 for channel [id: 0x20094ad6, L:/127.0.0.1:57214 - R:localhost/127.0.0.1:56406]
01:49:18.033 [Forwarding sendKeysToElement on session 5598a0f8363d7fd6029439f68364f613 to remote] DEBUG org.asynchttpclient.netty.request.NettyRequestSender - Using pooled Channel '[id: 0x20094ad6, L:/127.0.0.1:57214 - R:localhost/127.0.0.1:56406]' for 'POST' to 'http://localhost:56406/session/5598a0f8363d7fd6029439f68364f613/element/74abf000-3f76-434f-a653-1ff995aef7de/value'
01:49:18.033 [Forwarding sendKeysToElement on session 5598a0f8363d7fd6029439f68364f613 to remote] DEBUG org.asynchttpclient.netty.request.NettyRequestSender - Using open Channel [id: 0x20094ad6, L:/127.0.0.1:57214 - R:localhost/127.0.0.1:56406] for POST '/session/5598a0f8363d7fd6029439f68364f613/element/74abf000-3f76-434f-a653-1ff995aef7de/value'
01:49:18.371 [AsyncHttpClient-1-2] DEBUG org.asynchttpclient.netty.handler.HttpHandler - 

Request DefaultHttpRequest(decodeResult: success, version: HTTP/1.1)
POST /session/5598a0f8363d7fd6029439f68364f613/element/74abf000-3f76-434f-a653-1ff995aef7de/value HTTP/1.1
User-Agent: selenium/4.1.2 (java windows)
Content-Length: 361
Content-Type: application/json; charset=utf-8
host: localhost:56406
accept: */*

Response DefaultHttpResponse(decodeResult: success, version: HTTP/1.1)
HTTP/1.1 200 OK
Content-Type: application/json; charset=utf-8
cache-control: no-cache
content-length: 14

01:49:18.372 [AsyncHttpClient-1-2] DEBUG org.asynchttpclient.netty.channel.ChannelManager - Adding key: http://localhost:56406 for channel [id: 0x20094ad6, L:/127.0.0.1:57214 - R:localhost/127.0.0.1:56406]
01:49:18.385 [Forwarding screenshot on session 5598a0f8363d7fd6029439f68364f613 to remote] DEBUG org.asynchttpclient.netty.request.NettyRequestSender - Using pooled Channel '[id: 0x20094ad6, L:/127.0.0.1:57214 - R:localhost/127.0.0.1:56406]' for 'GET' to 'http://localhost:56406/session/5598a0f8363d7fd6029439f68364f613/screenshot'
01:49:18.385 [Forwarding screenshot on session 5598a0f8363d7fd6029439f68364f613 to remote] DEBUG org.asynchttpclient.netty.request.NettyRequestSender - Using open Channel [id: 0x20094ad6, L:/127.0.0.1:57214 - R:localhost/127.0.0.1:56406] for GET '/session/5598a0f8363d7fd6029439f68364f613/screenshot'
01:49:18.651 [AsyncHttpClient-1-2] DEBUG org.asynchttpclient.netty.handler.HttpHandler - 

Request DefaultFullHttpRequest(decodeResult: success, version: HTTP/1.1, content: EmptyByteBufBE)
GET /session/5598a0f8363d7fd6029439f68364f613/screenshot HTTP/1.1
User-Agent: selenium/4.1.2 (java windows)
Cache-Control: no-cache
Content-Type: application/json; charset=utf-8
host: localhost:56406
accept: */*

Response DefaultHttpResponse(decodeResult: success, version: HTTP/1.1)
HTTP/1.1 200 OK
Content-Type: application/json; charset=utf-8
cache-control: no-cache
content-length: 47252

01:49:18.652 [AsyncHttpClient-1-2] DEBUG org.asynchttpclient.netty.channel.ChannelManager - Adding key: http://localhost:56406 for channel [id: 0x20094ad6, L:/127.0.0.1:57214 - R:localhost/127.0.0.1:56406]
01:49:18.655 [main] DEBUG net.serenitybdd.core.photography.Darkroom - Send negative for processing for target\site\serenity\116502ff4dd082e0dad0bc159202d4a334f1828ab69427caa151b1339f5dee97.png
01:49:18.656 [main] DEBUG net.thucydides.core.steps.StepInterceptor - STEP DONE: typeMyEmail
01:49:18.656 [Darkroom Processing Line] DEBUG net.serenitybdd.core.photography.DarkroomProcessingLine - Processing screenshot image in /var/screenshots/screenshot-16178852756287809785
01:49:18.656 [Darkroom Processing Line] DEBUG net.serenitybdd.core.photography.DarkroomProcessingLine - Saving screenshot to target\site\serenity\116502ff4dd082e0dad0bc159202d4a334f1828ab69427caa151b1339f5dee97.png
  &amp#27;[32mWhen &amp#27;[0m&amp#27;[32mI type my email &amp#27;[0m&amp#27;[32m&amp#27;[1mlandon.mcdermott@hotmail.com&amp#27;[0m &amp#27;[90m# stepdefinitions.BLoginStep.iTypeMyEmail(java.lang.String)&amp#27;[0m
01:49:18.674 [AsyncHttpClient-1-1] DEBUG org.asynchttpclient.netty.channel.DefaultChannelPool - Entry count for : http://localhost:56406 : 1
01:49:18.674 [AsyncHttpClient-1-1] DEBUG org.asynchttpclient.netty.channel.DefaultChannelPool - Entry count for : http://localhost:57216 : 1
01:49:18.697 [main] DEBUG net.thucydides.core.steps.StepInterceptor - STARTING STEP: BLoginStep.iTypeMyPassword - typeMyPassword
01:49:18.702 [Forwarding findElement on session 5598a0f8363d7fd6029439f68364f613 to remote] DEBUG org.asynchttpclient.netty.request.NettyRequestSender - Using pooled Channel '[id: 0x20094ad6, L:/127.0.0.1:57214 - R:localhost/127.0.0.1:56406]' for 'POST' to 'http://localhost:56406/session/5598a0f8363d7fd6029439f68364f613/element'
01:49:18.702 [Forwarding findElement on session 5598a0f8363d7fd6029439f68364f613 to remote] DEBUG org.asynchttpclient.netty.request.NettyRequestSender - Using open Channel [id: 0x20094ad6, L:/127.0.0.1:57214 - R:localhost/127.0.0.1:56406] for POST '/session/5598a0f8363d7fd6029439f68364f613/element'
01:49:18.720 [AsyncHttpClient-1-2] DEBUG org.asynchttpclient.netty.handler.HttpHandler - 

Request DefaultHttpRequest(decodeResult: success, version: HTTP/1.1)
POST /session/5598a0f8363d7fd6029439f68364f613/element HTTP/1.1
User-Agent: selenium/4.1.2 (java windows)
Content-Length: 87
Content-Type: application/json; charset=utf-8
host: localhost:56406
accept: */*

Response DefaultHttpResponse(decodeResult: success, version: HTTP/1.1)
HTTP/1.1 200 OK
Content-Type: application/json; charset=utf-8
cache-control: no-cache
content-length: 88

01:49:18.720 [AsyncHttpClient-1-2] DEBUG org.asynchttpclient.netty.channel.ChannelManager - Adding key: http://localhost:56406 for channel [id: 0x20094ad6, L:/127.0.0.1:57214 - R:localhost/127.0.0.1:56406]
01:49:18.724 [Forwarding sendKeysToElement on session 5598a0f8363d7fd6029439f68364f613 to remote] DEBUG org.asynchttpclient.netty.request.NettyRequestSender - Using pooled Channel '[id: 0x20094ad6, L:/127.0.0.1:57214 - R:localhost/127.0.0.1:56406]' for 'POST' to 'http://localhost:56406/session/5598a0f8363d7fd6029439f68364f613/element/047a2b45-a4ef-4780-b06e-e1dad821a1ee/value'
01:49:18.724 [Forwarding sendKeysToElement on session 5598a0f8363d7fd6029439f68364f613 to remote] DEBUG org.asynchttpclient.netty.request.NettyRequestSender - Using open Channel [id: 0x20094ad6, L:/127.0.0.1:57214 - R:localhost/127.0.0.1:56406] for POST '/session/5598a0f8363d7fd6029439f68364f613/element/047a2b45-a4ef-4780-b06e-e1dad821a1ee/value'
01:49:18.836 [AsyncHttpClient-1-2] DEBUG org.asynchttpclient.netty.handler.HttpHandler - 

Request DefaultHttpRequest(decodeResult: success, version: HTTP/1.1)
POST /session/5598a0f8363d7fd6029439f68364f613/element/047a2b45-a4ef-4780-b06e-e1dad821a1ee/value HTTP/1.1
User-Agent: selenium/4.1.2 (java windows)
Content-Length: 131
Content-Type: application/json; charset=utf-8
host: localhost:56406
accept: */*

Response DefaultHttpResponse(decodeResult: success, version: HTTP/1.1)
HTTP/1.1 200 OK
Content-Type: application/json; charset=utf-8
cache-control: no-cache
content-length: 14

01:49:18.837 [AsyncHttpClient-1-2] DEBUG org.asynchttpclient.netty.channel.ChannelManager - Adding key: http://localhost:56406 for channel [id: 0x20094ad6, L:/127.0.0.1:57214 - R:localhost/127.0.0.1:56406]
01:49:18.850 [Forwarding screenshot on session 5598a0f8363d7fd6029439f68364f613 to remote] DEBUG org.asynchttpclient.netty.request.NettyRequestSender - Using pooled Channel '[id: 0x20094ad6, L:/127.0.0.1:57214 - R:localhost/127.0.0.1:56406]' for 'GET' to 'http://localhost:56406/session/5598a0f8363d7fd6029439f68364f613/screenshot'
01:49:18.850 [Forwarding screenshot on session 5598a0f8363d7fd6029439f68364f613 to remote] DEBUG org.asynchttpclient.netty.request.NettyRequestSender - Using open Channel [id: 0x20094ad6, L:/127.0.0.1:57214 - R:localhost/127.0.0.1:56406] for GET '/session/5598a0f8363d7fd6029439f68364f613/screenshot'
01:49:19.083 [AsyncHttpClient-1-2] DEBUG org.asynchttpclient.netty.handler.HttpHandler - 

Request DefaultFullHttpRequest(decodeResult: success, version: HTTP/1.1, content: EmptyByteBufBE)
GET /session/5598a0f8363d7fd6029439f68364f613/screenshot HTTP/1.1
User-Agent: selenium/4.1.2 (java windows)
Cache-Control: no-cache
Content-Type: application/json; charset=utf-8
host: localhost:56406
accept: */*

Response DefaultHttpResponse(decodeResult: success, version: HTTP/1.1)
HTTP/1.1 200 OK
Content-Type: application/json; charset=utf-8
cache-control: no-cache
content-length: 49180

01:49:19.084 [AsyncHttpClient-1-2] DEBUG org.asynchttpclient.netty.channel.ChannelManager - Adding key: http://localhost:56406 for channel [id: 0x20094ad6, L:/127.0.0.1:57214 - R:localhost/127.0.0.1:56406]
01:49:19.092 [main] DEBUG net.serenitybdd.core.photography.Darkroom - Send negative for processing for target\site\serenity\25d5a4a1a2979b082731a3add8521cdc4e9c9c720bda29e08c74e3fc789af334.png
01:49:19.092 [main] DEBUG net.thucydides.core.steps.StepInterceptor - STEP DONE: typeMyPassword
  &amp#27;[32mAnd &amp#27;[0m&amp#27;[32mI type my password &amp#27;[0m&amp#27;[32m&amp#27;[1maiueo&amp#27;[0m                      &amp#27;[90m# stepdefinitions.BLoginStep.iTypeMyPassword(java.lang.String)&amp#27;[0m
01:49:19.099 [Darkroom Processing Line] DEBUG net.serenitybdd.core.photography.DarkroomProcessingLine - Processing screenshot image in /var/screenshots/screenshot-11923447780154315708
01:49:19.099 [Darkroom Processing Line] DEBUG net.serenitybdd.core.photography.DarkroomProcessingLine - Saving screenshot to target\site\serenity\25d5a4a1a2979b082731a3add8521cdc4e9c9c720bda29e08c74e3fc789af334.png
01:49:19.171 [Forwarding screenshot on session 5598a0f8363d7fd6029439f68364f613 to remote] DEBUG org.asynchttpclient.netty.request.NettyRequestSender - Using pooled Channel '[id: 0x20094ad6, L:/127.0.0.1:57214 - R:localhost/127.0.0.1:56406]' for 'GET' to 'http://localhost:56406/session/5598a0f8363d7fd6029439f68364f613/screenshot'
01:49:19.171 [Forwarding screenshot on session 5598a0f8363d7fd6029439f68364f613 to remote] DEBUG org.asynchttpclient.netty.request.NettyRequestSender - Using open Channel [id: 0x20094ad6, L:/127.0.0.1:57214 - R:localhost/127.0.0.1:56406] for GET '/session/5598a0f8363d7fd6029439f68364f613/screenshot'
01:49:19.431 [AsyncHttpClient-1-2] DEBUG org.asynchttpclient.netty.handler.HttpHandler - 

Request DefaultFullHttpRequest(decodeResult: success, version: HTTP/1.1, content: EmptyByteBufBE)
GET /session/5598a0f8363d7fd6029439f68364f613/screenshot HTTP/1.1
User-Agent: selenium/4.1.2 (java windows)
Cache-Control: no-cache
Content-Type: application/json; charset=utf-8
host: localhost:56406
accept: */*

Response DefaultHttpResponse(decodeResult: success, version: HTTP/1.1)
HTTP/1.1 200 OK
Content-Type: application/json; charset=utf-8
cache-control: no-cache
content-length: 48160

01:49:19.432 [AsyncHttpClient-1-2] DEBUG org.asynchttpclient.netty.channel.ChannelManager - Adding key: http://localhost:56406 for channel [id: 0x20094ad6, L:/127.0.0.1:57214 - R:localhost/127.0.0.1:56406]
01:49:19.436 [main] DEBUG net.serenitybdd.core.photography.Darkroom - Send negative for processing for target\site\serenity\fea3898ae1eac4f229b9b2133e9bf21ecac9b3701ec9fdd9d9e5ec5f43895534.png
01:49:19.437 [main] DEBUG net.thucydides.core.steps.StepInterceptor - STARTING STEP: BLoginStep.iClickLoginButton - clickLoginButton
01:49:19.437 [Darkroom Processing Line] DEBUG net.serenitybdd.core.photography.DarkroomProcessingLine - Processing screenshot image in /var/screenshots/screenshot-5729574848497878173
01:49:19.437 [Darkroom Processing Line] DEBUG net.serenitybdd.core.photography.DarkroomProcessingLine - Saving screenshot to target\site\serenity\fea3898ae1eac4f229b9b2133e9bf21ecac9b3701ec9fdd9d9e5ec5f43895534.png
01:49:19.454 [Forwarding findElement on session 5598a0f8363d7fd6029439f68364f613 to remote] DEBUG org.asynchttpclient.netty.request.NettyRequestSender - Using pooled Channel '[id: 0x20094ad6, L:/127.0.0.1:57214 - R:localhost/127.0.0.1:56406]' for 'POST' to 'http://localhost:56406/session/5598a0f8363d7fd6029439f68364f613/element'
01:49:19.454 [Forwarding findElement on session 5598a0f8363d7fd6029439f68364f613 to remote] DEBUG org.asynchttpclient.netty.request.NettyRequestSender - Using open Channel [id: 0x20094ad6, L:/127.0.0.1:57214 - R:localhost/127.0.0.1:56406] for POST '/session/5598a0f8363d7fd6029439f68364f613/element'
01:49:19.481 [AsyncHttpClient-1-2] DEBUG org.asynchttpclient.netty.handler.HttpHandler - 

Request DefaultHttpRequest(decodeResult: success, version: HTTP/1.1)
POST /session/5598a0f8363d7fd6029439f68364f613/element HTTP/1.1
User-Agent: selenium/4.1.2 (java windows)
Content-Length: 155
Content-Type: application/json; charset=utf-8
host: localhost:56406
accept: */*

Response DefaultHttpResponse(decodeResult: success, version: HTTP/1.1)
HTTP/1.1 200 OK
Content-Type: application/json; charset=utf-8
cache-control: no-cache
content-length: 88

01:49:19.482 [AsyncHttpClient-1-2] DEBUG org.asynchttpclient.netty.channel.ChannelManager - Adding key: http://localhost:56406 for channel [id: 0x20094ad6, L:/127.0.0.1:57214 - R:localhost/127.0.0.1:56406]
01:49:19.487 [Forwarding getElementTagName on session 5598a0f8363d7fd6029439f68364f613 to remote] DEBUG org.asynchttpclient.netty.request.NettyRequestSender - Using pooled Channel '[id: 0x20094ad6, L:/127.0.0.1:57214 - R:localhost/127.0.0.1:56406]' for 'GET' to 'http://localhost:56406/session/5598a0f8363d7fd6029439f68364f613/element/9ad23af1-a5f9-45df-a2b2-e6ca287c97fe/name'
01:49:19.487 [Forwarding getElementTagName on session 5598a0f8363d7fd6029439f68364f613 to remote] DEBUG org.asynchttpclient.netty.request.NettyRequestSender - Using open Channel [id: 0x20094ad6, L:/127.0.0.1:57214 - R:localhost/127.0.0.1:56406] for GET '/session/5598a0f8363d7fd6029439f68364f613/element/9ad23af1-a5f9-45df-a2b2-e6ca287c97fe/name'
01:49:19.497 [AsyncHttpClient-1-2] DEBUG org.asynchttpclient.netty.handler.HttpHandler - 

Request DefaultFullHttpRequest(decodeResult: success, version: HTTP/1.1, content: EmptyByteBufBE)
GET /session/5598a0f8363d7fd6029439f68364f613/element/9ad23af1-a5f9-45df-a2b2-e6ca287c97fe/name HTTP/1.1
User-Agent: selenium/4.1.2 (java windows)
Cache-Control: no-cache
Content-Type: application/json; charset=utf-8
host: localhost:56406
accept: */*

Response DefaultHttpResponse(decodeResult: success, version: HTTP/1.1)
HTTP/1.1 200 OK
Content-Type: application/json; charset=utf-8
cache-control: no-cache
content-length: 18

01:49:19.498 [AsyncHttpClient-1-2] DEBUG org.asynchttpclient.netty.channel.ChannelManager - Adding key: http://localhost:56406 for channel [id: 0x20094ad6, L:/127.0.0.1:57214 - R:localhost/127.0.0.1:56406]
01:49:19.503 [Forwarding getElementTagName on session 5598a0f8363d7fd6029439f68364f613 to remote] DEBUG org.asynchttpclient.netty.request.NettyRequestSender - Using pooled Channel '[id: 0x20094ad6, L:/127.0.0.1:57214 - R:localhost/127.0.0.1:56406]' for 'GET' to 'http://localhost:56406/session/5598a0f8363d7fd6029439f68364f613/element/9ad23af1-a5f9-45df-a2b2-e6ca287c97fe/name'
01:49:19.503 [Forwarding getElementTagName on session 5598a0f8363d7fd6029439f68364f613 to remote] DEBUG org.asynchttpclient.netty.request.NettyRequestSender - Using open Channel [id: 0x20094ad6, L:/127.0.0.1:57214 - R:localhost/127.0.0.1:56406] for GET '/session/5598a0f8363d7fd6029439f68364f613/element/9ad23af1-a5f9-45df-a2b2-e6ca287c97fe/name'
01:49:19.511 [AsyncHttpClient-1-2] DEBUG org.asynchttpclient.netty.handler.HttpHandler - 

Request DefaultFullHttpRequest(decodeResult: success, version: HTTP/1.1, content: EmptyByteBufBE)
GET /session/5598a0f8363d7fd6029439f68364f613/element/9ad23af1-a5f9-45df-a2b2-e6ca287c97fe/name HTTP/1.1
User-Agent: selenium/4.1.2 (java windows)
Cache-Control: no-cache
Content-Type: application/json; charset=utf-8
host: localhost:56406
accept: */*

Response DefaultHttpResponse(decodeResult: success, version: HTTP/1.1)
HTTP/1.1 200 OK
Content-Type: application/json; charset=utf-8
cache-control: no-cache
content-length: 18

01:49:19.511 [AsyncHttpClient-1-2] DEBUG org.asynchttpclient.netty.channel.ChannelManager - Adding key: http://localhost:56406 for channel [id: 0x20094ad6, L:/127.0.0.1:57214 - R:localhost/127.0.0.1:56406]
01:49:19.522 [Forwarding isElementEnabled on session 5598a0f8363d7fd6029439f68364f613 to remote] DEBUG org.asynchttpclient.netty.request.NettyRequestSender - Using pooled Channel '[id: 0x20094ad6, L:/127.0.0.1:57214 - R:localhost/127.0.0.1:56406]' for 'GET' to 'http://localhost:56406/session/5598a0f8363d7fd6029439f68364f613/element/9ad23af1-a5f9-45df-a2b2-e6ca287c97fe/enabled'
01:49:19.522 [Forwarding isElementEnabled on session 5598a0f8363d7fd6029439f68364f613 to remote] DEBUG org.asynchttpclient.netty.request.NettyRequestSender - Using open Channel [id: 0x20094ad6, L:/127.0.0.1:57214 - R:localhost/127.0.0.1:56406] for GET '/session/5598a0f8363d7fd6029439f68364f613/element/9ad23af1-a5f9-45df-a2b2-e6ca287c97fe/enabled'
01:49:19.541 [AsyncHttpClient-1-2] DEBUG org.asynchttpclient.netty.handler.HttpHandler - 

Request DefaultFullHttpRequest(decodeResult: success, version: HTTP/1.1, content: EmptyByteBufBE)
GET /session/5598a0f8363d7fd6029439f68364f613/element/9ad23af1-a5f9-45df-a2b2-e6ca287c97fe/enabled HTTP/1.1
User-Agent: selenium/4.1.2 (java windows)
Cache-Control: no-cache
Content-Type: application/json; charset=utf-8
host: localhost:56406
accept: */*

Response DefaultHttpResponse(decodeResult: success, version: HTTP/1.1)
HTTP/1.1 200 OK
Content-Type: application/json; charset=utf-8
cache-control: no-cache
content-length: 14

01:49:19.541 [AsyncHttpClient-1-2] DEBUG org.asynchttpclient.netty.channel.ChannelManager - Adding key: http://localhost:56406 for channel [id: 0x20094ad6, L:/127.0.0.1:57214 - R:localhost/127.0.0.1:56406]
01:49:19.545 [Forwarding isElementEnabled on session 5598a0f8363d7fd6029439f68364f613 to remote] DEBUG org.asynchttpclient.netty.request.NettyRequestSender - Using pooled Channel '[id: 0x20094ad6, L:/127.0.0.1:57214 - R:localhost/127.0.0.1:56406]' for 'GET' to 'http://localhost:56406/session/5598a0f8363d7fd6029439f68364f613/element/9ad23af1-a5f9-45df-a2b2-e6ca287c97fe/enabled'
01:49:19.546 [Forwarding isElementEnabled on session 5598a0f8363d7fd6029439f68364f613 to remote] DEBUG org.asynchttpclient.netty.request.NettyRequestSender - Using open Channel [id: 0x20094ad6, L:/127.0.0.1:57214 - R:localhost/127.0.0.1:56406] for GET '/session/5598a0f8363d7fd6029439f68364f613/element/9ad23af1-a5f9-45df-a2b2-e6ca287c97fe/enabled'
01:49:19.558 [AsyncHttpClient-1-2] DEBUG org.asynchttpclient.netty.handler.HttpHandler - 

Request DefaultFullHttpRequest(decodeResult: success, version: HTTP/1.1, content: EmptyByteBufBE)
GET /session/5598a0f8363d7fd6029439f68364f613/element/9ad23af1-a5f9-45df-a2b2-e6ca287c97fe/enabled HTTP/1.1
User-Agent: selenium/4.1.2 (java windows)
Cache-Control: no-cache
Content-Type: application/json; charset=utf-8
host: localhost:56406
accept: */*

Response DefaultHttpResponse(decodeResult: success, version: HTTP/1.1)
HTTP/1.1 200 OK
Content-Type: application/json; charset=utf-8
cache-control: no-cache
content-length: 14

01:49:19.559 [AsyncHttpClient-1-2] DEBUG org.asynchttpclient.netty.channel.ChannelManager - Adding key: http://localhost:56406 for channel [id: 0x20094ad6, L:/127.0.0.1:57214 - R:localhost/127.0.0.1:56406]
01:49:19.564 [Forwarding findElement on session 5598a0f8363d7fd6029439f68364f613 to remote] DEBUG org.asynchttpclient.netty.request.NettyRequestSender - Using pooled Channel '[id: 0x20094ad6, L:/127.0.0.1:57214 - R:localhost/127.0.0.1:56406]' for 'POST' to 'http://localhost:56406/session/5598a0f8363d7fd6029439f68364f613/element'
01:49:19.565 [Forwarding findElement on session 5598a0f8363d7fd6029439f68364f613 to remote] DEBUG org.asynchttpclient.netty.request.NettyRequestSender - Using open Channel [id: 0x20094ad6, L:/127.0.0.1:57214 - R:localhost/127.0.0.1:56406] for POST '/session/5598a0f8363d7fd6029439f68364f613/element'
01:49:19.579 [AsyncHttpClient-1-2] DEBUG org.asynchttpclient.netty.handler.HttpHandler - 

Request DefaultHttpRequest(decodeResult: success, version: HTTP/1.1)
POST /session/5598a0f8363d7fd6029439f68364f613/element HTTP/1.1
User-Agent: selenium/4.1.2 (java windows)
Content-Length: 155
Content-Type: application/json; charset=utf-8
host: localhost:56406
accept: */*

Response DefaultHttpResponse(decodeResult: success, version: HTTP/1.1)
HTTP/1.1 200 OK
Content-Type: application/json; charset=utf-8
cache-control: no-cache
content-length: 88

01:49:19.580 [AsyncHttpClient-1-2] DEBUG org.asynchttpclient.netty.channel.ChannelManager - Adding key: http://localhost:56406 for channel [id: 0x20094ad6, L:/127.0.0.1:57214 - R:localhost/127.0.0.1:56406]
01:49:19.583 [Forwarding clickElement on session 5598a0f8363d7fd6029439f68364f613 to remote] DEBUG org.asynchttpclient.netty.request.NettyRequestSender - Using pooled Channel '[id: 0x20094ad6, L:/127.0.0.1:57214 - R:localhost/127.0.0.1:56406]' for 'POST' to 'http://localhost:56406/session/5598a0f8363d7fd6029439f68364f613/element/9ad23af1-a5f9-45df-a2b2-e6ca287c97fe/click'
01:49:19.583 [Forwarding clickElement on session 5598a0f8363d7fd6029439f68364f613 to remote] DEBUG org.asynchttpclient.netty.request.NettyRequestSender - Using open Channel [id: 0x20094ad6, L:/127.0.0.1:57214 - R:localhost/127.0.0.1:56406] for POST '/session/5598a0f8363d7fd6029439f68364f613/element/9ad23af1-a5f9-45df-a2b2-e6ca287c97fe/click'
01:49:19.682 [AsyncHttpClient-1-2] DEBUG org.asynchttpclient.netty.handler.HttpHandler - 

Request DefaultHttpRequest(decodeResult: success, version: HTTP/1.1)
POST /session/5598a0f8363d7fd6029439f68364f613/element/9ad23af1-a5f9-45df-a2b2-e6ca287c97fe/click HTTP/1.1
User-Agent: selenium/4.1.2 (java windows)
Content-Length: 50
Content-Type: application/json; charset=utf-8
host: localhost:56406
accept: */*

Response DefaultHttpResponse(decodeResult: success, version: HTTP/1.1)
HTTP/1.1 200 OK
Content-Type: application/json; charset=utf-8
cache-control: no-cache
content-length: 14

01:49:19.683 [AsyncHttpClient-1-2] DEBUG org.asynchttpclient.netty.channel.ChannelManager - Adding key: http://localhost:56406 for channel [id: 0x20094ad6, L:/127.0.0.1:57214 - R:localhost/127.0.0.1:56406]
01:49:19.703 [Forwarding screenshot on session 5598a0f8363d7fd6029439f68364f613 to remote] DEBUG org.asynchttpclient.netty.request.NettyRequestSender - Using pooled Channel '[id: 0x20094ad6, L:/127.0.0.1:57214 - R:localhost/127.0.0.1:56406]' for 'GET' to 'http://localhost:56406/session/5598a0f8363d7fd6029439f68364f613/screenshot'
01:49:19.704 [Forwarding screenshot on session 5598a0f8363d7fd6029439f68364f613 to remote] DEBUG org.asynchttpclient.netty.request.NettyRequestSender - Using open Channel [id: 0x20094ad6, L:/127.0.0.1:57214 - R:localhost/127.0.0.1:56406] for GET '/session/5598a0f8363d7fd6029439f68364f613/screenshot'
01:49:19.773 [AsyncHttpClient-1-1] DEBUG org.asynchttpclient.netty.channel.DefaultChannelPool - Entry count for : http://localhost:57216 : 1
01:49:20.153 [AsyncHttpClient-1-2] DEBUG org.asynchttpclient.netty.handler.HttpHandler - 

Request DefaultFullHttpRequest(decodeResult: success, version: HTTP/1.1, content: EmptyByteBufBE)
GET /session/5598a0f8363d7fd6029439f68364f613/screenshot HTTP/1.1
User-Agent: selenium/4.1.2 (java windows)
Cache-Control: no-cache
Content-Type: application/json; charset=utf-8
host: localhost:56406
accept: */*

Response DefaultHttpResponse(decodeResult: success, version: HTTP/1.1)
HTTP/1.1 200 OK
Content-Type: application/json; charset=utf-8
cache-control: no-cache
content-length: 48056

01:49:20.155 [AsyncHttpClient-1-2] DEBUG org.asynchttpclient.netty.channel.ChannelManager - Adding key: http://localhost:56406 for channel [id: 0x20094ad6, L:/127.0.0.1:57214 - R:localhost/127.0.0.1:56406]
01:49:20.159 [main] DEBUG net.serenitybdd.core.photography.Darkroom - Send negative for processing for target\site\serenity\c660e5d6919b961d62b1232f38262326eada99be44b9c8445e76e9254bca62e8.png
01:49:20.160 [main] DEBUG net.thucydides.core.steps.StepInterceptor - STEP DONE: clickLoginButton
01:49:20.160 [Darkroom Processing Line] DEBUG net.serenitybdd.core.photography.DarkroomProcessingLine - Processing screenshot image in /var/screenshots/screenshot-13324102489657023651
01:49:20.160 [Darkroom Processing Line] DEBUG net.serenitybdd.core.photography.DarkroomProcessingLine - Saving screenshot to target\site\serenity\c660e5d6919b961d62b1232f38262326eada99be44b9c8445e76e9254bca62e8.png
  &amp#27;[32mAnd &amp#27;[0m&amp#27;[32mI click Login button&amp#27;[0m                          &amp#27;[90m# stepdefinitions.BLoginStep.iClickLoginButton()&amp#27;[0m
01:49:20.204 [main] DEBUG net.thucydides.core.steps.StepInterceptor - STARTING STEP: BLoginStep.iOnHomePage - validateOnHomePage
01:49:20.209 [Forwarding findElement on session 5598a0f8363d7fd6029439f68364f613 to remote] DEBUG org.asynchttpclient.netty.request.NettyRequestSender - Using pooled Channel '[id: 0x20094ad6, L:/127.0.0.1:57214 - R:localhost/127.0.0.1:56406]' for 'POST' to 'http://localhost:56406/session/5598a0f8363d7fd6029439f68364f613/element'
01:49:20.209 [Forwarding findElement on session 5598a0f8363d7fd6029439f68364f613 to remote] DEBUG org.asynchttpclient.netty.request.NettyRequestSender - Using open Channel [id: 0x20094ad6, L:/127.0.0.1:57214 - R:localhost/127.0.0.1:56406] for POST '/session/5598a0f8363d7fd6029439f68364f613/element'
01:49:20.881 [AsyncHttpClient-1-1] DEBUG org.asynchttpclient.netty.channel.DefaultChannelPool - Entry count for : http://localhost:57216 : 1
01:49:21.977 [AsyncHttpClient-1-1] DEBUG org.asynchttpclient.netty.channel.DefaultChannelPool - Entry count for : http://localhost:57216 : 1
01:49:23.079 [AsyncHttpClient-1-1] DEBUG org.asynchttpclient.netty.channel.DefaultChannelPool - Entry count for : http://localhost:57216 : 1
01:49:24.183 [AsyncHttpClient-1-1] DEBUG org.asynchttpclient.netty.channel.DefaultChannelPool - Entry count for : http://localhost:57216 : 1
01:49:24.709 [AsyncHttpClient-1-2] DEBUG org.asynchttpclient.netty.handler.HttpHandler - 

Request DefaultHttpRequest(decodeResult: success, version: HTTP/1.1)
POST /session/5598a0f8363d7fd6029439f68364f613/element HTTP/1.1
User-Agent: selenium/4.1.2 (java windows)
Content-Length: 52
Content-Type: application/json; charset=utf-8
host: localhost:56406
accept: */*

Response DefaultHttpResponse(decodeResult: success, version: HTTP/1.1)
HTTP/1.1 200 OK
Content-Type: application/json; charset=utf-8
cache-control: no-cache
content-length: 88

01:49:24.710 [AsyncHttpClient-1-2] DEBUG org.asynchttpclient.netty.channel.ChannelManager - Adding key: http://localhost:56406 for channel [id: 0x20094ad6, L:/127.0.0.1:57214 - R:localhost/127.0.0.1:56406]
01:49:24.745 [Forwarding isElementDisplayed on session 5598a0f8363d7fd6029439f68364f613 to remote] DEBUG org.asynchttpclient.netty.request.NettyRequestSender - Using pooled Channel '[id: 0x20094ad6, L:/127.0.0.1:57214 - R:localhost/127.0.0.1:56406]' for 'POST' to 'http://localhost:56406/session/5598a0f8363d7fd6029439f68364f613/execute/sync'
01:49:24.746 [Forwarding isElementDisplayed on session 5598a0f8363d7fd6029439f68364f613 to remote] DEBUG org.asynchttpclient.netty.request.NettyRequestSender - Using open Channel [id: 0x20094ad6, L:/127.0.0.1:57214 - R:localhost/127.0.0.1:56406] for POST '/session/5598a0f8363d7fd6029439f68364f613/execute/sync'
01:49:24.783 [AsyncHttpClient-1-2] DEBUG org.asynchttpclient.netty.handler.HttpHandler - 

Request DefaultHttpRequest(decodeResult: success, version: HTTP/1.1)
POST /session/5598a0f8363d7fd6029439f68364f613/execute/sync HTTP/1.1
User-Agent: selenium/4.1.2 (java windows)
Content-Length: 48780
Content-Type: application/json; charset=utf-8
host: localhost:56406
accept: */*

Response DefaultHttpResponse(decodeResult: success, version: HTTP/1.1)
HTTP/1.1 200 OK
Content-Type: application/json; charset=utf-8
cache-control: no-cache
content-length: 14

01:49:24.784 [AsyncHttpClient-1-2] DEBUG org.asynchttpclient.netty.channel.ChannelManager - Adding key: http://localhost:56406 for channel [id: 0x20094ad6, L:/127.0.0.1:57214 - R:localhost/127.0.0.1:56406]
01:49:24.793 [Forwarding screenshot on session 5598a0f8363d7fd6029439f68364f613 to remote] DEBUG org.asynchttpclient.netty.request.NettyRequestSender - Using pooled Channel '[id: 0x20094ad6, L:/127.0.0.1:57214 - R:localhost/127.0.0.1:56406]' for 'GET' to 'http://localhost:56406/session/5598a0f8363d7fd6029439f68364f613/screenshot'
01:49:24.795 [Forwarding screenshot on session 5598a0f8363d7fd6029439f68364f613 to remote] DEBUG org.asynchttpclient.netty.request.NettyRequestSender - Using open Channel [id: 0x20094ad6, L:/127.0.0.1:57214 - R:localhost/127.0.0.1:56406] for GET '/session/5598a0f8363d7fd6029439f68364f613/screenshot'
01:49:25.038 [AsyncHttpClient-1-2] DEBUG org.asynchttpclient.netty.handler.HttpHandler - 

Request DefaultFullHttpRequest(decodeResult: success, version: HTTP/1.1, content: EmptyByteBufBE)
GET /session/5598a0f8363d7fd6029439f68364f613/screenshot HTTP/1.1
User-Agent: selenium/4.1.2 (java windows)
Cache-Control: no-cache
Content-Type: application/json; charset=utf-8
host: localhost:56406
accept: */*

Response DefaultHttpResponse(decodeResult: success, version: HTTP/1.1)
HTTP/1.1 200 OK
Content-Type: application/json; charset=utf-8
cache-control: no-cache
content-length: 78860

01:49:25.039 [AsyncHttpClient-1-2] DEBUG org.asynchttpclient.netty.channel.ChannelManager - Adding key: http://localhost:56406 for channel [id: 0x20094ad6, L:/127.0.0.1:57214 - R:localhost/127.0.0.1:56406]
01:49:25.042 [main] DEBUG net.serenitybdd.core.photography.Darkroom - Send negative for processing for target\site\serenity\14c9b08d31b53058abc6ba0b9432b33a3e54f24d5bf1eb1ff9e406a9659dd575.png
01:49:25.043 [main] DEBUG net.thucydides.core.steps.StepInterceptor - STEP DONE: validateOnHomePage
  &amp#27;[32mThen &amp#27;[0m&amp#27;[32mI on home page&amp#27;[0m                               &amp#27;[90m# stepdefinitions.BLoginStep.iOnHomePage()&amp#27;[0m
01:49:25.043 [Darkroom Processing Line] DEBUG net.serenitybdd.core.photography.DarkroomProcessingLine - Processing screenshot image in /var/screenshots/screenshot-4957832785985987570
01:49:25.043 [Darkroom Processing Line] DEBUG net.serenitybdd.core.photography.DarkroomProcessingLine - Saving screenshot to target\site\serenity\14c9b08d31b53058abc6ba0b9432b33a3e54f24d5bf1eb1ff9e406a9659dd575.png
01:49:25.058 [main] INFO  - 
  _____   ___   ___   _____     ___     _     ___   ___   ___   ___  
 |_   _| | __| / __| |_   _|   | _ \   /_\   / __| / __| | __| |   \ 
   | |   | _|  \__ \   | |     |  _/  / _ \  \__ \ \__ \ | _|  | |) |
   |_|   |___| |___/   |_|     |_|   /_/ \_\ |___/ |___/ |___| |___/ 

As a user, i have able to login
----------------------------------------------------------------------
01:49:25.224 [Driver Command Executor] DEBUG org.asynchttpclient.netty.request.NettyRequestSender - Using pooled Channel '[id: 0x20094ad6, L:/127.0.0.1:57214 - R:localhost/127.0.0.1:56406]' for 'DELETE' to 'http://localhost:56406/session/5598a0f8363d7fd6029439f68364f613'
01:49:25.224 [Driver Command Executor] DEBUG org.asynchttpclient.netty.request.NettyRequestSender - Using open Channel [id: 0x20094ad6, L:/127.0.0.1:57214 - R:localhost/127.0.0.1:56406] for DELETE '/session/5598a0f8363d7fd6029439f68364f613'
01:49:25.225 [AsyncHttpClient-1-4] DEBUG org.asynchttpclient.netty.handler.WebSocketHandler - Channel Closed: [id: 0x880b19b7, L:/127.0.0.1:57226 ! R:localhost/127.0.0.1:57216] with attribute NettyResponseFuture{currentRetry=5,
	isDone=1,
	isCancelled=0,
	asyncHandler=org.asynchttpclient.ws.WebSocketUpgradeHandler@1ae4fd43,
	nettyRequest=org.asynchttpclient.netty.request.NettyRequest@25c64634,
	future=java.util.concurrent.CompletableFuture@727233a3[Completed normally],
	uri=ws://localhost:57216/devtools/browser/58e51408-ba97-4a5f-8c7b-eb6a79d07e99,
	keepAlive=true,
	redirectCount=0,
	timeoutsHolder=null,
	inAuth=0,
	touch=1652381353081}
01:49:25.226 [AsyncHttpClient-1-4] DEBUG org.asynchttpclient.netty.channel.ChannelManager - Closing Channel [id: 0x880b19b7, L:/127.0.0.1:57226 ! R:localhost/127.0.0.1:57216] 
01:49:25.284 [AsyncHttpClient-1-1] DEBUG org.asynchttpclient.netty.channel.DefaultChannelPool - Entry count for : http://localhost:57216 : 1
01:49:25.376 [AsyncHttpClient-1-3] DEBUG org.asynchttpclient.netty.handler.HttpHandler - Unexpected I/O exception on channel [id: 0xe0be79c1, L:/127.0.0.1:57223 - R:localhost/127.0.0.1:57216]
java.io.IOException: An existing connection was forcibly closed by the remote host
	at java.base/sun.nio.ch.SocketDispatcher.read0(Native Method)
	at java.base/sun.nio.ch.SocketDispatcher.read(SocketDispatcher.java:43)
	at java.base/sun.nio.ch.IOUtil.readIntoNativeBuffer(IOUtil.java:276)
	at java.base/sun.nio.ch.IOUtil.read(IOUtil.java:233)
	at java.base/sun.nio.ch.IOUtil.read(IOUtil.java:223)
	at java.base/sun.nio.ch.SocketChannelImpl.read(SocketChannelImpl.java:358)
	at io.netty.buffer.PooledByteBuf.setBytes(PooledByteBuf.java:258)
	at io.netty.buffer.AbstractByteBuf.writeBytes(AbstractByteBuf.java:1132)
	at io.netty.channel.socket.nio.NioSocketChannel.doReadBytes(NioSocketChannel.java:350)
	at io.netty.channel.nio.AbstractNioByteChannel$NioByteUnsafe.read(AbstractNioByteChannel.java:151)
	at io.netty.channel.nio.NioEventLoop.processSelectedKey(NioEventLoop.java:722)
	at io.netty.channel.nio.NioEventLoop.processSelectedKeysOptimized(NioEventLoop.java:658)
	at io.netty.channel.nio.NioEventLoop.processSelectedKeys(NioEventLoop.java:584)
	at io.netty.channel.nio.NioEventLoop.run(NioEventLoop.java:496)
	at io.netty.util.concurrent.SingleThreadEventExecutor$4.run(SingleThreadEventExecutor.java:986)
	at io.netty.util.internal.ThreadExecutorMap$2.run(ThreadExecutorMap.java:74)
	at io.netty.util.concurrent.FastThreadLocalRunnable.run(FastThreadLocalRunnable.java:30)
	at java.base/java.lang.Thread.run(Thread.java:834)
01:49:25.377 [AsyncHttpClient-1-3] DEBUG org.asynchttpclient.netty.channel.ChannelManager - Closing Channel [id: 0xe0be79c1, L:/127.0.0.1:57223 - R:localhost/127.0.0.1:57216] 
01:49:25.381 [AsyncHttpClient-1-3] DEBUG org.asynchttpclient.netty.handler.HttpHandler - Channel Closed: [id: 0xe0be79c1, L:/127.0.0.1:57223 ! R:localhost/127.0.0.1:57216] with attribute DISCARD
01:49:25.395 [AsyncHttpClient-1-2] DEBUG org.asynchttpclient.netty.handler.HttpHandler - 

Request DefaultFullHttpRequest(decodeResult: success, version: HTTP/1.1, content: EmptyByteBufBE)
DELETE /session/5598a0f8363d7fd6029439f68364f613 HTTP/1.1
User-Agent: selenium/4.1.2 (java windows)
Content-Type: application/json; charset=utf-8
host: localhost:56406
accept: */*

Response DefaultHttpResponse(decodeResult: success, version: HTTP/1.1)
HTTP/1.1 200 OK
Content-Type: application/json; charset=utf-8
cache-control: no-cache
content-length: 14

01:49:25.396 [AsyncHttpClient-1-2] DEBUG org.asynchttpclient.netty.channel.ChannelManager - Adding key: http://localhost:56406 for channel [id: 0x20094ad6, L:/127.0.0.1:57214 - R:localhost/127.0.0.1:56406]
01:49:25.826 [AsyncHttpClient-1-2] DEBUG org.asynchttpclient.netty.handler.HttpHandler - Channel Closed: [id: 0x20094ad6, L:/127.0.0.1:57214 ! R:localhost/127.0.0.1:56406] with attribute DISCARD
]]></system-out>
    <system-err><![CDATA[Starting ChromeDriver 101.0.4951.41 (93c720db8323b3ec10d056025ab95c23a31997c9-refs/branch-heads/4951@{#904}) on port 56406
Only local connections are allowed.
Please see https://chromedriver.chromium.org/security-considerations for suggestions on keeping ChromeDriver safe.
ChromeDriver was started successfully.
May 13, 2022 1:49:12 AM org.openqa.selenium.remote.ProtocolHandshake createSession
INFO: Detected dialect: W3C
May 13, 2022 1:49:13 AM org.openqa.selenium.devtools.CdpVersionFinder findNearestMatch
WARNING: Unable to find an exact match for CDP version 101, so returning the closest version found: 97
May 13, 2022 1:49:13 AM org.openqa.selenium.devtools.CdpVersionFinder findNearestMatch
INFO: Found CDP implementation for version 101 of 97
]]></system-err>
  </testcase>
  <testcase name="As a user, i have not able to login because password is wrong" classname="Login" time="8.688">
    <system-out><![CDATA[01:49:26.413 [AsyncHttpClient-1-1] DEBUG org.asynchttpclient.netty.channel.DefaultChannelPool - Entry count for : http://localhost:56406 : 1
01:49:26.413 [AsyncHttpClient-1-1] DEBUG org.asynchttpclient.netty.channel.DefaultChannelPool - Entry count for : http://localhost:57216 : 1
01:49:26.413 [AsyncHttpClient-1-1] DEBUG org.asynchttpclient.netty.channel.DefaultChannelPool - Adding Candidate expired Channel [id: 0x20094ad6, L:/127.0.0.1:57214 ! R:localhost/127.0.0.1:56406] isIdleTimeoutExpired=false isRemotelyClosed=true isTtlExpired=false
01:49:26.413 [AsyncHttpClient-1-1] DEBUG org.asynchttpclient.netty.channel.DefaultChannelPool - Closing Idle Channel [id: 0x20094ad6, L:/127.0.0.1:57214 ! R:localhost/127.0.0.1:56406]
01:49:26.414 [AsyncHttpClient-1-1] DEBUG org.asynchttpclient.netty.channel.DefaultChannelPool - Adding Candidate expired Channel [id: 0xe0be79c1, L:/127.0.0.1:57223 ! R:localhost/127.0.0.1:57216] isIdleTimeoutExpired=false isRemotelyClosed=true isTtlExpired=false
01:49:26.415 [AsyncHttpClient-1-1] DEBUG org.asynchttpclient.netty.channel.DefaultChannelPool - Closing Idle Channel [id: 0xe0be79c1, L:/127.0.0.1:57223 ! R:localhost/127.0.0.1:57216]
01:49:26.415 [AsyncHttpClient-1-1] DEBUG org.asynchttpclient.netty.channel.DefaultChannelPool - Closed 2 connections out of 2 in 2 ms

Scenario: As a user, i have not able to login because password is wrong &amp#27;[90m# src/test/resources/features/ALogin.feature:10&amp#27;[0m
01:49:26.431 [main] INFO io.cucumber.core.plugin.SerenityReporter - Running feature from file:///D:/Mini%20Project-QE%20Alta/Web%20Automation/FrontEnd-AltaShop/src/test/resources/features/ALogin.feature
01:49:26.451 [main] INFO  - 
  _____   ___   ___   _____     ___   _____     _     ___   _____   ___   ___  
 |_   _| | __| / __| |_   _|   / __| |_   _|   /_\   | _ \ |_   _| | __| |   \ 
   | |   | _|  \__ \   | |     \__ \   | |    / _ \  |   /   | |   | _|  | |) |
   |_|   |___| |___/   |_|     |___/   |_|   /_/ \_\ |_|_\   |_|   |___| |___/ 

As a user, i have not able to login because password is wrong(login;as-a-user--i-have-not-able-to-login-because-password-is-wrong)
--------------------------------------------------------------------------------
01:49:26.597 [main] DEBUG net.thucydides.core.steps.StepInterceptor - STARTING STEP: BLoginStep.iAmOnLoginPage - onLoginPage
01:49:26.601 [main] INFO net.serenitybdd.core.webdriver.driverproviders.ChromeDriverProvider - Using automatically driver download
01:49:27.250 [main] DEBUG io.github.bonigarcia.wdm.cache.ResolutionCache - Resolution chrome=101 in cache (valid until 02:25:36 13/05/2022 ICT)
01:49:27.281 [main] DEBUG io.github.bonigarcia.wdm.cache.ResolutionCache - Resolution chrome101=101.0.4951.41 in cache (valid until 14:31:54 13/05/2022 ICT)
01:49:27.300 [main] INFO io.github.bonigarcia.wdm.WebDriverManager - Using chromedriver 101.0.4951.41 (resolved driver for Chrome 101)
01:49:27.394 [main] DEBUG io.github.bonigarcia.wdm.WebDriverManager - Driver chromedriver 101.0.4951.41 found in cache
01:49:27.396 [main] INFO io.github.bonigarcia.wdm.WebDriverManager - Exporting webdriver.chrome.driver as C:\Users\Siti Nurlatipah\.cache\selenium\chromedriver\win32\101.0.4951.41\chromedriver.exe
01:49:27.663 [main] DEBUG net.serenitybdd.core.webdriver.driverproviders.ProvideNewDriver - Instantiating driver
01:49:27.664 [main] DEBUG net.serenitybdd.core.webdriver.driverproviders.ProvideNewDriver - Driver capabilities: Capabilities {acceptInsecureCerts: false, base.url: https://qa.alta.id, browserName: chrome, chrome.driver: src/test/resources/webdrive..., driver: chrome, goog:chromeOptions: {args: [], extensions: []}}
01:49:28.233 [AsyncHttpClient-1-5] DEBUG org.asynchttpclient.netty.channel.NettyConnectListener - Using new Channel '[id: 0x386e888c, L:/127.0.0.1:57252 - R:localhost/127.0.0.1:52707]' for 'POST' to '/session'
01:49:29.834 [AsyncHttpClient-1-5] DEBUG org.asynchttpclient.netty.handler.HttpHandler - 

Request DefaultHttpRequest(decodeResult: success, version: HTTP/1.1)
POST /session HTTP/1.1
User-Agent: selenium/4.1.2 (java windows)
Content-Length: 595
Content-Type: application/json; charset=utf-8
host: localhost:52707
accept: */*

Response DefaultHttpResponse(decodeResult: success, version: HTTP/1.1)
HTTP/1.1 200 OK
Content-Type: application/json; charset=utf-8
cache-control: no-cache
content-length: 791

01:49:29.835 [AsyncHttpClient-1-5] DEBUG org.asynchttpclient.netty.channel.ChannelManager - Adding key: http://localhost:52707 for channel [id: 0x386e888c, L:/127.0.0.1:57252 - R:localhost/127.0.0.1:52707]
01:49:29.869 [AsyncHttpClient-1-6] DEBUG org.asynchttpclient.netty.channel.NettyConnectListener - Using new Channel '[id: 0x1382dff3, L:/127.0.0.1:57261 - R:localhost/127.0.0.1:57253]' for 'GET' to '/json/version'
01:49:29.883 [AsyncHttpClient-1-6] DEBUG org.asynchttpclient.netty.handler.HttpHandler - 

Request DefaultFullHttpRequest(decodeResult: success, version: HTTP/1.1, content: EmptyByteBufBE)
GET /json/version HTTP/1.1
User-Agent: selenium/4.1.2 (java windows)
host: localhost:57253
accept: */*

Response DefaultHttpResponse(decodeResult: success, version: HTTP/1.1)
HTTP/1.1 200 OK
Content-Type: application/json; charset=UTF-8
content-length: 427

01:49:29.883 [AsyncHttpClient-1-6] DEBUG org.asynchttpclient.netty.channel.ChannelManager - Adding key: http://localhost:57253 for channel [id: 0x1382dff3, L:/127.0.0.1:57261 - R:localhost/127.0.0.1:57253]
01:49:29.896 [AsyncHttpClient-1-7] DEBUG org.asynchttpclient.netty.channel.NettyConnectListener - Using new Channel '[id: 0xf2c7f361, L:/127.0.0.1:57262 - R:localhost/127.0.0.1:57253]' for 'GET' to '/devtools/browser/dfea4e73-8234-4617-a33b-7fb0b36306cd'
01:49:29.908 [AsyncHttpClient-1-7] DEBUG org.asynchttpclient.netty.handler.WebSocketHandler - 

Request DefaultFullHttpRequest(decodeResult: success, version: HTTP/1.1, content: EmptyByteBufBE)
GET /devtools/browser/dfea4e73-8234-4617-a33b-7fb0b36306cd HTTP/1.1
upgrade: websocket
connection: upgrade
sec-websocket-key: oZo/sbcN72jpnf2K6hYKJQ==
sec-websocket-version: 13
origin: http://localhost:57253
host: localhost:57253
accept: */*
user-agent: AHC/2.1

Response DefaultHttpResponse(decodeResult: success, version: HTTP/1.1)
HTTP/1.1 101 WebSocket Protocol Handshake
Upgrade: WebSocket
Connection: Upgrade
Sec-WebSocket-Accept: 8jNjc86EdHJaTziKo8++1bw9RV8=

01:49:29.925 [Forwarding get on session 930dcf00107ae1afbd73084acc1ba5ff to remote] DEBUG org.asynchttpclient.netty.request.NettyRequestSender - Using pooled Channel '[id: 0x386e888c, L:/127.0.0.1:57252 - R:localhost/127.0.0.1:52707]' for 'POST' to 'http://localhost:52707/session/930dcf00107ae1afbd73084acc1ba5ff/url'
01:49:29.925 [Forwarding get on session 930dcf00107ae1afbd73084acc1ba5ff to remote] DEBUG org.asynchttpclient.netty.request.NettyRequestSender - Using open Channel [id: 0x386e888c, L:/127.0.0.1:57252 - R:localhost/127.0.0.1:52707] for POST '/session/930dcf00107ae1afbd73084acc1ba5ff/url'
01:49:30.781 [AsyncHttpClient-1-1] DEBUG org.asynchttpclient.netty.channel.DefaultChannelPool - Entry count for : http://localhost:57253 : 1
01:49:31.169 [AsyncHttpClient-1-5] DEBUG org.asynchttpclient.netty.handler.HttpHandler - 

Request DefaultHttpRequest(decodeResult: success, version: HTTP/1.1)
POST /session/930dcf00107ae1afbd73084acc1ba5ff/url HTTP/1.1
User-Agent: selenium/4.1.2 (java windows)
Content-Length: 64
Content-Type: application/json; charset=utf-8
host: localhost:52707
accept: */*

Response DefaultHttpResponse(decodeResult: success, version: HTTP/1.1)
HTTP/1.1 200 OK
Content-Type: application/json; charset=utf-8
cache-control: no-cache
content-length: 14

01:49:31.170 [AsyncHttpClient-1-5] DEBUG org.asynchttpclient.netty.channel.ChannelManager - Adding key: http://localhost:52707 for channel [id: 0x386e888c, L:/127.0.0.1:57252 - R:localhost/127.0.0.1:52707]
01:49:31.174 [Forwarding setTimeout on session 930dcf00107ae1afbd73084acc1ba5ff to remote] DEBUG org.asynchttpclient.netty.request.NettyRequestSender - Using pooled Channel '[id: 0x386e888c, L:/127.0.0.1:57252 - R:localhost/127.0.0.1:52707]' for 'POST' to 'http://localhost:52707/session/930dcf00107ae1afbd73084acc1ba5ff/timeouts'
01:49:31.174 [Forwarding setTimeout on session 930dcf00107ae1afbd73084acc1ba5ff to remote] DEBUG org.asynchttpclient.netty.request.NettyRequestSender - Using open Channel [id: 0x386e888c, L:/127.0.0.1:57252 - R:localhost/127.0.0.1:52707] for POST '/session/930dcf00107ae1afbd73084acc1ba5ff/timeouts'
01:49:31.180 [AsyncHttpClient-1-5] DEBUG org.asynchttpclient.netty.handler.HttpHandler - 

Request DefaultHttpRequest(decodeResult: success, version: HTTP/1.1)
POST /session/930dcf00107ae1afbd73084acc1ba5ff/timeouts HTTP/1.1
User-Agent: selenium/4.1.2 (java windows)
Content-Length: 22
Content-Type: application/json; charset=utf-8
host: localhost:52707
accept: */*

Response DefaultHttpResponse(decodeResult: success, version: HTTP/1.1)
HTTP/1.1 200 OK
Content-Type: application/json; charset=utf-8
cache-control: no-cache
content-length: 14

01:49:31.181 [AsyncHttpClient-1-5] DEBUG org.asynchttpclient.netty.channel.ChannelManager - Adding key: http://localhost:52707 for channel [id: 0x386e888c, L:/127.0.0.1:57252 - R:localhost/127.0.0.1:52707]
01:49:31.190 [Forwarding getCurrentUrl on session 930dcf00107ae1afbd73084acc1ba5ff to remote] DEBUG org.asynchttpclient.netty.request.NettyRequestSender - Using pooled Channel '[id: 0x386e888c, L:/127.0.0.1:57252 - R:localhost/127.0.0.1:52707]' for 'GET' to 'http://localhost:52707/session/930dcf00107ae1afbd73084acc1ba5ff/url'
[...]
01:50:53.075 [Forwarding isElementEnabled on session 5c0ff446978ff68d7f4b8597dda626ed to remote] DEBUG org.asynchttpclient.netty.request.NettyRequestSender - Using pooled Channel '[id: 0x9c202133, L:/127.0.0.1:57438 - R:localhost/127.0.0.1:62608]' for 'GET' to 'http://localhost:62608/session/5c0ff446978ff68d7f4b8597dda626ed/element/d9d844a7-9a9e-4e7e-8d9a-c83d7a6905f3/enabled'
01:50:53.075 [Forwarding isElementEnabled on session 5c0ff446978ff68d7f4b8597dda626ed to remote] DEBUG org.asynchttpclient.netty.request.NettyRequestSender - Using open Channel [id: 0x9c202133, L:/127.0.0.1:57438 - R:localhost/127.0.0.1:62608] for GET '/session/5c0ff446978ff68d7f4b8597dda626ed/element/d9d844a7-9a9e-4e7e-8d9a-c83d7a6905f3/enabled'
01:50:53.121 [AsyncHttpClient-1-7] DEBUG org.asynchttpclient.netty.handler.HttpHandler - 

Request DefaultFullHttpRequest(decodeResult: success, version: HTTP/1.1, content: EmptyByteBufBE)
GET /session/5c0ff446978ff68d7f4b8597dda626ed/element/d9d844a7-9a9e-4e7e-8d9a-c83d7a6905f3/enabled HTTP/1.1
User-Agent: selenium/4.1.2 (java windows)
Cache-Control: no-cache
Content-Type: application/json; charset=utf-8
host: localhost:62608
accept: */*

Response DefaultHttpResponse(decodeResult: success, version: HTTP/1.1)
HTTP/1.1 200 OK
Content-Type: application/json; charset=utf-8
cache-control: no-cache
content-length: 14

01:50:53.121 [AsyncHttpClient-1-7] DEBUG org.asynchttpclient.netty.channel.ChannelManager - Adding key: http://localhost:62608 for channel [id: 0x9c202133, L:/127.0.0.1:57438 - R:localhost/127.0.0.1:62608]
01:50:53.126 [Forwarding findElement on session 5c0ff446978ff68d7f4b8597dda626ed to remote] DEBUG org.asynchttpclient.netty.request.NettyRequestSender - Using pooled Channel '[id: 0x9c202133, L:/127.0.0.1:57438 - R:localhost/127.0.0.1:62608]' for 'POST' to 'http://localhost:62608/session/5c0ff446978ff68d7f4b8597dda626ed/element'
01:50:53.126 [Forwarding findElement on session 5c0ff446978ff68d7f4b8597dda626ed to remote] DEBUG org.asynchttpclient.netty.request.NettyRequestSender - Using open Channel [id: 0x9c202133, L:/127.0.0.1:57438 - R:localhost/127.0.0.1:62608] for POST '/session/5c0ff446978ff68d7f4b8597dda626ed/element'
01:50:53.157 [AsyncHttpClient-1-7] DEBUG org.asynchttpclient.netty.handler.HttpHandler - 

Request DefaultHttpRequest(decodeResult: success, version: HTTP/1.1)
POST /session/5c0ff446978ff68d7f4b8597dda626ed/element HTTP/1.1
User-Agent: selenium/4.1.2 (java windows)
Content-Length: 155
Content-Type: application/json; charset=utf-8
host: localhost:62608
accept: */*

Response DefaultHttpResponse(decodeResult: success, version: HTTP/1.1)
HTTP/1.1 200 OK
Content-Type: application/json; charset=utf-8
cache-control: no-cache
content-length: 88

01:50:53.157 [AsyncHttpClient-1-7] DEBUG org.asynchttpclient.netty.channel.ChannelManager - Adding key: http://localhost:62608 for channel [id: 0x9c202133, L:/127.0.0.1:57438 - R:localhost/127.0.0.1:62608]
01:50:53.160 [Forwarding clickElement on session 5c0ff446978ff68d7f4b8597dda626ed to remote] DEBUG org.asynchttpclient.netty.request.NettyRequestSender - Using pooled Channel '[id: 0x9c202133, L:/127.0.0.1:57438 - R:localhost/127.0.0.1:62608]' for 'POST' to 'http://localhost:62608/session/5c0ff446978ff68d7f4b8597dda626ed/element/d9d844a7-9a9e-4e7e-8d9a-c83d7a6905f3/click'
01:50:53.161 [Forwarding clickElement on session 5c0ff446978ff68d7f4b8597dda626ed to remote] DEBUG org.asynchttpclient.netty.request.NettyRequestSender - Using open Channel [id: 0x9c202133, L:/127.0.0.1:57438 - R:localhost/127.0.0.1:62608] for POST '/session/5c0ff446978ff68d7f4b8597dda626ed/element/d9d844a7-9a9e-4e7e-8d9a-c83d7a6905f3/click'
01:50:53.266 [AsyncHttpClient-1-7] DEBUG org.asynchttpclient.netty.handler.HttpHandler - 

Request DefaultHttpRequest(decodeResult: success, version: HTTP/1.1)
POST /session/5c0ff446978ff68d7f4b8597dda626ed/element/d9d844a7-9a9e-4e7e-8d9a-c83d7a6905f3/click HTTP/1.1
User-Agent: selenium/4.1.2 (java windows)
Content-Length: 50
Content-Type: application/json; charset=utf-8
host: localhost:62608
accept: */*

Response DefaultHttpResponse(decodeResult: success, version: HTTP/1.1)
HTTP/1.1 200 OK
Content-Type: application/json; charset=utf-8
cache-control: no-cache
content-length: 14

01:50:53.267 [AsyncHttpClient-1-7] DEBUG org.asynchttpclient.netty.channel.ChannelManager - Adding key: http://localhost:62608 for channel [id: 0x9c202133, L:/127.0.0.1:57438 - R:localhost/127.0.0.1:62608]
01:50:53.280 [Forwarding screenshot on session 5c0ff446978ff68d7f4b8597dda626ed to remote] DEBUG org.asynchttpclient.netty.request.NettyRequestSender - Using pooled Channel '[id: 0x9c202133, L:/127.0.0.1:57438 - R:localhost/127.0.0.1:62608]' for 'GET' to 'http://localhost:62608/session/5c0ff446978ff68d7f4b8597dda626ed/screenshot'
01:50:53.280 [Forwarding screenshot on session 5c0ff446978ff68d7f4b8597dda626ed to remote] DEBUG org.asynchttpclient.netty.request.NettyRequestSender - Using open Channel [id: 0x9c202133, L:/127.0.0.1:57438 - R:localhost/127.0.0.1:62608] for GET '/session/5c0ff446978ff68d7f4b8597dda626ed/screenshot'
01:50:53.673 [AsyncHttpClient-1-1] DEBUG org.asynchttpclient.netty.channel.DefaultChannelPool - Entry count for : http://localhost:57440 : 1
01:50:53.771 [AsyncHttpClient-1-7] DEBUG org.asynchttpclient.netty.handler.HttpHandler - 

Request DefaultFullHttpRequest(decodeResult: success, version: HTTP/1.1, content: EmptyByteBufBE)
GET /session/5c0ff446978ff68d7f4b8597dda626ed/screenshot HTTP/1.1
User-Agent: selenium/4.1.2 (java windows)
Cache-Control: no-cache
Content-Type: application/json; charset=utf-8
host: localhost:62608
accept: */*

Response DefaultHttpResponse(decodeResult: success, version: HTTP/1.1)
HTTP/1.1 200 OK
Content-Type: application/json; charset=utf-8
cache-control: no-cache
content-length: 48328

01:50:53.772 [AsyncHttpClient-1-7] DEBUG org.asynchttpclient.netty.channel.ChannelManager - Adding key: http://localhost:62608 for channel [id: 0x9c202133, L:/127.0.0.1:57438 - R:localhost/127.0.0.1:62608]
01:50:53.775 [main] DEBUG net.serenitybdd.core.photography.Darkroom - Send negative for processing for target\site\serenity\4732b40e368bbccc42a31438ce61a96c6f70e78191cb1de30890b97660ac8ca1.png
01:50:53.775 [main] DEBUG net.thucydides.core.steps.StepInterceptor - STEP DONE: clickRegisterButton
  &amp#27;[32mAnd &amp#27;[0m&amp#27;[32mI click a Register button&amp#27;[0m                        &amp#27;[90m# stepdefinitions.ARegisterStep.iClickRegisterButton()&amp#27;[0m
01:50:53.775 [Darkroom Processing Line] DEBUG net.serenitybdd.core.photography.DarkroomProcessingLine - Processing screenshot image in /var/screenshots/screenshot-7658484055565476634
01:50:53.776 [Darkroom Processing Line] DEBUG net.serenitybdd.core.photography.DarkroomProcessingLine - Saving screenshot to target\site\serenity\4732b40e368bbccc42a31438ce61a96c6f70e78191cb1de30890b97660ac8ca1.png
01:50:53.810 [main] DEBUG net.thucydides.core.steps.StepInterceptor - STARTING STEP: ARegisterStep.iGotErrorMassage - iGotErrorMassage
01:50:53.817 [Forwarding findElement on session 5c0ff446978ff68d7f4b8597dda626ed to remote] DEBUG org.asynchttpclient.netty.request.NettyRequestSender - Using pooled Channel '[id: 0x9c202133, L:/127.0.0.1:57438 - R:localhost/127.0.0.1:62608]' for 'POST' to 'http://localhost:62608/session/5c0ff446978ff68d7f4b8597dda626ed/element'
01:50:53.818 [Forwarding findElement on session 5c0ff446978ff68d7f4b8597dda626ed to remote] DEBUG org.asynchttpclient.netty.request.NettyRequestSender - Using open Channel [id: 0x9c202133, L:/127.0.0.1:57438 - R:localhost/127.0.0.1:62608] for POST '/session/5c0ff446978ff68d7f4b8597dda626ed/element'
01:50:53.822 [AsyncHttpClient-1-7] DEBUG org.asynchttpclient.netty.handler.HttpHandler - 

Request DefaultHttpRequest(decodeResult: success, version: HTTP/1.1)
POST /session/5c0ff446978ff68d7f4b8597dda626ed/element HTTP/1.1
User-Agent: selenium/4.1.2 (java windows)
Content-Length: 53
Content-Type: application/json; charset=utf-8
host: localhost:62608
accept: */*

Response DefaultHttpResponse(decodeResult: success, version: HTTP/1.1)
HTTP/1.1 400 Bad Request
Content-Type: application/json; charset=utf-8
cache-control: no-cache
content-length: 957

01:50:53.822 [AsyncHttpClient-1-7] DEBUG org.asynchttpclient.netty.channel.ChannelManager - Adding key: http://localhost:62608 for channel [id: 0x9c202133, L:/127.0.0.1:57438 - R:localhost/127.0.0.1:62608]
01:50:53.826 [Forwarding findElement on session 5c0ff446978ff68d7f4b8597dda626ed to remote] DEBUG org.asynchttpclient.netty.request.NettyRequestSender - Using pooled Channel '[id: 0x9c202133, L:/127.0.0.1:57438 - R:localhost/127.0.0.1:62608]' for 'POST' to 'http://localhost:62608/session/5c0ff446978ff68d7f4b8597dda626ed/element'
01:50:53.826 [Forwarding findElement on session 5c0ff446978ff68d7f4b8597dda626ed to remote] DEBUG org.asynchttpclient.netty.request.NettyRequestSender - Using open Channel [id: 0x9c202133, L:/127.0.0.1:57438 - R:localhost/127.0.0.1:62608] for POST '/session/5c0ff446978ff68d7f4b8597dda626ed/element'
01:50:53.918 [AsyncHttpClient-1-7] DEBUG org.asynchttpclient.netty.handler.HttpHandler - 

Request DefaultHttpRequest(decodeResult: success, version: HTTP/1.1)
POST /session/5c0ff446978ff68d7f4b8597dda626ed/element HTTP/1.1
User-Agent: selenium/4.1.2 (java windows)
Content-Length: 63
Content-Type: application/json; charset=utf-8
host: localhost:62608
accept: */*

Response DefaultHttpResponse(decodeResult: success, version: HTTP/1.1)
HTTP/1.1 200 OK
Content-Type: application/json; charset=utf-8
cache-control: no-cache
content-length: 88

01:50:53.918 [AsyncHttpClient-1-7] DEBUG org.asynchttpclient.netty.channel.ChannelManager - Adding key: http://localhost:62608 for channel [id: 0x9c202133, L:/127.0.0.1:57438 - R:localhost/127.0.0.1:62608]
01:50:53.945 [Forwarding isElementDisplayed on session 5c0ff446978ff68d7f4b8597dda626ed to remote] DEBUG org.asynchttpclient.netty.request.NettyRequestSender - Using pooled Channel '[id: 0x9c202133, L:/127.0.0.1:57438 - R:localhost/127.0.0.1:62608]' for 'POST' to 'http://localhost:62608/session/5c0ff446978ff68d7f4b8597dda626ed/execute/sync'
01:50:53.945 [Forwarding isElementDisplayed on session 5c0ff446978ff68d7f4b8597dda626ed to remote] DEBUG org.asynchttpclient.netty.request.NettyRequestSender - Using open Channel [id: 0x9c202133, L:/127.0.0.1:57438 - R:localhost/127.0.0.1:62608] for POST '/session/5c0ff446978ff68d7f4b8597dda626ed/execute/sync'
01:50:54.000 [AsyncHttpClient-1-7] DEBUG org.asynchttpclient.netty.handler.HttpHandler - 

Request DefaultHttpRequest(decodeResult: success, version: HTTP/1.1)
POST /session/5c0ff446978ff68d7f4b8597dda626ed/execute/sync HTTP/1.1
User-Agent: selenium/4.1.2 (java windows)
Content-Length: 48780
Content-Type: application/json; charset=utf-8
host: localhost:62608
accept: */*

Response DefaultHttpResponse(decodeResult: success, version: HTTP/1.1)
HTTP/1.1 200 OK
Content-Type: application/json; charset=utf-8
cache-control: no-cache
content-length: 14

01:50:54.000 [AsyncHttpClient-1-7] DEBUG org.asynchttpclient.netty.channel.ChannelManager - Adding key: http://localhost:62608 for channel [id: 0x9c202133, L:/127.0.0.1:57438 - R:localhost/127.0.0.1:62608]
01:50:54.012 [Forwarding screenshot on session 5c0ff446978ff68d7f4b8597dda626ed to remote] DEBUG org.asynchttpclient.netty.request.NettyRequestSender - Using pooled Channel '[id: 0x9c202133, L:/127.0.0.1:57438 - R:localhost/127.0.0.1:62608]' for 'GET' to 'http://localhost:62608/session/5c0ff446978ff68d7f4b8597dda626ed/screenshot'
01:50:54.012 [Forwarding screenshot on session 5c0ff446978ff68d7f4b8597dda626ed to remote] DEBUG org.asynchttpclient.netty.request.NettyRequestSender - Using open Channel [id: 0x9c202133, L:/127.0.0.1:57438 - R:localhost/127.0.0.1:62608] for GET '/session/5c0ff446978ff68d7f4b8597dda626ed/screenshot'
01:50:54.270 [AsyncHttpClient-1-7] DEBUG org.asynchttpclient.netty.handler.HttpHandler - 

Request DefaultFullHttpRequest(decodeResult: success, version: HTTP/1.1, content: EmptyByteBufBE)
GET /session/5c0ff446978ff68d7f4b8597dda626ed/screenshot HTTP/1.1
User-Agent: selenium/4.1.2 (java windows)
Cache-Control: no-cache
Content-Type: application/json; charset=utf-8
host: localhost:62608
accept: */*

Response DefaultHttpResponse(decodeResult: success, version: HTTP/1.1)
HTTP/1.1 200 OK
Content-Type: application/json; charset=utf-8
cache-control: no-cache
content-length: 51432

01:50:54.271 [AsyncHttpClient-1-7] DEBUG org.asynchttpclient.netty.channel.ChannelManager - Adding key: http://localhost:62608 for channel [id: 0x9c202133, L:/127.0.0.1:57438 - R:localhost/127.0.0.1:62608]
01:50:54.274 [main] DEBUG net.serenitybdd.core.photography.Darkroom - Send negative for processing for target\site\serenity\2b6725b6ad9eab08e1c97fb8e7b038612fc2c9fcf7e50421b32f035671db1efd.png
01:50:54.274 [main] DEBUG net.thucydides.core.steps.StepInterceptor - STEP DONE: iGotErrorMassage
  &amp#27;[32mThen &amp#27;[0m&amp#27;[32mI got error massage&amp#27;[0m                             &amp#27;[90m# stepdefinitions.ARegisterStep.iGotErrorMassage()&amp#27;[0m
01:50:54.275 [Darkroom Processing Line] DEBUG net.serenitybdd.core.photography.DarkroomProcessingLine - Processing screenshot image in /var/screenshots/screenshot-1756645537112886286
01:50:54.275 [Darkroom Processing Line] DEBUG net.serenitybdd.core.photography.DarkroomProcessingLine - Saving screenshot to target\site\serenity\2b6725b6ad9eab08e1c97fb8e7b038612fc2c9fcf7e50421b32f035671db1efd.png
01:50:54.285 [main] INFO  - 
  _____   ___   ___   _____     ___     _     ___   ___   ___   ___  
 |_   _| | __| / __| |_   _|   | _ \   /_\   / __| / __| | __| |   \ 
   | |   | _|  \__ \   | |     |  _/  / _ \  \__ \ \__ \ | _|  | |) |
   |_|   |___| |___/   |_|     |_|   /_/ \_\ |___/ |___/ |___| |___/ 

As a user, i have not able to create account
----------------------------------------------------------------------
01:50:54.287 [AsyncHttpClient-1-9] DEBUG org.asynchttpclient.netty.handler.WebSocketHandler - Channel Closed: [id: 0xf3565234, L:/127.0.0.1:57448 ! R:localhost/127.0.0.1:57440] with attribute NettyResponseFuture{currentRetry=5,
	isDone=1,
	isCancelled=0,
	asyncHandler=org.asynchttpclient.ws.WebSocketUpgradeHandler@71e79c2c,
	nettyRequest=org.asynchttpclient.netty.request.NettyRequest@46ddc0a3,
	future=java.util.concurrent.CompletableFuture@40b0d2cb[Completed normally],
	uri=ws://localhost:57440/devtools/browser/606b69b8-68d6-44aa-a84d-bbb426473403,
	keepAlive=true,
	redirectCount=0,
	timeoutsHolder=null,
	inAuth=0,
	touch=1652381449546}
01:50:54.287 [AsyncHttpClient-1-9] DEBUG org.asynchttpclient.netty.channel.ChannelManager - Closing Channel [id: 0xf3565234, L:/127.0.0.1:57448 ! R:localhost/127.0.0.1:57440] 
01:50:54.288 [Driver Command Executor] DEBUG org.asynchttpclient.netty.request.NettyRequestSender - Using pooled Channel '[id: 0x9c202133, L:/127.0.0.1:57438 - R:localhost/127.0.0.1:62608]' for 'DELETE' to 'http://localhost:62608/session/5c0ff446978ff68d7f4b8597dda626ed'
01:50:54.288 [Driver Command Executor] DEBUG org.asynchttpclient.netty.request.NettyRequestSender - Using open Channel [id: 0x9c202133, L:/127.0.0.1:57438 - R:localhost/127.0.0.1:62608] for DELETE '/session/5c0ff446978ff68d7f4b8597dda626ed'
01:50:54.431 [AsyncHttpClient-1-8] DEBUG org.asynchttpclient.netty.handler.HttpHandler - Unexpected I/O exception on channel [id: 0x7fc51e09, L:/127.0.0.1:57447 - R:localhost/127.0.0.1:57440]
java.io.IOException: An existing connection was forcibly closed by the remote host
	at java.base/sun.nio.ch.SocketDispatcher.read0(Native Method)
	at java.base/sun.nio.ch.SocketDispatcher.read(SocketDispatcher.java:43)
	at java.base/sun.nio.ch.IOUtil.readIntoNativeBuffer(IOUtil.java:276)
	at java.base/sun.nio.ch.IOUtil.read(IOUtil.java:233)
	at java.base/sun.nio.ch.IOUtil.read(IOUtil.java:223)
	at java.base/sun.nio.ch.SocketChannelImpl.read(SocketChannelImpl.java:358)
	at io.netty.buffer.PooledByteBuf.setBytes(PooledByteBuf.java:258)
	at io.netty.buffer.AbstractByteBuf.writeBytes(AbstractByteBuf.java:1132)
	at io.netty.channel.socket.nio.NioSocketChannel.doReadBytes(NioSocketChannel.java:350)
	at io.netty.channel.nio.AbstractNioByteChannel$NioByteUnsafe.read(AbstractNioByteChannel.java:151)
	at io.netty.channel.nio.NioEventLoop.processSelectedKey(NioEventLoop.java:722)
	at io.netty.channel.nio.NioEventLoop.processSelectedKeysOptimized(NioEventLoop.java:658)
	at io.netty.channel.nio.NioEventLoop.processSelectedKeys(NioEventLoop.java:584)
	at io.netty.channel.nio.NioEventLoop.run(NioEventLoop.java:496)
	at io.netty.util.concurrent.SingleThreadEventExecutor$4.run(SingleThreadEventExecutor.java:986)
	at io.netty.util.internal.ThreadExecutorMap$2.run(ThreadExecutorMap.java:74)
	at io.netty.util.concurrent.FastThreadLocalRunnable.run(FastThreadLocalRunnable.java:30)
	at java.base/java.lang.Thread.run(Thread.java:834)
01:50:54.432 [AsyncHttpClient-1-8] DEBUG org.asynchttpclient.netty.channel.ChannelManager - Closing Channel [id: 0x7fc51e09, L:/127.0.0.1:57447 - R:localhost/127.0.0.1:57440] 
01:50:54.432 [AsyncHttpClient-1-8] DEBUG org.asynchttpclient.netty.handler.HttpHandler - Channel Closed: [id: 0x7fc51e09, L:/127.0.0.1:57447 ! R:localhost/127.0.0.1:57440] with attribute DISCARD
01:50:54.460 [AsyncHttpClient-1-7] DEBUG org.asynchttpclient.netty.handler.HttpHandler - 

Request DefaultFullHttpRequest(decodeResult: success, version: HTTP/1.1, content: EmptyByteBufBE)
DELETE /session/5c0ff446978ff68d7f4b8597dda626ed HTTP/1.1
User-Agent: selenium/4.1.2 (java windows)
Content-Type: application/json; charset=utf-8
host: localhost:62608
accept: */*

Response DefaultHttpResponse(decodeResult: success, version: HTTP/1.1)
HTTP/1.1 200 OK
Content-Type: application/json; charset=utf-8
cache-control: no-cache
content-length: 14

01:50:54.461 [AsyncHttpClient-1-7] DEBUG org.asynchttpclient.netty.channel.ChannelManager - Adding key: http://localhost:62608 for channel [id: 0x9c202133, L:/127.0.0.1:57438 - R:localhost/127.0.0.1:62608]
01:50:54.774 [AsyncHttpClient-1-1] DEBUG org.asynchttpclient.netty.channel.DefaultChannelPool - Entry count for : http://localhost:57440 : 1
01:50:54.774 [AsyncHttpClient-1-1] DEBUG org.asynchttpclient.netty.channel.DefaultChannelPool - Entry count for : http://localhost:62608 : 1
01:50:54.774 [AsyncHttpClient-1-1] DEBUG org.asynchttpclient.netty.channel.DefaultChannelPool - Adding Candidate expired Channel [id: 0x7fc51e09, L:/127.0.0.1:57447 ! R:localhost/127.0.0.1:57440] isIdleTimeoutExpired=false isRemotelyClosed=true isTtlExpired=false
01:50:54.774 [AsyncHttpClient-1-1] DEBUG org.asynchttpclient.netty.channel.DefaultChannelPool - Closing Idle Channel [id: 0x7fc51e09, L:/127.0.0.1:57447 ! R:localhost/127.0.0.1:57440]
01:50:54.774 [AsyncHttpClient-1-1] DEBUG org.asynchttpclient.netty.channel.DefaultChannelPool - Closed 1 connections out of 2 in 0 ms
01:50:55.095 [AsyncHttpClient-1-7] DEBUG org.asynchttpclient.netty.handler.HttpHandler - Channel Closed: [id: 0x9c202133, L:/127.0.0.1:57438 ! R:localhost/127.0.0.1:62608] with attribute DISCARD
]]></system-out>
    <system-err><![CDATA[Starting ChromeDriver 101.0.4951.41 (93c720db8323b3ec10d056025ab95c23a31997c9-refs/branch-heads/4951@{#904}) on port 62608
Only local connections are allowed.
Please see https://chromedriver.chromium.org/security-considerations for suggestions on keeping ChromeDriver safe.
ChromeDriver was started successfully.
May 13, 2022 1:50:49 AM org.openqa.selenium.remote.ProtocolHandshake createSession
INFO: Detected dialect: W3C
May 13, 2022 1:50:49 AM org.openqa.selenium.devtools.CdpVersionFinder findNearestMatch
WARNING: Unable to find an exact match for CDP version 101, so returning the closest version found: 97
May 13, 2022 1:50:49 AM org.openqa.selenium.devtools.CdpVersionFinder findNearestMatch
INFO: Found CDP implementation for version 101 of 97
]]></system-err>
  </testcase>
</testsuite>