<?xml version="1.0" encoding="UTF-8"?>
<testsuite xmlns:xsi="http://www.w3.org/2001/XMLSchema-instance" xsi:noNamespaceSchemaLocation="https://maven.apache.org/surefire/maven-failsafe-plugin/xsd/failsafe-test-report-3.0.xsd" version="3.0" name="CucumberTestSuite" time="51.382" tests="2" errors="0" skipped="0" failures="0">
  <properties>
[...]
</properties>
  <testcase name="As a user, i have able to login" classname="Login" time="28.284">
    <system-out><![CDATA[00:17:19.888 [main] INFO io.cucumber.core.plugin.SerenityReporter - Running feature from file:///D:/Mini%20Project-QE%20Alta/Web%20Automation/FrontEnd-AltaShop/src/test/resources/features/Login.feature
00:17:20.216 [main] INFO  - 

-------------------------------------------------------------------------------------
     _______. _______ .______       _______ .__   __.  __  .___________.____    ____ 
    /       ||   ____||   _  \     |   ____||  \ |  | |  | |           |\   \  /   / 
   |   (----`|  |__   |  |_)  |    |  |__   |   \|  | |  | `---|  |----` \   \/   /  
    \   \    |   __|  |      /     |   __|  |  . `  | |  |     |  |       \_    _/   
.----)   |   |  |____ |  |\  \----.|  |____ |  |\   | |  |     |  |         |  |     
|_______/    |_______|| _| `._____||_______||__| \__| |__|     |__|         |__|    
                                                                                     
 News and tutorials at http://www.serenity-bdd.info                                  
 Documentation at https://wakaleo.gitbooks.io/the-serenity-book/content/             
 Join the Serenity Community on Gitter: https://gitter.im/serenity-bdd/serenity-core 
 Serenity BDD Support and Training at http://serenity-bdd.info/#/trainingandsupport  
-------------------------------------------------------------------------------------

00:17:20.223 [main] DEBUG net.thucydides.core.steps.StepEventBus - Test suite started for story net.thucydides.core.model.Story@23282f08
00:17:20.234 [main] INFO  - Test Suite Started: Login
00:17:20.261 [main] INFO io.cucumber.core.plugin.SerenityReporter - Running feature from file:///D:/Mini%20Project-QE%20Alta/Web%20Automation/FrontEnd-AltaShop/src/test/resources/features/Register.feature
00:17:20.273 [main] DEBUG net.thucydides.core.steps.StepEventBus - Test suite started for story net.thucydides.core.model.Story@30e75088
00:17:20.275 [main] INFO  - Test Suite Started: Register
00:17:20.276 [main] INFO io.cucumber.core.plugin.SerenityReporter - Running feature from file:///D:/Mini%20Project-QE%20Alta/Web%20Automation/FrontEnd-AltaShop/src/test/resources/features/Login.feature
00:17:20.286 [main] DEBUG net.thucydides.core.steps.StepEventBus - Test suite started for story net.thucydides.core.model.Story@23282f08
00:17:20.287 [main] INFO  - Test Suite Started: Login

Scenario: As a user, i have able to login           &amp#27;[90m# src/test/resources/features/Login.feature:3&amp#27;[0m
00:17:20.503 [main] INFO io.cucumber.core.plugin.SerenityReporter - Running feature from file:///D:/Mini%20Project-QE%20Alta/Web%20Automation/FrontEnd-AltaShop/src/test/resources/features/Login.feature
00:17:20.721 [main] INFO  - 
  _____   ___   ___   _____     ___   _____     _     ___   _____   ___   ___  
 |_   _| | __| / __| |_   _|   / __| |_   _|   /_\   | _ \ |_   _| | __| |   \ 
   | |   | _|  \__ \   | |     \__ \   | |    / _ \  |   /   | |   | _|  | |) |
   |_|   |___| |___/   |_|     |___/   |_|   /_/ \_\ |_|_\   |_|   |___| |___/ 

As a user, i have able to login(login;as-a-user--i-have-able-to-login)
--------------------------------------------------------------------------------
00:17:22.427 [main] DEBUG net.thucydides.core.steps.StepInterceptor - STARTING STEP: LoginStep.iAmAtRegisterPage - onLoginPage
00:17:22.518 [main] INFO net.serenitybdd.core.webdriver.driverproviders.ChromeDriverProvider - Using automatically driver download
00:17:24.260 [main] DEBUG io.github.bonigarcia.wdm.cache.ResolutionCache - Resolution chrome=100 in cache (valid until 00:56:03 06/05/2022 ICT)
00:17:24.281 [main] DEBUG io.github.bonigarcia.wdm.cache.ResolutionCache - Resolution chrome100=100.0.4896.60 in cache (valid until 20:02:20 06/05/2022 ICT)
00:17:24.316 [main] INFO io.github.bonigarcia.wdm.WebDriverManager - Using chromedriver 100.0.4896.60 (resolved driver for Chrome 100)
00:17:24.398 [main] DEBUG io.github.bonigarcia.wdm.WebDriverManager - Driver chromedriver 100.0.4896.60 found in cache
00:17:24.405 [main] INFO io.github.bonigarcia.wdm.WebDriverManager - Exporting webdriver.chrome.driver as C:\Users\Siti Nurlatipah\.cache\selenium\chromedriver\win32\100.0.4896.60\chromedriver.exe
00:17:26.125 [main] DEBUG net.thucydides.core.reflection.ClassFinder - Could not load class .CucumberTestSuite
00:17:26.126 [main] DEBUG net.thucydides.core.reflection.ClassFinder - Could not load class .starter.HomePage
00:17:26.126 [main] DEBUG net.thucydides.core.reflection.ClassFinder - Could not load class .starter.Login
00:17:26.126 [main] DEBUG net.thucydides.core.reflection.ClassFinder - Could not load class .starter.Register
00:17:26.127 [main] DEBUG net.thucydides.core.reflection.ClassFinder - Could not load class .stepdefinitions.LoginStep
00:17:26.127 [main] DEBUG net.thucydides.core.reflection.ClassFinder - Could not load class .stepdefinitions.RegisterStep
00:17:26.129 [main] DEBUG net.thucydides.core.reflection.ClassFinder - Could not load class META-INF.versions.9.com.sun.istack.logging.StackHelper
00:17:26.134 [main] DEBUG net.thucydides.core.reflection.ClassFinder - Could not load class META-INF.versions.9.com.sun.xml.bind.v2.runtime.reflect.opt.AccessorInjector
00:17:26.136 [main] DEBUG net.thucydides.core.reflection.ClassFinder - Could not load class META-INF.versions.9.com.sun.xml.bind.v2.runtime.reflect.opt.Injector
00:17:26.139 [main] DEBUG net.thucydides.core.reflection.ClassFinder - Could not load class META-INF.versions.9.com.sun.xml.bind.v2.runtime.reflect.opt.OptimizedAccessorFactory
00:17:26.145 [main] DEBUG net.thucydides.core.reflection.ClassFinder - Could not load class META-INF.versions.9.com.sun.xml.bind.v2.runtime.reflect.opt.OptimizedTransducedAccessorFactory
00:17:26.175 [main] DEBUG net.thucydides.core.reflection.ClassFinder - Could not load class META-INF.versions.9.io.opentelemetry.sdk.internal.CurrentJavaVersionSpecific
00:17:26.179 [main] DEBUG net.thucydides.core.reflection.ClassFinder - Could not load class META-INF.versions.9.io.opentelemetry.sdk.internal.Java9VersionSpecific
00:17:26.182 [main] DEBUG net.thucydides.core.reflection.ClassFinder - Could not load class META-INF.versions.9.javax.xml.bind.ModuleUtil
00:17:26.184 [main] DEBUG net.thucydides.core.reflection.ClassFinder - Could not load class META-INF.versions.9.module-info
00:17:26.189 [main] DEBUG net.thucydides.core.reflection.ClassFinder - Could not load class META-INF.versions.9.org.junit.platform.commons.util.ModuleUtils
00:17:28.105 [main] DEBUG net.thucydides.core.reflection.ClassFinder - Could not load class com.google.gson.internal.
00:17:28.952 [main] DEBUG net.thucydides.core.reflection.ClassFinder - Could not load class com.sun.xml.bind.v2.runtime.output.FastInfosetStreamWriterOutput
00:17:30.199 [main] DEBUG net.thucydides.core.reflection.ClassFinder - Could not load class module-info
00:17:35.955 [main] DEBUG io.netty.util.internal.logging.InternalLoggerFactory - Using SLF4J as the default logging framework
00:17:35.960 [main] DEBUG io.netty.util.ResourceLeakDetector - -Dio.netty.leakDetection.level: simple
00:17:35.960 [main] DEBUG io.netty.util.ResourceLeakDetector - -Dio.netty.leakDetection.targetRecords: 4
00:17:35.971 [main] DEBUG io.netty.util.ResourceLeakDetectorFactory - Loaded default ResourceLeakDetector: io.netty.util.ResourceLeakDetector@62c4ad40
00:17:36.014 [main] DEBUG io.netty.util.internal.PlatformDependent0 - -Dio.netty.noUnsafe: false
00:17:36.014 [main] DEBUG io.netty.util.internal.PlatformDependent0 - Java version: 11
00:17:36.017 [main] DEBUG io.netty.util.internal.PlatformDependent0 - sun.misc.Unsafe.theUnsafe: available
00:17:36.018 [main] DEBUG io.netty.util.internal.PlatformDependent0 - sun.misc.Unsafe.copyMemory: available
00:17:36.019 [main] DEBUG io.netty.util.internal.PlatformDependent0 - java.nio.Buffer.address: available
00:17:36.021 [main] DEBUG io.netty.util.internal.PlatformDependent0 - direct buffer constructor: unavailable: Reflective setAccessible(true) disabled
00:17:36.022 [main] DEBUG io.netty.util.internal.PlatformDependent0 - java.nio.Bits.unaligned: available, true
00:17:36.025 [main] DEBUG io.netty.util.internal.PlatformDependent0 - jdk.internal.misc.Unsafe.allocateUninitializedArray(int): unavailable: class io.netty.util.internal.PlatformDependent0$6 cannot access class jdk.internal.misc.Unsafe (in module java.base) because module java.base does not export jdk.internal.misc to unnamed module @51768776
00:17:36.028 [main] DEBUG io.netty.util.internal.PlatformDependent0 - java.nio.DirectByteBuffer.<init>(long, int): unavailable
00:17:36.029 [main] DEBUG io.netty.util.internal.PlatformDependent - sun.misc.Unsafe: available
00:17:36.033 [main] DEBUG io.netty.util.internal.PlatformDependent - maxDirectMemory: 1579155456 bytes (maybe)
00:17:36.034 [main] DEBUG io.netty.util.internal.PlatformDependent - -Dio.netty.tmpdir: C:\Users\SITINU~1\AppData\Local\Temp (java.io.tmpdir)
00:17:36.034 [main] DEBUG io.netty.util.internal.PlatformDependent - -Dio.netty.bitMode: 64 (sun.arch.data.model)
00:17:36.035 [main] DEBUG io.netty.util.internal.PlatformDependent - Platform: Windows
00:17:36.036 [main] DEBUG io.netty.util.internal.PlatformDependent - -Dio.netty.maxDirectMemory: -1 bytes
00:17:36.037 [main] DEBUG io.netty.util.internal.PlatformDependent - -Dio.netty.uninitializedArrayAllocationThreshold: -1
00:17:36.039 [main] DEBUG io.netty.util.internal.CleanerJava9 - java.nio.ByteBuffer.cleaner(): available
00:17:36.039 [main] DEBUG io.netty.util.internal.PlatformDependent - -Dio.netty.noPreferDirect: false
00:17:36.059 [main] DEBUG io.netty.util.internal.PlatformDependent - org.jctools-core.MpscChunkedArrayQueue: available
00:17:36.111 [main] DEBUG io.netty.util.internal.InternalThreadLocalMap - -Dio.netty.threadLocalMap.stringBuilder.initialSize: 1024
00:17:36.111 [main] DEBUG io.netty.util.internal.InternalThreadLocalMap - -Dio.netty.threadLocalMap.stringBuilder.maxSize: 4096
00:17:36.190 [main] DEBUG io.netty.handler.ssl.JdkSslContext - Default protocols (JDK): [TLSv1.3, TLSv1.2] 
00:17:36.190 [main] DEBUG io.netty.handler.ssl.JdkSslContext - Default cipher suites (JDK): [TLS_ECDHE_ECDSA_WITH_AES_256_GCM_SHA384, TLS_ECDHE_ECDSA_WITH_AES_128_GCM_SHA256, TLS_ECDHE_RSA_WITH_AES_128_GCM_SHA256, TLS_ECDHE_RSA_WITH_AES_256_GCM_SHA384, TLS_ECDHE_RSA_WITH_AES_128_CBC_SHA, TLS_ECDHE_RSA_WITH_AES_256_CBC_SHA, TLS_RSA_WITH_AES_128_GCM_SHA256, TLS_RSA_WITH_AES_128_CBC_SHA, TLS_RSA_WITH_AES_256_CBC_SHA, TLS_AES_128_GCM_SHA256, TLS_AES_256_GCM_SHA384]
00:17:36.240 [main] DEBUG io.netty.channel.MultithreadEventLoopGroup - -Dio.netty.eventLoopThreads: 8
00:17:36.259 [main] DEBUG io.netty.channel.nio.NioEventLoop - -Dio.netty.noKeySetOptimization: false
00:17:36.259 [main] DEBUG io.netty.channel.nio.NioEventLoop - -Dio.netty.selectorAutoRebuildThreshold: 512
00:17:36.333 [main] DEBUG io.netty.buffer.PooledByteBufAllocator - -Dio.netty.allocator.numHeapArenas: 8
00:17:36.334 [main] DEBUG io.netty.buffer.PooledByteBufAllocator - -Dio.netty.allocator.numDirectArenas: 8
00:17:36.334 [main] DEBUG io.netty.buffer.PooledByteBufAllocator - -Dio.netty.allocator.pageSize: 8192
00:17:36.334 [main] DEBUG io.netty.buffer.PooledByteBufAllocator - -Dio.netty.allocator.maxOrder: 11
00:17:36.334 [main] DEBUG io.netty.buffer.PooledByteBufAllocator - -Dio.netty.allocator.chunkSize: 16777216
00:17:36.334 [main] DEBUG io.netty.buffer.PooledByteBufAllocator - -Dio.netty.allocator.smallCacheSize: 256
00:17:36.334 [main] DEBUG io.netty.buffer.PooledByteBufAllocator - -Dio.netty.allocator.normalCacheSize: 64
00:17:36.334 [main] DEBUG io.netty.buffer.PooledByteBufAllocator - -Dio.netty.allocator.maxCachedBufferCapacity: 32768
00:17:36.334 [main] DEBUG io.netty.buffer.PooledByteBufAllocator - -Dio.netty.allocator.cacheTrimInterval: 8192
00:17:36.334 [main] DEBUG io.netty.buffer.PooledByteBufAllocator - -Dio.netty.allocator.cacheTrimIntervalMillis: 0
00:17:36.334 [main] DEBUG io.netty.buffer.PooledByteBufAllocator - -Dio.netty.allocator.useCacheForAllThreads: true
00:17:36.334 [main] DEBUG io.netty.buffer.PooledByteBufAllocator - -Dio.netty.allocator.maxCachedByteBuffersPerChunk: 1023
00:17:36.353 [main] DEBUG io.netty.buffer.ByteBufUtil - -Dio.netty.allocator.type: pooled
00:17:36.354 [main] DEBUG io.netty.buffer.ByteBufUtil - -Dio.netty.threadLocalDirectBufferSize: 0
00:17:36.354 [main] DEBUG io.netty.buffer.ByteBufUtil - -Dio.netty.maxThreadLocalCharBufferSize: 16384
00:17:36.730 [main] DEBUG net.serenitybdd.core.webdriver.driverproviders.ProvideNewDriver - Instantiating driver
00:17:36.731 [main] DEBUG net.serenitybdd.core.webdriver.driverproviders.ProvideNewDriver - Driver capabilities: Capabilities {acceptInsecureCerts: false, base.url: https://qa.alta.id, browserName: chrome, chrome.driver: src/test/resources/webdrive..., driver: chrome, goog:chromeOptions: {args: [], extensions: []}}
00:17:37.642 [Forwarding newSession on session null to remote] DEBUG io.netty.channel.DefaultChannelId - -Dio.netty.processId: 4760 (auto-detected)
00:17:37.646 [Forwarding newSession on session null to remote] DEBUG io.netty.util.NetUtil - -Djava.net.preferIPv4Stack: false
00:17:37.647 [Forwarding newSession on session null to remote] DEBUG io.netty.util.NetUtil - -Djava.net.preferIPv6Addresses: false
00:17:38.309 [Forwarding newSession on session null to remote] DEBUG io.netty.util.NetUtilInitializations - Loopback interface: lo (Software Loopback Interface 1, 127.0.0.1)
00:17:38.310 [Forwarding newSession on session null to remote] DEBUG io.netty.util.NetUtil - Failed to get SOMAXCONN from sysctl and file \proc\sys\net\core\somaxconn. Default: 200
00:17:38.994 [Forwarding newSession on session null to remote] DEBUG io.netty.channel.DefaultChannelId - -Dio.netty.machineId: a4:97:b1:ff:fe:c8:9c:0f (auto-detected)
00:17:39.084 [AsyncHttpClient-1-2] DEBUG io.netty.buffer.AbstractByteBuf - -Dio.netty.buffer.checkAccessible: true
00:17:39.085 [AsyncHttpClient-1-2] DEBUG io.netty.buffer.AbstractByteBuf - -Dio.netty.buffer.checkBounds: true
00:17:39.085 [AsyncHttpClient-1-2] DEBUG io.netty.util.ResourceLeakDetectorFactory - Loaded default ResourceLeakDetector: io.netty.util.ResourceLeakDetector@77b64dd6
00:17:39.113 [AsyncHttpClient-1-2] DEBUG org.asynchttpclient.netty.channel.NettyConnectListener - Using new Channel '[id: 0x6ffbd672, L:/127.0.0.1:64363 - R:localhost/127.0.0.1:52508]' for 'POST' to '/session'
00:17:39.146 [AsyncHttpClient-1-2] DEBUG io.netty.util.Recycler - -Dio.netty.recycler.maxCapacityPerThread: 4096
00:17:39.146 [AsyncHttpClient-1-2] DEBUG io.netty.util.Recycler - -Dio.netty.recycler.ratio: 8
00:17:39.146 [AsyncHttpClient-1-2] DEBUG io.netty.util.Recycler - -Dio.netty.recycler.chunkSize: 32
00:17:39.146 [AsyncHttpClient-1-2] DEBUG io.netty.util.Recycler - -Dio.netty.recycler.blocking: false
00:17:40.640 [AsyncHttpClient-1-2] DEBUG io.netty.handler.codec.compression.Brotli - brotli4j not in the classpath; Brotli support will be unavailable.
00:17:40.642 [AsyncHttpClient-1-2] DEBUG org.asynchttpclient.netty.handler.HttpHandler - 

Request DefaultHttpRequest(decodeResult: success, version: HTTP/1.1)
POST /session HTTP/1.1
User-Agent: selenium/4.1.2 (java windows)
Content-Length: 595
Content-Type: application/json; charset=utf-8
host: localhost:52508
accept: */*

Response DefaultHttpResponse(decodeResult: success, version: HTTP/1.1)
HTTP/1.1 200 OK
Content-Type: application/json; charset=utf-8
cache-control: no-cache
content-length: 792

00:17:40.685 [AsyncHttpClient-1-2] DEBUG org.asynchttpclient.netty.channel.ChannelManager - Adding key: http://localhost:52508 for channel [id: 0x6ffbd672, L:/127.0.0.1:64363 - R:localhost/127.0.0.1:52508]
00:17:40.907 [AsyncHttpClient-1-3] DEBUG org.asynchttpclient.netty.channel.NettyConnectListener - Using new Channel '[id: 0xfc7af128, L:/127.0.0.1:64372 - R:localhost/127.0.0.1:64364]' for 'GET' to '/json/version'
00:17:40.920 [AsyncHttpClient-1-3] DEBUG org.asynchttpclient.netty.handler.HttpHandler - 

Request DefaultFullHttpRequest(decodeResult: success, version: HTTP/1.1, content: EmptyByteBufBE)
GET /json/version HTTP/1.1
User-Agent: selenium/4.1.2 (java windows)
host: localhost:64364
accept: */*

Response DefaultHttpResponse(decodeResult: success, version: HTTP/1.1)
HTTP/1.1 200 OK
Content-Type: application/json; charset=UTF-8
content-length: 429

00:17:40.921 [AsyncHttpClient-1-3] DEBUG org.asynchttpclient.netty.channel.ChannelManager - Adding key: http://localhost:64364 for channel [id: 0xfc7af128, L:/127.0.0.1:64372 - R:localhost/127.0.0.1:64364]
00:17:40.937 [main] DEBUG io.netty.util.internal.ThreadLocalRandom - -Dio.netty.initialSeedUniquifier: 0xf27443509bfbac05
00:17:40.947 [AsyncHttpClient-1-4] DEBUG org.asynchttpclient.netty.channel.NettyConnectListener - Using new Channel '[id: 0x31594e16, L:/127.0.0.1:64373 - R:localhost/127.0.0.1:64364]' for 'GET' to '/devtools/browser/ae1192ef-72dd-4b69-83e8-2917326e1b43'
00:17:40.960 [AsyncHttpClient-1-4] DEBUG org.asynchttpclient.netty.handler.WebSocketHandler - 

Request DefaultFullHttpRequest(decodeResult: success, version: HTTP/1.1, content: EmptyByteBufBE)
GET /devtools/browser/ae1192ef-72dd-4b69-83e8-2917326e1b43 HTTP/1.1
upgrade: websocket
connection: upgrade
sec-websocket-key: Noqa6H4lavgGb7PHEPZpnw==
sec-websocket-version: 13
origin: http://localhost:64364
host: localhost:64364
accept: */*
user-agent: AHC/2.1

Response DefaultHttpResponse(decodeResult: success, version: HTTP/1.1)
HTTP/1.1 101 WebSocket Protocol Handshake
Upgrade: WebSocket
Connection: Upgrade
Sec-WebSocket-Accept: BXOF1AZVWAkdSTR5CBRlsSlk6l8=

00:17:41.670 [AsyncHttpClient-1-1] DEBUG org.asynchttpclient.netty.channel.DefaultChannelPool - Entry count for : http://localhost:52508 : 1
00:17:41.670 [AsyncHttpClient-1-1] DEBUG org.asynchttpclient.netty.channel.DefaultChannelPool - Entry count for : http://localhost:64364 : 1
00:17:41.971 [main] DEBUG net.thucydides.core.reflection.ClassFinder - Could not load class .CucumberTestSuite
00:17:41.971 [main] DEBUG net.thucydides.core.reflection.ClassFinder - Could not load class .starter.HomePage
00:17:41.971 [main] DEBUG net.thucydides.core.reflection.ClassFinder - Could not load class .starter.Login
00:17:41.971 [main] DEBUG net.thucydides.core.reflection.ClassFinder - Could not load class .starter.Register
00:17:41.971 [main] DEBUG net.thucydides.core.reflection.ClassFinder - Could not load class .stepdefinitions.LoginStep
00:17:41.971 [main] DEBUG net.thucydides.core.reflection.ClassFinder - Could not load class .stepdefinitions.RegisterStep
00:17:41.972 [main] DEBUG net.thucydides.core.reflection.ClassFinder - Could not load class META-INF.versions.9.com.sun.istack.logging.StackHelper
00:17:41.973 [main] DEBUG net.thucydides.core.reflection.ClassFinder - Could not load class META-INF.versions.9.com.sun.xml.bind.v2.runtime.reflect.opt.AccessorInjector
00:17:41.974 [main] DEBUG net.thucydides.core.reflection.ClassFinder - Could not load class META-INF.versions.9.com.sun.xml.bind.v2.runtime.reflect.opt.Injector
00:17:41.974 [main] DEBUG net.thucydides.core.reflection.ClassFinder - Could not load class META-INF.versions.9.com.sun.xml.bind.v2.runtime.reflect.opt.OptimizedAccessorFactory
00:17:41.975 [main] DEBUG net.thucydides.core.reflection.ClassFinder - Could not load class META-INF.versions.9.com.sun.xml.bind.v2.runtime.reflect.opt.OptimizedTransducedAccessorFactory
00:17:41.975 [main] DEBUG net.thucydides.core.reflection.ClassFinder - Could not load class META-INF.versions.9.io.opentelemetry.sdk.internal.CurrentJavaVersionSpecific
00:17:41.976 [main] DEBUG net.thucydides.core.reflection.ClassFinder - Could not load class META-INF.versions.9.io.opentelemetry.sdk.internal.Java9VersionSpecific
00:17:41.977 [main] DEBUG net.thucydides.core.reflection.ClassFinder - Could not load class META-INF.versions.9.javax.xml.bind.ModuleUtil
00:17:41.977 [main] DEBUG net.thucydides.core.reflection.ClassFinder - Could not load class META-INF.versions.9.module-info
00:17:41.978 [main] DEBUG net.thucydides.core.reflection.ClassFinder - Could not load class META-INF.versions.9.org.junit.platform.commons.util.ModuleUtils
00:17:41.983 [main] DEBUG net.thucydides.core.reflection.ClassFinder - Could not load class com.google.gson.internal.
00:17:41.985 [main] DEBUG net.thucydides.core.reflection.ClassFinder - Could not load class com.sun.xml.bind.v2.runtime.output.FastInfosetStreamWriterOutput
00:17:41.991 [main] DEBUG net.thucydides.core.reflection.ClassFinder - Could not load class module-info
00:17:42.031 [Forwarding get on session 004c8ca5941702de4bfe473bb10d50fe to remote] DEBUG org.asynchttpclient.netty.request.NettyRequestSender - Using pooled Channel '[id: 0x6ffbd672, L:/127.0.0.1:64363 - R:localhost/127.0.0.1:52508]' for 'POST' to 'http://localhost:52508/session/004c8ca5941702de4bfe473bb10d50fe/url'
00:17:42.032 [Forwarding get on session 004c8ca5941702de4bfe473bb10d50fe to remote] DEBUG org.asynchttpclient.netty.request.NettyRequestSender - Using open Channel [id: 0x6ffbd672, L:/127.0.0.1:64363 - R:localhost/127.0.0.1:52508] for POST '/session/004c8ca5941702de4bfe473bb10d50fe/url'
00:17:42.771 [AsyncHttpClient-1-1] DEBUG org.asynchttpclient.netty.channel.DefaultChannelPool - Entry count for : http://localhost:64364 : 1
00:17:43.489 [AsyncHttpClient-1-2] DEBUG org.asynchttpclient.netty.handler.HttpHandler - 

Request DefaultHttpRequest(decodeResult: success, version: HTTP/1.1)
POST /session/004c8ca5941702de4bfe473bb10d50fe/url HTTP/1.1
User-Agent: selenium/4.1.2 (java windows)
Content-Length: 64
Content-Type: application/json; charset=utf-8
host: localhost:52508
accept: */*

Response DefaultHttpResponse(decodeResult: success, version: HTTP/1.1)
HTTP/1.1 200 OK
Content-Type: application/json; charset=utf-8
cache-control: no-cache
content-length: 14

00:17:43.491 [AsyncHttpClient-1-2] DEBUG org.asynchttpclient.netty.channel.ChannelManager - Adding key: http://localhost:52508 for channel [id: 0x6ffbd672, L:/127.0.0.1:64363 - R:localhost/127.0.0.1:52508]
00:17:43.508 [Forwarding setTimeout on session 004c8ca5941702de4bfe473bb10d50fe to remote] DEBUG org.asynchttpclient.netty.request.NettyRequestSender - Using pooled Channel '[id: 0x6ffbd672, L:/127.0.0.1:64363 - R:localhost/127.0.0.1:52508]' for 'POST' to 'http://localhost:52508/session/004c8ca5941702de4bfe473bb10d50fe/timeouts'
00:17:43.508 [Forwarding setTimeout on session 004c8ca5941702de4bfe473bb10d50fe to remote] DEBUG org.asynchttpclient.netty.request.NettyRequestSender - Using open Channel [id: 0x6ffbd672, L:/127.0.0.1:64363 - R:localhost/127.0.0.1:52508] for POST '/session/004c8ca5941702de4bfe473bb10d50fe/timeouts'
00:17:43.512 [AsyncHttpClient-1-2] DEBUG org.asynchttpclient.netty.handler.HttpHandler - 

Request DefaultHttpRequest(decodeResult: success, version: HTTP/1.1)
POST /session/004c8ca5941702de4bfe473bb10d50fe/timeouts HTTP/1.1
User-Agent: selenium/4.1.2 (java windows)
Content-Length: 22
Content-Type: application/json; charset=utf-8
host: localhost:52508
accept: */*

Response DefaultHttpResponse(decodeResult: success, version: HTTP/1.1)
HTTP/1.1 200 OK
Content-Type: application/json; charset=utf-8
cache-control: no-cache
content-length: 14

00:17:43.513 [AsyncHttpClient-1-2] DEBUG org.asynchttpclient.netty.channel.ChannelManager - Adding key: http://localhost:52508 for channel [id: 0x6ffbd672, L:/127.0.0.1:64363 - R:localhost/127.0.0.1:52508]
00:17:43.538 [Forwarding getCurrentUrl on session 004c8ca5941702de4bfe473bb10d50fe to remote] DEBUG org.asynchttpclient.netty.request.NettyRequestSender - Using pooled Channel '[id: 0x6ffbd672, L:/127.0.0.1:64363 - R:localhost/127.0.0.1:52508]' for 'GET' to 'http://localhost:52508/session/004c8ca5941702de4bfe473bb10d50fe/url'
00:17:43.539 [Forwarding getCurrentUrl on session 004c8ca5941702de4bfe473bb10d50fe to remote] DEBUG org.asynchttpclient.netty.request.NettyRequestSender - Using open Channel [id: 0x6ffbd672, L:/127.0.0.1:64363 - R:localhost/127.0.0.1:52508] for GET '/session/004c8ca5941702de4bfe473bb10d50fe/url'
00:17:43.579 [AsyncHttpClient-1-2] DEBUG org.asynchttpclient.netty.handler.HttpHandler - 

Request DefaultFullHttpRequest(decodeResult: success, version: HTTP/1.1, content: EmptyByteBufBE)
GET /session/004c8ca5941702de4bfe473bb10d50fe/url HTTP/1.1
User-Agent: selenium/4.1.2 (java windows)
Cache-Control: no-cache
Content-Type: application/json; charset=utf-8
host: localhost:52508
accept: */*

Response DefaultHttpResponse(decodeResult: success, version: HTTP/1.1)
HTTP/1.1 200 OK
Content-Type: application/json; charset=utf-8
cache-control: no-cache
content-length: 41

00:17:43.580 [AsyncHttpClient-1-2] DEBUG org.asynchttpclient.netty.channel.ChannelManager - Adding key: http://localhost:52508 for channel [id: 0x6ffbd672, L:/127.0.0.1:64363 - R:localhost/127.0.0.1:52508]
00:17:43.638 [main] DEBUG net.serenitybdd.core.photography.Darkroom - Opening darkroom
00:17:43.640 [Darkroom Processing Line] DEBUG net.serenitybdd.core.photography.DarkroomProcessingLine - Darkroom processing line starting up
00:17:43.641 [Forwarding screenshot on session 004c8ca5941702de4bfe473bb10d50fe to remote] DEBUG org.asynchttpclient.netty.request.NettyRequestSender - Using pooled Channel '[id: 0x6ffbd672, L:/127.0.0.1:64363 - R:localhost/127.0.0.1:52508]' for 'GET' to 'http://localhost:52508/session/004c8ca5941702de4bfe473bb10d50fe/screenshot'
00:17:43.641 [Forwarding screenshot on session 004c8ca5941702de4bfe473bb10d50fe to remote] DEBUG org.asynchttpclient.netty.request.NettyRequestSender - Using open Channel [id: 0x6ffbd672, L:/127.0.0.1:64363 - R:localhost/127.0.0.1:52508] for GET '/session/004c8ca5941702de4bfe473bb10d50fe/screenshot'
00:17:43.874 [AsyncHttpClient-1-1] DEBUG org.asynchttpclient.netty.channel.DefaultChannelPool - Entry count for : http://localhost:64364 : 1
00:17:44.000 [AsyncHttpClient-1-2] DEBUG org.asynchttpclient.netty.handler.HttpHandler - 

Request DefaultFullHttpRequest(decodeResult: success, version: HTTP/1.1, content: EmptyByteBufBE)
GET /session/004c8ca5941702de4bfe473bb10d50fe/screenshot HTTP/1.1
User-Agent: selenium/4.1.2 (java windows)
Cache-Control: no-cache
Content-Type: application/json; charset=utf-8
host: localhost:52508
accept: */*

Response DefaultHttpResponse(decodeResult: success, version: HTTP/1.1)
HTTP/1.1 200 OK
Content-Type: application/json; charset=utf-8
cache-control: no-cache
content-length: 37840

00:17:44.002 [AsyncHttpClient-1-2] DEBUG org.asynchttpclient.netty.channel.ChannelManager - Adding key: http://localhost:52508 for channel [id: 0x6ffbd672, L:/127.0.0.1:64363 - R:localhost/127.0.0.1:52508]
00:17:44.172 [main] DEBUG net.serenitybdd.core.photography.Darkroom - Send negative for processing for target\site\serenity\6f2f89e8c5a543dd0a10df9cc2fb4dfa2a13d528c2d3ad44cda943733ef50e85.png
00:17:44.173 [Darkroom Processing Line] DEBUG net.serenitybdd.core.photography.DarkroomProcessingLine - Processing screenshot image in /var/screenshots/screenshot-9565260124265634398
00:17:44.173 [Darkroom Processing Line] DEBUG net.serenitybdd.core.photography.DarkroomProcessingLine - Saving screenshot to target\site\serenity\6f2f89e8c5a543dd0a10df9cc2fb4dfa2a13d528c2d3ad44cda943733ef50e85.png
00:17:44.177 [main] DEBUG net.thucydides.core.steps.StepInterceptor - STEP DONE: onLoginPage
  &amp#27;[32mGiven &amp#27;[0m&amp#27;[32m&amp#27;[0m&amp#27;[32m&amp#27;[1mI&amp#27;[0m&amp#27;[32m am at login page&amp#27;[0m                          &amp#27;[90m# stepdefinitions.LoginStep.iAmAtRegisterPage(java.lang.String)&amp#27;[0m
00:17:44.225 [Forwarding screenshot on session 004c8ca5941702de4bfe473bb10d50fe to remote] DEBUG org.asynchttpclient.netty.request.NettyRequestSender - Using pooled Channel '[id: 0x6ffbd672, L:/127.0.0.1:64363 - R:localhost/127.0.0.1:52508]' for 'GET' to 'http://localhost:52508/session/004c8ca5941702de4bfe473bb10d50fe/screenshot'
00:17:44.225 [Forwarding screenshot on session 004c8ca5941702de4bfe473bb10d50fe to remote] DEBUG org.asynchttpclient.netty.request.NettyRequestSender - Using open Channel [id: 0x6ffbd672, L:/127.0.0.1:64363 - R:localhost/127.0.0.1:52508] for GET '/session/004c8ca5941702de4bfe473bb10d50fe/screenshot'
00:17:44.413 [AsyncHttpClient-1-2] DEBUG org.asynchttpclient.netty.handler.HttpHandler - 

Request DefaultFullHttpRequest(decodeResult: success, version: HTTP/1.1, content: EmptyByteBufBE)
GET /session/004c8ca5941702de4bfe473bb10d50fe/screenshot HTTP/1.1
User-Agent: selenium/4.1.2 (java windows)
Cache-Control: no-cache
Content-Type: application/json; charset=utf-8
host: localhost:52508
accept: */*

Response DefaultHttpResponse(decodeResult: success, version: HTTP/1.1)
HTTP/1.1 200 OK
Content-Type: application/json; charset=utf-8
cache-control: no-cache
content-length: 37840

00:17:44.414 [AsyncHttpClient-1-2] DEBUG org.asynchttpclient.netty.channel.ChannelManager - Adding key: http://localhost:52508 for channel [id: 0x6ffbd672, L:/127.0.0.1:64363 - R:localhost/127.0.0.1:52508]
00:17:44.427 [main] DEBUG net.serenitybdd.core.photography.Darkroom - Send negative for processing for target\site\serenity\6f2f89e8c5a543dd0a10df9cc2fb4dfa2a13d528c2d3ad44cda943733ef50e85.png
00:17:44.447 [main] DEBUG net.thucydides.core.steps.StepInterceptor - STARTING STEP: LoginStep.iTypeMyEmail - typeMyEmail
00:17:44.453 [Forwarding findElement on session 004c8ca5941702de4bfe473bb10d50fe to remote] DEBUG org.asynchttpclient.netty.request.NettyRequestSender - Using pooled Channel '[id: 0x6ffbd672, L:/127.0.0.1:64363 - R:localhost/127.0.0.1:52508]' for 'POST' to 'http://localhost:52508/session/004c8ca5941702de4bfe473bb10d50fe/element'
00:17:44.454 [Forwarding findElement on session 004c8ca5941702de4bfe473bb10d50fe to remote] DEBUG org.asynchttpclient.netty.request.NettyRequestSender - Using open Channel [id: 0x6ffbd672, L:/127.0.0.1:64363 - R:localhost/127.0.0.1:52508] for POST '/session/004c8ca5941702de4bfe473bb10d50fe/element'
00:17:44.473 [AsyncHttpClient-1-2] DEBUG org.asynchttpclient.netty.handler.HttpHandler - 

Request DefaultHttpRequest(decodeResult: success, version: HTTP/1.1)
POST /session/004c8ca5941702de4bfe473bb10d50fe/element HTTP/1.1
User-Agent: selenium/4.1.2 (java windows)
Content-Length: 84
Content-Type: application/json; charset=utf-8
host: localhost:52508
accept: */*

Response DefaultHttpResponse(decodeResult: success, version: HTTP/1.1)
HTTP/1.1 200 OK
Content-Type: application/json; charset=utf-8
cache-control: no-cache
content-length: 88

00:17:44.474 [AsyncHttpClient-1-2] DEBUG org.asynchttpclient.netty.channel.ChannelManager - Adding key: http://localhost:52508 for channel [id: 0x6ffbd672, L:/127.0.0.1:64363 - R:localhost/127.0.0.1:52508]
00:17:44.482 [Forwarding sendKeysToElement on session 004c8ca5941702de4bfe473bb10d50fe to remote] DEBUG org.asynchttpclient.netty.request.NettyRequestSender - Using pooled Channel '[id: 0x6ffbd672, L:/127.0.0.1:64363 - R:localhost/127.0.0.1:52508]' for 'POST' to 'http://localhost:52508/session/004c8ca5941702de4bfe473bb10d50fe/element/c1b4c004-504d-4b24-a75a-ec556a89a706/value'
00:17:44.482 [Forwarding sendKeysToElement on session 004c8ca5941702de4bfe473bb10d50fe to remote] DEBUG org.asynchttpclient.netty.request.NettyRequestSender - Using open Channel [id: 0x6ffbd672, L:/127.0.0.1:64363 - R:localhost/127.0.0.1:52508] for POST '/session/004c8ca5941702de4bfe473bb10d50fe/element/c1b4c004-504d-4b24-a75a-ec556a89a706/value'
00:17:44.804 [AsyncHttpClient-1-2] DEBUG org.asynchttpclient.netty.handler.HttpHandler - 

Request DefaultHttpRequest(decodeResult: success, version: HTTP/1.1)
POST /session/004c8ca5941702de4bfe473bb10d50fe/element/c1b4c004-504d-4b24-a75a-ec556a89a706/value HTTP/1.1
User-Agent: selenium/4.1.2 (java windows)
Content-Length: 361
Content-Type: application/json; charset=utf-8
host: localhost:52508
accept: */*

Response DefaultHttpResponse(decodeResult: success, version: HTTP/1.1)
HTTP/1.1 200 OK
Content-Type: application/json; charset=utf-8
cache-control: no-cache
content-length: 14

00:17:44.804 [AsyncHttpClient-1-2] DEBUG org.asynchttpclient.netty.channel.ChannelManager - Adding key: http://localhost:52508 for channel [id: 0x6ffbd672, L:/127.0.0.1:64363 - R:localhost/127.0.0.1:52508]
00:17:44.816 [Forwarding screenshot on session 004c8ca5941702de4bfe473bb10d50fe to remote] DEBUG org.asynchttpclient.netty.request.NettyRequestSender - Using pooled Channel '[id: 0x6ffbd672, L:/127.0.0.1:64363 - R:localhost/127.0.0.1:52508]' for 'GET' to 'http://localhost:52508/session/004c8ca5941702de4bfe473bb10d50fe/screenshot'
00:17:44.817 [Forwarding screenshot on session 004c8ca5941702de4bfe473bb10d50fe to remote] DEBUG org.asynchttpclient.netty.request.NettyRequestSender - Using open Channel [id: 0x6ffbd672, L:/127.0.0.1:64363 - R:localhost/127.0.0.1:52508] for GET '/session/004c8ca5941702de4bfe473bb10d50fe/screenshot'
00:17:44.971 [AsyncHttpClient-1-1] DEBUG org.asynchttpclient.netty.channel.DefaultChannelPool - Entry count for : http://localhost:64364 : 1
00:17:45.056 [AsyncHttpClient-1-2] DEBUG org.asynchttpclient.netty.handler.HttpHandler - 

Request DefaultFullHttpRequest(decodeResult: success, version: HTTP/1.1, content: EmptyByteBufBE)
GET /session/004c8ca5941702de4bfe473bb10d50fe/screenshot HTTP/1.1
User-Agent: selenium/4.1.2 (java windows)
Cache-Control: no-cache
Content-Type: application/json; charset=utf-8
host: localhost:52508
accept: */*

Response DefaultHttpResponse(decodeResult: success, version: HTTP/1.1)
HTTP/1.1 200 OK
Content-Type: application/json; charset=utf-8
cache-control: no-cache
content-length: 47252

00:17:45.057 [AsyncHttpClient-1-2] DEBUG org.asynchttpclient.netty.channel.ChannelManager - Adding key: http://localhost:52508 for channel [id: 0x6ffbd672, L:/127.0.0.1:64363 - R:localhost/127.0.0.1:52508]
00:17:45.067 [main] DEBUG net.serenitybdd.core.photography.Darkroom - Send negative for processing for target\site\serenity\d47a76e37bc9b6aaaa32172a0c8dd32c687fd9e4f99a216c734b2f0fbf8101c2.png
00:17:45.068 [main] DEBUG net.thucydides.core.steps.StepInterceptor - STEP DONE: typeMyEmail
00:17:45.068 [Darkroom Processing Line] DEBUG net.serenitybdd.core.photography.DarkroomProcessingLine - Processing screenshot image in /var/screenshots/screenshot-10091016029947118492
00:17:45.068 [Darkroom Processing Line] DEBUG net.serenitybdd.core.photography.DarkroomProcessingLine - Saving screenshot to target\site\serenity\d47a76e37bc9b6aaaa32172a0c8dd32c687fd9e4f99a216c734b2f0fbf8101c2.png
  &amp#27;[32mWhen &amp#27;[0m&amp#27;[32mI type my email &amp#27;[0m&amp#27;[32m&amp#27;[1mlandon.mcdermott@hotmail.com&amp#27;[0m &amp#27;[90m# stepdefinitions.LoginStep.iTypeMyEmail(java.lang.String)&amp#27;[0m
00:17:45.107 [main] DEBUG net.thucydides.core.steps.StepInterceptor - STARTING STEP: LoginStep.iTypeMyPassword - typeMyPassword
00:17:45.116 [Forwarding findElement on session 004c8ca5941702de4bfe473bb10d50fe to remote] DEBUG org.asynchttpclient.netty.request.NettyRequestSender - Using pooled Channel '[id: 0x6ffbd672, L:/127.0.0.1:64363 - R:localhost/127.0.0.1:52508]' for 'POST' to 'http://localhost:52508/session/004c8ca5941702de4bfe473bb10d50fe/element'
00:17:45.116 [Forwarding findElement on session 004c8ca5941702de4bfe473bb10d50fe to remote] DEBUG org.asynchttpclient.netty.request.NettyRequestSender - Using open Channel [id: 0x6ffbd672, L:/127.0.0.1:64363 - R:localhost/127.0.0.1:52508] for POST '/session/004c8ca5941702de4bfe473bb10d50fe/element'
00:17:45.133 [AsyncHttpClient-1-2] DEBUG org.asynchttpclient.netty.handler.HttpHandler - 

Request DefaultHttpRequest(decodeResult: success, version: HTTP/1.1)
POST /session/004c8ca5941702de4bfe473bb10d50fe/element HTTP/1.1
User-Agent: selenium/4.1.2 (java windows)
Content-Length: 87
Content-Type: application/json; charset=utf-8
host: localhost:52508
accept: */*

Response DefaultHttpResponse(decodeResult: success, version: HTTP/1.1)
HTTP/1.1 200 OK
Content-Type: application/json; charset=utf-8
cache-control: no-cache
content-length: 88

00:17:45.134 [AsyncHttpClient-1-2] DEBUG org.asynchttpclient.netty.channel.ChannelManager - Adding key: http://localhost:52508 for channel [id: 0x6ffbd672, L:/127.0.0.1:64363 - R:localhost/127.0.0.1:52508]
00:17:45.137 [Forwarding sendKeysToElement on session 004c8ca5941702de4bfe473bb10d50fe to remote] DEBUG org.asynchttpclient.netty.request.NettyRequestSender - Using pooled Channel '[id: 0x6ffbd672, L:/127.0.0.1:64363 - R:localhost/127.0.0.1:52508]' for 'POST' to 'http://localhost:52508/session/004c8ca5941702de4bfe473bb10d50fe/element/9b6d32e5-912a-45d1-92ee-6add934c8b2d/value'
00:17:45.137 [Forwarding sendKeysToElement on session 004c8ca5941702de4bfe473bb10d50fe to remote] DEBUG org.asynchttpclient.netty.request.NettyRequestSender - Using open Channel [id: 0x6ffbd672, L:/127.0.0.1:64363 - R:localhost/127.0.0.1:52508] for POST '/session/004c8ca5941702de4bfe473bb10d50fe/element/9b6d32e5-912a-45d1-92ee-6add934c8b2d/value'
00:17:45.251 [AsyncHttpClient-1-2] DEBUG org.asynchttpclient.netty.handler.HttpHandler - 

Request DefaultHttpRequest(decodeResult: success, version: HTTP/1.1)
POST /session/004c8ca5941702de4bfe473bb10d50fe/element/9b6d32e5-912a-45d1-92ee-6add934c8b2d/value HTTP/1.1
User-Agent: selenium/4.1.2 (java windows)
Content-Length: 131
Content-Type: application/json; charset=utf-8
host: localhost:52508
accept: */*

Response DefaultHttpResponse(decodeResult: success, version: HTTP/1.1)
HTTP/1.1 200 OK
Content-Type: application/json; charset=utf-8
cache-control: no-cache
content-length: 14

00:17:45.252 [AsyncHttpClient-1-2] DEBUG org.asynchttpclient.netty.channel.ChannelManager - Adding key: http://localhost:52508 for channel [id: 0x6ffbd672, L:/127.0.0.1:64363 - R:localhost/127.0.0.1:52508]
00:17:45.262 [Forwarding screenshot on session 004c8ca5941702de4bfe473bb10d50fe to remote] DEBUG org.asynchttpclient.netty.request.NettyRequestSender - Using pooled Channel '[id: 0x6ffbd672, L:/127.0.0.1:64363 - R:localhost/127.0.0.1:52508]' for 'GET' to 'http://localhost:52508/session/004c8ca5941702de4bfe473bb10d50fe/screenshot'
00:17:45.265 [Forwarding screenshot on session 004c8ca5941702de4bfe473bb10d50fe to remote] DEBUG org.asynchttpclient.netty.request.NettyRequestSender - Using open Channel [id: 0x6ffbd672, L:/127.0.0.1:64363 - R:localhost/127.0.0.1:52508] for GET '/session/004c8ca5941702de4bfe473bb10d50fe/screenshot'
00:17:45.470 [AsyncHttpClient-1-2] DEBUG org.asynchttpclient.netty.handler.HttpHandler - 

Request DefaultFullHttpRequest(decodeResult: success, version: HTTP/1.1, content: EmptyByteBufBE)
GET /session/004c8ca5941702de4bfe473bb10d50fe/screenshot HTTP/1.1
User-Agent: selenium/4.1.2 (java windows)
Cache-Control: no-cache
Content-Type: application/json; charset=utf-8
host: localhost:52508
accept: */*

Response DefaultHttpResponse(decodeResult: success, version: HTTP/1.1)
HTTP/1.1 200 OK
Content-Type: application/json; charset=utf-8
cache-control: no-cache
content-length: 49108

00:17:45.472 [AsyncHttpClient-1-2] DEBUG org.asynchttpclient.netty.channel.ChannelManager - Adding key: http://localhost:52508 for channel [id: 0x6ffbd672, L:/127.0.0.1:64363 - R:localhost/127.0.0.1:52508]
00:17:45.475 [main] DEBUG net.serenitybdd.core.photography.Darkroom - Send negative for processing for target\site\serenity\ead87c9d849b5876459a440a912503bce68a3eaa92e886540a81fecd4296cfbc.png
00:17:45.476 [main] DEBUG net.thucydides.core.steps.StepInterceptor - STEP DONE: typeMyPassword
  &amp#27;[32mAnd &amp#27;[0m&amp#27;[32mI type my password &amp#27;[0m&amp#27;[32m&amp#27;[1maiueo&amp#27;[0m                      &amp#27;[90m# stepdefinitions.LoginStep.iTypeMyPassword(java.lang.String)&amp#27;[0m
00:17:45.476 [Darkroom Processing Line] DEBUG net.serenitybdd.core.photography.DarkroomProcessingLine - Processing screenshot image in /var/screenshots/screenshot-10641511833416014723
00:17:45.476 [Darkroom Processing Line] DEBUG net.serenitybdd.core.photography.DarkroomProcessingLine - Saving screenshot to target\site\serenity\ead87c9d849b5876459a440a912503bce68a3eaa92e886540a81fecd4296cfbc.png
00:17:45.509 [main] DEBUG net.thucydides.core.steps.StepInterceptor - STARTING STEP: LoginStep.iClickLoginButton - clickLoginButton
00:17:45.522 [Forwarding findElement on session 004c8ca5941702de4bfe473bb10d50fe to remote] DEBUG org.asynchttpclient.netty.request.NettyRequestSender - Using pooled Channel '[id: 0x6ffbd672, L:/127.0.0.1:64363 - R:localhost/127.0.0.1:52508]' for 'POST' to 'http://localhost:52508/session/004c8ca5941702de4bfe473bb10d50fe/element'
00:17:45.522 [Forwarding findElement on session 004c8ca5941702de4bfe473bb10d50fe to remote] DEBUG org.asynchttpclient.netty.request.NettyRequestSender - Using open Channel [id: 0x6ffbd672, L:/127.0.0.1:64363 - R:localhost/127.0.0.1:52508] for POST '/session/004c8ca5941702de4bfe473bb10d50fe/element'
00:17:45.541 [AsyncHttpClient-1-2] DEBUG org.asynchttpclient.netty.handler.HttpHandler - 

Request DefaultHttpRequest(decodeResult: success, version: HTTP/1.1)
POST /session/004c8ca5941702de4bfe473bb10d50fe/element HTTP/1.1
User-Agent: selenium/4.1.2 (java windows)
Content-Length: 155
Content-Type: application/json; charset=utf-8
host: localhost:52508
accept: */*

Response DefaultHttpResponse(decodeResult: success, version: HTTP/1.1)
HTTP/1.1 200 OK
Content-Type: application/json; charset=utf-8
cache-control: no-cache
content-length: 88

00:17:45.541 [AsyncHttpClient-1-2] DEBUG org.asynchttpclient.netty.channel.ChannelManager - Adding key: http://localhost:52508 for channel [id: 0x6ffbd672, L:/127.0.0.1:64363 - R:localhost/127.0.0.1:52508]
00:17:45.544 [Forwarding getElementTagName on session 004c8ca5941702de4bfe473bb10d50fe to remote] DEBUG org.asynchttpclient.netty.request.NettyRequestSender - Using pooled Channel '[id: 0x6ffbd672, L:/127.0.0.1:64363 - R:localhost/127.0.0.1:52508]' for 'GET' to 'http://localhost:52508/session/004c8ca5941702de4bfe473bb10d50fe/element/be7cd980-b7c1-44e6-8c8e-e1b34f7375e9/name'
00:17:45.545 [Forwarding getElementTagName on session 004c8ca5941702de4bfe473bb10d50fe to remote] DEBUG org.asynchttpclient.netty.request.NettyRequestSender - Using open Channel [id: 0x6ffbd672, L:/127.0.0.1:64363 - R:localhost/127.0.0.1:52508] for GET '/session/004c8ca5941702de4bfe473bb10d50fe/element/be7cd980-b7c1-44e6-8c8e-e1b34f7375e9/name'
00:17:45.555 [AsyncHttpClient-1-2] DEBUG org.asynchttpclient.netty.handler.HttpHandler - 

Request DefaultFullHttpRequest(decodeResult: success, version: HTTP/1.1, content: EmptyByteBufBE)
GET /session/004c8ca5941702de4bfe473bb10d50fe/element/be7cd980-b7c1-44e6-8c8e-e1b34f7375e9/name HTTP/1.1
User-Agent: selenium/4.1.2 (java windows)
Cache-Control: no-cache
Content-Type: application/json; charset=utf-8
host: localhost:52508
accept: */*

Response DefaultHttpResponse(decodeResult: success, version: HTTP/1.1)
HTTP/1.1 200 OK
Content-Type: application/json; charset=utf-8
cache-control: no-cache
content-length: 18

00:17:45.556 [AsyncHttpClient-1-2] DEBUG org.asynchttpclient.netty.channel.ChannelManager - Adding key: http://localhost:52508 for channel [id: 0x6ffbd672, L:/127.0.0.1:64363 - R:localhost/127.0.0.1:52508]
00:17:45.559 [Forwarding getElementTagName on session 004c8ca5941702de4bfe473bb10d50fe to remote] DEBUG org.asynchttpclient.netty.request.NettyRequestSender - Using pooled Channel '[id: 0x6ffbd672, L:/127.0.0.1:64363 - R:localhost/127.0.0.1:52508]' for 'GET' to 'http://localhost:52508/session/004c8ca5941702de4bfe473bb10d50fe/element/be7cd980-b7c1-44e6-8c8e-e1b34f7375e9/name'
00:17:45.559 [Forwarding getElementTagName on session 004c8ca5941702de4bfe473bb10d50fe to remote] DEBUG org.asynchttpclient.netty.request.NettyRequestSender - Using open Channel [id: 0x6ffbd672, L:/127.0.0.1:64363 - R:localhost/127.0.0.1:52508] for GET '/session/004c8ca5941702de4bfe473bb10d50fe/element/be7cd980-b7c1-44e6-8c8e-e1b34f7375e9/name'
00:17:45.569 [AsyncHttpClient-1-2] DEBUG org.asynchttpclient.netty.handler.HttpHandler - 

Request DefaultFullHttpRequest(decodeResult: success, version: HTTP/1.1, content: EmptyByteBufBE)
GET /session/004c8ca5941702de4bfe473bb10d50fe/element/be7cd980-b7c1-44e6-8c8e-e1b34f7375e9/name HTTP/1.1
User-Agent: selenium/4.1.2 (java windows)
Cache-Control: no-cache
Content-Type: application/json; charset=utf-8
host: localhost:52508
accept: */*

Response DefaultHttpResponse(decodeResult: success, version: HTTP/1.1)
HTTP/1.1 200 OK
Content-Type: application/json; charset=utf-8
cache-control: no-cache
content-length: 18

00:17:45.570 [AsyncHttpClient-1-2] DEBUG org.asynchttpclient.netty.channel.ChannelManager - Adding key: http://localhost:52508 for channel [id: 0x6ffbd672, L:/127.0.0.1:64363 - R:localhost/127.0.0.1:52508]
00:17:45.578 [Forwarding isElementEnabled on session 004c8ca5941702de4bfe473bb10d50fe to remote] DEBUG org.asynchttpclient.netty.request.NettyRequestSender - Using pooled Channel '[id: 0x6ffbd672, L:/127.0.0.1:64363 - R:localhost/127.0.0.1:52508]' for 'GET' to 'http://localhost:52508/session/004c8ca5941702de4bfe473bb10d50fe/element/be7cd980-b7c1-44e6-8c8e-e1b34f7375e9/enabled'
00:17:45.579 [Forwarding isElementEnabled on session 004c8ca5941702de4bfe473bb10d50fe to remote] DEBUG org.asynchttpclient.netty.request.NettyRequestSender - Using open Channel [id: 0x6ffbd672, L:/127.0.0.1:64363 - R:localhost/127.0.0.1:52508] for GET '/session/004c8ca5941702de4bfe473bb10d50fe/element/be7cd980-b7c1-44e6-8c8e-e1b34f7375e9/enabled'
00:17:45.594 [AsyncHttpClient-1-2] DEBUG org.asynchttpclient.netty.handler.HttpHandler - 

Request DefaultFullHttpRequest(decodeResult: success, version: HTTP/1.1, content: EmptyByteBufBE)
GET /session/004c8ca5941702de4bfe473bb10d50fe/element/be7cd980-b7c1-44e6-8c8e-e1b34f7375e9/enabled HTTP/1.1
User-Agent: selenium/4.1.2 (java windows)
Cache-Control: no-cache
Content-Type: application/json; charset=utf-8
host: localhost:52508
accept: */*

Response DefaultHttpResponse(decodeResult: success, version: HTTP/1.1)
HTTP/1.1 200 OK
Content-Type: application/json; charset=utf-8
cache-control: no-cache
content-length: 14

00:17:45.594 [AsyncHttpClient-1-2] DEBUG org.asynchttpclient.netty.channel.ChannelManager - Adding key: http://localhost:52508 for channel [id: 0x6ffbd672, L:/127.0.0.1:64363 - R:localhost/127.0.0.1:52508]
00:17:45.601 [Forwarding isElementEnabled on session 004c8ca5941702de4bfe473bb10d50fe to remote] DEBUG org.asynchttpclient.netty.request.NettyRequestSender - Using pooled Channel '[id: 0x6ffbd672, L:/127.0.0.1:64363 - R:localhost/127.0.0.1:52508]' for 'GET' to 'http://localhost:52508/session/004c8ca5941702de4bfe473bb10d50fe/element/be7cd980-b7c1-44e6-8c8e-e1b34f7375e9/enabled'
00:17:45.601 [Forwarding isElementEnabled on session 004c8ca5941702de4bfe473bb10d50fe to remote] DEBUG org.asynchttpclient.netty.request.NettyRequestSender - Using open Channel [id: 0x6ffbd672, L:/127.0.0.1:64363 - R:localhost/127.0.0.1:52508] for GET '/session/004c8ca5941702de4bfe473bb10d50fe/element/be7cd980-b7c1-44e6-8c8e-e1b34f7375e9/enabled'
00:17:45.610 [AsyncHttpClient-1-2] DEBUG org.asynchttpclient.netty.handler.HttpHandler - 

Request DefaultFullHttpRequest(decodeResult: success, version: HTTP/1.1, content: EmptyByteBufBE)
GET /session/004c8ca5941702de4bfe473bb10d50fe/element/be7cd980-b7c1-44e6-8c8e-e1b34f7375e9/enabled HTTP/1.1
User-Agent: selenium/4.1.2 (java windows)
Cache-Control: no-cache
Content-Type: application/json; charset=utf-8
host: localhost:52508
accept: */*

Response DefaultHttpResponse(decodeResult: success, version: HTTP/1.1)
HTTP/1.1 200 OK
Content-Type: application/json; charset=utf-8
cache-control: no-cache
content-length: 14

00:17:45.611 [AsyncHttpClient-1-2] DEBUG org.asynchttpclient.netty.channel.ChannelManager - Adding key: http://localhost:52508 for channel [id: 0x6ffbd672, L:/127.0.0.1:64363 - R:localhost/127.0.0.1:52508]
00:17:45.618 [Forwarding findElement on session 004c8ca5941702de4bfe473bb10d50fe to remote] DEBUG org.asynchttpclient.netty.request.NettyRequestSender - Using pooled Channel '[id: 0x6ffbd672, L:/127.0.0.1:64363 - R:localhost/127.0.0.1:52508]' for 'POST' to 'http://localhost:52508/session/004c8ca5941702de4bfe473bb10d50fe/element'
00:17:45.618 [Forwarding findElement on session 004c8ca5941702de4bfe473bb10d50fe to remote] DEBUG org.asynchttpclient.netty.request.NettyRequestSender - Using open Channel [id: 0x6ffbd672, L:/127.0.0.1:64363 - R:localhost/127.0.0.1:52508] for POST '/session/004c8ca5941702de4bfe473bb10d50fe/element'
00:17:45.634 [AsyncHttpClient-1-2] DEBUG org.asynchttpclient.netty.handler.HttpHandler - 

Request DefaultHttpRequest(decodeResult: success, version: HTTP/1.1)
POST /session/004c8ca5941702de4bfe473bb10d50fe/element HTTP/1.1
User-Agent: selenium/4.1.2 (java windows)
Content-Length: 155
Content-Type: application/json; charset=utf-8
host: localhost:52508
accept: */*

Response DefaultHttpResponse(decodeResult: success, version: HTTP/1.1)
HTTP/1.1 200 OK
Content-Type: application/json; charset=utf-8
cache-control: no-cache
content-length: 88

00:17:45.635 [AsyncHttpClient-1-2] DEBUG org.asynchttpclient.netty.channel.ChannelManager - Adding key: http://localhost:52508 for channel [id: 0x6ffbd672, L:/127.0.0.1:64363 - R:localhost/127.0.0.1:52508]
00:17:45.638 [Forwarding clickElement on session 004c8ca5941702de4bfe473bb10d50fe to remote] DEBUG org.asynchttpclient.netty.request.NettyRequestSender - Using pooled Channel '[id: 0x6ffbd672, L:/127.0.0.1:64363 - R:localhost/127.0.0.1:52508]' for 'POST' to 'http://localhost:52508/session/004c8ca5941702de4bfe473bb10d50fe/element/be7cd980-b7c1-44e6-8c8e-e1b34f7375e9/click'
00:17:45.639 [Forwarding clickElement on session 004c8ca5941702de4bfe473bb10d50fe to remote] DEBUG org.asynchttpclient.netty.request.NettyRequestSender - Using open Channel [id: 0x6ffbd672, L:/127.0.0.1:64363 - R:localhost/127.0.0.1:52508] for POST '/session/004c8ca5941702de4bfe473bb10d50fe/element/be7cd980-b7c1-44e6-8c8e-e1b34f7375e9/click'
00:17:45.711 [AsyncHttpClient-1-2] DEBUG org.asynchttpclient.netty.handler.HttpHandler - 

Request DefaultHttpRequest(decodeResult: success, version: HTTP/1.1)
POST /session/004c8ca5941702de4bfe473bb10d50fe/element/be7cd980-b7c1-44e6-8c8e-e1b34f7375e9/click HTTP/1.1
User-Agent: selenium/4.1.2 (java windows)
Content-Length: 50
Content-Type: application/json; charset=utf-8
host: localhost:52508
accept: */*

Response DefaultHttpResponse(decodeResult: success, version: HTTP/1.1)
HTTP/1.1 200 OK
Content-Type: application/json; charset=utf-8
cache-control: no-cache
content-length: 14

00:17:45.711 [AsyncHttpClient-1-2] DEBUG org.asynchttpclient.netty.channel.ChannelManager - Adding key: http://localhost:52508 for channel [id: 0x6ffbd672, L:/127.0.0.1:64363 - R:localhost/127.0.0.1:52508]
00:17:45.726 [Forwarding screenshot on session 004c8ca5941702de4bfe473bb10d50fe to remote] DEBUG org.asynchttpclient.netty.request.NettyRequestSender - Using pooled Channel '[id: 0x6ffbd672, L:/127.0.0.1:64363 - R:localhost/127.0.0.1:52508]' for 'GET' to 'http://localhost:52508/session/004c8ca5941702de4bfe473bb10d50fe/screenshot'
00:17:45.726 [Forwarding screenshot on session 004c8ca5941702de4bfe473bb10d50fe to remote] DEBUG org.asynchttpclient.netty.request.NettyRequestSender - Using open Channel [id: 0x6ffbd672, L:/127.0.0.1:64363 - R:localhost/127.0.0.1:52508] for GET '/session/004c8ca5941702de4bfe473bb10d50fe/screenshot'
00:17:46.074 [AsyncHttpClient-1-1] DEBUG org.asynchttpclient.netty.channel.DefaultChannelPool - Entry count for : http://localhost:64364 : 1
00:17:46.113 [AsyncHttpClient-1-2] DEBUG org.asynchttpclient.netty.handler.HttpHandler - 

Request DefaultFullHttpRequest(decodeResult: success, version: HTTP/1.1, content: EmptyByteBufBE)
GET /session/004c8ca5941702de4bfe473bb10d50fe/screenshot HTTP/1.1
User-Agent: selenium/4.1.2 (java windows)
Cache-Control: no-cache
Content-Type: application/json; charset=utf-8
host: localhost:52508
accept: */*

Response DefaultHttpResponse(decodeResult: success, version: HTTP/1.1)
HTTP/1.1 200 OK
Content-Type: application/json; charset=utf-8
cache-control: no-cache
content-length: 48496

00:17:46.114 [AsyncHttpClient-1-2] DEBUG org.asynchttpclient.netty.channel.ChannelManager - Adding key: http://localhost:52508 for channel [id: 0x6ffbd672, L:/127.0.0.1:64363 - R:localhost/127.0.0.1:52508]
00:17:46.122 [main] DEBUG net.serenitybdd.core.photography.Darkroom - Send negative for processing for target\site\serenity\784f194996e961666b3856a36631c11dc9f83baa7f2a9063b1cffad798dd9a90.png
00:17:46.123 [main] DEBUG net.thucydides.core.steps.StepInterceptor - STEP DONE: clickLoginButton
  &amp#27;[32mAnd &amp#27;[0m&amp#27;[32mI click Login button&amp#27;[0m                          &amp#27;[90m# stepdefinitions.LoginStep.iClickLoginButton()&amp#27;[0m
00:17:46.125 [Darkroom Processing Line] DEBUG net.serenitybdd.core.photography.DarkroomProcessingLine - Processing screenshot image in /var/screenshots/screenshot-12835030436246038282
00:17:46.125 [Darkroom Processing Line] DEBUG net.serenitybdd.core.photography.DarkroomProcessingLine - Saving screenshot to target\site\serenity\784f194996e961666b3856a36631c11dc9f83baa7f2a9063b1cffad798dd9a90.png
00:17:46.439 [Forwarding findElement on session 004c8ca5941702de4bfe473bb10d50fe to remote] DEBUG org.asynchttpclient.netty.request.NettyRequestSender - Using pooled Channel '[id: 0x6ffbd672, L:/127.0.0.1:64363 - R:localhost/127.0.0.1:52508]' for 'POST' to 'http://localhost:52508/session/004c8ca5941702de4bfe473bb10d50fe/element'
00:17:46.440 [Forwarding findElement on session 004c8ca5941702de4bfe473bb10d50fe to remote] DEBUG org.asynchttpclient.netty.request.NettyRequestSender - Using open Channel [id: 0x6ffbd672, L:/127.0.0.1:64363 - R:localhost/127.0.0.1:52508] for POST '/session/004c8ca5941702de4bfe473bb10d50fe/element'
00:17:46.939 [AsyncHttpClient-1-2] DEBUG org.asynchttpclient.netty.handler.HttpHandler - 

Request DefaultHttpRequest(decodeResult: success, version: HTTP/1.1)
POST /session/004c8ca5941702de4bfe473bb10d50fe/element HTTP/1.1
User-Agent: selenium/4.1.2 (java windows)
Content-Length: 111
Content-Type: application/json; charset=utf-8
host: localhost:52508
accept: */*

Response DefaultHttpResponse(decodeResult: success, version: HTTP/1.1)
HTTP/1.1 200 OK
Content-Type: application/json; charset=utf-8
cache-control: no-cache
content-length: 88

00:17:46.940 [AsyncHttpClient-1-2] DEBUG org.asynchttpclient.netty.channel.ChannelManager - Adding key: http://localhost:52508 for channel [id: 0x6ffbd672, L:/127.0.0.1:64363 - R:localhost/127.0.0.1:52508]
00:17:46.968 [Forwarding isElementDisplayed on session 004c8ca5941702de4bfe473bb10d50fe to remote] DEBUG org.asynchttpclient.netty.request.NettyRequestSender - Using pooled Channel '[id: 0x6ffbd672, L:/127.0.0.1:64363 - R:localhost/127.0.0.1:52508]' for 'POST' to 'http://localhost:52508/session/004c8ca5941702de4bfe473bb10d50fe/execute/sync'
00:17:46.968 [Forwarding isElementDisplayed on session 004c8ca5941702de4bfe473bb10d50fe to remote] DEBUG org.asynchttpclient.netty.request.NettyRequestSender - Using open Channel [id: 0x6ffbd672, L:/127.0.0.1:64363 - R:localhost/127.0.0.1:52508] for POST '/session/004c8ca5941702de4bfe473bb10d50fe/execute/sync'
00:17:47.004 [AsyncHttpClient-1-2] DEBUG org.asynchttpclient.netty.handler.HttpHandler - 

Request DefaultHttpRequest(decodeResult: success, version: HTTP/1.1)
POST /session/004c8ca5941702de4bfe473bb10d50fe/execute/sync HTTP/1.1
User-Agent: selenium/4.1.2 (java windows)
Content-Length: 48780
Content-Type: application/json; charset=utf-8
host: localhost:52508
accept: */*

Response DefaultHttpResponse(decodeResult: success, version: HTTP/1.1)
HTTP/1.1 200 OK
Content-Type: application/json; charset=utf-8
cache-control: no-cache
content-length: 14

00:17:47.005 [AsyncHttpClient-1-2] DEBUG org.asynchttpclient.netty.channel.ChannelManager - Adding key: http://localhost:52508 for channel [id: 0x6ffbd672, L:/127.0.0.1:64363 - R:localhost/127.0.0.1:52508]
  &amp#27;[32mThen &amp#27;[0m&amp#27;[32mI on home page&amp#27;[0m                               &amp#27;[90m# stepdefinitions.LoginStep.iOnLoginPage()&amp#27;[0m
00:17:47.017 [Forwarding screenshot on session 004c8ca5941702de4bfe473bb10d50fe to remote] DEBUG org.asynchttpclient.netty.request.NettyRequestSender - Using pooled Channel '[id: 0x6ffbd672, L:/127.0.0.1:64363 - R:localhost/127.0.0.1:52508]' for 'GET' to 'http://localhost:52508/session/004c8ca5941702de4bfe473bb10d50fe/screenshot'
00:17:47.018 [Forwarding screenshot on session 004c8ca5941702de4bfe473bb10d50fe to remote] DEBUG org.asynchttpclient.netty.request.NettyRequestSender - Using open Channel [id: 0x6ffbd672, L:/127.0.0.1:64363 - R:localhost/127.0.0.1:52508] for GET '/session/004c8ca5941702de4bfe473bb10d50fe/screenshot'
00:17:47.176 [AsyncHttpClient-1-1] DEBUG org.asynchttpclient.netty.channel.DefaultChannelPool - Entry count for : http://localhost:64364 : 1
00:17:47.204 [AsyncHttpClient-1-2] DEBUG org.asynchttpclient.netty.handler.HttpHandler - 

Request DefaultFullHttpRequest(decodeResult: success, version: HTTP/1.1, content: EmptyByteBufBE)
GET /session/004c8ca5941702de4bfe473bb10d50fe/screenshot HTTP/1.1
User-Agent: selenium/4.1.2 (java windows)
Cache-Control: no-cache
Content-Type: application/json; charset=utf-8
host: localhost:52508
accept: */*

Response DefaultHttpResponse(decodeResult: success, version: HTTP/1.1)
HTTP/1.1 200 OK
Content-Type: application/json; charset=utf-8
cache-control: no-cache
content-length: 68064

00:17:47.206 [AsyncHttpClient-1-2] DEBUG org.asynchttpclient.netty.channel.ChannelManager - Adding key: http://localhost:52508 for channel [id: 0x6ffbd672, L:/127.0.0.1:64363 - R:localhost/127.0.0.1:52508]
00:17:47.210 [main] DEBUG net.serenitybdd.core.photography.Darkroom - Send negative for processing for target\site\serenity\cc3d9574f362f10d1514e550cb202b37abc2a626d1d4b77cec974caff40800f5.png
00:17:47.211 [Darkroom Processing Line] DEBUG net.serenitybdd.core.photography.DarkroomProcessingLine - Processing screenshot image in /var/screenshots/screenshot-915053987651023346
00:17:47.211 [Darkroom Processing Line] DEBUG net.serenitybdd.core.photography.DarkroomProcessingLine - Saving screenshot to target\site\serenity\cc3d9574f362f10d1514e550cb202b37abc2a626d1d4b77cec974caff40800f5.png
00:17:47.219 [main] INFO  - 
  _____   ___   ___   _____     ___     _     ___   ___   ___   ___  
 |_   _| | __| / __| |_   _|   | _ \   /_\   / __| / __| | __| |   \ 
   | |   | _|  \__ \   | |     |  _/  / _ \  \__ \ \__ \ | _|  | |) |
   |_|   |___| |___/   |_|     |_|   /_/ \_\ |___/ |___/ |___| |___/ 

As a user, i have able to login
----------------------------------------------------------------------
00:17:47.371 [Driver Command Executor] DEBUG org.asynchttpclient.netty.request.NettyRequestSender - Using pooled Channel '[id: 0x6ffbd672, L:/127.0.0.1:64363 - R:localhost/127.0.0.1:52508]' for 'DELETE' to 'http://localhost:52508/session/004c8ca5941702de4bfe473bb10d50fe'
00:17:47.371 [Driver Command Executor] DEBUG org.asynchttpclient.netty.request.NettyRequestSender - Using open Channel [id: 0x6ffbd672, L:/127.0.0.1:64363 - R:localhost/127.0.0.1:52508] for DELETE '/session/004c8ca5941702de4bfe473bb10d50fe'
00:17:47.375 [AsyncHttpClient-1-4] DEBUG org.asynchttpclient.netty.handler.WebSocketHandler - Channel Closed: [id: 0x31594e16, L:/127.0.0.1:64373 ! R:localhost/127.0.0.1:64364] with attribute NettyResponseFuture{currentRetry=5,
	isDone=1,
	isCancelled=0,
	asyncHandler=org.asynchttpclient.ws.WebSocketUpgradeHandler@2ad142d5,
	nettyRequest=org.asynchttpclient.netty.request.NettyRequest@335c47c,
	future=java.util.concurrent.CompletableFuture@307d0279[Completed normally],
	uri=ws://localhost:64364/devtools/browser/ae1192ef-72dd-4b69-83e8-2917326e1b43,
	keepAlive=true,
	redirectCount=0,
	timeoutsHolder=null,
	inAuth=0,
	touch=1651771060990}
00:17:47.378 [AsyncHttpClient-1-4] DEBUG org.asynchttpclient.netty.channel.ChannelManager - Closing Channel [id: 0x31594e16, L:/127.0.0.1:64373 ! R:localhost/127.0.0.1:64364] 
00:17:47.517 [AsyncHttpClient-1-3] DEBUG org.asynchttpclient.netty.handler.HttpHandler - Unexpected I/O exception on channel [id: 0xfc7af128, L:/127.0.0.1:64372 - R:localhost/127.0.0.1:64364]
java.io.IOException: An existing connection was forcibly closed by the remote host
	at java.base/sun.nio.ch.SocketDispatcher.read0(Native Method)
	at java.base/sun.nio.ch.SocketDispatcher.read(SocketDispatcher.java:43)
	at java.base/sun.nio.ch.IOUtil.readIntoNativeBuffer(IOUtil.java:276)
	at java.base/sun.nio.ch.IOUtil.read(IOUtil.java:233)
	at java.base/sun.nio.ch.IOUtil.read(IOUtil.java:223)
	at java.base/sun.nio.ch.SocketChannelImpl.read(SocketChannelImpl.java:358)
	at io.netty.buffer.PooledByteBuf.setBytes(PooledByteBuf.java:258)
	at io.netty.buffer.AbstractByteBuf.writeBytes(AbstractByteBuf.java:1132)
	at io.netty.channel.socket.nio.NioSocketChannel.doReadBytes(NioSocketChannel.java:350)
	at io.netty.channel.nio.AbstractNioByteChannel$NioByteUnsafe.read(AbstractNioByteChannel.java:151)
	at io.netty.channel.nio.NioEventLoop.processSelectedKey(NioEventLoop.java:722)
	at io.netty.channel.nio.NioEventLoop.processSelectedKeysOptimized(NioEventLoop.java:658)
	at io.netty.channel.nio.NioEventLoop.processSelectedKeys(NioEventLoop.java:584)
	at io.netty.channel.nio.NioEventLoop.run(NioEventLoop.java:496)
	at io.netty.util.concurrent.SingleThreadEventExecutor$4.run(SingleThreadEventExecutor.java:986)
	at io.netty.util.internal.ThreadExecutorMap$2.run(ThreadExecutorMap.java:74)
	at io.netty.util.concurrent.FastThreadLocalRunnable.run(FastThreadLocalRunnable.java:30)
	at java.base/java.lang.Thread.run(Thread.java:834)
00:17:47.518 [AsyncHttpClient-1-3] DEBUG org.asynchttpclient.netty.channel.ChannelManager - Closing Channel [id: 0xfc7af128, L:/127.0.0.1:64372 - R:localhost/127.0.0.1:64364] 
00:17:47.521 [AsyncHttpClient-1-3] DEBUG org.asynchttpclient.netty.handler.HttpHandler - Channel Closed: [id: 0xfc7af128, L:/127.0.0.1:64372 ! R:localhost/127.0.0.1:64364] with attribute DISCARD
00:17:47.537 [AsyncHttpClient-1-2] DEBUG org.asynchttpclient.netty.handler.HttpHandler - 

Request DefaultFullHttpRequest(decodeResult: success, version: HTTP/1.1, content: EmptyByteBufBE)
DELETE /session/004c8ca5941702de4bfe473bb10d50fe HTTP/1.1
User-Agent: selenium/4.1.2 (java windows)
Content-Type: application/json; charset=utf-8
host: localhost:52508
accept: */*

Response DefaultHttpResponse(decodeResult: success, version: HTTP/1.1)
HTTP/1.1 200 OK
Content-Type: application/json; charset=utf-8
cache-control: no-cache
content-length: 14

00:17:47.538 [AsyncHttpClient-1-2] DEBUG org.asynchttpclient.netty.channel.ChannelManager - Adding key: http://localhost:52508 for channel [id: 0x6ffbd672, L:/127.0.0.1:64363 - R:localhost/127.0.0.1:52508]
00:17:47.894 [AsyncHttpClient-1-2] DEBUG org.asynchttpclient.netty.handler.HttpHandler - Channel Closed: [id: 0x6ffbd672, L:/127.0.0.1:64363 ! R:localhost/127.0.0.1:52508] with attribute DISCARD
00:17:48.309 [AsyncHttpClient-1-1] DEBUG org.asynchttpclient.netty.channel.DefaultChannelPool - Entry count for : http://localhost:52508 : 1
00:17:48.309 [AsyncHttpClient-1-1] DEBUG org.asynchttpclient.netty.channel.DefaultChannelPool - Entry count for : http://localhost:64364 : 1
00:17:48.309 [AsyncHttpClient-1-1] DEBUG org.asynchttpclient.netty.channel.DefaultChannelPool - Adding Candidate expired Channel [id: 0x6ffbd672, L:/127.0.0.1:64363 ! R:localhost/127.0.0.1:52508] isIdleTimeoutExpired=false isRemotelyClosed=true isTtlExpired=false
00:17:48.358 [AsyncHttpClient-1-1] DEBUG org.asynchttpclient.netty.channel.DefaultChannelPool - Closing Idle Channel [id: 0x6ffbd672, L:/127.0.0.1:64363 ! R:localhost/127.0.0.1:52508]
00:17:48.358 [AsyncHttpClient-1-1] DEBUG org.asynchttpclient.netty.channel.DefaultChannelPool - Adding Candidate expired Channel [id: 0xfc7af128, L:/127.0.0.1:64372 ! R:localhost/127.0.0.1:64364] isIdleTimeoutExpired=false isRemotelyClosed=true isTtlExpired=false
00:17:48.359 [AsyncHttpClient-1-1] DEBUG org.asynchttpclient.netty.channel.DefaultChannelPool - Closing Idle Channel [id: 0xfc7af128, L:/127.0.0.1:64372 ! R:localhost/127.0.0.1:64364]
00:17:48.359 [AsyncHttpClient-1-1] DEBUG org.asynchttpclient.netty.channel.DefaultChannelPool - Closed 2 connections out of 2 in 50 ms
]]></system-out>
    <system-err><![CDATA[Starting ChromeDriver 99.0.4844.51 (d537ec02474b5afe23684e7963d538896c63ac77-refs/branch-heads/4844@{#875}) on port 52508
Only local connections are allowed.
Please see https://chromedriver.chromium.org/security-considerations for suggestions on keeping ChromeDriver safe.
ChromeDriver was started successfully.
[1651771060.180][WARNING]: This version of ChromeDriver has not been tested with Chrome version 100.
May 06, 2022 12:17:40 AM org.openqa.selenium.remote.ProtocolHandshake createSession
INFO: Detected dialect: W3C
May 06, 2022 12:17:41 AM org.openqa.selenium.devtools.CdpVersionFinder findNearestMatch
WARNING: Unable to find an exact match for CDP version 100, so returning the closest version found: 97
May 06, 2022 12:17:41 AM org.openqa.selenium.devtools.CdpVersionFinder findNearestMatch
INFO: Found CDP implementation for version 100 of 97
]]></system-err>
  </testcase>
  <testcase name="As a user, i have able to create account" classname="Register" time="10.788">
    <system-out><![CDATA[00:17:48.594 [main] INFO io.cucumber.core.plugin.SerenityReporter - Running feature from file:///D:/Mini%20Project-QE%20Alta/Web%20Automation/FrontEnd-AltaShop/src/test/resources/features/Register.feature
00:17:48.608 [main] DEBUG net.thucydides.core.steps.StepEventBus - Test suite started for story net.thucydides.core.model.Story@30e75088
00:17:48.610 [main] INFO  - Test Suite Started: Register

Scenario: As a user, i have able to create account &amp#27;[90m# src/test/resources/features/Register.feature:3&amp#27;[0m
00:17:48.916 [main] INFO io.cucumber.core.plugin.SerenityReporter - Running feature from file:///D:/Mini%20Project-QE%20Alta/Web%20Automation/FrontEnd-AltaShop/src/test/resources/features/Register.feature
00:17:48.945 [main] INFO  - 
  _____   ___   ___   _____     ___   _____     _     ___   _____   ___   ___  
 |_   _| | __| / __| |_   _|   / __| |_   _|   /_\   | _ \ |_   _| | __| |   \ 
   | |   | _|  \__ \   | |     \__ \   | |    / _ \  |   /   | |   | _|  | |) |
   |_|   |___| |___/   |_|     |___/   |_|   /_/ \_\ |_|_\   |_|   |___| |___/ 

As a user, i have able to create account(register;as-a-user--i-have-able-to-create-account)
--------------------------------------------------------------------------------
00:17:49.675 [main] DEBUG net.thucydides.core.steps.StepInterceptor - STARTING STEP: RegisterStep.iAmAtRegisterPage - onRegisterPage
00:17:49.680 [main] INFO net.serenitybdd.core.webdriver.driverproviders.ChromeDriverProvider - Using automatically driver download
00:17:49.913 [main] DEBUG io.github.bonigarcia.wdm.cache.ResolutionCache - Resolution chrome=100 in cache (valid until 00:56:03 06/05/2022 ICT)
00:17:49.929 [main] DEBUG io.github.bonigarcia.wdm.cache.ResolutionCache - Resolution chrome100=100.0.4896.60 in cache (valid until 20:02:20 06/05/2022 ICT)
00:17:49.935 [main] INFO io.github.bonigarcia.wdm.WebDriverManager - Using chromedriver 100.0.4896.60 (resolved driver for Chrome 100)
00:17:49.968 [main] DEBUG io.github.bonigarcia.wdm.WebDriverManager - Driver chromedriver 100.0.4896.60 found in cache
00:17:49.970 [main] INFO io.github.bonigarcia.wdm.WebDriverManager - Exporting webdriver.chrome.driver as C:\Users\Siti Nurlatipah\.cache\selenium\chromedriver\win32\100.0.4896.60\chromedriver.exe
00:17:50.161 [main] DEBUG net.serenitybdd.core.webdriver.driverproviders.ProvideNewDriver - Instantiating driver
00:17:50.161 [main] DEBUG net.serenitybdd.core.webdriver.driverproviders.ProvideNewDriver - Driver capabilities: Capabilities {acceptInsecureCerts: false, base.url: https://qa.alta.id, browserName: chrome, chrome.driver: src/test/resources/webdrive..., driver: chrome, goog:chromeOptions: {args: [], extensions: []}}
00:17:50.751 [AsyncHttpClient-1-5] DEBUG org.asynchttpclient.netty.channel.NettyConnectListener - Using new Channel '[id: 0x3e2f3dbf, L:/127.0.0.1:64394 - R:localhost/127.0.0.1:53134]' for 'POST' to '/session'
00:17:52.409 [AsyncHttpClient-1-5] DEBUG org.asynchttpclient.netty.handler.HttpHandler - 

Request DefaultHttpRequest(decodeResult: success, version: HTTP/1.1)
POST /session HTTP/1.1
User-Agent: selenium/4.1.2 (java windows)
Content-Length: 595
Content-Type: application/json; charset=utf-8
host: localhost:53134
accept: */*

Response DefaultHttpResponse(decodeResult: success, version: HTTP/1.1)
HTTP/1.1 200 OK
Content-Type: application/json; charset=utf-8
cache-control: no-cache
content-length: 792

00:17:52.410 [AsyncHttpClient-1-5] DEBUG org.asynchttpclient.netty.channel.ChannelManager - Adding key: http://localhost:53134 for channel [id: 0x3e2f3dbf, L:/127.0.0.1:64394 - R:localhost/127.0.0.1:53134]
00:17:52.455 [AsyncHttpClient-1-6] DEBUG org.asynchttpclient.netty.channel.NettyConnectListener - Using new Channel '[id: 0xdd8e5ff3, L:/127.0.0.1:64401 - R:localhost/127.0.0.1:64395]' for 'GET' to '/json/version'
00:17:52.471 [AsyncHttpClient-1-6] DEBUG org.asynchttpclient.netty.handler.HttpHandler - 

Request DefaultFullHttpRequest(decodeResult: success, version: HTTP/1.1, content: EmptyByteBufBE)
GET /json/version HTTP/1.1
User-Agent: selenium/4.1.2 (java windows)
host: localhost:64395
accept: */*

Response DefaultHttpResponse(decodeResult: success, version: HTTP/1.1)
HTTP/1.1 200 OK
Content-Type: application/json; charset=UTF-8
content-length: 429

00:17:52.472 [AsyncHttpClient-1-6] DEBUG org.asynchttpclient.netty.channel.ChannelManager - Adding key: http://localhost:64395 for channel [id: 0xdd8e5ff3, L:/127.0.0.1:64401 - R:localhost/127.0.0.1:64395]
00:17:52.485 [AsyncHttpClient-1-7] DEBUG org.asynchttpclient.netty.channel.NettyConnectListener - Using new Channel '[id: 0x6ac2d857, L:/127.0.0.1:64402 - R:localhost/127.0.0.1:64395]' for 'GET' to '/devtools/browser/10cdea83-3ae0-442a-8ff3-17a43ee67a38'
00:17:52.511 [AsyncHttpClient-1-7] DEBUG org.asynchttpclient.netty.handler.WebSocketHandler - 

Request DefaultFullHttpRequest(decodeResult: success, version: HTTP/1.1, content: EmptyByteBufBE)
GET /devtools/browser/10cdea83-3ae0-442a-8ff3-17a43ee67a38 HTTP/1.1
upgrade: websocket
connection: upgrade
sec-websocket-key: oqhk4ZFJuksp5LgqKDm17w==
sec-websocket-version: 13
origin: http://localhost:64395
host: localhost:64395
accept: */*
user-agent: AHC/2.1

Response DefaultHttpResponse(decodeResult: success, version: HTTP/1.1)
HTTP/1.1 101 WebSocket Protocol Handshake
Upgrade: WebSocket
Connection: Upgrade
Sec-WebSocket-Accept: SCXx9bdUgEZlFFKgFM1CS0/mtUE=

00:17:52.533 [Forwarding get on session ffd3d8aebb124b6c5b3cea631d2339de to remote] DEBUG org.asynchttpclient.netty.request.NettyRequestSender - Using pooled Channel '[id: 0x3e2f3dbf, L:/127.0.0.1:64394 - R:localhost/127.0.0.1:53134]' for 'POST' to 'http://localhost:53134/session/ffd3d8aebb124b6c5b3cea631d2339de/url'
00:17:52.534 [Forwarding get on session ffd3d8aebb124b6c5b3cea631d2339de to remote] DEBUG org.asynchttpclient.netty.request.NettyRequestSender - Using open Channel [id: 0x3e2f3dbf, L:/127.0.0.1:64394 - R:localhost/127.0.0.1:53134] for POST '/session/ffd3d8aebb124b6c5b3cea631d2339de/url'
00:17:52.674 [AsyncHttpClient-1-1] DEBUG org.asynchttpclient.netty.channel.DefaultChannelPool - Entry count for : http://localhost:64395 : 1
00:17:53.771 [AsyncHttpClient-1-1] DEBUG org.asynchttpclient.netty.channel.DefaultChannelPool - Entry count for : http://localhost:64395 : 1
00:17:54.871 [AsyncHttpClient-1-1] DEBUG org.asynchttpclient.netty.channel.DefaultChannelPool - Entry count for : http://localhost:64395 : 1
00:17:54.906 [AsyncHttpClient-1-5] DEBUG org.asynchttpclient.netty.handler.HttpHandler - 

Request DefaultHttpRequest(decodeResult: success, version: HTTP/1.1)
POST /session/ffd3d8aebb124b6c5b3cea631d2339de/url HTTP/1.1
User-Agent: selenium/4.1.2 (java windows)
Content-Length: 67
Content-Type: application/json; charset=utf-8
host: localhost:53134
accept: */*

Response DefaultHttpResponse(decodeResult: success, version: HTTP/1.1)
HTTP/1.1 200 OK
Content-Type: application/json; charset=utf-8
cache-control: no-cache
content-length: 14

00:17:54.907 [AsyncHttpClient-1-5] DEBUG org.asynchttpclient.netty.channel.ChannelManager - Adding key: http://localhost:53134 for channel [id: 0x3e2f3dbf, L:/127.0.0.1:64394 - R:localhost/127.0.0.1:53134]
00:17:54.910 [Forwarding setTimeout on session ffd3d8aebb124b6c5b3cea631d2339de to remote] DEBUG org.asynchttpclient.netty.request.NettyRequestSender - Using pooled Channel '[id: 0x3e2f3dbf, L:/127.0.0.1:64394 - R:localhost/127.0.0.1:53134]' for 'POST' to 'http://localhost:53134/session/ffd3d8aebb124b6c5b3cea631d2339de/timeouts'
00:17:54.911 [Forwarding setTimeout on session ffd3d8aebb124b6c5b3cea631d2339de to remote] DEBUG org.asynchttpclient.netty.request.NettyRequestSender - Using open Channel [id: 0x3e2f3dbf, L:/127.0.0.1:64394 - R:localhost/127.0.0.1:53134] for POST '/session/ffd3d8aebb124b6c5b3cea631d2339de/timeouts'
00:17:54.915 [AsyncHttpClient-1-5] DEBUG org.asynchttpclient.netty.handler.HttpHandler - 

Request DefaultHttpRequest(decodeResult: success, version: HTTP/1.1)
POST /session/ffd3d8aebb124b6c5b3cea631d2339de/timeouts HTTP/1.1
User-Agent: selenium/4.1.2 (java windows)
Content-Length: 22
Content-Type: application/json; charset=utf-8
host: localhost:53134
accept: */*

Response DefaultHttpResponse(decodeResult: success, version: HTTP/1.1)
HTTP/1.1 200 OK
Content-Type: application/json; charset=utf-8
cache-control: no-cache
content-length: 14

00:17:54.915 [AsyncHttpClient-1-5] DEBUG org.asynchttpclient.netty.channel.ChannelManager - Adding key: http://localhost:53134 for channel [id: 0x3e2f3dbf, L:/127.0.0.1:64394 - R:localhost/127.0.0.1:53134]
00:17:54.922 [Forwarding getCurrentUrl on session ffd3d8aebb124b6c5b3cea631d2339de to remote] DEBUG org.asynchttpclient.netty.request.NettyRequestSender - Using pooled Channel '[id: 0x3e2f3dbf, L:/127.0.0.1:64394 - R:localhost/127.0.0.1:53134]' for 'GET' to 'http://localhost:53134/session/ffd3d8aebb124b6c5b3cea631d2339de/url'
00:17:54.923 [Forwarding getCurrentUrl on session ffd3d8aebb124b6c5b3cea631d2339de to remote] DEBUG org.asynchttpclient.netty.request.NettyRequestSender - Using open Channel [id: 0x3e2f3dbf, L:/127.0.0.1:64394 - R:localhost/127.0.0.1:53134] for GET '/session/ffd3d8aebb124b6c5b3cea631d2339de/url'
00:17:54.933 [AsyncHttpClient-1-5] DEBUG org.asynchttpclient.netty.handler.HttpHandler - 

Request DefaultFullHttpRequest(decodeResult: success, version: HTTP/1.1, content: EmptyByteBufBE)
GET /session/ffd3d8aebb124b6c5b3cea631d2339de/url HTTP/1.1
User-Agent: selenium/4.1.2 (java windows)
Cache-Control: no-cache
Content-Type: application/json; charset=utf-8
host: localhost:53134
accept: */*

Response DefaultHttpResponse(decodeResult: success, version: HTTP/1.1)
HTTP/1.1 200 OK
Content-Type: application/json; charset=utf-8
cache-control: no-cache
content-length: 44

00:17:54.934 [AsyncHttpClient-1-5] DEBUG org.asynchttpclient.netty.channel.ChannelManager - Adding key: http://localhost:53134 for channel [id: 0x3e2f3dbf, L:/127.0.0.1:64394 - R:localhost/127.0.0.1:53134]
00:17:54.948 [main] DEBUG net.serenitybdd.core.photography.Darkroom - Opening darkroom
00:17:54.949 [Darkroom Processing Line] DEBUG net.serenitybdd.core.photography.DarkroomProcessingLine - Darkroom processing line starting up
00:17:54.950 [Forwarding screenshot on session ffd3d8aebb124b6c5b3cea631d2339de to remote] DEBUG org.asynchttpclient.netty.request.NettyRequestSender - Using pooled Channel '[id: 0x3e2f3dbf, L:/127.0.0.1:64394 - R:localhost/127.0.0.1:53134]' for 'GET' to 'http://localhost:53134/session/ffd3d8aebb124b6c5b3cea631d2339de/screenshot'
00:17:54.951 [Forwarding screenshot on session ffd3d8aebb124b6c5b3cea631d2339de to remote] DEBUG org.asynchttpclient.netty.request.NettyRequestSender - Using open Channel [id: 0x3e2f3dbf, L:/127.0.0.1:64394 - R:localhost/127.0.0.1:53134] for GET '/session/ffd3d8aebb124b6c5b3cea631d2339de/screenshot'
00:17:55.171 [AsyncHttpClient-1-5] DEBUG org.asynchttpclient.netty.handler.HttpHandler - 

Request DefaultFullHttpRequest(decodeResult: success, version: HTTP/1.1, content: EmptyByteBufBE)
GET /session/ffd3d8aebb124b6c5b3cea631d2339de/screenshot HTTP/1.1
User-Agent: selenium/4.1.2 (java windows)
Cache-Control: no-cache
Content-Type: application/json; charset=utf-8
host: localhost:53134
accept: */*

Response DefaultHttpResponse(decodeResult: success, version: HTTP/1.1)
HTTP/1.1 200 OK
Content-Type: application/json; charset=utf-8
cache-control: no-cache
content-length: 44716

00:17:55.172 [AsyncHttpClient-1-5] DEBUG org.asynchttpclient.netty.channel.ChannelManager - Adding key: http://localhost:53134 for channel [id: 0x3e2f3dbf, L:/127.0.0.1:64394 - R:localhost/127.0.0.1:53134]
00:17:55.176 [main] DEBUG net.serenitybdd.core.photography.Darkroom - Send negative for processing for target\site\serenity\33ddfa6718aa2f09fc0e18bea197612047bccd0f362db96346f936c9007dfd9e.png
00:17:55.177 [main] DEBUG net.thucydides.core.steps.StepInterceptor - STEP DONE: onRegisterPage
  &amp#27;[32mGiven &amp#27;[0m&amp#27;[32m&amp#27;[0m&amp#27;[32m&amp#27;[1mI&amp#27;[0m&amp#27;[32m am at register page&amp#27;[0m                      &amp#27;[90m# stepdefinitions.RegisterStep.iAmAtRegisterPage(java.lang.String)&amp#27;[0m
00:17:55.180 [Darkroom Processing Line] DEBUG net.serenitybdd.core.photography.DarkroomProcessingLine - Processing screenshot image in /var/screenshots/screenshot-8569987520739990794
00:17:55.181 [Darkroom Processing Line] DEBUG net.serenitybdd.core.photography.DarkroomProcessingLine - Saving screenshot to target\site\serenity\33ddfa6718aa2f09fc0e18bea197612047bccd0f362db96346f936c9007dfd9e.png
00:17:55.213 [main] DEBUG net.thucydides.core.steps.StepInterceptor - STARTING STEP: RegisterStep.iTypeFullname - typeFullname
00:17:55.219 [Forwarding findElement on session ffd3d8aebb124b6c5b3cea631d2339de to remote] DEBUG org.asynchttpclient.netty.request.NettyRequestSender - Using pooled Channel '[id: 0x3e2f3dbf, L:/127.0.0.1:64394 - R:localhost/127.0.0.1:53134]' for 'POST' to 'http://localhost:53134/session/ffd3d8aebb124b6c5b3cea631d2339de/element'
00:17:55.220 [Forwarding findElement on session ffd3d8aebb124b6c5b3cea631d2339de to remote] DEBUG org.asynchttpclient.netty.request.NettyRequestSender - Using open Channel [id: 0x3e2f3dbf, L:/127.0.0.1:64394 - R:localhost/127.0.0.1:53134] for POST '/session/ffd3d8aebb124b6c5b3cea631d2339de/element'
00:17:55.241 [AsyncHttpClient-1-5] DEBUG org.asynchttpclient.netty.handler.HttpHandler - 

Request DefaultHttpRequest(decodeResult: success, version: HTTP/1.1)
POST /session/ffd3d8aebb124b6c5b3cea631d2339de/element HTTP/1.1
User-Agent: selenium/4.1.2 (java windows)
Content-Length: 91
Content-Type: application/json; charset=utf-8
host: localhost:53134
accept: */*

Response DefaultHttpResponse(decodeResult: success, version: HTTP/1.1)
HTTP/1.1 200 OK
Content-Type: application/json; charset=utf-8
cache-control: no-cache
content-length: 88

00:17:55.241 [AsyncHttpClient-1-5] DEBUG org.asynchttpclient.netty.channel.ChannelManager - Adding key: http://localhost:53134 for channel [id: 0x3e2f3dbf, L:/127.0.0.1:64394 - R:localhost/127.0.0.1:53134]
[...]
00:17:57.509 [Forwarding isElementEnabled on session ffd3d8aebb124b6c5b3cea631d2339de to remote] DEBUG org.asynchttpclient.netty.request.NettyRequestSender - Using open Channel [id: 0x3e2f3dbf, L:/127.0.0.1:64394 - R:localhost/127.0.0.1:53134] for GET '/session/ffd3d8aebb124b6c5b3cea631d2339de/element/7dc5128b-a3f6-4c7d-aaaa-21c0b1ff8bed/enabled'
00:17:57.521 [AsyncHttpClient-1-5] DEBUG org.asynchttpclient.netty.handler.HttpHandler - 

Request DefaultFullHttpRequest(decodeResult: success, version: HTTP/1.1, content: EmptyByteBufBE)
GET /session/ffd3d8aebb124b6c5b3cea631d2339de/element/7dc5128b-a3f6-4c7d-aaaa-21c0b1ff8bed/enabled HTTP/1.1
User-Agent: selenium/4.1.2 (java windows)
Cache-Control: no-cache
Content-Type: application/json; charset=utf-8
host: localhost:53134
accept: */*

Response DefaultHttpResponse(decodeResult: success, version: HTTP/1.1)
HTTP/1.1 200 OK
Content-Type: application/json; charset=utf-8
cache-control: no-cache
content-length: 14

00:17:57.521 [AsyncHttpClient-1-5] DEBUG org.asynchttpclient.netty.channel.ChannelManager - Adding key: http://localhost:53134 for channel [id: 0x3e2f3dbf, L:/127.0.0.1:64394 - R:localhost/127.0.0.1:53134]
00:17:57.526 [Forwarding findElement on session ffd3d8aebb124b6c5b3cea631d2339de to remote] DEBUG org.asynchttpclient.netty.request.NettyRequestSender - Using pooled Channel '[id: 0x3e2f3dbf, L:/127.0.0.1:64394 - R:localhost/127.0.0.1:53134]' for 'POST' to 'http://localhost:53134/session/ffd3d8aebb124b6c5b3cea631d2339de/element'
00:17:57.526 [Forwarding findElement on session ffd3d8aebb124b6c5b3cea631d2339de to remote] DEBUG org.asynchttpclient.netty.request.NettyRequestSender - Using open Channel [id: 0x3e2f3dbf, L:/127.0.0.1:64394 - R:localhost/127.0.0.1:53134] for POST '/session/ffd3d8aebb124b6c5b3cea631d2339de/element'
00:17:57.541 [AsyncHttpClient-1-5] DEBUG org.asynchttpclient.netty.handler.HttpHandler - 

Request DefaultHttpRequest(decodeResult: success, version: HTTP/1.1)
POST /session/ffd3d8aebb124b6c5b3cea631d2339de/element HTTP/1.1
User-Agent: selenium/4.1.2 (java windows)
Content-Length: 155
Content-Type: application/json; charset=utf-8
host: localhost:53134
accept: */*

Response DefaultHttpResponse(decodeResult: success, version: HTTP/1.1)
HTTP/1.1 200 OK
Content-Type: application/json; charset=utf-8
cache-control: no-cache
content-length: 88

00:17:57.542 [AsyncHttpClient-1-5] DEBUG org.asynchttpclient.netty.channel.ChannelManager - Adding key: http://localhost:53134 for channel [id: 0x3e2f3dbf, L:/127.0.0.1:64394 - R:localhost/127.0.0.1:53134]
00:17:57.548 [Forwarding clickElement on session ffd3d8aebb124b6c5b3cea631d2339de to remote] DEBUG org.asynchttpclient.netty.request.NettyRequestSender - Using pooled Channel '[id: 0x3e2f3dbf, L:/127.0.0.1:64394 - R:localhost/127.0.0.1:53134]' for 'POST' to 'http://localhost:53134/session/ffd3d8aebb124b6c5b3cea631d2339de/element/7dc5128b-a3f6-4c7d-aaaa-21c0b1ff8bed/click'
00:17:57.548 [Forwarding clickElement on session ffd3d8aebb124b6c5b3cea631d2339de to remote] DEBUG org.asynchttpclient.netty.request.NettyRequestSender - Using open Channel [id: 0x3e2f3dbf, L:/127.0.0.1:64394 - R:localhost/127.0.0.1:53134] for POST '/session/ffd3d8aebb124b6c5b3cea631d2339de/element/7dc5128b-a3f6-4c7d-aaaa-21c0b1ff8bed/click'
00:17:57.633 [AsyncHttpClient-1-5] DEBUG org.asynchttpclient.netty.handler.HttpHandler - 

Request DefaultHttpRequest(decodeResult: success, version: HTTP/1.1)
POST /session/ffd3d8aebb124b6c5b3cea631d2339de/element/7dc5128b-a3f6-4c7d-aaaa-21c0b1ff8bed/click HTTP/1.1
User-Agent: selenium/4.1.2 (java windows)
Content-Length: 50
Content-Type: application/json; charset=utf-8
host: localhost:53134
accept: */*

Response DefaultHttpResponse(decodeResult: success, version: HTTP/1.1)
HTTP/1.1 200 OK
Content-Type: application/json; charset=utf-8
cache-control: no-cache
content-length: 14

00:17:57.633 [AsyncHttpClient-1-5] DEBUG org.asynchttpclient.netty.channel.ChannelManager - Adding key: http://localhost:53134 for channel [id: 0x3e2f3dbf, L:/127.0.0.1:64394 - R:localhost/127.0.0.1:53134]
00:17:57.643 [Forwarding screenshot on session ffd3d8aebb124b6c5b3cea631d2339de to remote] DEBUG org.asynchttpclient.netty.request.NettyRequestSender - Using pooled Channel '[id: 0x3e2f3dbf, L:/127.0.0.1:64394 - R:localhost/127.0.0.1:53134]' for 'GET' to 'http://localhost:53134/session/ffd3d8aebb124b6c5b3cea631d2339de/screenshot'
00:17:57.643 [Forwarding screenshot on session ffd3d8aebb124b6c5b3cea631d2339de to remote] DEBUG org.asynchttpclient.netty.request.NettyRequestSender - Using open Channel [id: 0x3e2f3dbf, L:/127.0.0.1:64394 - R:localhost/127.0.0.1:53134] for GET '/session/ffd3d8aebb124b6c5b3cea631d2339de/screenshot'
00:17:58.026 [AsyncHttpClient-1-5] DEBUG org.asynchttpclient.netty.handler.HttpHandler - 

Request DefaultFullHttpRequest(decodeResult: success, version: HTTP/1.1, content: EmptyByteBufBE)
GET /session/ffd3d8aebb124b6c5b3cea631d2339de/screenshot HTTP/1.1
User-Agent: selenium/4.1.2 (java windows)
Cache-Control: no-cache
Content-Type: application/json; charset=utf-8
host: localhost:53134
accept: */*

Response DefaultHttpResponse(decodeResult: success, version: HTTP/1.1)
HTTP/1.1 200 OK
Content-Type: application/json; charset=utf-8
cache-control: no-cache
content-length: 56036

00:17:58.027 [AsyncHttpClient-1-5] DEBUG org.asynchttpclient.netty.channel.ChannelManager - Adding key: http://localhost:53134 for channel [id: 0x3e2f3dbf, L:/127.0.0.1:64394 - R:localhost/127.0.0.1:53134]
00:17:58.033 [main] DEBUG net.serenitybdd.core.photography.Darkroom - Send negative for processing for target\site\serenity\86b62bb277e6683dd5844a2435e31fb2f95a196b416c30390cc0dbb256547dea.png
00:17:58.034 [main] DEBUG net.thucydides.core.steps.StepInterceptor - STEP DONE: clickRegisterButton
  &amp#27;[32mAnd &amp#27;[0m&amp#27;[32mI click Register button&amp#27;[0m                      &amp#27;[90m# stepdefinitions.RegisterStep.iClickLoginButton()&amp#27;[0m
00:17:58.034 [Darkroom Processing Line] DEBUG net.serenitybdd.core.photography.DarkroomProcessingLine - Processing screenshot image in /var/screenshots/screenshot-10595210983806494895
00:17:58.034 [Darkroom Processing Line] DEBUG net.serenitybdd.core.photography.DarkroomProcessingLine - Saving screenshot to target\site\serenity\86b62bb277e6683dd5844a2435e31fb2f95a196b416c30390cc0dbb256547dea.png
00:17:58.061 [main] DEBUG net.thucydides.core.steps.StepInterceptor - STARTING STEP: RegisterStep.iOnLoginPage - validateOnLoginPage
00:17:58.066 [Forwarding findElement on session ffd3d8aebb124b6c5b3cea631d2339de to remote] DEBUG org.asynchttpclient.netty.request.NettyRequestSender - Using pooled Channel '[id: 0x3e2f3dbf, L:/127.0.0.1:64394 - R:localhost/127.0.0.1:53134]' for 'POST' to 'http://localhost:53134/session/ffd3d8aebb124b6c5b3cea631d2339de/element'
00:17:58.067 [Forwarding findElement on session ffd3d8aebb124b6c5b3cea631d2339de to remote] DEBUG org.asynchttpclient.netty.request.NettyRequestSender - Using open Channel [id: 0x3e2f3dbf, L:/127.0.0.1:64394 - R:localhost/127.0.0.1:53134] for POST '/session/ffd3d8aebb124b6c5b3cea631d2339de/element'
00:17:58.071 [AsyncHttpClient-1-5] DEBUG org.asynchttpclient.netty.handler.HttpHandler - 

Request DefaultHttpRequest(decodeResult: success, version: HTTP/1.1)
POST /session/ffd3d8aebb124b6c5b3cea631d2339de/element HTTP/1.1
User-Agent: selenium/4.1.2 (java windows)
Content-Length: 50
Content-Type: application/json; charset=utf-8
host: localhost:53134
accept: */*

Response DefaultHttpResponse(decodeResult: success, version: HTTP/1.1)
HTTP/1.1 400 Bad Request
Content-Type: application/json; charset=utf-8
cache-control: no-cache
content-length: 961

00:17:58.072 [AsyncHttpClient-1-5] DEBUG org.asynchttpclient.netty.channel.ChannelManager - Adding key: http://localhost:53134 for channel [id: 0x3e2f3dbf, L:/127.0.0.1:64394 - R:localhost/127.0.0.1:53134]
00:17:58.087 [Forwarding findElement on session ffd3d8aebb124b6c5b3cea631d2339de to remote] DEBUG org.asynchttpclient.netty.request.NettyRequestSender - Using pooled Channel '[id: 0x3e2f3dbf, L:/127.0.0.1:64394 - R:localhost/127.0.0.1:53134]' for 'POST' to 'http://localhost:53134/session/ffd3d8aebb124b6c5b3cea631d2339de/element'
00:17:58.087 [Forwarding findElement on session ffd3d8aebb124b6c5b3cea631d2339de to remote] DEBUG org.asynchttpclient.netty.request.NettyRequestSender - Using open Channel [id: 0x3e2f3dbf, L:/127.0.0.1:64394 - R:localhost/127.0.0.1:53134] for POST '/session/ffd3d8aebb124b6c5b3cea631d2339de/element'
00:17:58.104 [AsyncHttpClient-1-5] DEBUG org.asynchttpclient.netty.handler.HttpHandler - 

Request DefaultHttpRequest(decodeResult: success, version: HTTP/1.1)
POST /session/ffd3d8aebb124b6c5b3cea631d2339de/element HTTP/1.1
User-Agent: selenium/4.1.2 (java windows)
Content-Length: 60
Content-Type: application/json; charset=utf-8
host: localhost:53134
accept: */*

Response DefaultHttpResponse(decodeResult: success, version: HTTP/1.1)
HTTP/1.1 200 OK
Content-Type: application/json; charset=utf-8
cache-control: no-cache
content-length: 88

00:17:58.104 [AsyncHttpClient-1-5] DEBUG org.asynchttpclient.netty.channel.ChannelManager - Adding key: http://localhost:53134 for channel [id: 0x3e2f3dbf, L:/127.0.0.1:64394 - R:localhost/127.0.0.1:53134]
00:17:58.132 [Forwarding isElementDisplayed on session ffd3d8aebb124b6c5b3cea631d2339de to remote] DEBUG org.asynchttpclient.netty.request.NettyRequestSender - Using pooled Channel '[id: 0x3e2f3dbf, L:/127.0.0.1:64394 - R:localhost/127.0.0.1:53134]' for 'POST' to 'http://localhost:53134/session/ffd3d8aebb124b6c5b3cea631d2339de/execute/sync'
00:17:58.132 [Forwarding isElementDisplayed on session ffd3d8aebb124b6c5b3cea631d2339de to remote] DEBUG org.asynchttpclient.netty.request.NettyRequestSender - Using open Channel [id: 0x3e2f3dbf, L:/127.0.0.1:64394 - R:localhost/127.0.0.1:53134] for POST '/session/ffd3d8aebb124b6c5b3cea631d2339de/execute/sync'
00:17:58.155 [AsyncHttpClient-1-5] DEBUG org.asynchttpclient.netty.handler.HttpHandler - 

Request DefaultHttpRequest(decodeResult: success, version: HTTP/1.1)
POST /session/ffd3d8aebb124b6c5b3cea631d2339de/execute/sync HTTP/1.1
User-Agent: selenium/4.1.2 (java windows)
Content-Length: 48780
Content-Type: application/json; charset=utf-8
host: localhost:53134
accept: */*

Response DefaultHttpResponse(decodeResult: success, version: HTTP/1.1)
HTTP/1.1 200 OK
Content-Type: application/json; charset=utf-8
cache-control: no-cache
content-length: 14

00:17:58.156 [AsyncHttpClient-1-5] DEBUG org.asynchttpclient.netty.channel.ChannelManager - Adding key: http://localhost:53134 for channel [id: 0x3e2f3dbf, L:/127.0.0.1:64394 - R:localhost/127.0.0.1:53134]
00:17:58.169 [Forwarding screenshot on session ffd3d8aebb124b6c5b3cea631d2339de to remote] DEBUG org.asynchttpclient.netty.request.NettyRequestSender - Using pooled Channel '[id: 0x3e2f3dbf, L:/127.0.0.1:64394 - R:localhost/127.0.0.1:53134]' for 'GET' to 'http://localhost:53134/session/ffd3d8aebb124b6c5b3cea631d2339de/screenshot'
00:17:58.169 [Forwarding screenshot on session ffd3d8aebb124b6c5b3cea631d2339de to remote] DEBUG org.asynchttpclient.netty.request.NettyRequestSender - Using open Channel [id: 0x3e2f3dbf, L:/127.0.0.1:64394 - R:localhost/127.0.0.1:53134] for GET '/session/ffd3d8aebb124b6c5b3cea631d2339de/screenshot'
00:17:58.171 [AsyncHttpClient-1-1] DEBUG org.asynchttpclient.netty.channel.DefaultChannelPool - Entry count for : http://localhost:64395 : 1
00:17:58.386 [AsyncHttpClient-1-5] DEBUG org.asynchttpclient.netty.handler.HttpHandler - 

Request DefaultFullHttpRequest(decodeResult: success, version: HTTP/1.1, content: EmptyByteBufBE)
GET /session/ffd3d8aebb124b6c5b3cea631d2339de/screenshot HTTP/1.1
User-Agent: selenium/4.1.2 (java windows)
Cache-Control: no-cache
Content-Type: application/json; charset=utf-8
host: localhost:53134
accept: */*

Response DefaultHttpResponse(decodeResult: success, version: HTTP/1.1)
HTTP/1.1 200 OK
Content-Type: application/json; charset=utf-8
cache-control: no-cache
content-length: 37840

00:17:58.387 [AsyncHttpClient-1-5] DEBUG org.asynchttpclient.netty.channel.ChannelManager - Adding key: http://localhost:53134 for channel [id: 0x3e2f3dbf, L:/127.0.0.1:64394 - R:localhost/127.0.0.1:53134]
00:17:58.391 [main] DEBUG net.serenitybdd.core.photography.Darkroom - Send negative for processing for target\site\serenity\6f2f89e8c5a543dd0a10df9cc2fb4dfa2a13d528c2d3ad44cda943733ef50e85.png
00:17:58.391 [main] DEBUG net.thucydides.core.steps.StepInterceptor - STEP DONE: validateOnLoginPage
  &amp#27;[32mThen &amp#27;[0m&amp#27;[32mI on Login Page&amp#27;[0m                             &amp#27;[90m# stepdefinitions.RegisterStep.iOnLoginPage()&amp#27;[0m
00:17:58.402 [main] INFO  - 
  _____   ___   ___   _____     ___     _     ___   ___   ___   ___  
 |_   _| | __| / __| |_   _|   | _ \   /_\   / __| / __| | __| |   \ 
   | |   | _|  \__ \   | |     |  _/  / _ \  \__ \ \__ \ | _|  | |) |
   |_|   |___| |___/   |_|     |_|   /_/ \_\ |___/ |___/ |___| |___/ 

As a user, i have able to create account
----------------------------------------------------------------------
00:17:58.404 [AsyncHttpClient-1-7] DEBUG org.asynchttpclient.netty.handler.WebSocketHandler - Channel Closed: [id: 0x6ac2d857, L:/127.0.0.1:64402 ! R:localhost/127.0.0.1:64395] with attribute NettyResponseFuture{currentRetry=5,
	isDone=1,
	isCancelled=0,
	asyncHandler=org.asynchttpclient.ws.WebSocketUpgradeHandler@100e2cbb,
	nettyRequest=org.asynchttpclient.netty.request.NettyRequest@48585deb,
	future=java.util.concurrent.CompletableFuture@414af09b[Completed normally],
	uri=ws://localhost:64395/devtools/browser/10cdea83-3ae0-442a-8ff3-17a43ee67a38,
	keepAlive=true,
	redirectCount=0,
	timeoutsHolder=null,
	inAuth=0,
	touch=1651771072514}
00:17:58.405 [AsyncHttpClient-1-7] DEBUG org.asynchttpclient.netty.channel.ChannelManager - Closing Channel [id: 0x6ac2d857, L:/127.0.0.1:64402 ! R:localhost/127.0.0.1:64395] 
00:17:58.406 [Driver Command Executor] DEBUG org.asynchttpclient.netty.request.NettyRequestSender - Using pooled Channel '[id: 0x3e2f3dbf, L:/127.0.0.1:64394 - R:localhost/127.0.0.1:53134]' for 'DELETE' to 'http://localhost:53134/session/ffd3d8aebb124b6c5b3cea631d2339de'
00:17:58.406 [Driver Command Executor] DEBUG org.asynchttpclient.netty.request.NettyRequestSender - Using open Channel [id: 0x3e2f3dbf, L:/127.0.0.1:64394 - R:localhost/127.0.0.1:53134] for DELETE '/session/ffd3d8aebb124b6c5b3cea631d2339de'
00:17:58.557 [AsyncHttpClient-1-6] DEBUG org.asynchttpclient.netty.handler.HttpHandler - Unexpected I/O exception on channel [id: 0xdd8e5ff3, L:/127.0.0.1:64401 - R:localhost/127.0.0.1:64395]
java.io.IOException: An existing connection was forcibly closed by the remote host
	at java.base/sun.nio.ch.SocketDispatcher.read0(Native Method)
	at java.base/sun.nio.ch.SocketDispatcher.read(SocketDispatcher.java:43)
	at java.base/sun.nio.ch.IOUtil.readIntoNativeBuffer(IOUtil.java:276)
	at java.base/sun.nio.ch.IOUtil.read(IOUtil.java:233)
	at java.base/sun.nio.ch.IOUtil.read(IOUtil.java:223)
	at java.base/sun.nio.ch.SocketChannelImpl.read(SocketChannelImpl.java:358)
	at io.netty.buffer.PooledByteBuf.setBytes(PooledByteBuf.java:258)
	at io.netty.buffer.AbstractByteBuf.writeBytes(AbstractByteBuf.java:1132)
	at io.netty.channel.socket.nio.NioSocketChannel.doReadBytes(NioSocketChannel.java:350)
	at io.netty.channel.nio.AbstractNioByteChannel$NioByteUnsafe.read(AbstractNioByteChannel.java:151)
	at io.netty.channel.nio.NioEventLoop.processSelectedKey(NioEventLoop.java:722)
	at io.netty.channel.nio.NioEventLoop.processSelectedKeysOptimized(NioEventLoop.java:658)
	at io.netty.channel.nio.NioEventLoop.processSelectedKeys(NioEventLoop.java:584)
	at io.netty.channel.nio.NioEventLoop.run(NioEventLoop.java:496)
	at io.netty.util.concurrent.SingleThreadEventExecutor$4.run(SingleThreadEventExecutor.java:986)
	at io.netty.util.internal.ThreadExecutorMap$2.run(ThreadExecutorMap.java:74)
	at io.netty.util.concurrent.FastThreadLocalRunnable.run(FastThreadLocalRunnable.java:30)
	at java.base/java.lang.Thread.run(Thread.java:834)
00:17:58.557 [AsyncHttpClient-1-6] DEBUG org.asynchttpclient.netty.channel.ChannelManager - Closing Channel [id: 0xdd8e5ff3, L:/127.0.0.1:64401 - R:localhost/127.0.0.1:64395] 
00:17:58.557 [AsyncHttpClient-1-6] DEBUG org.asynchttpclient.netty.handler.HttpHandler - Channel Closed: [id: 0xdd8e5ff3, L:/127.0.0.1:64401 ! R:localhost/127.0.0.1:64395] with attribute DISCARD
00:17:58.585 [AsyncHttpClient-1-5] DEBUG org.asynchttpclient.netty.handler.HttpHandler - 

Request DefaultFullHttpRequest(decodeResult: success, version: HTTP/1.1, content: EmptyByteBufBE)
DELETE /session/ffd3d8aebb124b6c5b3cea631d2339de HTTP/1.1
User-Agent: selenium/4.1.2 (java windows)
Content-Type: application/json; charset=utf-8
host: localhost:53134
accept: */*

Response DefaultHttpResponse(decodeResult: success, version: HTTP/1.1)
HTTP/1.1 200 OK
Content-Type: application/json; charset=utf-8
cache-control: no-cache
content-length: 14

00:17:58.585 [AsyncHttpClient-1-5] DEBUG org.asynchttpclient.netty.channel.ChannelManager - Adding key: http://localhost:53134 for channel [id: 0x3e2f3dbf, L:/127.0.0.1:64394 - R:localhost/127.0.0.1:53134]
00:17:58.880 [AsyncHttpClient-1-5] DEBUG org.asynchttpclient.netty.handler.HttpHandler - Channel Closed: [id: 0x3e2f3dbf, L:/127.0.0.1:64394 ! R:localhost/127.0.0.1:53134] with attribute DISCARD
00:17:59.273 [AsyncHttpClient-1-1] DEBUG org.asynchttpclient.netty.channel.DefaultChannelPool - Entry count for : http://localhost:64395 : 1
00:17:59.273 [AsyncHttpClient-1-1] DEBUG org.asynchttpclient.netty.channel.DefaultChannelPool - Entry count for : http://localhost:53134 : 1
00:17:59.273 [AsyncHttpClient-1-1] DEBUG org.asynchttpclient.netty.channel.DefaultChannelPool - Adding Candidate expired Channel [id: 0xdd8e5ff3, L:/127.0.0.1:64401 ! R:localhost/127.0.0.1:64395] isIdleTimeoutExpired=false isRemotelyClosed=true isTtlExpired=false
00:17:59.273 [AsyncHttpClient-1-1] DEBUG org.asynchttpclient.netty.channel.DefaultChannelPool - Closing Idle Channel [id: 0xdd8e5ff3, L:/127.0.0.1:64401 ! R:localhost/127.0.0.1:64395]
00:17:59.273 [AsyncHttpClient-1-1] DEBUG org.asynchttpclient.netty.channel.DefaultChannelPool - Adding Candidate expired Channel [id: 0x3e2f3dbf, L:/127.0.0.1:64394 ! R:localhost/127.0.0.1:53134] isIdleTimeoutExpired=false isRemotelyClosed=true isTtlExpired=false
00:17:59.273 [AsyncHttpClient-1-1] DEBUG org.asynchttpclient.netty.channel.DefaultChannelPool - Closing Idle Channel [id: 0x3e2f3dbf, L:/127.0.0.1:64394 ! R:localhost/127.0.0.1:53134]
00:17:59.273 [AsyncHttpClient-1-1] DEBUG org.asynchttpclient.netty.channel.DefaultChannelPool - Closed 2 connections out of 2 in 0 ms
]]></system-out>
    <system-err><![CDATA[Starting ChromeDriver 99.0.4844.51 (d537ec02474b5afe23684e7963d538896c63ac77-refs/branch-heads/4844@{#875}) on port 53134
Only local connections are allowed.
Please see https://chromedriver.chromium.org/security-considerations for suggestions on keeping ChromeDriver safe.
ChromeDriver was started successfully.
[1651771071.943][WARNING]: This version of ChromeDriver has not been tested with Chrome version 100.
May 06, 2022 12:17:52 AM org.openqa.selenium.remote.ProtocolHandshake createSession
INFO: Detected dialect: W3C
May 06, 2022 12:17:52 AM org.openqa.selenium.devtools.CdpVersionFinder findNearestMatch
WARNING: Unable to find an exact match for CDP version 100, so returning the closest version found: 97
May 06, 2022 12:17:52 AM org.openqa.selenium.devtools.CdpVersionFinder findNearestMatch
INFO: Found CDP implementation for version 100 of 97
]]></system-err>
  </testcase>
</testsuite>