<?xml version="1.0" encoding="UTF-8"?>
<testsuite xmlns:xsi="http://www.w3.org/2001/XMLSchema-instance" xsi:noNamespaceSchemaLocation="https://maven.apache.org/surefire/maven-failsafe-plugin/xsd/failsafe-test-report-3.0.xsd" version="3.0" name="CucumberTestSuite" time="23.461" tests="1" errors="0" skipped="0" failures="0">
  <properties>
[...]
</properties>
  <testcase name="As a user, i have able to create account" classname="Register" time="17.637">
    <system-out><![CDATA[23:25:43.214 [main] INFO io.cucumber.core.plugin.SerenityReporter - Running feature from file:///D:/Mini%20Project-QE%20Alta/FrontEnd-AltaShop/src/test/resources/features/Register.feature
23:25:43.406 [main] INFO  - 

-------------------------------------------------------------------------------------
     _______. _______ .______       _______ .__   __.  __  .___________.____    ____ 
    /       ||   ____||   _  \     |   ____||  \ |  | |  | |           |\   \  /   / 
   |   (----`|  |__   |  |_)  |    |  |__   |   \|  | |  | `---|  |----` \   \/   /  
    \   \    |   __|  |      /     |   __|  |  . `  | |  |     |  |       \_    _/   
.----)   |   |  |____ |  |\  \----.|  |____ |  |\   | |  |     |  |         |  |     
|_______/    |_______|| _| `._____||_______||__| \__| |__|     |__|         |__|    
                                                                                     
 News and tutorials at http://www.serenity-bdd.info                                  
 Documentation at https://wakaleo.gitbooks.io/the-serenity-book/content/             
 Join the Serenity Community on Gitter: https://gitter.im/serenity-bdd/serenity-core 
 Serenity BDD Support and Training at http://serenity-bdd.info/#/trainingandsupport  
-------------------------------------------------------------------------------------

23:25:43.411 [main] DEBUG net.thucydides.core.steps.StepEventBus - Test suite started for story net.thucydides.core.model.Story@30e75088
23:25:43.419 [main] INFO  - Test Suite Started: Register
23:25:43.436 [main] INFO io.cucumber.core.plugin.SerenityReporter - Running feature from file:///D:/Mini%20Project-QE%20Alta/FrontEnd-AltaShop/src/test/resources/features/Register.feature
23:25:43.441 [main] DEBUG net.thucydides.core.steps.StepEventBus - Test suite started for story net.thucydides.core.model.Story@30e75088
23:25:43.441 [main] INFO  - Test Suite Started: Register

Scenario: As a user, i have able to create account &amp#27;[90m# src/test/resources/features/Register.feature:3&amp#27;[0m
23:25:43.574 [main] INFO io.cucumber.core.plugin.SerenityReporter - Running feature from file:///D:/Mini%20Project-QE%20Alta/FrontEnd-AltaShop/src/test/resources/features/Register.feature
23:25:43.728 [main] INFO  - 
  _____   ___   ___   _____     ___   _____     _     ___   _____   ___   ___  
 |_   _| | __| / __| |_   _|   / __| |_   _|   /_\   | _ \ |_   _| | __| |   \ 
   | |   | _|  \__ \   | |     \__ \   | |    / _ \  |   /   | |   | _|  | |) |
   |_|   |___| |___/   |_|     |___/   |_|   /_/ \_\ |_|_\   |_|   |___| |___/ 

As a user, i have able to create account(register;as-a-user--i-have-able-to-create-account)
--------------------------------------------------------------------------------
23:25:44.786 [main] DEBUG net.thucydides.core.steps.StepInterceptor - STARTING STEP: RegisterStep.iAmAtRegisterPage - onRegisterPage
23:25:44.835 [main] INFO net.serenitybdd.core.webdriver.driverproviders.ChromeDriverProvider - Using automatically driver download
23:25:45.755 [main] DEBUG io.github.bonigarcia.wdm.cache.ResolutionCache - Resolution chrome=100 in cache (valid until 23:36:34 05/05/2022 ICT)
23:25:45.767 [main] DEBUG io.github.bonigarcia.wdm.cache.ResolutionCache - Resolution chrome100=100.0.4896.60 in cache (valid until 20:02:20 06/05/2022 ICT)
23:25:45.772 [main] INFO io.github.bonigarcia.wdm.WebDriverManager - Using chromedriver 100.0.4896.60 (resolved driver for Chrome 100)
23:25:45.798 [main] DEBUG io.github.bonigarcia.wdm.WebDriverManager - Driver chromedriver 100.0.4896.60 found in cache
23:25:45.801 [main] INFO io.github.bonigarcia.wdm.WebDriverManager - Exporting webdriver.chrome.driver as C:\Users\Siti Nurlatipah\.cache\selenium\chromedriver\win32\100.0.4896.60\chromedriver.exe
23:25:46.530 [main] DEBUG net.thucydides.core.reflection.ClassFinder - Could not load class .CucumberTestSuite
23:25:46.530 [main] DEBUG net.thucydides.core.reflection.ClassFinder - Could not load class .starter.Login
23:25:46.530 [main] DEBUG net.thucydides.core.reflection.ClassFinder - Could not load class .starter.Register
23:25:46.530 [main] DEBUG net.thucydides.core.reflection.ClassFinder - Could not load class .stepdefinitions.RegisterStep
23:25:46.531 [main] DEBUG net.thucydides.core.reflection.ClassFinder - Could not load class META-INF.versions.9.com.sun.istack.logging.StackHelper
23:25:46.532 [main] DEBUG net.thucydides.core.reflection.ClassFinder - Could not load class META-INF.versions.9.com.sun.xml.bind.v2.runtime.reflect.opt.AccessorInjector
23:25:46.532 [main] DEBUG net.thucydides.core.reflection.ClassFinder - Could not load class META-INF.versions.9.com.sun.xml.bind.v2.runtime.reflect.opt.Injector
23:25:46.532 [main] DEBUG net.thucydides.core.reflection.ClassFinder - Could not load class META-INF.versions.9.com.sun.xml.bind.v2.runtime.reflect.opt.OptimizedAccessorFactory
23:25:46.533 [main] DEBUG net.thucydides.core.reflection.ClassFinder - Could not load class META-INF.versions.9.com.sun.xml.bind.v2.runtime.reflect.opt.OptimizedTransducedAccessorFactory
23:25:46.533 [main] DEBUG net.thucydides.core.reflection.ClassFinder - Could not load class META-INF.versions.9.io.opentelemetry.sdk.internal.CurrentJavaVersionSpecific
23:25:46.533 [main] DEBUG net.thucydides.core.reflection.ClassFinder - Could not load class META-INF.versions.9.io.opentelemetry.sdk.internal.Java9VersionSpecific
23:25:46.534 [main] DEBUG net.thucydides.core.reflection.ClassFinder - Could not load class META-INF.versions.9.javax.xml.bind.ModuleUtil
23:25:46.534 [main] DEBUG net.thucydides.core.reflection.ClassFinder - Could not load class META-INF.versions.9.module-info
23:25:46.535 [main] DEBUG net.thucydides.core.reflection.ClassFinder - Could not load class META-INF.versions.9.org.junit.platform.commons.util.ModuleUtils
23:25:46.936 [main] DEBUG net.thucydides.core.reflection.ClassFinder - Could not load class com.google.gson.internal.
23:25:47.190 [main] DEBUG net.thucydides.core.reflection.ClassFinder - Could not load class com.sun.xml.bind.v2.runtime.output.FastInfosetStreamWriterOutput
23:25:47.782 [main] DEBUG net.thucydides.core.reflection.ClassFinder - Could not load class module-info
23:25:51.196 [main] DEBUG io.netty.util.internal.logging.InternalLoggerFactory - Using SLF4J as the default logging framework
23:25:51.199 [main] DEBUG io.netty.util.ResourceLeakDetector - -Dio.netty.leakDetection.level: simple
23:25:51.199 [main] DEBUG io.netty.util.ResourceLeakDetector - -Dio.netty.leakDetection.targetRecords: 4
23:25:51.203 [main] DEBUG io.netty.util.ResourceLeakDetectorFactory - Loaded default ResourceLeakDetector: io.netty.util.ResourceLeakDetector@3947bad4
23:25:51.223 [main] DEBUG io.netty.util.internal.PlatformDependent0 - -Dio.netty.noUnsafe: false
23:25:51.223 [main] DEBUG io.netty.util.internal.PlatformDependent0 - Java version: 11
23:25:51.224 [main] DEBUG io.netty.util.internal.PlatformDependent0 - sun.misc.Unsafe.theUnsafe: available
23:25:51.225 [main] DEBUG io.netty.util.internal.PlatformDependent0 - sun.misc.Unsafe.copyMemory: available
23:25:51.225 [main] DEBUG io.netty.util.internal.PlatformDependent0 - java.nio.Buffer.address: available
23:25:51.226 [main] DEBUG io.netty.util.internal.PlatformDependent0 - direct buffer constructor: unavailable: Reflective setAccessible(true) disabled
23:25:51.226 [main] DEBUG io.netty.util.internal.PlatformDependent0 - java.nio.Bits.unaligned: available, true
23:25:51.227 [main] DEBUG io.netty.util.internal.PlatformDependent0 - jdk.internal.misc.Unsafe.allocateUninitializedArray(int): unavailable: class io.netty.util.internal.PlatformDependent0$6 cannot access class jdk.internal.misc.Unsafe (in module java.base) because module java.base does not export jdk.internal.misc to unnamed module @fff25f1
23:25:51.229 [main] DEBUG io.netty.util.internal.PlatformDependent0 - java.nio.DirectByteBuffer.<init>(long, int): unavailable
23:25:51.229 [main] DEBUG io.netty.util.internal.PlatformDependent - sun.misc.Unsafe: available
23:25:51.231 [main] DEBUG io.netty.util.internal.PlatformDependent - maxDirectMemory: 1579155456 bytes (maybe)
23:25:51.231 [main] DEBUG io.netty.util.internal.PlatformDependent - -Dio.netty.tmpdir: C:\Users\SITINU~1\AppData\Local\Temp (java.io.tmpdir)
23:25:51.231 [main] DEBUG io.netty.util.internal.PlatformDependent - -Dio.netty.bitMode: 64 (sun.arch.data.model)
23:25:51.232 [main] DEBUG io.netty.util.internal.PlatformDependent - Platform: Windows
23:25:51.233 [main] DEBUG io.netty.util.internal.PlatformDependent - -Dio.netty.maxDirectMemory: -1 bytes
23:25:51.233 [main] DEBUG io.netty.util.internal.PlatformDependent - -Dio.netty.uninitializedArrayAllocationThreshold: -1
23:25:51.234 [main] DEBUG io.netty.util.internal.CleanerJava9 - java.nio.ByteBuffer.cleaner(): available
23:25:51.234 [main] DEBUG io.netty.util.internal.PlatformDependent - -Dio.netty.noPreferDirect: false
23:25:51.245 [main] DEBUG io.netty.util.internal.PlatformDependent - org.jctools-core.MpscChunkedArrayQueue: available
23:25:51.264 [main] DEBUG io.netty.util.internal.InternalThreadLocalMap - -Dio.netty.threadLocalMap.stringBuilder.initialSize: 1024
23:25:51.264 [main] DEBUG io.netty.util.internal.InternalThreadLocalMap - -Dio.netty.threadLocalMap.stringBuilder.maxSize: 4096
23:25:51.297 [main] DEBUG io.netty.handler.ssl.JdkSslContext - Default protocols (JDK): [TLSv1.3, TLSv1.2] 
23:25:51.298 [main] DEBUG io.netty.handler.ssl.JdkSslContext - Default cipher suites (JDK): [TLS_ECDHE_ECDSA_WITH_AES_256_GCM_SHA384, TLS_ECDHE_ECDSA_WITH_AES_128_GCM_SHA256, TLS_ECDHE_RSA_WITH_AES_128_GCM_SHA256, TLS_ECDHE_RSA_WITH_AES_256_GCM_SHA384, TLS_ECDHE_RSA_WITH_AES_128_CBC_SHA, TLS_ECDHE_RSA_WITH_AES_256_CBC_SHA, TLS_RSA_WITH_AES_128_GCM_SHA256, TLS_RSA_WITH_AES_128_CBC_SHA, TLS_RSA_WITH_AES_256_CBC_SHA, TLS_AES_128_GCM_SHA256, TLS_AES_256_GCM_SHA384]
23:25:51.329 [main] DEBUG io.netty.channel.MultithreadEventLoopGroup - -Dio.netty.eventLoopThreads: 8
23:25:51.340 [main] DEBUG io.netty.channel.nio.NioEventLoop - -Dio.netty.noKeySetOptimization: false
23:25:51.340 [main] DEBUG io.netty.channel.nio.NioEventLoop - -Dio.netty.selectorAutoRebuildThreshold: 512
23:25:51.397 [main] DEBUG io.netty.buffer.PooledByteBufAllocator - -Dio.netty.allocator.numHeapArenas: 8
23:25:51.398 [main] DEBUG io.netty.buffer.PooledByteBufAllocator - -Dio.netty.allocator.numDirectArenas: 8
23:25:51.398 [main] DEBUG io.netty.buffer.PooledByteBufAllocator - -Dio.netty.allocator.pageSize: 8192
23:25:51.398 [main] DEBUG io.netty.buffer.PooledByteBufAllocator - -Dio.netty.allocator.maxOrder: 11
23:25:51.398 [main] DEBUG io.netty.buffer.PooledByteBufAllocator - -Dio.netty.allocator.chunkSize: 16777216
23:25:51.398 [main] DEBUG io.netty.buffer.PooledByteBufAllocator - -Dio.netty.allocator.smallCacheSize: 256
23:25:51.398 [main] DEBUG io.netty.buffer.PooledByteBufAllocator - -Dio.netty.allocator.normalCacheSize: 64
23:25:51.398 [main] DEBUG io.netty.buffer.PooledByteBufAllocator - -Dio.netty.allocator.maxCachedBufferCapacity: 32768
23:25:51.398 [main] DEBUG io.netty.buffer.PooledByteBufAllocator - -Dio.netty.allocator.cacheTrimInterval: 8192
23:25:51.398 [main] DEBUG io.netty.buffer.PooledByteBufAllocator - -Dio.netty.allocator.cacheTrimIntervalMillis: 0
23:25:51.398 [main] DEBUG io.netty.buffer.PooledByteBufAllocator - -Dio.netty.allocator.useCacheForAllThreads: true
23:25:51.398 [main] DEBUG io.netty.buffer.PooledByteBufAllocator - -Dio.netty.allocator.maxCachedByteBuffersPerChunk: 1023
23:25:51.411 [main] DEBUG io.netty.buffer.ByteBufUtil - -Dio.netty.allocator.type: pooled
23:25:51.411 [main] DEBUG io.netty.buffer.ByteBufUtil - -Dio.netty.threadLocalDirectBufferSize: 0
23:25:51.411 [main] DEBUG io.netty.buffer.ByteBufUtil - -Dio.netty.maxThreadLocalCharBufferSize: 16384
23:25:51.672 [main] DEBUG net.serenitybdd.core.webdriver.driverproviders.ProvideNewDriver - Instantiating driver
23:25:51.672 [main] DEBUG net.serenitybdd.core.webdriver.driverproviders.ProvideNewDriver - Driver capabilities: Capabilities {acceptInsecureCerts: false, base.url: https://qa.alta.id, browserName: chrome, chrome.driver: src/test/resources/webdrive..., driver: chrome, goog:chromeOptions: {args: [], extensions: []}}
23:25:52.471 [Forwarding newSession on session null to remote] DEBUG io.netty.channel.DefaultChannelId - -Dio.netty.processId: 3724 (auto-detected)
23:25:52.475 [Forwarding newSession on session null to remote] DEBUG io.netty.util.NetUtil - -Djava.net.preferIPv4Stack: false
23:25:52.475 [Forwarding newSession on session null to remote] DEBUG io.netty.util.NetUtil - -Djava.net.preferIPv6Addresses: false
23:25:53.110 [Forwarding newSession on session null to remote] DEBUG io.netty.util.NetUtilInitializations - Loopback interface: lo (Software Loopback Interface 1, 127.0.0.1)
23:25:53.111 [Forwarding newSession on session null to remote] DEBUG io.netty.util.NetUtil - Failed to get SOMAXCONN from sysctl and file \proc\sys\net\core\somaxconn. Default: 200
23:25:53.545 [Forwarding newSession on session null to remote] DEBUG io.netty.channel.DefaultChannelId - -Dio.netty.machineId: a4:97:b1:ff:fe:c8:9c:0f (auto-detected)
23:25:53.599 [AsyncHttpClient-1-2] DEBUG io.netty.buffer.AbstractByteBuf - -Dio.netty.buffer.checkAccessible: true
23:25:53.599 [AsyncHttpClient-1-2] DEBUG io.netty.buffer.AbstractByteBuf - -Dio.netty.buffer.checkBounds: true
23:25:53.599 [AsyncHttpClient-1-2] DEBUG io.netty.util.ResourceLeakDetectorFactory - Loaded default ResourceLeakDetector: io.netty.util.ResourceLeakDetector@54bd40fe
23:25:53.616 [AsyncHttpClient-1-2] DEBUG org.asynchttpclient.netty.channel.NettyConnectListener - Using new Channel '[id: 0x15c3b727, L:/127.0.0.1:62293 - R:localhost/127.0.0.1:54658]' for 'POST' to '/session'
23:25:53.635 [AsyncHttpClient-1-2] DEBUG io.netty.util.Recycler - -Dio.netty.recycler.maxCapacityPerThread: 4096
23:25:53.635 [AsyncHttpClient-1-2] DEBUG io.netty.util.Recycler - -Dio.netty.recycler.ratio: 8
23:25:53.635 [AsyncHttpClient-1-2] DEBUG io.netty.util.Recycler - -Dio.netty.recycler.chunkSize: 32
23:25:53.635 [AsyncHttpClient-1-2] DEBUG io.netty.util.Recycler - -Dio.netty.recycler.blocking: false
23:25:54.603 [AsyncHttpClient-1-2] DEBUG io.netty.handler.codec.compression.Brotli - brotli4j not in the classpath; Brotli support will be unavailable.
23:25:54.604 [AsyncHttpClient-1-2] DEBUG org.asynchttpclient.netty.handler.HttpHandler - 

Request DefaultHttpRequest(decodeResult: success, version: HTTP/1.1)
POST /session HTTP/1.1
User-Agent: selenium/4.1.2 (java windows)
Content-Length: 595
Content-Type: application/json; charset=utf-8
host: localhost:54658
accept: */*

Response DefaultHttpResponse(decodeResult: success, version: HTTP/1.1)
HTTP/1.1 200 OK
Content-Type: application/json; charset=utf-8
cache-control: no-cache
content-length: 793

23:25:54.618 [AsyncHttpClient-1-2] DEBUG org.asynchttpclient.netty.channel.ChannelManager - Adding key: http://localhost:54658 for channel [id: 0x15c3b727, L:/127.0.0.1:62293 - R:localhost/127.0.0.1:54658]
23:25:54.769 [AsyncHttpClient-1-3] DEBUG org.asynchttpclient.netty.channel.NettyConnectListener - Using new Channel '[id: 0x5e17f957, L:/127.0.0.1:62301 - R:localhost/127.0.0.1:62295]' for 'GET' to '/json/version'
23:25:54.789 [AsyncHttpClient-1-3] DEBUG org.asynchttpclient.netty.handler.HttpHandler - 

Request DefaultFullHttpRequest(decodeResult: success, version: HTTP/1.1, content: EmptyByteBufBE)
GET /json/version HTTP/1.1
User-Agent: selenium/4.1.2 (java windows)
host: localhost:62295
accept: */*

Response DefaultHttpResponse(decodeResult: success, version: HTTP/1.1)
HTTP/1.1 200 OK
Content-Type: application/json; charset=UTF-8
content-length: 429

23:25:54.790 [AsyncHttpClient-1-3] DEBUG org.asynchttpclient.netty.channel.ChannelManager - Adding key: http://localhost:62295 for channel [id: 0x5e17f957, L:/127.0.0.1:62301 - R:localhost/127.0.0.1:62295]
23:25:54.803 [main] DEBUG io.netty.util.internal.ThreadLocalRandom - -Dio.netty.initialSeedUniquifier: 0xfd5e69b97d605318
23:25:54.813 [AsyncHttpClient-1-4] DEBUG org.asynchttpclient.netty.channel.NettyConnectListener - Using new Channel '[id: 0x2869a6e3, L:/127.0.0.1:62302 - R:localhost/127.0.0.1:62295]' for 'GET' to '/devtools/browser/019528d2-6d01-4600-9900-5b1c85d93785'
23:25:54.825 [AsyncHttpClient-1-4] DEBUG org.asynchttpclient.netty.handler.WebSocketHandler - 

Request DefaultFullHttpRequest(decodeResult: success, version: HTTP/1.1, content: EmptyByteBufBE)
GET /devtools/browser/019528d2-6d01-4600-9900-5b1c85d93785 HTTP/1.1
upgrade: websocket
connection: upgrade
sec-websocket-key: N/0OUBLJIOdRKdSjiwOaXw==
sec-websocket-version: 13
origin: http://localhost:62295
host: localhost:62295
accept: */*
user-agent: AHC/2.1

Response DefaultHttpResponse(decodeResult: success, version: HTTP/1.1)
HTTP/1.1 101 WebSocket Protocol Handshake
Upgrade: WebSocket
Connection: Upgrade
Sec-WebSocket-Accept: BumZltc/Xy35AGyOzPEx4Rgt6xQ=

23:25:55.661 [AsyncHttpClient-1-1] DEBUG org.asynchttpclient.netty.channel.DefaultChannelPool - Entry count for : http://localhost:54658 : 1
23:25:55.661 [AsyncHttpClient-1-1] DEBUG org.asynchttpclient.netty.channel.DefaultChannelPool - Entry count for : http://localhost:62295 : 1
23:25:55.741 [main] DEBUG net.thucydides.core.reflection.ClassFinder - Could not load class .CucumberTestSuite
23:25:55.741 [main] DEBUG net.thucydides.core.reflection.ClassFinder - Could not load class .starter.Login
23:25:55.741 [main] DEBUG net.thucydides.core.reflection.ClassFinder - Could not load class .starter.Register
23:25:55.741 [main] DEBUG net.thucydides.core.reflection.ClassFinder - Could not load class .stepdefinitions.RegisterStep
23:25:55.742 [main] DEBUG net.thucydides.core.reflection.ClassFinder - Could not load class META-INF.versions.9.com.sun.istack.logging.StackHelper
23:25:55.742 [main] DEBUG net.thucydides.core.reflection.ClassFinder - Could not load class META-INF.versions.9.com.sun.xml.bind.v2.runtime.reflect.opt.AccessorInjector
23:25:55.743 [main] DEBUG net.thucydides.core.reflection.ClassFinder - Could not load class META-INF.versions.9.com.sun.xml.bind.v2.runtime.reflect.opt.Injector
23:25:55.743 [main] DEBUG net.thucydides.core.reflection.ClassFinder - Could not load class META-INF.versions.9.com.sun.xml.bind.v2.runtime.reflect.opt.OptimizedAccessorFactory
23:25:55.744 [main] DEBUG net.thucydides.core.reflection.ClassFinder - Could not load class META-INF.versions.9.com.sun.xml.bind.v2.runtime.reflect.opt.OptimizedTransducedAccessorFactory
23:25:55.745 [main] DEBUG net.thucydides.core.reflection.ClassFinder - Could not load class META-INF.versions.9.io.opentelemetry.sdk.internal.CurrentJavaVersionSpecific
23:25:55.745 [main] DEBUG net.thucydides.core.reflection.ClassFinder - Could not load class META-INF.versions.9.io.opentelemetry.sdk.internal.Java9VersionSpecific
23:25:55.746 [main] DEBUG net.thucydides.core.reflection.ClassFinder - Could not load class META-INF.versions.9.javax.xml.bind.ModuleUtil
23:25:55.747 [main] DEBUG net.thucydides.core.reflection.ClassFinder - Could not load class META-INF.versions.9.module-info
23:25:55.748 [main] DEBUG net.thucydides.core.reflection.ClassFinder - Could not load class META-INF.versions.9.org.junit.platform.commons.util.ModuleUtils
23:25:55.754 [main] DEBUG net.thucydides.core.reflection.ClassFinder - Could not load class com.google.gson.internal.
23:25:55.756 [main] DEBUG net.thucydides.core.reflection.ClassFinder - Could not load class com.sun.xml.bind.v2.runtime.output.FastInfosetStreamWriterOutput
23:25:55.761 [main] DEBUG net.thucydides.core.reflection.ClassFinder - Could not load class module-info
23:25:55.800 [Forwarding get on session b5ccded73e790d129d74f99a275ce6e2 to remote] DEBUG org.asynchttpclient.netty.request.NettyRequestSender - Using pooled Channel '[id: 0x15c3b727, L:/127.0.0.1:62293 - R:localhost/127.0.0.1:54658]' for 'POST' to 'http://localhost:54658/session/b5ccded73e790d129d74f99a275ce6e2/url'
23:25:55.800 [Forwarding get on session b5ccded73e790d129d74f99a275ce6e2 to remote] DEBUG org.asynchttpclient.netty.request.NettyRequestSender - Using open Channel [id: 0x15c3b727, L:/127.0.0.1:62293 - R:localhost/127.0.0.1:54658] for POST '/session/b5ccded73e790d129d74f99a275ce6e2/url'
23:25:56.754 [AsyncHttpClient-1-1] DEBUG org.asynchttpclient.netty.channel.DefaultChannelPool - Entry count for : http://localhost:62295 : 1
23:25:57.475 [AsyncHttpClient-1-2] DEBUG org.asynchttpclient.netty.handler.HttpHandler - 

Request DefaultHttpRequest(decodeResult: success, version: HTTP/1.1)
POST /session/b5ccded73e790d129d74f99a275ce6e2/url HTTP/1.1
User-Agent: selenium/4.1.2 (java windows)
Content-Length: 67
Content-Type: application/json; charset=utf-8
host: localhost:54658
accept: */*

Response DefaultHttpResponse(decodeResult: success, version: HTTP/1.1)
HTTP/1.1 200 OK
Content-Type: application/json; charset=utf-8
cache-control: no-cache
content-length: 14

23:25:57.476 [AsyncHttpClient-1-2] DEBUG org.asynchttpclient.netty.channel.ChannelManager - Adding key: http://localhost:54658 for channel [id: 0x15c3b727, L:/127.0.0.1:62293 - R:localhost/127.0.0.1:54658]
23:25:57.488 [Forwarding setTimeout on session b5ccded73e790d129d74f99a275ce6e2 to remote] DEBUG org.asynchttpclient.netty.request.NettyRequestSender - Using pooled Channel '[id: 0x15c3b727, L:/127.0.0.1:62293 - R:localhost/127.0.0.1:54658]' for 'POST' to 'http://localhost:54658/session/b5ccded73e790d129d74f99a275ce6e2/timeouts'
23:25:57.489 [Forwarding setTimeout on session b5ccded73e790d129d74f99a275ce6e2 to remote] DEBUG org.asynchttpclient.netty.request.NettyRequestSender - Using open Channel [id: 0x15c3b727, L:/127.0.0.1:62293 - R:localhost/127.0.0.1:54658] for POST '/session/b5ccded73e790d129d74f99a275ce6e2/timeouts'
23:25:57.494 [AsyncHttpClient-1-2] DEBUG org.asynchttpclient.netty.handler.HttpHandler - 

Request DefaultHttpRequest(decodeResult: success, version: HTTP/1.1)
POST /session/b5ccded73e790d129d74f99a275ce6e2/timeouts HTTP/1.1
User-Agent: selenium/4.1.2 (java windows)
Content-Length: 22
Content-Type: application/json; charset=utf-8
host: localhost:54658
accept: */*

Response DefaultHttpResponse(decodeResult: success, version: HTTP/1.1)
HTTP/1.1 200 OK
Content-Type: application/json; charset=utf-8
cache-control: no-cache
content-length: 14

23:25:57.494 [AsyncHttpClient-1-2] DEBUG org.asynchttpclient.netty.channel.ChannelManager - Adding key: http://localhost:54658 for channel [id: 0x15c3b727, L:/127.0.0.1:62293 - R:localhost/127.0.0.1:54658]
23:25:57.512 [Forwarding getCurrentUrl on session b5ccded73e790d129d74f99a275ce6e2 to remote] DEBUG org.asynchttpclient.netty.request.NettyRequestSender - Using pooled Channel '[id: 0x15c3b727, L:/127.0.0.1:62293 - R:localhost/127.0.0.1:54658]' for 'GET' to 'http://localhost:54658/session/b5ccded73e790d129d74f99a275ce6e2/url'
23:25:57.512 [Forwarding getCurrentUrl on session b5ccded73e790d129d74f99a275ce6e2 to remote] DEBUG org.asynchttpclient.netty.request.NettyRequestSender - Using open Channel [id: 0x15c3b727, L:/127.0.0.1:62293 - R:localhost/127.0.0.1:54658] for GET '/session/b5ccded73e790d129d74f99a275ce6e2/url'
23:25:57.528 [AsyncHttpClient-1-2] DEBUG org.asynchttpclient.netty.handler.HttpHandler - 

Request DefaultFullHttpRequest(decodeResult: success, version: HTTP/1.1, content: EmptyByteBufBE)
GET /session/b5ccded73e790d129d74f99a275ce6e2/url HTTP/1.1
User-Agent: selenium/4.1.2 (java windows)
Cache-Control: no-cache
Content-Type: application/json; charset=utf-8
host: localhost:54658
accept: */*

Response DefaultHttpResponse(decodeResult: success, version: HTTP/1.1)
HTTP/1.1 200 OK
Content-Type: application/json; charset=utf-8
cache-control: no-cache
content-length: 44

23:25:57.529 [AsyncHttpClient-1-2] DEBUG org.asynchttpclient.netty.channel.ChannelManager - Adding key: http://localhost:54658 for channel [id: 0x15c3b727, L:/127.0.0.1:62293 - R:localhost/127.0.0.1:54658]
23:25:57.601 [main] DEBUG net.serenitybdd.core.photography.Darkroom - Opening darkroom
23:25:57.603 [Forwarding screenshot on session b5ccded73e790d129d74f99a275ce6e2 to remote] DEBUG org.asynchttpclient.netty.request.NettyRequestSender - Using pooled Channel '[id: 0x15c3b727, L:/127.0.0.1:62293 - R:localhost/127.0.0.1:54658]' for 'GET' to 'http://localhost:54658/session/b5ccded73e790d129d74f99a275ce6e2/screenshot'
23:25:57.603 [Forwarding screenshot on session b5ccded73e790d129d74f99a275ce6e2 to remote] DEBUG org.asynchttpclient.netty.request.NettyRequestSender - Using open Channel [id: 0x15c3b727, L:/127.0.0.1:62293 - R:localhost/127.0.0.1:54658] for GET '/session/b5ccded73e790d129d74f99a275ce6e2/screenshot'
23:25:57.621 [Darkroom Processing Line] DEBUG net.serenitybdd.core.photography.DarkroomProcessingLine - Darkroom processing line starting up
23:25:57.811 [AsyncHttpClient-1-2] DEBUG org.asynchttpclient.netty.handler.HttpHandler - 

Request DefaultFullHttpRequest(decodeResult: success, version: HTTP/1.1, content: EmptyByteBufBE)
GET /session/b5ccded73e790d129d74f99a275ce6e2/screenshot HTTP/1.1
User-Agent: selenium/4.1.2 (java windows)
Cache-Control: no-cache
Content-Type: application/json; charset=utf-8
host: localhost:54658
accept: */*

Response DefaultHttpResponse(decodeResult: success, version: HTTP/1.1)
HTTP/1.1 200 OK
Content-Type: application/json; charset=utf-8
cache-control: no-cache
content-length: 44716

23:25:57.812 [AsyncHttpClient-1-2] DEBUG org.asynchttpclient.netty.channel.ChannelManager - Adding key: http://localhost:54658 for channel [id: 0x15c3b727, L:/127.0.0.1:62293 - R:localhost/127.0.0.1:54658]
23:25:57.851 [AsyncHttpClient-1-1] DEBUG org.asynchttpclient.netty.channel.DefaultChannelPool - Entry count for : http://localhost:54658 : 1
23:25:57.851 [AsyncHttpClient-1-1] DEBUG org.asynchttpclient.netty.channel.DefaultChannelPool - Entry count for : http://localhost:62295 : 1
23:25:57.902 [main] DEBUG net.serenitybdd.core.photography.Darkroom - Send negative for processing for target\site\serenity\33ddfa6718aa2f09fc0e18bea197612047bccd0f362db96346f936c9007dfd9e.png
23:25:57.903 [Darkroom Processing Line] DEBUG net.serenitybdd.core.photography.DarkroomProcessingLine - Processing screenshot image in /var/screenshots/screenshot-18352661824700995962
23:25:57.904 [Darkroom Processing Line] DEBUG net.serenitybdd.core.photography.DarkroomProcessingLine - Saving screenshot to target\site\serenity\33ddfa6718aa2f09fc0e18bea197612047bccd0f362db96346f936c9007dfd9e.png
23:25:57.907 [main] DEBUG net.thucydides.core.steps.StepInterceptor - STEP DONE: onRegisterPage
  &amp#27;[32mGiven &amp#27;[0m&amp#27;[32m&amp#27;[0m&amp#27;[32m&amp#27;[1mI&amp#27;[0m&amp#27;[32m am at register page&amp#27;[0m                      &amp#27;[90m# stepdefinitions.RegisterStep.iAmAtRegisterPage(java.lang.String)&amp#27;[0m
23:25:57.945 [main] DEBUG net.thucydides.core.steps.StepInterceptor - STARTING STEP: RegisterStep.iTypeFullname - typeFullname
23:25:57.951 [Forwarding findElement on session b5ccded73e790d129d74f99a275ce6e2 to remote] DEBUG org.asynchttpclient.netty.request.NettyRequestSender - Using pooled Channel '[id: 0x15c3b727, L:/127.0.0.1:62293 - R:localhost/127.0.0.1:54658]' for 'POST' to 'http://localhost:54658/session/b5ccded73e790d129d74f99a275ce6e2/element'
23:25:57.952 [Forwarding findElement on session b5ccded73e790d129d74f99a275ce6e2 to remote] DEBUG org.asynchttpclient.netty.request.NettyRequestSender - Using open Channel [id: 0x15c3b727, L:/127.0.0.1:62293 - R:localhost/127.0.0.1:54658] for POST '/session/b5ccded73e790d129d74f99a275ce6e2/element'
23:25:57.964 [AsyncHttpClient-1-2] DEBUG org.asynchttpclient.netty.handler.HttpHandler - 

Request DefaultHttpRequest(decodeResult: success, version: HTTP/1.1)
POST /session/b5ccded73e790d129d74f99a275ce6e2/element HTTP/1.1
User-Agent: selenium/4.1.2 (java windows)
Content-Length: 91
Content-Type: application/json; charset=utf-8
host: localhost:54658
accept: */*

Response DefaultHttpResponse(decodeResult: success, version: HTTP/1.1)
HTTP/1.1 200 OK
Content-Type: application/json; charset=utf-8
cache-control: no-cache
content-length: 88

23:25:57.964 [AsyncHttpClient-1-2] DEBUG org.asynchttpclient.netty.channel.ChannelManager - Adding key: http://localhost:54658 for channel [id: 0x15c3b727, L:/127.0.0.1:62293 - R:localhost/127.0.0.1:54658]
23:25:57.969 [Forwarding sendKeysToElement on session b5ccded73e790d129d74f99a275ce6e2 to remote] DEBUG org.asynchttpclient.netty.request.NettyRequestSender - Using pooled Channel '[id: 0x15c3b727, L:/127.0.0.1:62293 - R:localhost/127.0.0.1:54658]' for 'POST' to 'http://localhost:54658/session/b5ccded73e790d129d74f99a275ce6e2/element/604084af-e275-4756-a81f-f99b2b556c4c/value'
23:25:57.969 [Forwarding sendKeysToElement on session b5ccded73e790d129d74f99a275ce6e2 to remote] DEBUG org.asynchttpclient.netty.request.NettyRequestSender - Using open Channel [id: 0x15c3b727, L:/127.0.0.1:62293 - R:localhost/127.0.0.1:54658] for POST '/session/b5ccded73e790d129d74f99a275ce6e2/element/604084af-e275-4756-a81f-f99b2b556c4c/value'
23:25:58.106 [AsyncHttpClient-1-2] DEBUG org.asynchttpclient.netty.handler.HttpHandler - 

Request DefaultHttpRequest(decodeResult: success, version: HTTP/1.1)
POST /session/b5ccded73e790d129d74f99a275ce6e2/element/604084af-e275-4756-a81f-f99b2b556c4c/value HTTP/1.1
User-Agent: selenium/4.1.2 (java windows)
Content-Length: 211
Content-Type: application/json; charset=utf-8
host: localhost:54658
accept: */*

Response DefaultHttpResponse(decodeResult: success, version: HTTP/1.1)
HTTP/1.1 200 OK
Content-Type: application/json; charset=utf-8
cache-control: no-cache
content-length: 14

23:25:58.106 [AsyncHttpClient-1-2] DEBUG org.asynchttpclient.netty.channel.ChannelManager - Adding key: http://localhost:54658 for channel [id: 0x15c3b727, L:/127.0.0.1:62293 - R:localhost/127.0.0.1:54658]
23:25:58.112 [Forwarding screenshot on session b5ccded73e790d129d74f99a275ce6e2 to remote] DEBUG org.asynchttpclient.netty.request.NettyRequestSender - Using pooled Channel '[id: 0x15c3b727, L:/127.0.0.1:62293 - R:localhost/127.0.0.1:54658]' for 'GET' to 'http://localhost:54658/session/b5ccded73e790d129d74f99a275ce6e2/screenshot'
23:25:58.112 [Forwarding screenshot on session b5ccded73e790d129d74f99a275ce6e2 to remote] DEBUG org.asynchttpclient.netty.request.NettyRequestSender - Using open Channel [id: 0x15c3b727, L:/127.0.0.1:62293 - R:localhost/127.0.0.1:54658] for GET '/session/b5ccded73e790d129d74f99a275ce6e2/screenshot'
23:25:58.260 [AsyncHttpClient-1-2] DEBUG org.asynchttpclient.netty.handler.HttpHandler - 

Request DefaultFullHttpRequest(decodeResult: success, version: HTTP/1.1, content: EmptyByteBufBE)
GET /session/b5ccded73e790d129d74f99a275ce6e2/screenshot HTTP/1.1
User-Agent: selenium/4.1.2 (java windows)
Cache-Control: no-cache
Content-Type: application/json; charset=utf-8
host: localhost:54658
accept: */*

Response DefaultHttpResponse(decodeResult: success, version: HTTP/1.1)
HTTP/1.1 200 OK
Content-Type: application/json; charset=utf-8
cache-control: no-cache
content-length: 48212

23:25:58.261 [AsyncHttpClient-1-2] DEBUG org.asynchttpclient.netty.channel.ChannelManager - Adding key: http://localhost:54658 for channel [id: 0x15c3b727, L:/127.0.0.1:62293 - R:localhost/127.0.0.1:54658]
23:25:58.266 [main] DEBUG net.serenitybdd.core.photography.Darkroom - Send negative for processing for target\site\serenity\ca3f8a3066b60c3483b7ea14ac443d4e19dc5c193ce47718cf5ab0752ad94eaa.png
23:25:58.268 [main] DEBUG net.thucydides.core.steps.StepInterceptor - STEP DONE: typeFullname
  &amp#27;[32mWhen &amp#27;[0m&amp#27;[32mI type fullname &amp#27;[0m&amp#27;[32m&amp#27;[1mMei Apriliani&amp#27;[0m               &amp#27;[90m# stepdefinitions.RegisterStep.iTypeFullname(java.lang.String)&amp#27;[0m
23:25:58.269 [Darkroom Processing Line] DEBUG net.serenitybdd.core.photography.DarkroomProcessingLine - Processing screenshot image in /var/screenshots/screenshot-7858773781820473725
23:25:58.269 [Darkroom Processing Line] DEBUG net.serenitybdd.core.photography.DarkroomProcessingLine - Saving screenshot to target\site\serenity\ca3f8a3066b60c3483b7ea14ac443d4e19dc5c193ce47718cf5ab0752ad94eaa.png
23:25:58.560 [Forwarding screenshot on session b5ccded73e790d129d74f99a275ce6e2 to remote] DEBUG org.asynchttpclient.netty.request.NettyRequestSender - Using pooled Channel '[id: 0x15c3b727, L:/127.0.0.1:62293 - R:localhost/127.0.0.1:54658]' for 'GET' to 'http://localhost:54658/session/b5ccded73e790d129d74f99a275ce6e2/screenshot'
23:25:58.560 [Forwarding screenshot on session b5ccded73e790d129d74f99a275ce6e2 to remote] DEBUG org.asynchttpclient.netty.request.NettyRequestSender - Using open Channel [id: 0x15c3b727, L:/127.0.0.1:62293 - R:localhost/127.0.0.1:54658] for GET '/session/b5ccded73e790d129d74f99a275ce6e2/screenshot'
23:25:58.680 [AsyncHttpClient-1-2] DEBUG org.asynchttpclient.netty.handler.HttpHandler - 

Request DefaultFullHttpRequest(decodeResult: success, version: HTTP/1.1, content: EmptyByteBufBE)
GET /session/b5ccded73e790d129d74f99a275ce6e2/screenshot HTTP/1.1
User-Agent: selenium/4.1.2 (java windows)
Cache-Control: no-cache
Content-Type: application/json; charset=utf-8
host: localhost:54658
accept: */*

Response DefaultHttpResponse(decodeResult: success, version: HTTP/1.1)
HTTP/1.1 200 OK
Content-Type: application/json; charset=utf-8
cache-control: no-cache
content-length: 46996

23:25:58.680 [AsyncHttpClient-1-2] DEBUG org.asynchttpclient.netty.channel.ChannelManager - Adding key: http://localhost:54658 for channel [id: 0x15c3b727, L:/127.0.0.1:62293 - R:localhost/127.0.0.1:54658]
23:25:58.683 [main] DEBUG net.serenitybdd.core.photography.Darkroom - Send negative for processing for target\site\serenity\12afe1046ea0d852314566cb4088d1022b37cf6ae1ab26f4bbb3d4c700e3805b.png
23:25:58.684 [main] DEBUG net.thucydides.core.steps.StepInterceptor - STARTING STEP: RegisterStep.iTypeEmail - typeEmail
23:25:58.684 [Darkroom Processing Line] DEBUG net.serenitybdd.core.photography.DarkroomProcessingLine - Processing screenshot image in /var/screenshots/screenshot-13339055532629795313
23:25:58.684 [Darkroom Processing Line] DEBUG net.serenitybdd.core.photography.DarkroomProcessingLine - Saving screenshot to target\site\serenity\12afe1046ea0d852314566cb4088d1022b37cf6ae1ab26f4bbb3d4c700e3805b.png
23:25:58.688 [Forwarding findElement on session b5ccded73e790d129d74f99a275ce6e2 to remote] DEBUG org.asynchttpclient.netty.request.NettyRequestSender - Using pooled Channel '[id: 0x15c3b727, L:/127.0.0.1:62293 - R:localhost/127.0.0.1:54658]' for 'POST' to 'http://localhost:54658/session/b5ccded73e790d129d74f99a275ce6e2/element'
23:25:58.688 [Forwarding findElement on session b5ccded73e790d129d74f99a275ce6e2 to remote] DEBUG org.asynchttpclient.netty.request.NettyRequestSender - Using open Channel [id: 0x15c3b727, L:/127.0.0.1:62293 - R:localhost/127.0.0.1:54658] for POST '/session/b5ccded73e790d129d74f99a275ce6e2/element'
23:25:58.699 [AsyncHttpClient-1-2] DEBUG org.asynchttpclient.netty.handler.HttpHandler - 

Request DefaultHttpRequest(decodeResult: success, version: HTTP/1.1)
POST /session/b5ccded73e790d129d74f99a275ce6e2/element HTTP/1.1
User-Agent: selenium/4.1.2 (java windows)
Content-Length: 84
Content-Type: application/json; charset=utf-8
host: localhost:54658
accept: */*

Response DefaultHttpResponse(decodeResult: success, version: HTTP/1.1)
HTTP/1.1 200 OK
Content-Type: application/json; charset=utf-8
cache-control: no-cache
content-length: 88

23:25:58.699 [AsyncHttpClient-1-2] DEBUG org.asynchttpclient.netty.channel.ChannelManager - Adding key: http://localhost:54658 for channel [id: 0x15c3b727, L:/127.0.0.1:62293 - R:localhost/127.0.0.1:54658]
23:25:58.702 [Forwarding sendKeysToElement on session b5ccded73e790d129d74f99a275ce6e2 to remote] DEBUG org.asynchttpclient.netty.request.NettyRequestSender - Using pooled Channel '[id: 0x15c3b727, L:/127.0.0.1:62293 - R:localhost/127.0.0.1:54658]' for 'POST' to 'http://localhost:54658/session/b5ccded73e790d129d74f99a275ce6e2/element/8b4cb716-3df9-42e6-85d3-46a98cf1290a/value'
23:25:58.702 [Forwarding sendKeysToElement on session b5ccded73e790d129d74f99a275ce6e2 to remote] DEBUG org.asynchttpclient.netty.request.NettyRequestSender - Using open Channel [id: 0x15c3b727, L:/127.0.0.1:62293 - R:localhost/127.0.0.1:54658] for POST '/session/b5ccded73e790d129d74f99a275ce6e2/element/8b4cb716-3df9-42e6-85d3-46a98cf1290a/value'
23:25:58.874 [AsyncHttpClient-1-2] DEBUG org.asynchttpclient.netty.handler.HttpHandler - 

Request DefaultHttpRequest(decodeResult: success, version: HTTP/1.1)
POST /session/b5ccded73e790d129d74f99a275ce6e2/element/8b4cb716-3df9-42e6-85d3-46a98cf1290a/value HTTP/1.1
User-Agent: selenium/4.1.2 (java windows)
Content-Length: 361
Content-Type: application/json; charset=utf-8
host: localhost:54658
accept: */*

Response DefaultHttpResponse(decodeResult: success, version: HTTP/1.1)
HTTP/1.1 200 OK
Content-Type: application/json; charset=utf-8
cache-control: no-cache
content-length: 14

23:25:58.874 [AsyncHttpClient-1-2] DEBUG org.asynchttpclient.netty.channel.ChannelManager - Adding key: http://localhost:54658 for channel [id: 0x15c3b727, L:/127.0.0.1:62293 - R:localhost/127.0.0.1:54658]
23:25:58.879 [Forwarding screenshot on session b5ccded73e790d129d74f99a275ce6e2 to remote] DEBUG org.asynchttpclient.netty.request.NettyRequestSender - Using pooled Channel '[id: 0x15c3b727, L:/127.0.0.1:62293 - R:localhost/127.0.0.1:54658]' for 'GET' to 'http://localhost:54658/session/b5ccded73e790d129d74f99a275ce6e2/screenshot'
23:25:58.879 [Forwarding screenshot on session b5ccded73e790d129d74f99a275ce6e2 to remote] DEBUG org.asynchttpclient.netty.request.NettyRequestSender - Using open Channel [id: 0x15c3b727, L:/127.0.0.1:62293 - R:localhost/127.0.0.1:54658] for GET '/session/b5ccded73e790d129d74f99a275ce6e2/screenshot'
23:25:58.950 [AsyncHttpClient-1-1] DEBUG org.asynchttpclient.netty.channel.DefaultChannelPool - Entry count for : http://localhost:62295 : 1
23:25:59.041 [AsyncHttpClient-1-2] DEBUG org.asynchttpclient.netty.handler.HttpHandler - 

Request DefaultFullHttpRequest(decodeResult: success, version: HTTP/1.1, content: EmptyByteBufBE)
GET /session/b5ccded73e790d129d74f99a275ce6e2/screenshot HTTP/1.1
User-Agent: selenium/4.1.2 (java windows)
Cache-Control: no-cache
Content-Type: application/json; charset=utf-8
host: localhost:54658
accept: */*

Response DefaultHttpResponse(decodeResult: success, version: HTTP/1.1)
HTTP/1.1 200 OK
Content-Type: application/json; charset=utf-8
cache-control: no-cache
content-length: 56672

23:25:59.042 [AsyncHttpClient-1-2] DEBUG org.asynchttpclient.netty.channel.ChannelManager - Adding key: http://localhost:54658 for channel [id: 0x15c3b727, L:/127.0.0.1:62293 - R:localhost/127.0.0.1:54658]
23:25:59.045 [main] DEBUG net.serenitybdd.core.photography.Darkroom - Send negative for processing for target\site\serenity\82d0e4b401cddaae0cb63a430452f3c001c9319ad19e0875c865937f320c4794.png
23:25:59.045 [main] DEBUG net.thucydides.core.steps.StepInterceptor - STEP DONE: typeEmail
  &amp#27;[32mAnd &amp#27;[0m&amp#27;[32mI type email&amp#27;[0m                                 &amp#27;[90m# stepdefinitions.RegisterStep.iTypeEmail()&amp#27;[0m
23:25:59.045 [Darkroom Processing Line] DEBUG net.serenitybdd.core.photography.DarkroomProcessingLine - Processing screenshot image in /var/screenshots/screenshot-3029003455468722282
23:25:59.045 [Darkroom Processing Line] DEBUG net.serenitybdd.core.photography.DarkroomProcessingLine - Saving screenshot to target\site\serenity\82d0e4b401cddaae0cb63a430452f3c001c9319ad19e0875c865937f320c4794.png
23:25:59.065 [main] DEBUG net.thucydides.core.steps.StepInterceptor - STARTING STEP: RegisterStep.iTypePassword - typePassword
23:25:59.071 [Forwarding findElement on session b5ccded73e790d129d74f99a275ce6e2 to remote] DEBUG org.asynchttpclient.netty.request.NettyRequestSender - Using pooled Channel '[id: 0x15c3b727, L:/127.0.0.1:62293 - R:localhost/127.0.0.1:54658]' for 'POST' to 'http://localhost:54658/session/b5ccded73e790d129d74f99a275ce6e2/element'
23:25:59.071 [Forwarding findElement on session b5ccded73e790d129d74f99a275ce6e2 to remote] DEBUG org.asynchttpclient.netty.request.NettyRequestSender - Using open Channel [id: 0x15c3b727, L:/127.0.0.1:62293 - R:localhost/127.0.0.1:54658] for POST '/session/b5ccded73e790d129d74f99a275ce6e2/element'
23:25:59.082 [AsyncHttpClient-1-2] DEBUG org.asynchttpclient.netty.handler.HttpHandler - 

Request DefaultHttpRequest(decodeResult: success, version: HTTP/1.1)
POST /session/b5ccded73e790d129d74f99a275ce6e2/element HTTP/1.1
User-Agent: selenium/4.1.2 (java windows)
Content-Length: 87
Content-Type: application/json; charset=utf-8
host: localhost:54658
accept: */*

Response DefaultHttpResponse(decodeResult: success, version: HTTP/1.1)
HTTP/1.1 200 OK
Content-Type: application/json; charset=utf-8
cache-control: no-cache
content-length: 88

23:25:59.082 [AsyncHttpClient-1-2] DEBUG org.asynchttpclient.netty.channel.ChannelManager - Adding key: http://localhost:54658 for channel [id: 0x15c3b727, L:/127.0.0.1:62293 - R:localhost/127.0.0.1:54658]
23:25:59.086 [Forwarding sendKeysToElement on session b5ccded73e790d129d74f99a275ce6e2 to remote] DEBUG org.asynchttpclient.netty.request.NettyRequestSender - Using pooled Channel '[id: 0x15c3b727, L:/127.0.0.1:62293 - R:localhost/127.0.0.1:54658]' for 'POST' to 'http://localhost:54658/session/b5ccded73e790d129d74f99a275ce6e2/element/a6d1e785-3744-43fd-a453-2858254ba917/value'
23:25:59.086 [Forwarding sendKeysToElement on session b5ccded73e790d129d74f99a275ce6e2 to remote] DEBUG org.asynchttpclient.netty.request.NettyRequestSender - Using open Channel [id: 0x15c3b727, L:/127.0.0.1:62293 - R:localhost/127.0.0.1:54658] for POST '/session/b5ccded73e790d129d74f99a275ce6e2/element/a6d1e785-3744-43fd-a453-2858254ba917/value'
23:25:59.155 [AsyncHttpClient-1-2] DEBUG org.asynchttpclient.netty.handler.HttpHandler - 

Request DefaultHttpRequest(decodeResult: success, version: HTTP/1.1)
POST /session/b5ccded73e790d129d74f99a275ce6e2/element/a6d1e785-3744-43fd-a453-2858254ba917/value HTTP/1.1
User-Agent: selenium/4.1.2 (java windows)
Content-Length: 131
Content-Type: application/json; charset=utf-8
host: localhost:54658
accept: */*

Response DefaultHttpResponse(decodeResult: success, version: HTTP/1.1)
HTTP/1.1 200 OK
Content-Type: application/json; charset=utf-8
cache-control: no-cache
content-length: 14

23:25:59.156 [AsyncHttpClient-1-2] DEBUG org.asynchttpclient.netty.channel.ChannelManager - Adding key: http://localhost:54658 for channel [id: 0x15c3b727, L:/127.0.0.1:62293 - R:localhost/127.0.0.1:54658]
23:25:59.161 [Forwarding screenshot on session b5ccded73e790d129d74f99a275ce6e2 to remote] DEBUG org.asynchttpclient.netty.request.NettyRequestSender - Using pooled Channel '[id: 0x15c3b727, L:/127.0.0.1:62293 - R:localhost/127.0.0.1:54658]' for 'GET' to 'http://localhost:54658/session/b5ccded73e790d129d74f99a275ce6e2/screenshot'
23:25:59.161 [Forwarding screenshot on session b5ccded73e790d129d74f99a275ce6e2 to remote] DEBUG org.asynchttpclient.netty.request.NettyRequestSender - Using open Channel [id: 0x15c3b727, L:/127.0.0.1:62293 - R:localhost/127.0.0.1:54658] for GET '/session/b5ccded73e790d129d74f99a275ce6e2/screenshot'
23:25:59.304 [AsyncHttpClient-1-2] DEBUG org.asynchttpclient.netty.handler.HttpHandler - 

Request DefaultFullHttpRequest(decodeResult: success, version: HTTP/1.1, content: EmptyByteBufBE)
GET /session/b5ccded73e790d129d74f99a275ce6e2/screenshot HTTP/1.1
User-Agent: selenium/4.1.2 (java windows)
Cache-Control: no-cache
Content-Type: application/json; charset=utf-8
host: localhost:54658
accept: */*

Response DefaultHttpResponse(decodeResult: success, version: HTTP/1.1)
HTTP/1.1 200 OK
Content-Type: application/json; charset=utf-8
cache-control: no-cache
content-length: 58544

23:25:59.305 [AsyncHttpClient-1-2] DEBUG org.asynchttpclient.netty.channel.ChannelManager - Adding key: http://localhost:54658 for channel [id: 0x15c3b727, L:/127.0.0.1:62293 - R:localhost/127.0.0.1:54658]
23:25:59.307 [main] DEBUG net.serenitybdd.core.photography.Darkroom - Send negative for processing for target\site\serenity\20261731db65d5d384155abdde605aa49b18e776b425cd8385d8c9be9fd2c30b.png
23:25:59.307 [main] DEBUG net.thucydides.core.steps.StepInterceptor - STEP DONE: typePassword
  &amp#27;[32mAnd &amp#27;[0m&amp#27;[32mI type password &amp#27;[0m&amp#27;[32m&amp#27;[1maiueo&amp#27;[0m                        &amp#27;[90m# stepdefinitions.RegisterStep.iTypePassword(java.lang.String)&amp#27;[0m
23:25:59.307 [Darkroom Processing Line] DEBUG net.serenitybdd.core.photography.DarkroomProcessingLine - Processing screenshot image in /var/screenshots/screenshot-742742166095407122
23:25:59.308 [Darkroom Processing Line] DEBUG net.serenitybdd.core.photography.DarkroomProcessingLine - Saving screenshot to target\site\serenity\20261731db65d5d384155abdde605aa49b18e776b425cd8385d8c9be9fd2c30b.png
23:25:59.329 [main] DEBUG net.thucydides.core.steps.StepInterceptor - STARTING STEP: RegisterStep.iClickLoginButton - clickRegisterButton
23:25:59.336 [Forwarding findElement on session b5ccded73e790d129d74f99a275ce6e2 to remote] DEBUG org.asynchttpclient.netty.request.NettyRequestSender - Using pooled Channel '[id: 0x15c3b727, L:/127.0.0.1:62293 - R:localhost/127.0.0.1:54658]' for 'POST' to 'http://localhost:54658/session/b5ccded73e790d129d74f99a275ce6e2/element'
23:25:59.336 [Forwarding findElement on session b5ccded73e790d129d74f99a275ce6e2 to remote] DEBUG org.asynchttpclient.netty.request.NettyRequestSender - Using open Channel [id: 0x15c3b727, L:/127.0.0.1:62293 - R:localhost/127.0.0.1:54658] for POST '/session/b5ccded73e790d129d74f99a275ce6e2/element'
23:25:59.348 [AsyncHttpClient-1-2] DEBUG org.asynchttpclient.netty.handler.HttpHandler - 

Request DefaultHttpRequest(decodeResult: success, version: HTTP/1.1)
POST /session/b5ccded73e790d129d74f99a275ce6e2/element HTTP/1.1
User-Agent: selenium/4.1.2 (java windows)
Content-Length: 155
Content-Type: application/json; charset=utf-8
host: localhost:54658
accept: */*

Response DefaultHttpResponse(decodeResult: success, version: HTTP/1.1)
HTTP/1.1 200 OK
Content-Type: application/json; charset=utf-8
cache-control: no-cache
content-length: 88

23:25:59.349 [AsyncHttpClient-1-2] DEBUG org.asynchttpclient.netty.channel.ChannelManager - Adding key: http://localhost:54658 for channel [id: 0x15c3b727, L:/127.0.0.1:62293 - R:localhost/127.0.0.1:54658]
23:25:59.352 [Forwarding getElementTagName on session b5ccded73e790d129d74f99a275ce6e2 to remote] DEBUG org.asynchttpclient.netty.request.NettyRequestSender - Using pooled Channel '[id: 0x15c3b727, L:/127.0.0.1:62293 - R:localhost/127.0.0.1:54658]' for 'GET' to 'http://localhost:54658/session/b5ccded73e790d129d74f99a275ce6e2/element/38714843-8f3f-4145-ba15-d0645f22f77e/name'
23:25:59.352 [Forwarding getElementTagName on session b5ccded73e790d129d74f99a275ce6e2 to remote] DEBUG org.asynchttpclient.netty.request.NettyRequestSender - Using open Channel [id: 0x15c3b727, L:/127.0.0.1:62293 - R:localhost/127.0.0.1:54658] for GET '/session/b5ccded73e790d129d74f99a275ce6e2/element/38714843-8f3f-4145-ba15-d0645f22f77e/name'
23:25:59.357 [AsyncHttpClient-1-2] DEBUG org.asynchttpclient.netty.handler.HttpHandler - 

Request DefaultFullHttpRequest(decodeResult: success, version: HTTP/1.1, content: EmptyByteBufBE)
GET /session/b5ccded73e790d129d74f99a275ce6e2/element/38714843-8f3f-4145-ba15-d0645f22f77e/name HTTP/1.1
User-Agent: selenium/4.1.2 (java windows)
Cache-Control: no-cache
Content-Type: application/json; charset=utf-8
host: localhost:54658
accept: */*

Response DefaultHttpResponse(decodeResult: success, version: HTTP/1.1)
HTTP/1.1 200 OK
Content-Type: application/json; charset=utf-8
cache-control: no-cache
content-length: 18

23:25:59.358 [AsyncHttpClient-1-2] DEBUG org.asynchttpclient.netty.channel.ChannelManager - Adding key: http://localhost:54658 for channel [id: 0x15c3b727, L:/127.0.0.1:62293 - R:localhost/127.0.0.1:54658]
23:25:59.359 [Forwarding getElementTagName on session b5ccded73e790d129d74f99a275ce6e2 to remote] DEBUG org.asynchttpclient.netty.request.NettyRequestSender - Using pooled Channel '[id: 0x15c3b727, L:/127.0.0.1:62293 - R:localhost/127.0.0.1:54658]' for 'GET' to 'http://localhost:54658/session/b5ccded73e790d129d74f99a275ce6e2/element/38714843-8f3f-4145-ba15-d0645f22f77e/name'
23:25:59.359 [Forwarding getElementTagName on session b5ccded73e790d129d74f99a275ce6e2 to remote] DEBUG org.asynchttpclient.netty.request.NettyRequestSender - Using open Channel [id: 0x15c3b727, L:/127.0.0.1:62293 - R:localhost/127.0.0.1:54658] for GET '/session/b5ccded73e790d129d74f99a275ce6e2/element/38714843-8f3f-4145-ba15-d0645f22f77e/name'
23:25:59.363 [AsyncHttpClient-1-2] DEBUG org.asynchttpclient.netty.handler.HttpHandler - 

Request DefaultFullHttpRequest(decodeResult: success, version: HTTP/1.1, content: EmptyByteBufBE)
GET /session/b5ccded73e790d129d74f99a275ce6e2/element/38714843-8f3f-4145-ba15-d0645f22f77e/name HTTP/1.1
User-Agent: selenium/4.1.2 (java windows)
Cache-Control: no-cache
Content-Type: application/json; charset=utf-8
host: localhost:54658
accept: */*

Response DefaultHttpResponse(decodeResult: success, version: HTTP/1.1)
HTTP/1.1 200 OK
Content-Type: application/json; charset=utf-8
cache-control: no-cache
content-length: 18

23:25:59.363 [AsyncHttpClient-1-2] DEBUG org.asynchttpclient.netty.channel.ChannelManager - Adding key: http://localhost:54658 for channel [id: 0x15c3b727, L:/127.0.0.1:62293 - R:localhost/127.0.0.1:54658]
23:25:59.370 [Forwarding isElementEnabled on session b5ccded73e790d129d74f99a275ce6e2 to remote] DEBUG org.asynchttpclient.netty.request.NettyRequestSender - Using pooled Channel '[id: 0x15c3b727, L:/127.0.0.1:62293 - R:localhost/127.0.0.1:54658]' for 'GET' to 'http://localhost:54658/session/b5ccded73e790d129d74f99a275ce6e2/element/38714843-8f3f-4145-ba15-d0645f22f77e/enabled'
23:25:59.370 [Forwarding isElementEnabled on session b5ccded73e790d129d74f99a275ce6e2 to remote] DEBUG org.asynchttpclient.netty.request.NettyRequestSender - Using open Channel [id: 0x15c3b727, L:/127.0.0.1:62293 - R:localhost/127.0.0.1:54658] for GET '/session/b5ccded73e790d129d74f99a275ce6e2/element/38714843-8f3f-4145-ba15-d0645f22f77e/enabled'
23:25:59.382 [AsyncHttpClient-1-2] DEBUG org.asynchttpclient.netty.handler.HttpHandler - 

Request DefaultFullHttpRequest(decodeResult: success, version: HTTP/1.1, content: EmptyByteBufBE)
GET /session/b5ccded73e790d129d74f99a275ce6e2/element/38714843-8f3f-4145-ba15-d0645f22f77e/enabled HTTP/1.1
User-Agent: selenium/4.1.2 (java windows)
Cache-Control: no-cache
Content-Type: application/json; charset=utf-8
host: localhost:54658
accept: */*

Response DefaultHttpResponse(decodeResult: success, version: HTTP/1.1)
HTTP/1.1 200 OK
Content-Type: application/json; charset=utf-8
cache-control: no-cache
content-length: 14

23:25:59.382 [AsyncHttpClient-1-2] DEBUG org.asynchttpclient.netty.channel.ChannelManager - Adding key: http://localhost:54658 for channel [id: 0x15c3b727, L:/127.0.0.1:62293 - R:localhost/127.0.0.1:54658]
23:25:59.387 [Forwarding isElementEnabled on session b5ccded73e790d129d74f99a275ce6e2 to remote] DEBUG org.asynchttpclient.netty.request.NettyRequestSender - Using pooled Channel '[id: 0x15c3b727, L:/127.0.0.1:62293 - R:localhost/127.0.0.1:54658]' for 'GET' to 'http://localhost:54658/session/b5ccded73e790d129d74f99a275ce6e2/element/38714843-8f3f-4145-ba15-d0645f22f77e/enabled'
23:25:59.387 [Forwarding isElementEnabled on session b5ccded73e790d129d74f99a275ce6e2 to remote] DEBUG org.asynchttpclient.netty.request.NettyRequestSender - Using open Channel [id: 0x15c3b727, L:/127.0.0.1:62293 - R:localhost/127.0.0.1:54658] for GET '/session/b5ccded73e790d129d74f99a275ce6e2/element/38714843-8f3f-4145-ba15-d0645f22f77e/enabled'
23:25:59.394 [AsyncHttpClient-1-2] DEBUG org.asynchttpclient.netty.handler.HttpHandler - 

Request DefaultFullHttpRequest(decodeResult: success, version: HTTP/1.1, content: EmptyByteBufBE)
GET /session/b5ccded73e790d129d74f99a275ce6e2/element/38714843-8f3f-4145-ba15-d0645f22f77e/enabled HTTP/1.1
User-Agent: selenium/4.1.2 (java windows)
Cache-Control: no-cache
Content-Type: application/json; charset=utf-8
host: localhost:54658
accept: */*

Response DefaultHttpResponse(decodeResult: success, version: HTTP/1.1)
HTTP/1.1 200 OK
Content-Type: application/json; charset=utf-8
cache-control: no-cache
content-length: 14

23:25:59.394 [AsyncHttpClient-1-2] DEBUG org.asynchttpclient.netty.channel.ChannelManager - Adding key: http://localhost:54658 for channel [id: 0x15c3b727, L:/127.0.0.1:62293 - R:localhost/127.0.0.1:54658]
23:25:59.397 [Forwarding findElement on session b5ccded73e790d129d74f99a275ce6e2 to remote] DEBUG org.asynchttpclient.netty.request.NettyRequestSender - Using pooled Channel '[id: 0x15c3b727, L:/127.0.0.1:62293 - R:localhost/127.0.0.1:54658]' for 'POST' to 'http://localhost:54658/session/b5ccded73e790d129d74f99a275ce6e2/element'
23:25:59.398 [Forwarding findElement on session b5ccded73e790d129d74f99a275ce6e2 to remote] DEBUG org.asynchttpclient.netty.request.NettyRequestSender - Using open Channel [id: 0x15c3b727, L:/127.0.0.1:62293 - R:localhost/127.0.0.1:54658] for POST '/session/b5ccded73e790d129d74f99a275ce6e2/element'
23:25:59.408 [AsyncHttpClient-1-2] DEBUG org.asynchttpclient.netty.handler.HttpHandler - 

Request DefaultHttpRequest(decodeResult: success, version: HTTP/1.1)
POST /session/b5ccded73e790d129d74f99a275ce6e2/element HTTP/1.1
User-Agent: selenium/4.1.2 (java windows)
Content-Length: 155
Content-Type: application/json; charset=utf-8
host: localhost:54658
accept: */*

Response DefaultHttpResponse(decodeResult: success, version: HTTP/1.1)
HTTP/1.1 200 OK
Content-Type: application/json; charset=utf-8
cache-control: no-cache
content-length: 88

23:25:59.408 [AsyncHttpClient-1-2] DEBUG org.asynchttpclient.netty.channel.ChannelManager - Adding key: http://localhost:54658 for channel [id: 0x15c3b727, L:/127.0.0.1:62293 - R:localhost/127.0.0.1:54658]
23:25:59.410 [Forwarding clickElement on session b5ccded73e790d129d74f99a275ce6e2 to remote] DEBUG org.asynchttpclient.netty.request.NettyRequestSender - Using pooled Channel '[id: 0x15c3b727, L:/127.0.0.1:62293 - R:localhost/127.0.0.1:54658]' for 'POST' to 'http://localhost:54658/session/b5ccded73e790d129d74f99a275ce6e2/element/38714843-8f3f-4145-ba15-d0645f22f77e/click'
23:25:59.410 [Forwarding clickElement on session b5ccded73e790d129d74f99a275ce6e2 to remote] DEBUG org.asynchttpclient.netty.request.NettyRequestSender - Using open Channel [id: 0x15c3b727, L:/127.0.0.1:62293 - R:localhost/127.0.0.1:54658] for POST '/session/b5ccded73e790d129d74f99a275ce6e2/element/38714843-8f3f-4145-ba15-d0645f22f77e/click'
23:25:59.456 [AsyncHttpClient-1-2] DEBUG org.asynchttpclient.netty.handler.HttpHandler - 

Request DefaultHttpRequest(decodeResult: success, version: HTTP/1.1)
POST /session/b5ccded73e790d129d74f99a275ce6e2/element/38714843-8f3f-4145-ba15-d0645f22f77e/click HTTP/1.1
User-Agent: selenium/4.1.2 (java windows)
Content-Length: 50
Content-Type: application/json; charset=utf-8
host: localhost:54658
accept: */*

Response DefaultHttpResponse(decodeResult: success, version: HTTP/1.1)
HTTP/1.1 200 OK
Content-Type: application/json; charset=utf-8
cache-control: no-cache
content-length: 14

23:25:59.457 [AsyncHttpClient-1-2] DEBUG org.asynchttpclient.netty.channel.ChannelManager - Adding key: http://localhost:54658 for channel [id: 0x15c3b727, L:/127.0.0.1:62293 - R:localhost/127.0.0.1:54658]
23:25:59.464 [Forwarding screenshot on session b5ccded73e790d129d74f99a275ce6e2 to remote] DEBUG org.asynchttpclient.netty.request.NettyRequestSender - Using pooled Channel '[id: 0x15c3b727, L:/127.0.0.1:62293 - R:localhost/127.0.0.1:54658]' for 'GET' to 'http://localhost:54658/session/b5ccded73e790d129d74f99a275ce6e2/screenshot'
23:25:59.465 [Forwarding screenshot on session b5ccded73e790d129d74f99a275ce6e2 to remote] DEBUG org.asynchttpclient.netty.request.NettyRequestSender - Using open Channel [id: 0x15c3b727, L:/127.0.0.1:62293 - R:localhost/127.0.0.1:54658] for GET '/session/b5ccded73e790d129d74f99a275ce6e2/screenshot'
23:25:59.741 [AsyncHttpClient-1-2] DEBUG org.asynchttpclient.netty.handler.HttpHandler - 

Request DefaultFullHttpRequest(decodeResult: success, version: HTTP/1.1, content: EmptyByteBufBE)
GET /session/b5ccded73e790d129d74f99a275ce6e2/screenshot HTTP/1.1
User-Agent: selenium/4.1.2 (java windows)
Cache-Control: no-cache
Content-Type: application/json; charset=utf-8
host: localhost:54658
accept: */*

Response DefaultHttpResponse(decodeResult: success, version: HTTP/1.1)
HTTP/1.1 200 OK
Content-Type: application/json; charset=utf-8
cache-control: no-cache
content-length: 56808

23:25:59.743 [AsyncHttpClient-1-2] DEBUG org.asynchttpclient.netty.channel.ChannelManager - Adding key: http://localhost:54658 for channel [id: 0x15c3b727, L:/127.0.0.1:62293 - R:localhost/127.0.0.1:54658]
23:25:59.745 [main] DEBUG net.serenitybdd.core.photography.Darkroom - Send negative for processing for target\site\serenity\669bdc309baef2c2d922ac6af5f473e1bddd0b36a3cef8685229964421e77a67.png
23:25:59.745 [main] DEBUG net.thucydides.core.steps.StepInterceptor - STEP DONE: clickRegisterButton
  &amp#27;[32mAnd &amp#27;[0m&amp#27;[32mI click Register button&amp#27;[0m                      &amp#27;[90m# stepdefinitions.RegisterStep.iClickLoginButton()&amp#27;[0m
23:25:59.746 [Darkroom Processing Line] DEBUG net.serenitybdd.core.photography.DarkroomProcessingLine - Processing screenshot image in /var/screenshots/screenshot-4372270919586850599
23:25:59.746 [Darkroom Processing Line] DEBUG net.serenitybdd.core.photography.DarkroomProcessingLine - Saving screenshot to target\site\serenity\669bdc309baef2c2d922ac6af5f473e1bddd0b36a3cef8685229964421e77a67.png
23:25:59.814 [Forwarding findElement on session b5ccded73e790d129d74f99a275ce6e2 to remote] DEBUG org.asynchttpclient.netty.request.NettyRequestSender - Using pooled Channel '[id: 0x15c3b727, L:/127.0.0.1:62293 - R:localhost/127.0.0.1:54658]' for 'POST' to 'http://localhost:54658/session/b5ccded73e790d129d74f99a275ce6e2/element'
23:25:59.814 [Forwarding findElement on session b5ccded73e790d129d74f99a275ce6e2 to remote] DEBUG org.asynchttpclient.netty.request.NettyRequestSender - Using open Channel [id: 0x15c3b727, L:/127.0.0.1:62293 - R:localhost/127.0.0.1:54658] for POST '/session/b5ccded73e790d129d74f99a275ce6e2/element'
23:25:59.818 [AsyncHttpClient-1-2] DEBUG org.asynchttpclient.netty.handler.HttpHandler - 

Request DefaultHttpRequest(decodeResult: success, version: HTTP/1.1)
POST /session/b5ccded73e790d129d74f99a275ce6e2/element HTTP/1.1
User-Agent: selenium/4.1.2 (java windows)
Content-Length: 50
Content-Type: application/json; charset=utf-8
host: localhost:54658
accept: */*

Response DefaultHttpResponse(decodeResult: success, version: HTTP/1.1)
HTTP/1.1 400 Bad Request
Content-Type: application/json; charset=utf-8
cache-control: no-cache
content-length: 961

23:25:59.818 [AsyncHttpClient-1-2] DEBUG org.asynchttpclient.netty.channel.ChannelManager - Adding key: http://localhost:54658 for channel [id: 0x15c3b727, L:/127.0.0.1:62293 - R:localhost/127.0.0.1:54658]
23:25:59.826 [Forwarding findElement on session b5ccded73e790d129d74f99a275ce6e2 to remote] DEBUG org.asynchttpclient.netty.request.NettyRequestSender - Using pooled Channel '[id: 0x15c3b727, L:/127.0.0.1:62293 - R:localhost/127.0.0.1:54658]' for 'POST' to 'http://localhost:54658/session/b5ccded73e790d129d74f99a275ce6e2/element'
23:25:59.826 [Forwarding findElement on session b5ccded73e790d129d74f99a275ce6e2 to remote] DEBUG org.asynchttpclient.netty.request.NettyRequestSender - Using open Channel [id: 0x15c3b727, L:/127.0.0.1:62293 - R:localhost/127.0.0.1:54658] for POST '/session/b5ccded73e790d129d74f99a275ce6e2/element'
23:25:59.838 [AsyncHttpClient-1-2] DEBUG org.asynchttpclient.netty.handler.HttpHandler - 

Request DefaultHttpRequest(decodeResult: success, version: HTTP/1.1)
POST /session/b5ccded73e790d129d74f99a275ce6e2/element HTTP/1.1
User-Agent: selenium/4.1.2 (java windows)
Content-Length: 60
Content-Type: application/json; charset=utf-8
host: localhost:54658
accept: */*

Response DefaultHttpResponse(decodeResult: success, version: HTTP/1.1)
HTTP/1.1 200 OK
Content-Type: application/json; charset=utf-8
cache-control: no-cache
content-length: 88

23:25:59.838 [AsyncHttpClient-1-2] DEBUG org.asynchttpclient.netty.channel.ChannelManager - Adding key: http://localhost:54658 for channel [id: 0x15c3b727, L:/127.0.0.1:62293 - R:localhost/127.0.0.1:54658]
23:25:59.848 [Forwarding isElementDisplayed on session b5ccded73e790d129d74f99a275ce6e2 to remote] DEBUG org.asynchttpclient.netty.request.NettyRequestSender - Using pooled Channel '[id: 0x15c3b727, L:/127.0.0.1:62293 - R:localhost/127.0.0.1:54658]' for 'POST' to 'http://localhost:54658/session/b5ccded73e790d129d74f99a275ce6e2/execute/sync'
23:25:59.849 [Forwarding isElementDisplayed on session b5ccded73e790d129d74f99a275ce6e2 to remote] DEBUG org.asynchttpclient.netty.request.NettyRequestSender - Using open Channel [id: 0x15c3b727, L:/127.0.0.1:62293 - R:localhost/127.0.0.1:54658] for POST '/session/b5ccded73e790d129d74f99a275ce6e2/execute/sync'
23:25:59.863 [AsyncHttpClient-1-2] DEBUG org.asynchttpclient.netty.handler.HttpHandler - 

Request DefaultHttpRequest(decodeResult: success, version: HTTP/1.1)
POST /session/b5ccded73e790d129d74f99a275ce6e2/execute/sync HTTP/1.1
User-Agent: selenium/4.1.2 (java windows)
Content-Length: 48780
Content-Type: application/json; charset=utf-8
host: localhost:54658
accept: */*

Response DefaultHttpResponse(decodeResult: success, version: HTTP/1.1)
HTTP/1.1 200 OK
Content-Type: application/json; charset=utf-8
cache-control: no-cache
content-length: 14

23:25:59.863 [AsyncHttpClient-1-2] DEBUG org.asynchttpclient.netty.channel.ChannelManager - Adding key: http://localhost:54658 for channel [id: 0x15c3b727, L:/127.0.0.1:62293 - R:localhost/127.0.0.1:54658]
  &amp#27;[32mThen &amp#27;[0m&amp#27;[32mI on Login Page&amp#27;[0m                             &amp#27;[90m# stepdefinitions.RegisterStep.iOnLoginPage()&amp#27;[0m
23:25:59.871 [Forwarding screenshot on session b5ccded73e790d129d74f99a275ce6e2 to remote] DEBUG org.asynchttpclient.netty.request.NettyRequestSender - Using pooled Channel '[id: 0x15c3b727, L:/127.0.0.1:62293 - R:localhost/127.0.0.1:54658]' for 'GET' to 'http://localhost:54658/session/b5ccded73e790d129d74f99a275ce6e2/screenshot'
23:25:59.871 [Forwarding screenshot on session b5ccded73e790d129d74f99a275ce6e2 to remote] DEBUG org.asynchttpclient.netty.request.NettyRequestSender - Using open Channel [id: 0x15c3b727, L:/127.0.0.1:62293 - R:localhost/127.0.0.1:54658] for GET '/session/b5ccded73e790d129d74f99a275ce6e2/screenshot'
23:25:59.978 [AsyncHttpClient-1-2] DEBUG org.asynchttpclient.netty.handler.HttpHandler - 

Request DefaultFullHttpRequest(decodeResult: success, version: HTTP/1.1, content: EmptyByteBufBE)
GET /session/b5ccded73e790d129d74f99a275ce6e2/screenshot HTTP/1.1
User-Agent: selenium/4.1.2 (java windows)
Cache-Control: no-cache
Content-Type: application/json; charset=utf-8
host: localhost:54658
accept: */*

Response DefaultHttpResponse(decodeResult: success, version: HTTP/1.1)
HTTP/1.1 200 OK
Content-Type: application/json; charset=utf-8
cache-control: no-cache
content-length: 37840

23:25:59.979 [AsyncHttpClient-1-2] DEBUG org.asynchttpclient.netty.channel.ChannelManager - Adding key: http://localhost:54658 for channel [id: 0x15c3b727, L:/127.0.0.1:62293 - R:localhost/127.0.0.1:54658]
23:25:59.981 [main] DEBUG net.serenitybdd.core.photography.Darkroom - Send negative for processing for target\site\serenity\6f2f89e8c5a543dd0a10df9cc2fb4dfa2a13d528c2d3ad44cda943733ef50e85.png
23:25:59.982 [Darkroom Processing Line] DEBUG net.serenitybdd.core.photography.DarkroomProcessingLine - Processing screenshot image in /var/screenshots/screenshot-4130961130539832570
23:25:59.982 [Darkroom Processing Line] DEBUG net.serenitybdd.core.photography.DarkroomProcessingLine - Saving screenshot to target\site\serenity\6f2f89e8c5a543dd0a10df9cc2fb4dfa2a13d528c2d3ad44cda943733ef50e85.png
23:25:59.987 [main] INFO  - 
  _____   ___   ___   _____     ___     _     ___   ___   ___   ___  
 |_   _| | __| / __| |_   _|   | _ \   /_\   / __| / __| | __| |   \ 
   | |   | _|  \__ \   | |     |  _/  / _ \  \__ \ \__ \ | _|  | |) |
   |_|   |___| |___/   |_|     |_|   /_/ \_\ |___/ |___/ |___| |___/ 

As a user, i have able to create account
----------------------------------------------------------------------
23:26:00.051 [AsyncHttpClient-1-1] DEBUG org.asynchttpclient.netty.channel.DefaultChannelPool - Entry count for : http://localhost:54658 : 1
23:26:00.051 [AsyncHttpClient-1-1] DEBUG org.asynchttpclient.netty.channel.DefaultChannelPool - Entry count for : http://localhost:62295 : 1
23:26:00.112 [Driver Command Executor] DEBUG org.asynchttpclient.netty.request.NettyRequestSender - Using pooled Channel '[id: 0x15c3b727, L:/127.0.0.1:62293 - R:localhost/127.0.0.1:54658]' for 'DELETE' to 'http://localhost:54658/session/b5ccded73e790d129d74f99a275ce6e2'
23:26:00.112 [Driver Command Executor] DEBUG org.asynchttpclient.netty.request.NettyRequestSender - Using open Channel [id: 0x15c3b727, L:/127.0.0.1:62293 - R:localhost/127.0.0.1:54658] for DELETE '/session/b5ccded73e790d129d74f99a275ce6e2'
23:26:00.113 [AsyncHttpClient-1-4] DEBUG org.asynchttpclient.netty.handler.WebSocketHandler - Channel Closed: [id: 0x2869a6e3, L:/127.0.0.1:62302 ! R:localhost/127.0.0.1:62295] with attribute NettyResponseFuture{currentRetry=5,
	isDone=1,
	isCancelled=0,
	asyncHandler=org.asynchttpclient.ws.WebSocketUpgradeHandler@5573ca09,
	nettyRequest=org.asynchttpclient.netty.request.NettyRequest@7b254f5b,
	future=java.util.concurrent.CompletableFuture@1bab553[Completed normally],
	uri=ws://localhost:62295/devtools/browser/019528d2-6d01-4600-9900-5b1c85d93785,
	keepAlive=true,
	redirectCount=0,
	timeoutsHolder=null,
	inAuth=0,
	touch=1651767954845}
23:26:00.114 [AsyncHttpClient-1-4] DEBUG org.asynchttpclient.netty.channel.ChannelManager - Closing Channel [id: 0x2869a6e3, L:/127.0.0.1:62302 ! R:localhost/127.0.0.1:62295] 
23:26:00.180 [AsyncHttpClient-1-3] DEBUG org.asynchttpclient.netty.handler.HttpHandler - Unexpected I/O exception on channel [id: 0x5e17f957, L:/127.0.0.1:62301 - R:localhost/127.0.0.1:62295]
java.io.IOException: An existing connection was forcibly closed by the remote host
	at java.base/sun.nio.ch.SocketDispatcher.read0(Native Method)
	at java.base/sun.nio.ch.SocketDispatcher.read(SocketDispatcher.java:43)
	at java.base/sun.nio.ch.IOUtil.readIntoNativeBuffer(IOUtil.java:276)
	at java.base/sun.nio.ch.IOUtil.read(IOUtil.java:233)
	at java.base/sun.nio.ch.IOUtil.read(IOUtil.java:223)
	at java.base/sun.nio.ch.SocketChannelImpl.read(SocketChannelImpl.java:358)
	at io.netty.buffer.PooledByteBuf.setBytes(PooledByteBuf.java:258)
	at io.netty.buffer.AbstractByteBuf.writeBytes(AbstractByteBuf.java:1132)
	at io.netty.channel.socket.nio.NioSocketChannel.doReadBytes(NioSocketChannel.java:350)
	at io.netty.channel.nio.AbstractNioByteChannel$NioByteUnsafe.read(AbstractNioByteChannel.java:151)
	at io.netty.channel.nio.NioEventLoop.processSelectedKey(NioEventLoop.java:722)
	at io.netty.channel.nio.NioEventLoop.processSelectedKeysOptimized(NioEventLoop.java:658)
	at io.netty.channel.nio.NioEventLoop.processSelectedKeys(NioEventLoop.java:584)
	at io.netty.channel.nio.NioEventLoop.run(NioEventLoop.java:496)
	at io.netty.util.concurrent.SingleThreadEventExecutor$4.run(SingleThreadEventExecutor.java:986)
	at io.netty.util.internal.ThreadExecutorMap$2.run(ThreadExecutorMap.java:74)
	at io.netty.util.concurrent.FastThreadLocalRunnable.run(FastThreadLocalRunnable.java:30)
	at java.base/java.lang.Thread.run(Thread.java:834)
23:26:00.181 [AsyncHttpClient-1-3] DEBUG org.asynchttpclient.netty.channel.ChannelManager - Closing Channel [id: 0x5e17f957, L:/127.0.0.1:62301 - R:localhost/127.0.0.1:62295] 
23:26:00.182 [AsyncHttpClient-1-3] DEBUG org.asynchttpclient.netty.handler.HttpHandler - Channel Closed: [id: 0x5e17f957, L:/127.0.0.1:62301 ! R:localhost/127.0.0.1:62295] with attribute DISCARD
23:26:00.196 [AsyncHttpClient-1-2] DEBUG org.asynchttpclient.netty.handler.HttpHandler - 

Request DefaultFullHttpRequest(decodeResult: success, version: HTTP/1.1, content: EmptyByteBufBE)
DELETE /session/b5ccded73e790d129d74f99a275ce6e2 HTTP/1.1
User-Agent: selenium/4.1.2 (java windows)
Content-Type: application/json; charset=utf-8
host: localhost:54658
accept: */*

Response DefaultHttpResponse(decodeResult: success, version: HTTP/1.1)
HTTP/1.1 200 OK
Content-Type: application/json; charset=utf-8
cache-control: no-cache
content-length: 14

23:26:00.196 [AsyncHttpClient-1-2] DEBUG org.asynchttpclient.netty.channel.ChannelManager - Adding key: http://localhost:54658 for channel [id: 0x15c3b727, L:/127.0.0.1:62293 - R:localhost/127.0.0.1:54658]
23:26:00.555 [AsyncHttpClient-1-2] DEBUG org.asynchttpclient.netty.handler.HttpHandler - Channel Closed: [id: 0x15c3b727, L:/127.0.0.1:62293 ! R:localhost/127.0.0.1:54658] with attribute DISCARD
]]></system-out>
    <system-err><![CDATA[Starting ChromeDriver 99.0.4844.51 (d537ec02474b5afe23684e7963d538896c63ac77-refs/branch-heads/4844@{#875}) on port 54658
Only local connections are allowed.
Please see https://chromedriver.chromium.org/security-considerations for suggestions on keeping ChromeDriver safe.
ChromeDriver was started successfully.
[1651767954.343][WARNING]: This version of ChromeDriver has not been tested with Chrome version 100.
May 05, 2022 11:25:54 PM org.openqa.selenium.remote.ProtocolHandshake createSession
INFO: Detected dialect: W3C
May 05, 2022 11:25:54 PM org.openqa.selenium.devtools.CdpVersionFinder findNearestMatch
WARNING: Unable to find an exact match for CDP version 100, so returning the closest version found: 97
May 05, 2022 11:25:54 PM org.openqa.selenium.devtools.CdpVersionFinder findNearestMatch
INFO: Found CDP implementation for version 100 of 97
]]></system-err>
  </testcase>
</testsuite>