<?xml version="1.0" encoding="UTF-8"?>
<testsuite xmlns:xsi="http://www.w3.org/2001/XMLSchema-instance" xsi:noNamespaceSchemaLocation="https://maven.apache.org/surefire/maven-failsafe-plugin/xsd/failsafe-test-report-3.0.xsd" version="3.0" name="CucumberTestSuite" time="143.38" tests="11" errors="0" skipped="0" failures="0">
  <properties>
[...]
</properties>
  <testcase name="As a user, i have able to buy a product and add to chart" classname="Buy Product" time="32.109">
    <system-out><![CDATA[23:23:05.423 [main] INFO io.cucumber.core.plugin.SerenityReporter - Running feature from file:///D:/Mini%20Project-QE%20Alta/Web%20Automation/FrontEnd-AltaShop/src/test/resources/features/BuyProducts.feature
23:23:05.773 [main] INFO  - 

-------------------------------------------------------------------------------------
     _______. _______ .______       _______ .__   __.  __  .___________.____    ____ 
    /       ||   ____||   _  \     |   ____||  \ |  | |  | |           |\   \  /   / 
   |   (----`|  |__   |  |_)  |    |  |__   |   \|  | |  | `---|  |----` \   \/   /  
    \   \    |   __|  |      /     |   __|  |  . `  | |  |     |  |       \_    _/   
.----)   |   |  |____ |  |\  \----.|  |____ |  |\   | |  |     |  |         |  |     
|_______/    |_______|| _| `._____||_______||__| \__| |__|     |__|         |__|    
                                                                                     
 News and tutorials at http://www.serenity-bdd.info                                  
 Documentation at https://wakaleo.gitbooks.io/the-serenity-book/content/             
 Join the Serenity Community on Gitter: https://gitter.im/serenity-bdd/serenity-core 
 Serenity BDD Support and Training at http://serenity-bdd.info/#/trainingandsupport  
-------------------------------------------------------------------------------------

23:23:05.780 [main] DEBUG net.thucydides.core.steps.StepEventBus - Test suite started for story net.thucydides.core.model.Story@b6b7434a
23:23:05.786 [main] INFO  - Test Suite Started: Buy Product
23:23:05.818 [main] INFO io.cucumber.core.plugin.SerenityReporter - Running feature from file:///D:/Mini%20Project-QE%20Alta/Web%20Automation/FrontEnd-AltaShop/src/test/resources/features/Homepage.feature
23:23:05.829 [main] DEBUG net.thucydides.core.steps.StepEventBus - Test suite started for story net.thucydides.core.model.Story@2c76fee8
23:23:05.834 [main] INFO  - Test Suite Started: Homepage
23:23:05.835 [main] INFO io.cucumber.core.plugin.SerenityReporter - Running feature from file:///D:/Mini%20Project-QE%20Alta/Web%20Automation/FrontEnd-AltaShop/src/test/resources/features/Login.feature
23:23:05.851 [main] DEBUG net.thucydides.core.steps.StepEventBus - Test suite started for story net.thucydides.core.model.Story@23282f08
23:23:05.853 [main] INFO  - Test Suite Started: Login
23:23:05.853 [main] INFO io.cucumber.core.plugin.SerenityReporter - Running feature from file:///D:/Mini%20Project-QE%20Alta/Web%20Automation/FrontEnd-AltaShop/src/test/resources/features/Logout.feature
23:23:05.866 [main] DEBUG net.thucydides.core.steps.StepEventBus - Test suite started for story net.thucydides.core.model.Story@7960de68
23:23:05.868 [main] INFO  - Test Suite Started: Logout
23:23:05.868 [main] INFO io.cucumber.core.plugin.SerenityReporter - Running feature from file:///D:/Mini%20Project-QE%20Alta/Web%20Automation/FrontEnd-AltaShop/src/test/resources/features/Order.feature
23:23:05.879 [main] DEBUG net.thucydides.core.steps.StepEventBus - Test suite started for story net.thucydides.core.model.Story@cc4b76a8
23:23:05.880 [main] INFO  - Test Suite Started: Order
23:23:05.881 [main] INFO io.cucumber.core.plugin.SerenityReporter - Running feature from file:///D:/Mini%20Project-QE%20Alta/Web%20Automation/FrontEnd-AltaShop/src/test/resources/features/Register.feature
23:23:05.892 [main] DEBUG net.thucydides.core.steps.StepEventBus - Test suite started for story net.thucydides.core.model.Story@30e75088
23:23:05.893 [main] INFO  - Test Suite Started: Register
23:23:05.893 [main] INFO io.cucumber.core.plugin.SerenityReporter - Running feature from file:///D:/Mini%20Project-QE%20Alta/Web%20Automation/FrontEnd-AltaShop/src/test/resources/features/Transaction.feature
23:23:05.905 [main] DEBUG net.thucydides.core.steps.StepEventBus - Test suite started for story net.thucydides.core.model.Story@557d0d83
23:23:05.906 [main] INFO  - Test Suite Started: Register
23:23:05.908 [main] INFO io.cucumber.core.plugin.SerenityReporter - Running feature from file:///D:/Mini%20Project-QE%20Alta/Web%20Automation/FrontEnd-AltaShop/src/test/resources/features/BuyProducts.feature
23:23:05.917 [main] DEBUG net.thucydides.core.steps.StepEventBus - Test suite started for story net.thucydides.core.model.Story@b6b7434a
23:23:05.919 [main] INFO  - Test Suite Started: Buy Product

Scenario: As a user, i have able to buy a product and add to chart &amp#27;[90m# src/test/resources/features/BuyProducts.feature:3&amp#27;[0m
23:23:06.151 [main] INFO io.cucumber.core.plugin.SerenityReporter - Running feature from file:///D:/Mini%20Project-QE%20Alta/Web%20Automation/FrontEnd-AltaShop/src/test/resources/features/BuyProducts.feature
23:23:06.375 [main] INFO  - 
  _____   ___   ___   _____     ___   _____     _     ___   _____   ___   ___  
 |_   _| | __| / __| |_   _|   / __| |_   _|   /_\   | _ \ |_   _| | __| |   \ 
   | |   | _|  \__ \   | |     \__ \   | |    / _ \  |   /   | |   | _|  | |) |
   |_|   |___| |___/   |_|     |___/   |_|   /_/ \_\ |_|_\   |_|   |___| |___/ 

As a user, i have able to buy a product and add to chart(buy-product;as-a-user--i-have-able-to-buy-a-product-and-add-to-chart)
--------------------------------------------------------------------------------
23:23:08.211 [main] DEBUG net.thucydides.core.steps.StepInterceptor - STARTING STEP: BuyProductsStep.iAtLoginPage - onLoginPage
23:23:08.295 [main] INFO net.serenitybdd.core.webdriver.driverproviders.ChromeDriverProvider - Using automatically driver download
23:23:09.842 [main] DEBUG io.github.bonigarcia.wdm.cache.ResolutionCache - Resolution chrome=101 in cache (valid until 00:21:44 16/05/2022 ICT)
23:23:09.864 [main] DEBUG io.github.bonigarcia.wdm.cache.ResolutionCache - Resolution chrome101=101.0.4951.41 in cache (valid until 22:21:42 16/05/2022 ICT)
23:23:09.875 [main] INFO io.github.bonigarcia.wdm.WebDriverManager - Using chromedriver 101.0.4951.41 (resolved driver for Chrome 101)
23:23:09.927 [main] DEBUG io.github.bonigarcia.wdm.WebDriverManager - Driver chromedriver 101.0.4951.41 found in cache
23:23:09.931 [main] INFO io.github.bonigarcia.wdm.WebDriverManager - Exporting webdriver.chrome.driver as C:\Users\Siti Nurlatipah\.cache\selenium\chromedriver\win32\101.0.4951.41\chromedriver.exe
23:23:11.029 [main] DEBUG net.thucydides.core.reflection.ClassFinder - Could not load class .CucumberTestSuite
23:23:11.030 [main] DEBUG net.thucydides.core.reflection.ClassFinder - Could not load class .starter.BuyProducts
23:23:11.030 [main] DEBUG net.thucydides.core.reflection.ClassFinder - Could not load class .starter.Homepage
23:23:11.030 [main] DEBUG net.thucydides.core.reflection.ClassFinder - Could not load class .starter.Login
23:23:11.031 [main] DEBUG net.thucydides.core.reflection.ClassFinder - Could not load class .starter.Logout
23:23:11.031 [main] DEBUG net.thucydides.core.reflection.ClassFinder - Could not load class .starter.Order
23:23:11.031 [main] DEBUG net.thucydides.core.reflection.ClassFinder - Could not load class .starter.Register
23:23:11.031 [main] DEBUG net.thucydides.core.reflection.ClassFinder - Could not load class .starter.Transaction
23:23:11.031 [main] DEBUG net.thucydides.core.reflection.ClassFinder - Could not load class .stepdefinitions.BuyProductsStep
23:23:11.031 [main] DEBUG net.thucydides.core.reflection.ClassFinder - Could not load class .stepdefinitions.GiveRatingStep
23:23:11.031 [main] DEBUG net.thucydides.core.reflection.ClassFinder - Could not load class .stepdefinitions.LoginStep
23:23:11.032 [main] DEBUG net.thucydides.core.reflection.ClassFinder - Could not load class .stepdefinitions.LogoutStep
23:23:11.032 [main] DEBUG net.thucydides.core.reflection.ClassFinder - Could not load class .stepdefinitions.OrderStep
23:23:11.032 [main] DEBUG net.thucydides.core.reflection.ClassFinder - Could not load class .stepdefinitions.RegisterStep
23:23:11.032 [main] DEBUG net.thucydides.core.reflection.ClassFinder - Could not load class .stepdefinitions.TransactionStep
23:23:11.033 [main] DEBUG net.thucydides.core.reflection.ClassFinder - Could not load class META-INF.versions.9.com.sun.istack.logging.StackHelper
23:23:11.034 [main] DEBUG net.thucydides.core.reflection.ClassFinder - Could not load class META-INF.versions.9.com.sun.xml.bind.v2.runtime.reflect.opt.AccessorInjector
23:23:11.035 [main] DEBUG net.thucydides.core.reflection.ClassFinder - Could not load class META-INF.versions.9.com.sun.xml.bind.v2.runtime.reflect.opt.Injector
23:23:11.035 [main] DEBUG net.thucydides.core.reflection.ClassFinder - Could not load class META-INF.versions.9.com.sun.xml.bind.v2.runtime.reflect.opt.OptimizedAccessorFactory
23:23:11.036 [main] DEBUG net.thucydides.core.reflection.ClassFinder - Could not load class META-INF.versions.9.com.sun.xml.bind.v2.runtime.reflect.opt.OptimizedTransducedAccessorFactory
23:23:11.036 [main] DEBUG net.thucydides.core.reflection.ClassFinder - Could not load class META-INF.versions.9.io.opentelemetry.sdk.internal.CurrentJavaVersionSpecific
23:23:11.037 [main] DEBUG net.thucydides.core.reflection.ClassFinder - Could not load class META-INF.versions.9.io.opentelemetry.sdk.internal.Java9VersionSpecific
23:23:11.038 [main] DEBUG net.thucydides.core.reflection.ClassFinder - Could not load class META-INF.versions.9.javax.xml.bind.ModuleUtil
23:23:11.038 [main] DEBUG net.thucydides.core.reflection.ClassFinder - Could not load class META-INF.versions.9.module-info
23:23:11.040 [main] DEBUG net.thucydides.core.reflection.ClassFinder - Could not load class META-INF.versions.9.org.junit.platform.commons.util.ModuleUtils
23:23:11.704 [main] DEBUG net.thucydides.core.reflection.ClassFinder - Could not load class com.google.gson.internal.
23:23:12.109 [main] DEBUG net.thucydides.core.reflection.ClassFinder - Could not load class com.sun.xml.bind.v2.runtime.output.FastInfosetStreamWriterOutput
23:23:13.075 [main] DEBUG net.thucydides.core.reflection.ClassFinder - Could not load class module-info
23:23:18.571 [main] DEBUG io.netty.util.internal.logging.InternalLoggerFactory - Using SLF4J as the default logging framework
23:23:18.575 [main] DEBUG io.netty.util.ResourceLeakDetector - -Dio.netty.leakDetection.level: simple
23:23:18.576 [main] DEBUG io.netty.util.ResourceLeakDetector - -Dio.netty.leakDetection.targetRecords: 4
23:23:18.582 [main] DEBUG io.netty.util.ResourceLeakDetectorFactory - Loaded default ResourceLeakDetector: io.netty.util.ResourceLeakDetector@5de25642
23:23:18.612 [main] DEBUG io.netty.util.internal.PlatformDependent0 - -Dio.netty.noUnsafe: false
23:23:18.612 [main] DEBUG io.netty.util.internal.PlatformDependent0 - Java version: 11
23:23:18.613 [main] DEBUG io.netty.util.internal.PlatformDependent0 - sun.misc.Unsafe.theUnsafe: available
23:23:18.614 [main] DEBUG io.netty.util.internal.PlatformDependent0 - sun.misc.Unsafe.copyMemory: available
23:23:18.615 [main] DEBUG io.netty.util.internal.PlatformDependent0 - java.nio.Buffer.address: available
23:23:18.616 [main] DEBUG io.netty.util.internal.PlatformDependent0 - direct buffer constructor: unavailable: Reflective setAccessible(true) disabled
23:23:18.617 [main] DEBUG io.netty.util.internal.PlatformDependent0 - java.nio.Bits.unaligned: available, true
23:23:18.619 [main] DEBUG io.netty.util.internal.PlatformDependent0 - jdk.internal.misc.Unsafe.allocateUninitializedArray(int): unavailable: class io.netty.util.internal.PlatformDependent0$6 cannot access class jdk.internal.misc.Unsafe (in module java.base) because module java.base does not export jdk.internal.misc to unnamed module @2970a5bc
23:23:18.624 [main] DEBUG io.netty.util.internal.PlatformDependent0 - java.nio.DirectByteBuffer.<init>(long, int): unavailable
23:23:18.625 [main] DEBUG io.netty.util.internal.PlatformDependent - sun.misc.Unsafe: available
23:23:18.628 [main] DEBUG io.netty.util.internal.PlatformDependent - maxDirectMemory: 1579155456 bytes (maybe)
23:23:18.629 [main] DEBUG io.netty.util.internal.PlatformDependent - -Dio.netty.tmpdir: C:\Users\SITINU~1\AppData\Local\Temp (java.io.tmpdir)
23:23:18.630 [main] DEBUG io.netty.util.internal.PlatformDependent - -Dio.netty.bitMode: 64 (sun.arch.data.model)
23:23:18.630 [main] DEBUG io.netty.util.internal.PlatformDependent - Platform: Windows
23:23:18.632 [main] DEBUG io.netty.util.internal.PlatformDependent - -Dio.netty.maxDirectMemory: -1 bytes
23:23:18.632 [main] DEBUG io.netty.util.internal.PlatformDependent - -Dio.netty.uninitializedArrayAllocationThreshold: -1
23:23:18.634 [main] DEBUG io.netty.util.internal.CleanerJava9 - java.nio.ByteBuffer.cleaner(): available
23:23:18.634 [main] DEBUG io.netty.util.internal.PlatformDependent - -Dio.netty.noPreferDirect: false
23:23:18.648 [main] DEBUG io.netty.util.internal.PlatformDependent - org.jctools-core.MpscChunkedArrayQueue: available
23:23:18.682 [main] DEBUG io.netty.util.internal.InternalThreadLocalMap - -Dio.netty.threadLocalMap.stringBuilder.initialSize: 1024
23:23:18.682 [main] DEBUG io.netty.util.internal.InternalThreadLocalMap - -Dio.netty.threadLocalMap.stringBuilder.maxSize: 4096
23:23:18.741 [main] DEBUG io.netty.handler.ssl.JdkSslContext - Default protocols (JDK): [TLSv1.3, TLSv1.2] 
23:23:18.742 [main] DEBUG io.netty.handler.ssl.JdkSslContext - Default cipher suites (JDK): [TLS_ECDHE_ECDSA_WITH_AES_256_GCM_SHA384, TLS_ECDHE_ECDSA_WITH_AES_128_GCM_SHA256, TLS_ECDHE_RSA_WITH_AES_128_GCM_SHA256, TLS_ECDHE_RSA_WITH_AES_256_GCM_SHA384, TLS_ECDHE_RSA_WITH_AES_128_CBC_SHA, TLS_ECDHE_RSA_WITH_AES_256_CBC_SHA, TLS_RSA_WITH_AES_128_GCM_SHA256, TLS_RSA_WITH_AES_128_CBC_SHA, TLS_RSA_WITH_AES_256_CBC_SHA, TLS_AES_128_GCM_SHA256, TLS_AES_256_GCM_SHA384]
23:23:18.784 [main] DEBUG io.netty.channel.MultithreadEventLoopGroup - -Dio.netty.eventLoopThreads: 8
23:23:18.800 [main] DEBUG io.netty.channel.nio.NioEventLoop - -Dio.netty.noKeySetOptimization: false
23:23:18.800 [main] DEBUG io.netty.channel.nio.NioEventLoop - -Dio.netty.selectorAutoRebuildThreshold: 512
23:23:18.876 [main] DEBUG io.netty.buffer.PooledByteBufAllocator - -Dio.netty.allocator.numHeapArenas: 8
23:23:18.877 [main] DEBUG io.netty.buffer.PooledByteBufAllocator - -Dio.netty.allocator.numDirectArenas: 8
23:23:18.877 [main] DEBUG io.netty.buffer.PooledByteBufAllocator - -Dio.netty.allocator.pageSize: 8192
23:23:18.877 [main] DEBUG io.netty.buffer.PooledByteBufAllocator - -Dio.netty.allocator.maxOrder: 11
23:23:18.877 [main] DEBUG io.netty.buffer.PooledByteBufAllocator - -Dio.netty.allocator.chunkSize: 16777216
23:23:18.877 [main] DEBUG io.netty.buffer.PooledByteBufAllocator - -Dio.netty.allocator.smallCacheSize: 256
23:23:18.877 [main] DEBUG io.netty.buffer.PooledByteBufAllocator - -Dio.netty.allocator.normalCacheSize: 64
23:23:18.877 [main] DEBUG io.netty.buffer.PooledByteBufAllocator - -Dio.netty.allocator.maxCachedBufferCapacity: 32768
23:23:18.877 [main] DEBUG io.netty.buffer.PooledByteBufAllocator - -Dio.netty.allocator.cacheTrimInterval: 8192
23:23:18.877 [main] DEBUG io.netty.buffer.PooledByteBufAllocator - -Dio.netty.allocator.cacheTrimIntervalMillis: 0
23:23:18.877 [main] DEBUG io.netty.buffer.PooledByteBufAllocator - -Dio.netty.allocator.useCacheForAllThreads: true
23:23:18.877 [main] DEBUG io.netty.buffer.PooledByteBufAllocator - -Dio.netty.allocator.maxCachedByteBuffersPerChunk: 1023
23:23:18.900 [main] DEBUG io.netty.buffer.ByteBufUtil - -Dio.netty.allocator.type: pooled
23:23:18.900 [main] DEBUG io.netty.buffer.ByteBufUtil - -Dio.netty.threadLocalDirectBufferSize: 0
23:23:18.900 [main] DEBUG io.netty.buffer.ByteBufUtil - -Dio.netty.maxThreadLocalCharBufferSize: 16384
23:23:19.304 [main] DEBUG net.serenitybdd.core.webdriver.driverproviders.ProvideNewDriver - Instantiating driver
23:23:19.304 [main] DEBUG net.serenitybdd.core.webdriver.driverproviders.ProvideNewDriver - Driver capabilities: Capabilities {acceptInsecureCerts: false, base.url: https://qa.alta.id, browserName: chrome, chrome.driver: src/test/resources/webdrive..., driver: chrome, goog:chromeOptions: {args: [], extensions: []}}
23:23:21.946 [Forwarding newSession on session null to remote] DEBUG io.netty.channel.DefaultChannelId - -Dio.netty.processId: 6788 (auto-detected)
23:23:21.951 [Forwarding newSession on session null to remote] DEBUG io.netty.util.NetUtil - -Djava.net.preferIPv4Stack: false
23:23:21.951 [Forwarding newSession on session null to remote] DEBUG io.netty.util.NetUtil - -Djava.net.preferIPv6Addresses: false
23:23:22.204 [Forwarding newSession on session null to remote] DEBUG io.netty.util.NetUtilInitializations - Loopback interface: lo (Software Loopback Interface 1, 127.0.0.1)
23:23:22.206 [Forwarding newSession on session null to remote] DEBUG io.netty.util.NetUtil - Failed to get SOMAXCONN from sysctl and file \proc\sys\net\core\somaxconn. Default: 200
23:23:22.451 [Forwarding newSession on session null to remote] DEBUG io.netty.channel.DefaultChannelId - -Dio.netty.machineId: a4:97:b1:ff:fe:c8:9c:0f (auto-detected)
23:23:22.536 [AsyncHttpClient-1-2] DEBUG io.netty.buffer.AbstractByteBuf - -Dio.netty.buffer.checkAccessible: true
23:23:22.536 [AsyncHttpClient-1-2] DEBUG io.netty.buffer.AbstractByteBuf - -Dio.netty.buffer.checkBounds: true
23:23:22.537 [AsyncHttpClient-1-2] DEBUG io.netty.util.ResourceLeakDetectorFactory - Loaded default ResourceLeakDetector: io.netty.util.ResourceLeakDetector@f82dad9
23:23:22.566 [AsyncHttpClient-1-2] DEBUG org.asynchttpclient.netty.channel.NettyConnectListener - Using new Channel '[id: 0x95f93ee1, L:/127.0.0.1:52114 - R:localhost/127.0.0.1:60956]' for 'POST' to '/session'
23:23:22.599 [AsyncHttpClient-1-2] DEBUG io.netty.util.Recycler - -Dio.netty.recycler.maxCapacityPerThread: 4096
23:23:22.599 [AsyncHttpClient-1-2] DEBUG io.netty.util.Recycler - -Dio.netty.recycler.ratio: 8
23:23:22.599 [AsyncHttpClient-1-2] DEBUG io.netty.util.Recycler - -Dio.netty.recycler.chunkSize: 32
23:23:22.599 [AsyncHttpClient-1-2] DEBUG io.netty.util.Recycler - -Dio.netty.recycler.blocking: false
23:23:24.130 [AsyncHttpClient-1-2] DEBUG io.netty.handler.codec.compression.Brotli - brotli4j not in the classpath; Brotli support will be unavailable.
23:23:24.130 [AsyncHttpClient-1-2] DEBUG org.asynchttpclient.netty.handler.HttpHandler - 

Request DefaultHttpRequest(decodeResult: success, version: HTTP/1.1)
POST /session HTTP/1.1
User-Agent: selenium/4.1.2 (java windows)
Content-Length: 595
Content-Type: application/json; charset=utf-8
host: localhost:60956
accept: */*

Response DefaultHttpResponse(decodeResult: success, version: HTTP/1.1)
HTTP/1.1 200 OK
Content-Type: application/json; charset=utf-8
cache-control: no-cache
content-length: 793

23:23:24.162 [AsyncHttpClient-1-2] DEBUG org.asynchttpclient.netty.channel.ChannelManager - Adding key: http://localhost:60956 for channel [id: 0x95f93ee1, L:/127.0.0.1:52114 - R:localhost/127.0.0.1:60956]
23:23:24.193 [AsyncHttpClient-1-1] DEBUG org.asynchttpclient.netty.channel.DefaultChannelPool - Entry count for : http://localhost:60956 : 1
23:23:24.354 [AsyncHttpClient-1-3] DEBUG org.asynchttpclient.netty.channel.NettyConnectListener - Using new Channel '[id: 0x2e31a178, L:/127.0.0.1:52123 - R:localhost/127.0.0.1:52116]' for 'GET' to '/json/version'
23:23:24.371 [AsyncHttpClient-1-3] DEBUG org.asynchttpclient.netty.handler.HttpHandler - 

Request DefaultFullHttpRequest(decodeResult: success, version: HTTP/1.1, content: EmptyByteBufBE)
GET /json/version HTTP/1.1
User-Agent: selenium/4.1.2 (java windows)
host: localhost:52116
accept: */*

Response DefaultHttpResponse(decodeResult: success, version: HTTP/1.1)
HTTP/1.1 200 OK
Content-Type: application/json; charset=UTF-8
content-length: 427

23:23:24.372 [AsyncHttpClient-1-3] DEBUG org.asynchttpclient.netty.channel.ChannelManager - Adding key: http://localhost:52116 for channel [id: 0x2e31a178, L:/127.0.0.1:52123 - R:localhost/127.0.0.1:52116]
23:23:24.387 [main] DEBUG io.netty.util.internal.ThreadLocalRandom - -Dio.netty.initialSeedUniquifier: 0xba5649bee47a0079
23:23:24.398 [AsyncHttpClient-1-4] DEBUG org.asynchttpclient.netty.channel.NettyConnectListener - Using new Channel '[id: 0x9ddf9ae3, L:/127.0.0.1:52124 - R:localhost/127.0.0.1:52116]' for 'GET' to '/devtools/browser/4dba0ff9-38b4-4eb9-a8d9-f74eae4fb858'
23:23:24.415 [AsyncHttpClient-1-4] DEBUG org.asynchttpclient.netty.handler.WebSocketHandler - 

Request DefaultFullHttpRequest(decodeResult: success, version: HTTP/1.1, content: EmptyByteBufBE)
GET /devtools/browser/4dba0ff9-38b4-4eb9-a8d9-f74eae4fb858 HTTP/1.1
upgrade: websocket
connection: upgrade
sec-websocket-key: 7UcEszb3dT4rFjg0p4pU8w==
sec-websocket-version: 13
origin: http://localhost:52116
host: localhost:52116
accept: */*
user-agent: AHC/2.1

Response DefaultHttpResponse(decodeResult: success, version: HTTP/1.1)
HTTP/1.1 101 WebSocket Protocol Handshake
Upgrade: WebSocket
Connection: Upgrade
Sec-WebSocket-Accept: v3eEmzqzLJNT0Fs4PB1lrAjFycI=

23:23:25.257 [AsyncHttpClient-1-1] DEBUG org.asynchttpclient.netty.channel.DefaultChannelPool - Entry count for : http://localhost:52116 : 1
23:23:25.257 [AsyncHttpClient-1-1] DEBUG org.asynchttpclient.netty.channel.DefaultChannelPool - Entry count for : http://localhost:60956 : 1
23:23:25.673 [main] DEBUG net.thucydides.core.reflection.ClassFinder - Could not load class .CucumberTestSuite
23:23:25.674 [main] DEBUG net.thucydides.core.reflection.ClassFinder - Could not load class .starter.BuyProducts
23:23:25.674 [main] DEBUG net.thucydides.core.reflection.ClassFinder - Could not load class .starter.Homepage
23:23:25.674 [main] DEBUG net.thucydides.core.reflection.ClassFinder - Could not load class .starter.Login
23:23:25.674 [main] DEBUG net.thucydides.core.reflection.ClassFinder - Could not load class .starter.Logout
23:23:25.674 [main] DEBUG net.thucydides.core.reflection.ClassFinder - Could not load class .starter.Order
23:23:25.674 [main] DEBUG net.thucydides.core.reflection.ClassFinder - Could not load class .starter.Register
23:23:25.674 [main] DEBUG net.thucydides.core.reflection.ClassFinder - Could not load class .starter.Transaction
23:23:25.674 [main] DEBUG net.thucydides.core.reflection.ClassFinder - Could not load class .stepdefinitions.BuyProductsStep
23:23:25.674 [main] DEBUG net.thucydides.core.reflection.ClassFinder - Could not load class .stepdefinitions.GiveRatingStep
23:23:25.674 [main] DEBUG net.thucydides.core.reflection.ClassFinder - Could not load class .stepdefinitions.LoginStep
23:23:25.674 [main] DEBUG net.thucydides.core.reflection.ClassFinder - Could not load class .stepdefinitions.LogoutStep
23:23:25.674 [main] DEBUG net.thucydides.core.reflection.ClassFinder - Could not load class .stepdefinitions.OrderStep
23:23:25.674 [main] DEBUG net.thucydides.core.reflection.ClassFinder - Could not load class .stepdefinitions.RegisterStep
23:23:25.674 [main] DEBUG net.thucydides.core.reflection.ClassFinder - Could not load class .stepdefinitions.TransactionStep
23:23:25.676 [main] DEBUG net.thucydides.core.reflection.ClassFinder - Could not load class META-INF.versions.9.com.sun.istack.logging.StackHelper
23:23:25.677 [main] DEBUG net.thucydides.core.reflection.ClassFinder - Could not load class META-INF.versions.9.com.sun.xml.bind.v2.runtime.reflect.opt.AccessorInjector
23:23:25.677 [main] DEBUG net.thucydides.core.reflection.ClassFinder - Could not load class META-INF.versions.9.com.sun.xml.bind.v2.runtime.reflect.opt.Injector
23:23:25.678 [main] DEBUG net.thucydides.core.reflection.ClassFinder - Could not load class META-INF.versions.9.com.sun.xml.bind.v2.runtime.reflect.opt.OptimizedAccessorFactory
23:23:25.678 [main] DEBUG net.thucydides.core.reflection.ClassFinder - Could not load class META-INF.versions.9.com.sun.xml.bind.v2.runtime.reflect.opt.OptimizedTransducedAccessorFactory
23:23:25.679 [main] DEBUG net.thucydides.core.reflection.ClassFinder - Could not load class META-INF.versions.9.io.opentelemetry.sdk.internal.CurrentJavaVersionSpecific
23:23:25.680 [main] DEBUG net.thucydides.core.reflection.ClassFinder - Could not load class META-INF.versions.9.io.opentelemetry.sdk.internal.Java9VersionSpecific
23:23:25.681 [main] DEBUG net.thucydides.core.reflection.ClassFinder - Could not load class META-INF.versions.9.javax.xml.bind.ModuleUtil
23:23:25.681 [main] DEBUG net.thucydides.core.reflection.ClassFinder - Could not load class META-INF.versions.9.module-info
23:23:25.683 [main] DEBUG net.thucydides.core.reflection.ClassFinder - Could not load class META-INF.versions.9.org.junit.platform.commons.util.ModuleUtils
23:23:25.687 [main] DEBUG net.thucydides.core.reflection.ClassFinder - Could not load class com.google.gson.internal.
23:23:25.690 [main] DEBUG net.thucydides.core.reflection.ClassFinder - Could not load class com.sun.xml.bind.v2.runtime.output.FastInfosetStreamWriterOutput
23:23:25.695 [main] DEBUG net.thucydides.core.reflection.ClassFinder - Could not load class module-info
23:23:25.737 [Forwarding get on session adc32fe726ffef49d7c8c2742e9dcc38 to remote] DEBUG org.asynchttpclient.netty.request.NettyRequestSender - Using pooled Channel '[id: 0x95f93ee1, L:/127.0.0.1:52114 - R:localhost/127.0.0.1:60956]' for 'POST' to 'http://localhost:60956/session/adc32fe726ffef49d7c8c2742e9dcc38/url'
23:23:25.737 [Forwarding get on session adc32fe726ffef49d7c8c2742e9dcc38 to remote] DEBUG org.asynchttpclient.netty.request.NettyRequestSender - Using open Channel [id: 0x95f93ee1, L:/127.0.0.1:52114 - R:localhost/127.0.0.1:60956] for POST '/session/adc32fe726ffef49d7c8c2742e9dcc38/url'
23:23:26.359 [AsyncHttpClient-1-1] DEBUG org.asynchttpclient.netty.channel.DefaultChannelPool - Entry count for : http://localhost:52116 : 1
23:23:27.465 [AsyncHttpClient-1-1] DEBUG org.asynchttpclient.netty.channel.DefaultChannelPool - Entry count for : http://localhost:52116 : 1
23:23:27.731 [AsyncHttpClient-1-2] DEBUG org.asynchttpclient.netty.handler.HttpHandler - 

Request DefaultHttpRequest(decodeResult: success, version: HTTP/1.1)
POST /session/adc32fe726ffef49d7c8c2742e9dcc38/url HTTP/1.1
User-Agent: selenium/4.1.2 (java windows)
Content-Length: 64
Content-Type: application/json; charset=utf-8
host: localhost:60956
accept: */*

Response DefaultHttpResponse(decodeResult: success, version: HTTP/1.1)
HTTP/1.1 200 OK
Content-Type: application/json; charset=utf-8
cache-control: no-cache
content-length: 14

23:23:27.732 [AsyncHttpClient-1-2] DEBUG org.asynchttpclient.netty.channel.ChannelManager - Adding key: http://localhost:60956 for channel [id: 0x95f93ee1, L:/127.0.0.1:52114 - R:localhost/127.0.0.1:60956]
23:23:27.741 [Forwarding setTimeout on session adc32fe726ffef49d7c8c2742e9dcc38 to remote] DEBUG org.asynchttpclient.netty.request.NettyRequestSender - Using pooled Channel '[id: 0x95f93ee1, L:/127.0.0.1:52114 - R:localhost/127.0.0.1:60956]' for 'POST' to 'http://localhost:60956/session/adc32fe726ffef49d7c8c2742e9dcc38/timeouts'
23:23:27.741 [Forwarding setTimeout on session adc32fe726ffef49d7c8c2742e9dcc38 to remote] DEBUG org.asynchttpclient.netty.request.NettyRequestSender - Using open Channel [id: 0x95f93ee1, L:/127.0.0.1:52114 - R:localhost/127.0.0.1:60956] for POST '/session/adc32fe726ffef49d7c8c2742e9dcc38/timeouts'
23:23:27.745 [AsyncHttpClient-1-2] DEBUG org.asynchttpclient.netty.handler.HttpHandler - 

Request DefaultHttpRequest(decodeResult: success, version: HTTP/1.1)
POST /session/adc32fe726ffef49d7c8c2742e9dcc38/timeouts HTTP/1.1
User-Agent: selenium/4.1.2 (java windows)
Content-Length: 22
Content-Type: application/json; charset=utf-8
host: localhost:60956
accept: */*

Response DefaultHttpResponse(decodeResult: success, version: HTTP/1.1)
HTTP/1.1 200 OK
Content-Type: application/json; charset=utf-8
cache-control: no-cache
content-length: 14

23:23:27.745 [AsyncHttpClient-1-2] DEBUG org.asynchttpclient.netty.channel.ChannelManager - Adding key: http://localhost:60956 for channel [id: 0x95f93ee1, L:/127.0.0.1:52114 - R:localhost/127.0.0.1:60956]
23:23:27.767 [Forwarding getCurrentUrl on session adc32fe726ffef49d7c8c2742e9dcc38 to remote] DEBUG org.asynchttpclient.netty.request.NettyRequestSender - Using pooled Channel '[id: 0x95f93ee1, L:/127.0.0.1:52114 - R:localhost/127.0.0.1:60956]' for 'GET' to 'http://localhost:60956/session/adc32fe726ffef49d7c8c2742e9dcc38/url'
23:23:27.767 [Forwarding getCurrentUrl on session adc32fe726ffef49d7c8c2742e9dcc38 to remote] DEBUG org.asynchttpclient.netty.request.NettyRequestSender - Using open Channel [id: 0x95f93ee1, L:/127.0.0.1:52114 - R:localhost/127.0.0.1:60956] for GET '/session/adc32fe726ffef49d7c8c2742e9dcc38/url'
23:23:27.777 [AsyncHttpClient-1-2] DEBUG org.asynchttpclient.netty.handler.HttpHandler - 

Request DefaultFullHttpRequest(decodeResult: success, version: HTTP/1.1, content: EmptyByteBufBE)
GET /session/adc32fe726ffef49d7c8c2742e9dcc38/url HTTP/1.1
User-Agent: selenium/4.1.2 (java windows)
Cache-Control: no-cache
Content-Type: application/json; charset=utf-8
host: localhost:60956
accept: */*

Response DefaultHttpResponse(decodeResult: success, version: HTTP/1.1)
HTTP/1.1 200 OK
Content-Type: application/json; charset=utf-8
cache-control: no-cache
content-length: 41

23:23:27.778 [AsyncHttpClient-1-2] DEBUG org.asynchttpclient.netty.channel.ChannelManager - Adding key: http://localhost:60956 for channel [id: 0x95f93ee1, L:/127.0.0.1:52114 - R:localhost/127.0.0.1:60956]
23:23:27.860 [main] DEBUG net.serenitybdd.core.photography.Darkroom - Opening darkroom
23:23:27.874 [Forwarding screenshot on session adc32fe726ffef49d7c8c2742e9dcc38 to remote] DEBUG org.asynchttpclient.netty.request.NettyRequestSender - Using pooled Channel '[id: 0x95f93ee1, L:/127.0.0.1:52114 - R:localhost/127.0.0.1:60956]' for 'GET' to 'http://localhost:60956/session/adc32fe726ffef49d7c8c2742e9dcc38/screenshot'
23:23:27.876 [Forwarding screenshot on session adc32fe726ffef49d7c8c2742e9dcc38 to remote] DEBUG org.asynchttpclient.netty.request.NettyRequestSender - Using open Channel [id: 0x95f93ee1, L:/127.0.0.1:52114 - R:localhost/127.0.0.1:60956] for GET '/session/adc32fe726ffef49d7c8c2742e9dcc38/screenshot'
23:23:27.881 [Darkroom Processing Line] DEBUG net.serenitybdd.core.photography.DarkroomProcessingLine - Darkroom processing line starting up
23:23:28.225 [AsyncHttpClient-1-2] DEBUG org.asynchttpclient.netty.handler.HttpHandler - 

Request DefaultFullHttpRequest(decodeResult: success, version: HTTP/1.1, content: EmptyByteBufBE)
GET /session/adc32fe726ffef49d7c8c2742e9dcc38/screenshot HTTP/1.1
User-Agent: selenium/4.1.2 (java windows)
Cache-Control: no-cache
Content-Type: application/json; charset=utf-8
host: localhost:60956
accept: */*

Response DefaultHttpResponse(decodeResult: success, version: HTTP/1.1)
HTTP/1.1 200 OK
Content-Type: application/json; charset=utf-8
cache-control: no-cache
content-length: 37804

23:23:28.227 [AsyncHttpClient-1-2] DEBUG org.asynchttpclient.netty.channel.ChannelManager - Adding key: http://localhost:60956 for channel [id: 0x95f93ee1, L:/127.0.0.1:52114 - R:localhost/127.0.0.1:60956]
23:23:28.342 [main] DEBUG net.serenitybdd.core.photography.Darkroom - Send negative for processing for target\site\serenity\aef0e5914dc3e205d587e4dd044394fa48b3466ef033e71e0aa4e3ca907ede95.png
23:23:28.343 [Darkroom Processing Line] DEBUG net.serenitybdd.core.photography.DarkroomProcessingLine - Processing screenshot image in /var/screenshots/screenshot-8268374438295615306
23:23:28.344 [Darkroom Processing Line] DEBUG net.serenitybdd.core.photography.DarkroomProcessingLine - Saving screenshot to target\site\serenity\aef0e5914dc3e205d587e4dd044394fa48b3466ef033e71e0aa4e3ca907ede95.png
23:23:28.348 [main] DEBUG net.thucydides.core.steps.StepInterceptor - STEP DONE: onLoginPage
  &amp#27;[32mGiven &amp#27;[0m&amp#27;[32m&amp#27;[0m&amp#27;[32m&amp#27;[1mI&amp#27;[0m&amp#27;[32m at login page&amp#27;[0m                                            &amp#27;[90m# stepdefinitions.BuyProductsStep.iAtLoginPage(java.lang.String)&amp#27;[0m
23:23:28.421 [Forwarding screenshot on session adc32fe726ffef49d7c8c2742e9dcc38 to remote] DEBUG org.asynchttpclient.netty.request.NettyRequestSender - Using pooled Channel '[id: 0x95f93ee1, L:/127.0.0.1:52114 - R:localhost/127.0.0.1:60956]' for 'GET' to 'http://localhost:60956/session/adc32fe726ffef49d7c8c2742e9dcc38/screenshot'
23:23:28.422 [Forwarding screenshot on session adc32fe726ffef49d7c8c2742e9dcc38 to remote] DEBUG org.asynchttpclient.netty.request.NettyRequestSender - Using open Channel [id: 0x95f93ee1, L:/127.0.0.1:52114 - R:localhost/127.0.0.1:60956] for GET '/session/adc32fe726ffef49d7c8c2742e9dcc38/screenshot'
23:23:28.559 [AsyncHttpClient-1-1] DEBUG org.asynchttpclient.netty.channel.DefaultChannelPool - Entry count for : http://localhost:52116 : 1
23:23:28.604 [AsyncHttpClient-1-2] DEBUG org.asynchttpclient.netty.handler.HttpHandler - 

Request DefaultFullHttpRequest(decodeResult: success, version: HTTP/1.1, content: EmptyByteBufBE)
GET /session/adc32fe726ffef49d7c8c2742e9dcc38/screenshot HTTP/1.1
User-Agent: selenium/4.1.2 (java windows)
Cache-Control: no-cache
Content-Type: application/json; charset=utf-8
host: localhost:60956
accept: */*

Response DefaultHttpResponse(decodeResult: success, version: HTTP/1.1)
HTTP/1.1 200 OK
Content-Type: application/json; charset=utf-8
cache-control: no-cache
content-length: 37804

23:23:28.606 [AsyncHttpClient-1-2] DEBUG org.asynchttpclient.netty.channel.ChannelManager - Adding key: http://localhost:60956 for channel [id: 0x95f93ee1, L:/127.0.0.1:52114 - R:localhost/127.0.0.1:60956]
23:23:28.612 [main] DEBUG net.serenitybdd.core.photography.Darkroom - Send negative for processing for target\site\serenity\aef0e5914dc3e205d587e4dd044394fa48b3466ef033e71e0aa4e3ca907ede95.png
23:23:28.628 [main] DEBUG net.thucydides.core.steps.StepInterceptor - STARTING STEP: BuyProductsStep.iEnterEmail - typeMyEmail
23:23:28.635 [Forwarding findElement on session adc32fe726ffef49d7c8c2742e9dcc38 to remote] DEBUG org.asynchttpclient.netty.request.NettyRequestSender - Using pooled Channel '[id: 0x95f93ee1, L:/127.0.0.1:52114 - R:localhost/127.0.0.1:60956]' for 'POST' to 'http://localhost:60956/session/adc32fe726ffef49d7c8c2742e9dcc38/element'
23:23:28.635 [Forwarding findElement on session adc32fe726ffef49d7c8c2742e9dcc38 to remote] DEBUG org.asynchttpclient.netty.request.NettyRequestSender - Using open Channel [id: 0x95f93ee1, L:/127.0.0.1:52114 - R:localhost/127.0.0.1:60956] for POST '/session/adc32fe726ffef49d7c8c2742e9dcc38/element'
23:23:28.657 [AsyncHttpClient-1-2] DEBUG org.asynchttpclient.netty.handler.HttpHandler - 

Request DefaultHttpRequest(decodeResult: success, version: HTTP/1.1)
POST /session/adc32fe726ffef49d7c8c2742e9dcc38/element HTTP/1.1
User-Agent: selenium/4.1.2 (java windows)
Content-Length: 84
Content-Type: application/json; charset=utf-8
host: localhost:60956
accept: */*

Response DefaultHttpResponse(decodeResult: success, version: HTTP/1.1)
HTTP/1.1 200 OK
Content-Type: application/json; charset=utf-8
cache-control: no-cache
content-length: 88

23:23:28.658 [AsyncHttpClient-1-2] DEBUG org.asynchttpclient.netty.channel.ChannelManager - Adding key: http://localhost:60956 for channel [id: 0x95f93ee1, L:/127.0.0.1:52114 - R:localhost/127.0.0.1:60956]
23:23:28.666 [Forwarding sendKeysToElement on session adc32fe726ffef49d7c8c2742e9dcc38 to remote] DEBUG org.asynchttpclient.netty.request.NettyRequestSender - Using pooled Channel '[id: 0x95f93ee1, L:/127.0.0.1:52114 - R:localhost/127.0.0.1:60956]' for 'POST' to 'http://localhost:60956/session/adc32fe726ffef49d7c8c2742e9dcc38/element/949d6eff-15e2-4ba4-a035-1f3db0337b74/value'
23:23:28.666 [Forwarding sendKeysToElement on session adc32fe726ffef49d7c8c2742e9dcc38 to remote] DEBUG org.asynchttpclient.netty.request.NettyRequestSender - Using open Channel [id: 0x95f93ee1, L:/127.0.0.1:52114 - R:localhost/127.0.0.1:60956] for POST '/session/adc32fe726ffef49d7c8c2742e9dcc38/element/949d6eff-15e2-4ba4-a035-1f3db0337b74/value'
23:23:29.030 [AsyncHttpClient-1-2] DEBUG org.asynchttpclient.netty.handler.HttpHandler - 

Request DefaultHttpRequest(decodeResult: success, version: HTTP/1.1)
POST /session/adc32fe726ffef49d7c8c2742e9dcc38/element/949d6eff-15e2-4ba4-a035-1f3db0337b74/value HTTP/1.1
User-Agent: selenium/4.1.2 (java windows)
Content-Length: 361
Content-Type: application/json; charset=utf-8
host: localhost:60956
accept: */*

Response DefaultHttpResponse(decodeResult: success, version: HTTP/1.1)
HTTP/1.1 200 OK
Content-Type: application/json; charset=utf-8
cache-control: no-cache
content-length: 14

23:23:29.031 [AsyncHttpClient-1-2] DEBUG org.asynchttpclient.netty.channel.ChannelManager - Adding key: http://localhost:60956 for channel [id: 0x95f93ee1, L:/127.0.0.1:52114 - R:localhost/127.0.0.1:60956]
23:23:29.042 [Forwarding screenshot on session adc32fe726ffef49d7c8c2742e9dcc38 to remote] DEBUG org.asynchttpclient.netty.request.NettyRequestSender - Using pooled Channel '[id: 0x95f93ee1, L:/127.0.0.1:52114 - R:localhost/127.0.0.1:60956]' for 'GET' to 'http://localhost:60956/session/adc32fe726ffef49d7c8c2742e9dcc38/screenshot'
23:23:29.043 [Forwarding screenshot on session adc32fe726ffef49d7c8c2742e9dcc38 to remote] DEBUG org.asynchttpclient.netty.request.NettyRequestSender - Using open Channel [id: 0x95f93ee1, L:/127.0.0.1:52114 - R:localhost/127.0.0.1:60956] for GET '/session/adc32fe726ffef49d7c8c2742e9dcc38/screenshot'
23:23:29.340 [AsyncHttpClient-1-2] DEBUG org.asynchttpclient.netty.handler.HttpHandler - 

Request DefaultFullHttpRequest(decodeResult: success, version: HTTP/1.1, content: EmptyByteBufBE)
GET /session/adc32fe726ffef49d7c8c2742e9dcc38/screenshot HTTP/1.1
User-Agent: selenium/4.1.2 (java windows)
Cache-Control: no-cache
Content-Type: application/json; charset=utf-8
host: localhost:60956
accept: */*

Response DefaultHttpResponse(decodeResult: success, version: HTTP/1.1)
HTTP/1.1 200 OK
Content-Type: application/json; charset=utf-8
cache-control: no-cache
content-length: 47204

23:23:29.341 [AsyncHttpClient-1-2] DEBUG org.asynchttpclient.netty.channel.ChannelManager - Adding key: http://localhost:60956 for channel [id: 0x95f93ee1, L:/127.0.0.1:52114 - R:localhost/127.0.0.1:60956]
23:23:29.372 [main] DEBUG net.serenitybdd.core.photography.Darkroom - Send negative for processing for target\site\serenity\1c191dbe45f4fc4ee4e0cf94146d4ffeded7ed32a534fda4f0d3562e2f8938b1.png
23:23:29.372 [main] DEBUG net.thucydides.core.steps.StepInterceptor - STEP DONE: typeMyEmail
  &amp#27;[32mWhen &amp#27;[0m&amp#27;[32mI enter email &amp#27;[0m&amp#27;[32m&amp#27;[1mlandon.mcdermott@hotmail.com&amp#27;[0m                  &amp#27;[90m# stepdefinitions.BuyProductsStep.iEnterEmail(java.lang.String)&amp#27;[0m
23:23:29.373 [Darkroom Processing Line] DEBUG net.serenitybdd.core.photography.DarkroomProcessingLine - Processing screenshot image in /var/screenshots/screenshot-18377798169982073208
23:23:29.373 [Darkroom Processing Line] DEBUG net.serenitybdd.core.photography.DarkroomProcessingLine - Saving screenshot to target\site\serenity\1c191dbe45f4fc4ee4e0cf94146d4ffeded7ed32a534fda4f0d3562e2f8938b1.png
23:23:29.407 [main] DEBUG net.thucydides.core.steps.StepInterceptor - STARTING STEP: BuyProductsStep.iEnterPassword - typeMyPassword
23:23:29.412 [Forwarding findElement on session adc32fe726ffef49d7c8c2742e9dcc38 to remote] DEBUG org.asynchttpclient.netty.request.NettyRequestSender - Using pooled Channel '[id: 0x95f93ee1, L:/127.0.0.1:52114 - R:localhost/127.0.0.1:60956]' for 'POST' to 'http://localhost:60956/session/adc32fe726ffef49d7c8c2742e9dcc38/element'
23:23:29.412 [Forwarding findElement on session adc32fe726ffef49d7c8c2742e9dcc38 to remote] DEBUG org.asynchttpclient.netty.request.NettyRequestSender - Using open Channel [id: 0x95f93ee1, L:/127.0.0.1:52114 - R:localhost/127.0.0.1:60956] for POST '/session/adc32fe726ffef49d7c8c2742e9dcc38/element'
23:23:29.429 [AsyncHttpClient-1-2] DEBUG org.asynchttpclient.netty.handler.HttpHandler - 

Request DefaultHttpRequest(decodeResult: success, version: HTTP/1.1)
POST /session/adc32fe726ffef49d7c8c2742e9dcc38/element HTTP/1.1
User-Agent: selenium/4.1.2 (java windows)
Content-Length: 87
Content-Type: application/json; charset=utf-8
host: localhost:60956
accept: */*

Response DefaultHttpResponse(decodeResult: success, version: HTTP/1.1)
HTTP/1.1 200 OK
Content-Type: application/json; charset=utf-8
cache-control: no-cache
content-length: 88

23:23:29.429 [AsyncHttpClient-1-2] DEBUG org.asynchttpclient.netty.channel.ChannelManager - Adding key: http://localhost:60956 for channel [id: 0x95f93ee1, L:/127.0.0.1:52114 - R:localhost/127.0.0.1:60956]
23:23:29.433 [Forwarding sendKeysToElement on session adc32fe726ffef49d7c8c2742e9dcc38 to remote] DEBUG org.asynchttpclient.netty.request.NettyRequestSender - Using pooled Channel '[id: 0x95f93ee1, L:/127.0.0.1:52114 - R:localhost/127.0.0.1:60956]' for 'POST' to 'http://localhost:60956/session/adc32fe726ffef49d7c8c2742e9dcc38/element/f8cae382-cf9e-4676-85fd-6d217630f505/value'
23:23:29.433 [Forwarding sendKeysToElement on session adc32fe726ffef49d7c8c2742e9dcc38 to remote] DEBUG org.asynchttpclient.netty.request.NettyRequestSender - Using open Channel [id: 0x95f93ee1, L:/127.0.0.1:52114 - R:localhost/127.0.0.1:60956] for POST '/session/adc32fe726ffef49d7c8c2742e9dcc38/element/f8cae382-cf9e-4676-85fd-6d217630f505/value'
23:23:29.542 [AsyncHttpClient-1-2] DEBUG org.asynchttpclient.netty.handler.HttpHandler - 

Request DefaultHttpRequest(decodeResult: success, version: HTTP/1.1)
POST /session/adc32fe726ffef49d7c8c2742e9dcc38/element/f8cae382-cf9e-4676-85fd-6d217630f505/value HTTP/1.1
User-Agent: selenium/4.1.2 (java windows)
Content-Length: 131
Content-Type: application/json; charset=utf-8
host: localhost:60956
accept: */*

Response DefaultHttpResponse(decodeResult: success, version: HTTP/1.1)
HTTP/1.1 200 OK
Content-Type: application/json; charset=utf-8
cache-control: no-cache
content-length: 14

23:23:29.542 [AsyncHttpClient-1-2] DEBUG org.asynchttpclient.netty.channel.ChannelManager - Adding key: http://localhost:60956 for channel [id: 0x95f93ee1, L:/127.0.0.1:52114 - R:localhost/127.0.0.1:60956]
23:23:29.555 [Forwarding screenshot on session adc32fe726ffef49d7c8c2742e9dcc38 to remote] DEBUG org.asynchttpclient.netty.request.NettyRequestSender - Using pooled Channel '[id: 0x95f93ee1, L:/127.0.0.1:52114 - R:localhost/127.0.0.1:60956]' for 'GET' to 'http://localhost:60956/session/adc32fe726ffef49d7c8c2742e9dcc38/screenshot'
23:23:29.556 [Forwarding screenshot on session adc32fe726ffef49d7c8c2742e9dcc38 to remote] DEBUG org.asynchttpclient.netty.request.NettyRequestSender - Using open Channel [id: 0x95f93ee1, L:/127.0.0.1:52114 - R:localhost/127.0.0.1:60956] for GET '/session/adc32fe726ffef49d7c8c2742e9dcc38/screenshot'
23:23:29.657 [AsyncHttpClient-1-1] DEBUG org.asynchttpclient.netty.channel.DefaultChannelPool - Entry count for : http://localhost:52116 : 1
23:23:29.737 [AsyncHttpClient-1-2] DEBUG org.asynchttpclient.netty.handler.HttpHandler - 

Request DefaultFullHttpRequest(decodeResult: success, version: HTTP/1.1, content: EmptyByteBufBE)
GET /session/adc32fe726ffef49d7c8c2742e9dcc38/screenshot HTTP/1.1
User-Agent: selenium/4.1.2 (java windows)
Cache-Control: no-cache
Content-Type: application/json; charset=utf-8
host: localhost:60956
accept: */*

Response DefaultHttpResponse(decodeResult: success, version: HTTP/1.1)
HTTP/1.1 200 OK
Content-Type: application/json; charset=utf-8
cache-control: no-cache
content-length: 49284

23:23:29.738 [AsyncHttpClient-1-2] DEBUG org.asynchttpclient.netty.channel.ChannelManager - Adding key: http://localhost:60956 for channel [id: 0x95f93ee1, L:/127.0.0.1:52114 - R:localhost/127.0.0.1:60956]
23:23:29.743 [main] DEBUG net.serenitybdd.core.photography.Darkroom - Send negative for processing for target\site\serenity\fb804eed024858596bad6d6d5b4ce2140c9641fe891874bf1902c7a4d17011a2.png
23:23:29.744 [main] DEBUG net.thucydides.core.steps.StepInterceptor - STEP DONE: typeMyPassword
23:23:29.744 [Darkroom Processing Line] DEBUG net.serenitybdd.core.photography.DarkroomProcessingLine - Processing screenshot image in /var/screenshots/screenshot-3115838941754694829
23:23:29.744 [Darkroom Processing Line] DEBUG net.serenitybdd.core.photography.DarkroomProcessingLine - Saving screenshot to target\site\serenity\fb804eed024858596bad6d6d5b4ce2140c9641fe891874bf1902c7a4d17011a2.png
23:23:29.758 [main] DEBUG net.thucydides.core.steps.StepInterceptor - STARTING STEP: BuyProductsStep.iEnterPassword - clickLoginButton
23:23:29.770 [Forwarding findElement on session adc32fe726ffef49d7c8c2742e9dcc38 to remote] DEBUG org.asynchttpclient.netty.request.NettyRequestSender - Using pooled Channel '[id: 0x95f93ee1, L:/127.0.0.1:52114 - R:localhost/127.0.0.1:60956]' for 'POST' to 'http://localhost:60956/session/adc32fe726ffef49d7c8c2742e9dcc38/element'
23:23:29.770 [Forwarding findElement on session adc32fe726ffef49d7c8c2742e9dcc38 to remote] DEBUG org.asynchttpclient.netty.request.NettyRequestSender - Using open Channel [id: 0x95f93ee1, L:/127.0.0.1:52114 - R:localhost/127.0.0.1:60956] for POST '/session/adc32fe726ffef49d7c8c2742e9dcc38/element'
23:23:29.790 [AsyncHttpClient-1-2] DEBUG org.asynchttpclient.netty.handler.HttpHandler - 

Request DefaultHttpRequest(decodeResult: success, version: HTTP/1.1)
POST /session/adc32fe726ffef49d7c8c2742e9dcc38/element HTTP/1.1
User-Agent: selenium/4.1.2 (java windows)
Content-Length: 155
Content-Type: application/json; charset=utf-8
host: localhost:60956
accept: */*

Response DefaultHttpResponse(decodeResult: success, version: HTTP/1.1)
HTTP/1.1 200 OK
Content-Type: application/json; charset=utf-8
cache-control: no-cache
content-length: 88

23:23:29.790 [AsyncHttpClient-1-2] DEBUG org.asynchttpclient.netty.channel.ChannelManager - Adding key: http://localhost:60956 for channel [id: 0x95f93ee1, L:/127.0.0.1:52114 - R:localhost/127.0.0.1:60956]
23:23:29.795 [Forwarding getElementTagName on session adc32fe726ffef49d7c8c2742e9dcc38 to remote] DEBUG org.asynchttpclient.netty.request.NettyRequestSender - Using pooled Channel '[id: 0x95f93ee1, L:/127.0.0.1:52114 - R:localhost/127.0.0.1:60956]' for 'GET' to 'http://localhost:60956/session/adc32fe726ffef49d7c8c2742e9dcc38/element/199430ed-c8e4-4a4f-bd49-769367b4ab0f/name'
23:23:29.795 [Forwarding getElementTagName on session adc32fe726ffef49d7c8c2742e9dcc38 to remote] DEBUG org.asynchttpclient.netty.request.NettyRequestSender - Using open Channel [id: 0x95f93ee1, L:/127.0.0.1:52114 - R:localhost/127.0.0.1:60956] for GET '/session/adc32fe726ffef49d7c8c2742e9dcc38/element/199430ed-c8e4-4a4f-bd49-769367b4ab0f/name'
23:23:29.804 [AsyncHttpClient-1-2] DEBUG org.asynchttpclient.netty.handler.HttpHandler - 

Request DefaultFullHttpRequest(decodeResult: success, version: HTTP/1.1, content: EmptyByteBufBE)
GET /session/adc32fe726ffef49d7c8c2742e9dcc38/element/199430ed-c8e4-4a4f-bd49-769367b4ab0f/name HTTP/1.1
User-Agent: selenium/4.1.2 (java windows)
Cache-Control: no-cache
Content-Type: application/json; charset=utf-8
host: localhost:60956
accept: */*

Response DefaultHttpResponse(decodeResult: success, version: HTTP/1.1)
HTTP/1.1 200 OK
Content-Type: application/json; charset=utf-8
cache-control: no-cache
content-length: 18

23:23:29.805 [AsyncHttpClient-1-2] DEBUG org.asynchttpclient.netty.channel.ChannelManager - Adding key: http://localhost:60956 for channel [id: 0x95f93ee1, L:/127.0.0.1:52114 - R:localhost/127.0.0.1:60956]
23:23:29.808 [Forwarding getElementTagName on session adc32fe726ffef49d7c8c2742e9dcc38 to remote] DEBUG org.asynchttpclient.netty.request.NettyRequestSender - Using pooled Channel '[id: 0x95f93ee1, L:/127.0.0.1:52114 - R:localhost/127.0.0.1:60956]' for 'GET' to 'http://localhost:60956/session/adc32fe726ffef49d7c8c2742e9dcc38/element/199430ed-c8e4-4a4f-bd49-769367b4ab0f/name'
23:23:29.808 [Forwarding getElementTagName on session adc32fe726ffef49d7c8c2742e9dcc38 to remote] DEBUG org.asynchttpclient.netty.request.NettyRequestSender - Using open Channel [id: 0x95f93ee1, L:/127.0.0.1:52114 - R:localhost/127.0.0.1:60956] for GET '/session/adc32fe726ffef49d7c8c2742e9dcc38/element/199430ed-c8e4-4a4f-bd49-769367b4ab0f/name'
23:23:29.816 [AsyncHttpClient-1-2] DEBUG org.asynchttpclient.netty.handler.HttpHandler - 

Request DefaultFullHttpRequest(decodeResult: success, version: HTTP/1.1, content: EmptyByteBufBE)
GET /session/adc32fe726ffef49d7c8c2742e9dcc38/element/199430ed-c8e4-4a4f-bd49-769367b4ab0f/name HTTP/1.1
User-Agent: selenium/4.1.2 (java windows)
Cache-Control: no-cache
Content-Type: application/json; charset=utf-8
host: localhost:60956
accept: */*

Response DefaultHttpResponse(decodeResult: success, version: HTTP/1.1)
HTTP/1.1 200 OK
Content-Type: application/json; charset=utf-8
cache-control: no-cache
content-length: 18

23:23:29.816 [AsyncHttpClient-1-2] DEBUG org.asynchttpclient.netty.channel.ChannelManager - Adding key: http://localhost:60956 for channel [id: 0x95f93ee1, L:/127.0.0.1:52114 - R:localhost/127.0.0.1:60956]
23:23:29.824 [Forwarding isElementEnabled on session adc32fe726ffef49d7c8c2742e9dcc38 to remote] DEBUG org.asynchttpclient.netty.request.NettyRequestSender - Using pooled Channel '[id: 0x95f93ee1, L:/127.0.0.1:52114 - R:localhost/127.0.0.1:60956]' for 'GET' to 'http://localhost:60956/session/adc32fe726ffef49d7c8c2742e9dcc38/element/199430ed-c8e4-4a4f-bd49-769367b4ab0f/enabled'
23:23:29.824 [Forwarding isElementEnabled on session adc32fe726ffef49d7c8c2742e9dcc38 to remote] DEBUG org.asynchttpclient.netty.request.NettyRequestSender - Using open Channel [id: 0x95f93ee1, L:/127.0.0.1:52114 - R:localhost/127.0.0.1:60956] for GET '/session/adc32fe726ffef49d7c8c2742e9dcc38/element/199430ed-c8e4-4a4f-bd49-769367b4ab0f/enabled'
23:23:29.840 [AsyncHttpClient-1-2] DEBUG org.asynchttpclient.netty.handler.HttpHandler - 

Request DefaultFullHttpRequest(decodeResult: success, version: HTTP/1.1, content: EmptyByteBufBE)
GET /session/adc32fe726ffef49d7c8c2742e9dcc38/element/199430ed-c8e4-4a4f-bd49-769367b4ab0f/enabled HTTP/1.1
User-Agent: selenium/4.1.2 (java windows)
Cache-Control: no-cache
Content-Type: application/json; charset=utf-8
host: localhost:60956
accept: */*

Response DefaultHttpResponse(decodeResult: success, version: HTTP/1.1)
HTTP/1.1 200 OK
Content-Type: application/json; charset=utf-8
cache-control: no-cache
content-length: 14

23:23:29.840 [AsyncHttpClient-1-2] DEBUG org.asynchttpclient.netty.channel.ChannelManager - Adding key: http://localhost:60956 for channel [id: 0x95f93ee1, L:/127.0.0.1:52114 - R:localhost/127.0.0.1:60956]
23:23:29.844 [Forwarding isElementEnabled on session adc32fe726ffef49d7c8c2742e9dcc38 to remote] DEBUG org.asynchttpclient.netty.request.NettyRequestSender - Using pooled Channel '[id: 0x95f93ee1, L:/127.0.0.1:52114 - R:localhost/127.0.0.1:60956]' for 'GET' to 'http://localhost:60956/session/adc32fe726ffef49d7c8c2742e9dcc38/element/199430ed-c8e4-4a4f-bd49-769367b4ab0f/enabled'
23:23:29.844 [Forwarding isElementEnabled on session adc32fe726ffef49d7c8c2742e9dcc38 to remote] DEBUG org.asynchttpclient.netty.request.NettyRequestSender - Using open Channel [id: 0x95f93ee1, L:/127.0.0.1:52114 - R:localhost/127.0.0.1:60956] for GET '/session/adc32fe726ffef49d7c8c2742e9dcc38/element/199430ed-c8e4-4a4f-bd49-769367b4ab0f/enabled'
23:23:29.857 [AsyncHttpClient-1-2] DEBUG org.asynchttpclient.netty.handler.HttpHandler - 

Request DefaultFullHttpRequest(decodeResult: success, version: HTTP/1.1, content: EmptyByteBufBE)
GET /session/adc32fe726ffef49d7c8c2742e9dcc38/element/199430ed-c8e4-4a4f-bd49-769367b4ab0f/enabled HTTP/1.1
User-Agent: selenium/4.1.2 (java windows)
Cache-Control: no-cache
Content-Type: application/json; charset=utf-8
host: localhost:60956
accept: */*

Response DefaultHttpResponse(decodeResult: success, version: HTTP/1.1)
HTTP/1.1 200 OK
Content-Type: application/json; charset=utf-8
cache-control: no-cache
content-length: 14

23:23:29.858 [AsyncHttpClient-1-2] DEBUG org.asynchttpclient.netty.channel.ChannelManager - Adding key: http://localhost:60956 for channel [id: 0x95f93ee1, L:/127.0.0.1:52114 - R:localhost/127.0.0.1:60956]
23:23:29.864 [Forwarding findElement on session adc32fe726ffef49d7c8c2742e9dcc38 to remote] DEBUG org.asynchttpclient.netty.request.NettyRequestSender - Using pooled Channel '[id: 0x95f93ee1, L:/127.0.0.1:52114 - R:localhost/127.0.0.1:60956]' for 'POST' to 'http://localhost:60956/session/adc32fe726ffef49d7c8c2742e9dcc38/element'
23:23:29.865 [Forwarding findElement on session adc32fe726ffef49d7c8c2742e9dcc38 to remote] DEBUG org.asynchttpclient.netty.request.NettyRequestSender - Using open Channel [id: 0x95f93ee1, L:/127.0.0.1:52114 - R:localhost/127.0.0.1:60956] for POST '/session/adc32fe726ffef49d7c8c2742e9dcc38/element'
23:23:29.875 [AsyncHttpClient-1-2] DEBUG org.asynchttpclient.netty.handler.HttpHandler - 

Request DefaultHttpRequest(decodeResult: success, version: HTTP/1.1)
POST /session/adc32fe726ffef49d7c8c2742e9dcc38/element HTTP/1.1
User-Agent: selenium/4.1.2 (java windows)
Content-Length: 155
Content-Type: application/json; charset=utf-8
host: localhost:60956
accept: */*

Response DefaultHttpResponse(decodeResult: success, version: HTTP/1.1)
HTTP/1.1 200 OK
Content-Type: application/json; charset=utf-8
cache-control: no-cache
content-length: 88

23:23:29.876 [AsyncHttpClient-1-2] DEBUG org.asynchttpclient.netty.channel.ChannelManager - Adding key: http://localhost:60956 for channel [id: 0x95f93ee1, L:/127.0.0.1:52114 - R:localhost/127.0.0.1:60956]
23:23:29.881 [Forwarding clickElement on session adc32fe726ffef49d7c8c2742e9dcc38 to remote] DEBUG org.asynchttpclient.netty.request.NettyRequestSender - Using pooled Channel '[id: 0x95f93ee1, L:/127.0.0.1:52114 - R:localhost/127.0.0.1:60956]' for 'POST' to 'http://localhost:60956/session/adc32fe726ffef49d7c8c2742e9dcc38/element/199430ed-c8e4-4a4f-bd49-769367b4ab0f/click'
23:23:29.881 [Forwarding clickElement on session adc32fe726ffef49d7c8c2742e9dcc38 to remote] DEBUG org.asynchttpclient.netty.request.NettyRequestSender - Using open Channel [id: 0x95f93ee1, L:/127.0.0.1:52114 - R:localhost/127.0.0.1:60956] for POST '/session/adc32fe726ffef49d7c8c2742e9dcc38/element/199430ed-c8e4-4a4f-bd49-769367b4ab0f/click'
23:23:29.951 [AsyncHttpClient-1-2] DEBUG org.asynchttpclient.netty.handler.HttpHandler - 

Request DefaultHttpRequest(decodeResult: success, version: HTTP/1.1)
POST /session/adc32fe726ffef49d7c8c2742e9dcc38/element/199430ed-c8e4-4a4f-bd49-769367b4ab0f/click HTTP/1.1
User-Agent: selenium/4.1.2 (java windows)
Content-Length: 50
Content-Type: application/json; charset=utf-8
host: localhost:60956
accept: */*

Response DefaultHttpResponse(decodeResult: success, version: HTTP/1.1)
HTTP/1.1 200 OK
Content-Type: application/json; charset=utf-8
cache-control: no-cache
content-length: 14

23:23:29.952 [AsyncHttpClient-1-2] DEBUG org.asynchttpclient.netty.channel.ChannelManager - Adding key: http://localhost:60956 for channel [id: 0x95f93ee1, L:/127.0.0.1:52114 - R:localhost/127.0.0.1:60956]
23:23:29.964 [Forwarding screenshot on session adc32fe726ffef49d7c8c2742e9dcc38 to remote] DEBUG org.asynchttpclient.netty.request.NettyRequestSender - Using pooled Channel '[id: 0x95f93ee1, L:/127.0.0.1:52114 - R:localhost/127.0.0.1:60956]' for 'GET' to 'http://localhost:60956/session/adc32fe726ffef49d7c8c2742e9dcc38/screenshot'
23:23:29.965 [Forwarding screenshot on session adc32fe726ffef49d7c8c2742e9dcc38 to remote] DEBUG org.asynchttpclient.netty.request.NettyRequestSender - Using open Channel [id: 0x95f93ee1, L:/127.0.0.1:52114 - R:localhost/127.0.0.1:60956] for GET '/session/adc32fe726ffef49d7c8c2742e9dcc38/screenshot'
23:23:30.422 [AsyncHttpClient-1-2] DEBUG org.asynchttpclient.netty.handler.HttpHandler - 

Request DefaultFullHttpRequest(decodeResult: success, version: HTTP/1.1, content: EmptyByteBufBE)
GET /session/adc32fe726ffef49d7c8c2742e9dcc38/screenshot HTTP/1.1
User-Agent: selenium/4.1.2 (java windows)
Cache-Control: no-cache
Content-Type: application/json; charset=utf-8
host: localhost:60956
accept: */*

Response DefaultHttpResponse(decodeResult: success, version: HTTP/1.1)
HTTP/1.1 200 OK
Content-Type: application/json; charset=utf-8
cache-control: no-cache
content-length: 48264

23:23:30.424 [AsyncHttpClient-1-2] DEBUG org.asynchttpclient.netty.channel.ChannelManager - Adding key: http://localhost:60956 for channel [id: 0x95f93ee1, L:/127.0.0.1:52114 - R:localhost/127.0.0.1:60956]
23:23:30.430 [main] DEBUG net.serenitybdd.core.photography.Darkroom - Send negative for processing for target\site\serenity\ad614cf3bf6b605c42ba5256eddb88d21f1f2762875359e21cfb21cffa58017b.png
23:23:30.430 [main] DEBUG net.thucydides.core.steps.StepInterceptor - STEP DONE: clickLoginButton
  &amp#27;[32mAnd &amp#27;[0m&amp#27;[32mI enter password &amp#27;[0m&amp#27;[32m&amp#27;[1maiueo&amp#27;[0m                                       &amp#27;[90m# stepdefinitions.BuyProductsStep.iEnterPassword(java.lang.String)&amp#27;[0m
23:23:30.431 [Darkroom Processing Line] DEBUG net.serenitybdd.core.photography.DarkroomProcessingLine - Processing screenshot image in /var/screenshots/screenshot-164494228067992978
23:23:30.431 [Darkroom Processing Line] DEBUG net.serenitybdd.core.photography.DarkroomProcessingLine - Saving screenshot to target\site\serenity\ad614cf3bf6b605c42ba5256eddb88d21f1f2762875359e21cfb21cffa58017b.png
23:23:30.491 [Forwarding screenshot on session adc32fe726ffef49d7c8c2742e9dcc38 to remote] DEBUG org.asynchttpclient.netty.request.NettyRequestSender - Using pooled Channel '[id: 0x95f93ee1, L:/127.0.0.1:52114 - R:localhost/127.0.0.1:60956]' for 'GET' to 'http://localhost:60956/session/adc32fe726ffef49d7c8c2742e9dcc38/screenshot'
23:23:30.491 [Forwarding screenshot on session adc32fe726ffef49d7c8c2742e9dcc38 to remote] DEBUG org.asynchttpclient.netty.request.NettyRequestSender - Using open Channel [id: 0x95f93ee1, L:/127.0.0.1:52114 - R:localhost/127.0.0.1:60956] for GET '/session/adc32fe726ffef49d7c8c2742e9dcc38/screenshot'
23:23:30.767 [AsyncHttpClient-1-1] DEBUG org.asynchttpclient.netty.channel.DefaultChannelPool - Entry count for : http://localhost:52116 : 1
23:23:30.834 [AsyncHttpClient-1-2] DEBUG org.asynchttpclient.netty.handler.HttpHandler - 

Request DefaultFullHttpRequest(decodeResult: success, version: HTTP/1.1, content: EmptyByteBufBE)
GET /session/adc32fe726ffef49d7c8c2742e9dcc38/screenshot HTTP/1.1
User-Agent: selenium/4.1.2 (java windows)
Cache-Control: no-cache
Content-Type: application/json; charset=utf-8
host: localhost:60956
accept: */*

Response DefaultHttpResponse(decodeResult: success, version: HTTP/1.1)
HTTP/1.1 200 OK
Content-Type: application/json; charset=utf-8
cache-control: no-cache
content-length: 33032

23:23:30.835 [AsyncHttpClient-1-2] DEBUG org.asynchttpclient.netty.channel.ChannelManager - Adding key: http://localhost:60956 for channel [id: 0x95f93ee1, L:/127.0.0.1:52114 - R:localhost/127.0.0.1:60956]
23:23:30.838 [main] DEBUG net.serenitybdd.core.photography.Darkroom - Send negative for processing for target\site\serenity\53803b2de0079505de5348d9f402907ad8110475d858f23d8e55abf96bcfee4f.png
23:23:30.839 [main] DEBUG net.thucydides.core.steps.StepInterceptor - STARTING STEP: BuyProductsStep.iBuyTensiElektrik - buyTensiDarah
23:23:30.839 [Darkroom Processing Line] DEBUG net.serenitybdd.core.photography.DarkroomProcessingLine - Processing screenshot image in /var/screenshots/screenshot-10838263884408596961
23:23:30.839 [Darkroom Processing Line] DEBUG net.serenitybdd.core.photography.DarkroomProcessingLine - Saving screenshot to target\site\serenity\53803b2de0079505de5348d9f402907ad8110475d858f23d8e55abf96bcfee4f.png
23:23:30.856 [Forwarding findElement on session adc32fe726ffef49d7c8c2742e9dcc38 to remote] DEBUG org.asynchttpclient.netty.request.NettyRequestSender - Using pooled Channel '[id: 0x95f93ee1, L:/127.0.0.1:52114 - R:localhost/127.0.0.1:60956]' for 'POST' to 'http://localhost:60956/session/adc32fe726ffef49d7c8c2742e9dcc38/element'
23:23:30.857 [Forwarding findElement on session adc32fe726ffef49d7c8c2742e9dcc38 to remote] DEBUG org.asynchttpclient.netty.request.NettyRequestSender - Using open Channel [id: 0x95f93ee1, L:/127.0.0.1:52114 - R:localhost/127.0.0.1:60956] for POST '/session/adc32fe726ffef49d7c8c2742e9dcc38/element'
23:23:31.857 [AsyncHttpClient-1-1] DEBUG org.asynchttpclient.netty.channel.DefaultChannelPool - Entry count for : http://localhost:52116 : 1
23:23:32.966 [AsyncHttpClient-1-1] DEBUG org.asynchttpclient.netty.channel.DefaultChannelPool - Entry count for : http://localhost:52116 : 1
23:23:33.461 [AsyncHttpClient-1-2] DEBUG org.asynchttpclient.netty.handler.HttpHandler - 

Request DefaultHttpRequest(decodeResult: success, version: HTTP/1.1)
POST /session/adc32fe726ffef49d7c8c2742e9dcc38/element HTTP/1.1
User-Agent: selenium/4.1.2 (java windows)
Content-Length: 102
Content-Type: application/json; charset=utf-8
host: localhost:60956
accept: */*

Response DefaultHttpResponse(decodeResult: success, version: HTTP/1.1)
HTTP/1.1 200 OK
Content-Type: application/json; charset=utf-8
cache-control: no-cache
content-length: 88

23:23:33.461 [AsyncHttpClient-1-2] DEBUG org.asynchttpclient.netty.channel.ChannelManager - Adding key: http://localhost:60956 for channel [id: 0x95f93ee1, L:/127.0.0.1:52114 - R:localhost/127.0.0.1:60956]
23:23:33.471 [Forwarding getElementTagName on session adc32fe726ffef49d7c8c2742e9dcc38 to remote] DEBUG org.asynchttpclient.netty.request.NettyRequestSender - Using pooled Channel '[id: 0x95f93ee1, L:/127.0.0.1:52114 - R:localhost/127.0.0.1:60956]' for 'GET' to 'http://localhost:60956/session/adc32fe726ffef49d7c8c2742e9dcc38/element/fd76a851-fd17-47a2-abb5-6ecc937c890c/name'
23:23:33.473 [Forwarding getElementTagName on session adc32fe726ffef49d7c8c2742e9dcc38 to remote] DEBUG org.asynchttpclient.netty.request.NettyRequestSender - Using open Channel [id: 0x95f93ee1, L:/127.0.0.1:52114 - R:localhost/127.0.0.1:60956] for GET '/session/adc32fe726ffef49d7c8c2742e9dcc38/element/fd76a851-fd17-47a2-abb5-6ecc937c890c/name'
23:23:33.490 [AsyncHttpClient-1-2] DEBUG org.asynchttpclient.netty.handler.HttpHandler - 

Request DefaultFullHttpRequest(decodeResult: success, version: HTTP/1.1, content: EmptyByteBufBE)
GET /session/adc32fe726ffef49d7c8c2742e9dcc38/element/fd76a851-fd17-47a2-abb5-6ecc937c890c/name HTTP/1.1
User-Agent: selenium/4.1.2 (java windows)
Cache-Control: no-cache
Content-Type: application/json; charset=utf-8
host: localhost:60956
accept: */*

Response DefaultHttpResponse(decodeResult: success, version: HTTP/1.1)
HTTP/1.1 200 OK
Content-Type: application/json; charset=utf-8
cache-control: no-cache
content-length: 18

23:23:33.490 [AsyncHttpClient-1-2] DEBUG org.asynchttpclient.netty.channel.ChannelManager - Adding key: http://localhost:60956 for channel [id: 0x95f93ee1, L:/127.0.0.1:52114 - R:localhost/127.0.0.1:60956]
23:23:33.496 [Forwarding getElementTagName on session adc32fe726ffef49d7c8c2742e9dcc38 to remote] DEBUG org.asynchttpclient.netty.request.NettyRequestSender - Using pooled Channel '[id: 0x95f93ee1, L:/127.0.0.1:52114 - R:localhost/127.0.0.1:60956]' for 'GET' to 'http://localhost:60956/session/adc32fe726ffef49d7c8c2742e9dcc38/element/fd76a851-fd17-47a2-abb5-6ecc937c890c/name'
23:23:33.496 [Forwarding getElementTagName on session adc32fe726ffef49d7c8c2742e9dcc38 to remote] DEBUG org.asynchttpclient.netty.request.NettyRequestSender - Using open Channel [id: 0x95f93ee1, L:/127.0.0.1:52114 - R:localhost/127.0.0.1:60956] for GET '/session/adc32fe726ffef49d7c8c2742e9dcc38/element/fd76a851-fd17-47a2-abb5-6ecc937c890c/name'
23:23:33.502 [AsyncHttpClient-1-2] DEBUG org.asynchttpclient.netty.handler.HttpHandler - 

Request DefaultFullHttpRequest(decodeResult: success, version: HTTP/1.1, content: EmptyByteBufBE)
GET /session/adc32fe726ffef49d7c8c2742e9dcc38/element/fd76a851-fd17-47a2-abb5-6ecc937c890c/name HTTP/1.1
User-Agent: selenium/4.1.2 (java windows)
Cache-Control: no-cache
Content-Type: application/json; charset=utf-8
host: localhost:60956
accept: */*

Response DefaultHttpResponse(decodeResult: success, version: HTTP/1.1)
HTTP/1.1 200 OK
Content-Type: application/json; charset=utf-8
cache-control: no-cache
content-length: 18

23:23:33.503 [AsyncHttpClient-1-2] DEBUG org.asynchttpclient.netty.channel.ChannelManager - Adding key: http://localhost:60956 for channel [id: 0x95f93ee1, L:/127.0.0.1:52114 - R:localhost/127.0.0.1:60956]
23:23:33.507 [Forwarding isElementEnabled on session adc32fe726ffef49d7c8c2742e9dcc38 to remote] DEBUG org.asynchttpclient.netty.request.NettyRequestSender - Using pooled Channel '[id: 0x95f93ee1, L:/127.0.0.1:52114 - R:localhost/127.0.0.1:60956]' for 'GET' to 'http://localhost:60956/session/adc32fe726ffef49d7c8c2742e9dcc38/element/fd76a851-fd17-47a2-abb5-6ecc937c890c/enabled'
23:23:33.508 [Forwarding isElementEnabled on session adc32fe726ffef49d7c8c2742e9dcc38 to remote] DEBUG org.asynchttpclient.netty.request.NettyRequestSender - Using open Channel [id: 0x95f93ee1, L:/127.0.0.1:52114 - R:localhost/127.0.0.1:60956] for GET '/session/adc32fe726ffef49d7c8c2742e9dcc38/element/fd76a851-fd17-47a2-abb5-6ecc937c890c/enabled'
23:23:33.526 [AsyncHttpClient-1-2] DEBUG org.asynchttpclient.netty.handler.HttpHandler - 

Request DefaultFullHttpRequest(decodeResult: success, version: HTTP/1.1, content: EmptyByteBufBE)
GET /session/adc32fe726ffef49d7c8c2742e9dcc38/element/fd76a851-fd17-47a2-abb5-6ecc937c890c/enabled HTTP/1.1
User-Agent: selenium/4.1.2 (java windows)
Cache-Control: no-cache
Content-Type: application/json; charset=utf-8
host: localhost:60956
accept: */*

Response DefaultHttpResponse(decodeResult: success, version: HTTP/1.1)
HTTP/1.1 200 OK
Content-Type: application/json; charset=utf-8
cache-control: no-cache
content-length: 14

23:23:33.528 [AsyncHttpClient-1-2] DEBUG org.asynchttpclient.netty.channel.ChannelManager - Adding key: http://localhost:60956 for channel [id: 0x95f93ee1, L:/127.0.0.1:52114 - R:localhost/127.0.0.1:60956]
23:23:33.532 [Forwarding isElementEnabled on session adc32fe726ffef49d7c8c2742e9dcc38 to remote] DEBUG org.asynchttpclient.netty.request.NettyRequestSender - Using pooled Channel '[id: 0x95f93ee1, L:/127.0.0.1:52114 - R:localhost/127.0.0.1:60956]' for 'GET' to 'http://localhost:60956/session/adc32fe726ffef49d7c8c2742e9dcc38/element/fd76a851-fd17-47a2-abb5-6ecc937c890c/enabled'
23:23:33.532 [Forwarding isElementEnabled on session adc32fe726ffef49d7c8c2742e9dcc38 to remote] DEBUG org.asynchttpclient.netty.request.NettyRequestSender - Using open Channel [id: 0x95f93ee1, L:/127.0.0.1:52114 - R:localhost/127.0.0.1:60956] for GET '/session/adc32fe726ffef49d7c8c2742e9dcc38/element/fd76a851-fd17-47a2-abb5-6ecc937c890c/enabled'
23:23:33.540 [AsyncHttpClient-1-2] DEBUG org.asynchttpclient.netty.handler.HttpHandler - 

Request DefaultFullHttpRequest(decodeResult: success, version: HTTP/1.1, content: EmptyByteBufBE)
GET /session/adc32fe726ffef49d7c8c2742e9dcc38/element/fd76a851-fd17-47a2-abb5-6ecc937c890c/enabled HTTP/1.1
User-Agent: selenium/4.1.2 (java windows)
Cache-Control: no-cache
Content-Type: application/json; charset=utf-8
host: localhost:60956
accept: */*

Response DefaultHttpResponse(decodeResult: success, version: HTTP/1.1)
HTTP/1.1 200 OK
Content-Type: application/json; charset=utf-8
cache-control: no-cache
content-length: 14

23:23:33.541 [AsyncHttpClient-1-2] DEBUG org.asynchttpclient.netty.channel.ChannelManager - Adding key: http://localhost:60956 for channel [id: 0x95f93ee1, L:/127.0.0.1:52114 - R:localhost/127.0.0.1:60956]
23:23:33.547 [Forwarding findElement on session adc32fe726ffef49d7c8c2742e9dcc38 to remote] DEBUG org.asynchttpclient.netty.request.NettyRequestSender - Using pooled Channel '[id: 0x95f93ee1, L:/127.0.0.1:52114 - R:localhost/127.0.0.1:60956]' for 'POST' to 'http://localhost:60956/session/adc32fe726ffef49d7c8c2742e9dcc38/element'
23:23:33.548 [Forwarding findElement on session adc32fe726ffef49d7c8c2742e9dcc38 to remote] DEBUG org.asynchttpclient.netty.request.NettyRequestSender - Using open Channel [id: 0x95f93ee1, L:/127.0.0.1:52114 - R:localhost/127.0.0.1:60956] for POST '/session/adc32fe726ffef49d7c8c2742e9dcc38/element'
23:23:33.573 [AsyncHttpClient-1-2] DEBUG org.asynchttpclient.netty.handler.HttpHandler - 

Request DefaultHttpRequest(decodeResult: success, version: HTTP/1.1)
POST /session/adc32fe726ffef49d7c8c2742e9dcc38/element HTTP/1.1
User-Agent: selenium/4.1.2 (java windows)
Content-Length: 102
Content-Type: application/json; charset=utf-8
host: localhost:60956
accept: */*

Response DefaultHttpResponse(decodeResult: success, version: HTTP/1.1)
HTTP/1.1 200 OK
Content-Type: application/json; charset=utf-8
cache-control: no-cache
content-length: 88

23:23:33.573 [AsyncHttpClient-1-2] DEBUG org.asynchttpclient.netty.channel.ChannelManager - Adding key: http://localhost:60956 for channel [id: 0x95f93ee1, L:/127.0.0.1:52114 - R:localhost/127.0.0.1:60956]
23:23:33.576 [Forwarding clickElement on session adc32fe726ffef49d7c8c2742e9dcc38 to remote] DEBUG org.asynchttpclient.netty.request.NettyRequestSender - Using pooled Channel '[id: 0x95f93ee1, L:/127.0.0.1:52114 - R:localhost/127.0.0.1:60956]' for 'POST' to 'http://localhost:60956/session/adc32fe726ffef49d7c8c2742e9dcc38/element/fd76a851-fd17-47a2-abb5-6ecc937c890c/click'
23:23:33.576 [Forwarding clickElement on session adc32fe726ffef49d7c8c2742e9dcc38 to remote] DEBUG org.asynchttpclient.netty.request.NettyRequestSender - Using open Channel [id: 0x95f93ee1, L:/127.0.0.1:52114 - R:localhost/127.0.0.1:60956] for POST '/session/adc32fe726ffef49d7c8c2742e9dcc38/element/fd76a851-fd17-47a2-abb5-6ecc937c890c/click'
23:23:33.741 [AsyncHttpClient-1-2] DEBUG org.asynchttpclient.netty.handler.HttpHandler - 

Request DefaultHttpRequest(decodeResult: success, version: HTTP/1.1)
POST /session/adc32fe726ffef49d7c8c2742e9dcc38/element/fd76a851-fd17-47a2-abb5-6ecc937c890c/click HTTP/1.1
User-Agent: selenium/4.1.2 (java windows)
Content-Length: 50
Content-Type: application/json; charset=utf-8
host: localhost:60956
accept: */*

Response DefaultHttpResponse(decodeResult: success, version: HTTP/1.1)
HTTP/1.1 200 OK
Content-Type: application/json; charset=utf-8
cache-control: no-cache
content-length: 14

23:23:33.742 [AsyncHttpClient-1-2] DEBUG org.asynchttpclient.netty.channel.ChannelManager - Adding key: http://localhost:60956 for channel [id: 0x95f93ee1, L:/127.0.0.1:52114 - R:localhost/127.0.0.1:60956]
23:23:33.756 [Forwarding screenshot on session adc32fe726ffef49d7c8c2742e9dcc38 to remote] DEBUG org.asynchttpclient.netty.request.NettyRequestSender - Using pooled Channel '[id: 0x95f93ee1, L:/127.0.0.1:52114 - R:localhost/127.0.0.1:60956]' for 'GET' to 'http://localhost:60956/session/adc32fe726ffef49d7c8c2742e9dcc38/screenshot'
23:23:33.756 [Forwarding screenshot on session adc32fe726ffef49d7c8c2742e9dcc38 to remote] DEBUG org.asynchttpclient.netty.request.NettyRequestSender - Using open Channel [id: 0x95f93ee1, L:/127.0.0.1:52114 - R:localhost/127.0.0.1:60956] for GET '/session/adc32fe726ffef49d7c8c2742e9dcc38/screenshot'
23:23:34.005 [AsyncHttpClient-1-2] DEBUG org.asynchttpclient.netty.handler.HttpHandler - 

Request DefaultFullHttpRequest(decodeResult: success, version: HTTP/1.1, content: EmptyByteBufBE)
GET /session/adc32fe726ffef49d7c8c2742e9dcc38/screenshot HTTP/1.1
User-Agent: selenium/4.1.2 (java windows)
Cache-Control: no-cache
Content-Type: application/json; charset=utf-8
host: localhost:60956
accept: */*

Response DefaultHttpResponse(decodeResult: success, version: HTTP/1.1)
HTTP/1.1 200 OK
Content-Type: application/json; charset=utf-8
cache-control: no-cache
content-length: 77572

23:23:34.007 [AsyncHttpClient-1-2] DEBUG org.asynchttpclient.netty.channel.ChannelManager - Adding key: http://localhost:60956 for channel [id: 0x95f93ee1, L:/127.0.0.1:52114 - R:localhost/127.0.0.1:60956]
23:23:34.012 [main] DEBUG net.serenitybdd.core.photography.Darkroom - Send negative for processing for target\site\serenity\10e92250c43027f88b9bd23fcb0c48cfbf644c559d01e95d201a291352b1beab.png
23:23:34.013 [main] DEBUG net.thucydides.core.steps.StepInterceptor - STEP DONE: buyTensiDarah
  &amp#27;[32mAnd &amp#27;[0m&amp#27;[32mFirst I buy &amp#27;[0m&amp#27;[32m&amp#27;[1mTensi Darah Eelktrik&amp#27;[0m                             &amp#27;[90m# stepdefinitions.BuyProductsStep.iBuyTensiElektrik(java.lang.String)&amp#27;[0m
23:23:34.013 [Darkroom Processing Line] DEBUG net.serenitybdd.core.photography.DarkroomProcessingLine - Processing screenshot image in /var/screenshots/screenshot-12252660530389363335
23:23:34.013 [Darkroom Processing Line] DEBUG net.serenitybdd.core.photography.DarkroomProcessingLine - Saving screenshot to target\site\serenity\10e92250c43027f88b9bd23fcb0c48cfbf644c559d01e95d201a291352b1beab.png
23:23:34.059 [main] DEBUG net.thucydides.core.steps.StepInterceptor - STARTING STEP: BuyProductsStep.iBuyCamera - buyCamera
23:23:34.063 [AsyncHttpClient-1-1] DEBUG org.asynchttpclient.netty.channel.DefaultChannelPool - Entry count for : http://localhost:52116 : 1
23:23:34.063 [AsyncHttpClient-1-1] DEBUG org.asynchttpclient.netty.channel.DefaultChannelPool - Entry count for : http://localhost:60956 : 1
23:23:34.067 [Forwarding findElement on session adc32fe726ffef49d7c8c2742e9dcc38 to remote] DEBUG org.asynchttpclient.netty.request.NettyRequestSender - Using pooled Channel '[id: 0x95f93ee1, L:/127.0.0.1:52114 - R:localhost/127.0.0.1:60956]' for 'POST' to 'http://localhost:60956/session/adc32fe726ffef49d7c8c2742e9dcc38/element'
23:23:34.067 [Forwarding findElement on session adc32fe726ffef49d7c8c2742e9dcc38 to remote] DEBUG org.asynchttpclient.netty.request.NettyRequestSender - Using open Channel [id: 0x95f93ee1, L:/127.0.0.1:52114 - R:localhost/127.0.0.1:60956] for POST '/session/adc32fe726ffef49d7c8c2742e9dcc38/element'
23:23:34.098 [AsyncHttpClient-1-2] DEBUG org.asynchttpclient.netty.handler.HttpHandler - 

Request DefaultHttpRequest(decodeResult: success, version: HTTP/1.1)
POST /session/adc32fe726ffef49d7c8c2742e9dcc38/element HTTP/1.1
User-Agent: selenium/4.1.2 (java windows)
Content-Length: 102
Content-Type: application/json; charset=utf-8
host: localhost:60956
accept: */*

Response DefaultHttpResponse(decodeResult: success, version: HTTP/1.1)
HTTP/1.1 200 OK
Content-Type: application/json; charset=utf-8
cache-control: no-cache
content-length: 88

23:23:34.099 [AsyncHttpClient-1-2] DEBUG org.asynchttpclient.netty.channel.ChannelManager - Adding key: http://localhost:60956 for channel [id: 0x95f93ee1, L:/127.0.0.1:52114 - R:localhost/127.0.0.1:60956]
23:23:34.102 [Forwarding getElementTagName on session adc32fe726ffef49d7c8c2742e9dcc38 to remote] DEBUG org.asynchttpclient.netty.request.NettyRequestSender - Using pooled Channel '[id: 0x95f93ee1, L:/127.0.0.1:52114 - R:localhost/127.0.0.1:60956]' for 'GET' to 'http://localhost:60956/session/adc32fe726ffef49d7c8c2742e9dcc38/element/960701ce-da2b-4414-8f94-5bf08beae447/name'
23:23:34.103 [Forwarding getElementTagName on session adc32fe726ffef49d7c8c2742e9dcc38 to remote] DEBUG org.asynchttpclient.netty.request.NettyRequestSender - Using open Channel [id: 0x95f93ee1, L:/127.0.0.1:52114 - R:localhost/127.0.0.1:60956] for GET '/session/adc32fe726ffef49d7c8c2742e9dcc38/element/960701ce-da2b-4414-8f94-5bf08beae447/name'
23:23:34.128 [AsyncHttpClient-1-2] DEBUG org.asynchttpclient.netty.handler.HttpHandler - 

Request DefaultFullHttpRequest(decodeResult: success, version: HTTP/1.1, content: EmptyByteBufBE)
GET /session/adc32fe726ffef49d7c8c2742e9dcc38/element/960701ce-da2b-4414-8f94-5bf08beae447/name HTTP/1.1
User-Agent: selenium/4.1.2 (java windows)
Cache-Control: no-cache
Content-Type: application/json; charset=utf-8
host: localhost:60956
accept: */*

Response DefaultHttpResponse(decodeResult: success, version: HTTP/1.1)
HTTP/1.1 200 OK
Content-Type: application/json; charset=utf-8
cache-control: no-cache
content-length: 18

23:23:34.129 [AsyncHttpClient-1-2] DEBUG org.asynchttpclient.netty.channel.ChannelManager - Adding key: http://localhost:60956 for channel [id: 0x95f93ee1, L:/127.0.0.1:52114 - R:localhost/127.0.0.1:60956]
23:23:34.134 [Forwarding getElementTagName on session adc32fe726ffef49d7c8c2742e9dcc38 to remote] DEBUG org.asynchttpclient.netty.request.NettyRequestSender - Using pooled Channel '[id: 0x95f93ee1, L:/127.0.0.1:52114 - R:localhost/127.0.0.1:60956]' for 'GET' to 'http://localhost:60956/session/adc32fe726ffef49d7c8c2742e9dcc38/element/960701ce-da2b-4414-8f94-5bf08beae447/name'
23:23:34.134 [Forwarding getElementTagName on session adc32fe726ffef49d7c8c2742e9dcc38 to remote] DEBUG org.asynchttpclient.netty.request.NettyRequestSender - Using open Channel [id: 0x95f93ee1, L:/127.0.0.1:52114 - R:localhost/127.0.0.1:60956] for GET '/session/adc32fe726ffef49d7c8c2742e9dcc38/element/960701ce-da2b-4414-8f94-5bf08beae447/name'
23:23:34.144 [AsyncHttpClient-1-2] DEBUG org.asynchttpclient.netty.handler.HttpHandler - 

Request DefaultFullHttpRequest(decodeResult: success, version: HTTP/1.1, content: EmptyByteBufBE)
GET /session/adc32fe726ffef49d7c8c2742e9dcc38/element/960701ce-da2b-4414-8f94-5bf08beae447/name HTTP/1.1
User-Agent: selenium/4.1.2 (java windows)
Cache-Control: no-cache
Content-Type: application/json; charset=utf-8
host: localhost:60956
accept: */*

Response DefaultHttpResponse(decodeResult: success, version: HTTP/1.1)
HTTP/1.1 200 OK
Content-Type: application/json; charset=utf-8
cache-control: no-cache
content-length: 18

23:23:34.145 [AsyncHttpClient-1-2] DEBUG org.asynchttpclient.netty.channel.ChannelManager - Adding key: http://localhost:60956 for channel [id: 0x95f93ee1, L:/127.0.0.1:52114 - R:localhost/127.0.0.1:60956]
23:23:34.155 [Forwarding isElementEnabled on session adc32fe726ffef49d7c8c2742e9dcc38 to remote] DEBUG org.asynchttpclient.netty.request.NettyRequestSender - Using pooled Channel '[id: 0x95f93ee1, L:/127.0.0.1:52114 - R:localhost/127.0.0.1:60956]' for 'GET' to 'http://localhost:60956/session/adc32fe726ffef49d7c8c2742e9dcc38/element/960701ce-da2b-4414-8f94-5bf08beae447/enabled'
23:23:34.155 [Forwarding isElementEnabled on session adc32fe726ffef49d7c8c2742e9dcc38 to remote] DEBUG org.asynchttpclient.netty.request.NettyRequestSender - Using open Channel [id: 0x95f93ee1, L:/127.0.0.1:52114 - R:localhost/127.0.0.1:60956] for GET '/session/adc32fe726ffef49d7c8c2742e9dcc38/element/960701ce-da2b-4414-8f94-5bf08beae447/enabled'
23:23:34.180 [AsyncHttpClient-1-2] DEBUG org.asynchttpclient.netty.handler.HttpHandler - 

Request DefaultFullHttpRequest(decodeResult: success, version: HTTP/1.1, content: EmptyByteBufBE)
GET /session/adc32fe726ffef49d7c8c2742e9dcc38/element/960701ce-da2b-4414-8f94-5bf08beae447/enabled HTTP/1.1
User-Agent: selenium/4.1.2 (java windows)
Cache-Control: no-cache
Content-Type: application/json; charset=utf-8
host: localhost:60956
accept: */*

Response DefaultHttpResponse(decodeResult: success, version: HTTP/1.1)
HTTP/1.1 200 OK
Content-Type: application/json; charset=utf-8
cache-control: no-cache
content-length: 14

23:23:34.181 [AsyncHttpClient-1-2] DEBUG org.asynchttpclient.netty.channel.ChannelManager - Adding key: http://localhost:60956 for channel [id: 0x95f93ee1, L:/127.0.0.1:52114 - R:localhost/127.0.0.1:60956]
23:23:34.191 [Forwarding isElementEnabled on session adc32fe726ffef49d7c8c2742e9dcc38 to remote] DEBUG org.asynchttpclient.netty.request.NettyRequestSender - Using pooled Channel '[id: 0x95f93ee1, L:/127.0.0.1:52114 - R:localhost/127.0.0.1:60956]' for 'GET' to 'http://localhost:60956/session/adc32fe726ffef49d7c8c2742e9dcc38/element/960701ce-da2b-4414-8f94-5bf08beae447/enabled'
[...]
23:25:14.885 [AsyncHttpClient-1-5] DEBUG org.asynchttpclient.netty.handler.HttpHandler - 

Request DefaultHttpRequest(decodeResult: success, version: HTTP/1.1)
POST /session/a1101e3f30afce3b5c3350a1367bd607/element HTTP/1.1
User-Agent: selenium/4.1.2 (java windows)
Content-Length: 70
Content-Type: application/json; charset=utf-8
host: localhost:60087
accept: */*

Response DefaultHttpResponse(decodeResult: success, version: HTTP/1.1)
HTTP/1.1 200 OK
Content-Type: application/json; charset=utf-8
cache-control: no-cache
content-length: 88

23:25:14.885 [AsyncHttpClient-1-5] DEBUG org.asynchttpclient.netty.channel.ChannelManager - Adding key: http://localhost:60087 for channel [id: 0xc1a0c0f2, L:/127.0.0.1:52405 - R:localhost/127.0.0.1:60087]
23:25:14.887 [Forwarding getElementTagName on session a1101e3f30afce3b5c3350a1367bd607 to remote] DEBUG org.asynchttpclient.netty.request.NettyRequestSender - Using pooled Channel '[id: 0xc1a0c0f2, L:/127.0.0.1:52405 - R:localhost/127.0.0.1:60087]' for 'GET' to 'http://localhost:60087/session/a1101e3f30afce3b5c3350a1367bd607/element/f9ff8f72-5833-48b1-aed9-b7a3df179c0b/name'
23:25:14.888 [Forwarding getElementTagName on session a1101e3f30afce3b5c3350a1367bd607 to remote] DEBUG org.asynchttpclient.netty.request.NettyRequestSender - Using open Channel [id: 0xc1a0c0f2, L:/127.0.0.1:52405 - R:localhost/127.0.0.1:60087] for GET '/session/a1101e3f30afce3b5c3350a1367bd607/element/f9ff8f72-5833-48b1-aed9-b7a3df179c0b/name'
23:25:14.894 [AsyncHttpClient-1-5] DEBUG org.asynchttpclient.netty.handler.HttpHandler - 

Request DefaultFullHttpRequest(decodeResult: success, version: HTTP/1.1, content: EmptyByteBufBE)
GET /session/a1101e3f30afce3b5c3350a1367bd607/element/f9ff8f72-5833-48b1-aed9-b7a3df179c0b/name HTTP/1.1
User-Agent: selenium/4.1.2 (java windows)
Cache-Control: no-cache
Content-Type: application/json; charset=utf-8
host: localhost:60087
accept: */*

Response DefaultHttpResponse(decodeResult: success, version: HTTP/1.1)
HTTP/1.1 200 OK
Content-Type: application/json; charset=utf-8
cache-control: no-cache
content-length: 17

23:25:14.894 [AsyncHttpClient-1-5] DEBUG org.asynchttpclient.netty.channel.ChannelManager - Adding key: http://localhost:60087 for channel [id: 0xc1a0c0f2, L:/127.0.0.1:52405 - R:localhost/127.0.0.1:60087]
23:25:14.896 [Forwarding getElementTagName on session a1101e3f30afce3b5c3350a1367bd607 to remote] DEBUG org.asynchttpclient.netty.request.NettyRequestSender - Using pooled Channel '[id: 0xc1a0c0f2, L:/127.0.0.1:52405 - R:localhost/127.0.0.1:60087]' for 'GET' to 'http://localhost:60087/session/a1101e3f30afce3b5c3350a1367bd607/element/f9ff8f72-5833-48b1-aed9-b7a3df179c0b/name'
23:25:14.896 [Forwarding getElementTagName on session a1101e3f30afce3b5c3350a1367bd607 to remote] DEBUG org.asynchttpclient.netty.request.NettyRequestSender - Using open Channel [id: 0xc1a0c0f2, L:/127.0.0.1:52405 - R:localhost/127.0.0.1:60087] for GET '/session/a1101e3f30afce3b5c3350a1367bd607/element/f9ff8f72-5833-48b1-aed9-b7a3df179c0b/name'
23:25:14.903 [AsyncHttpClient-1-5] DEBUG org.asynchttpclient.netty.handler.HttpHandler - 

Request DefaultFullHttpRequest(decodeResult: success, version: HTTP/1.1, content: EmptyByteBufBE)
GET /session/a1101e3f30afce3b5c3350a1367bd607/element/f9ff8f72-5833-48b1-aed9-b7a3df179c0b/name HTTP/1.1
User-Agent: selenium/4.1.2 (java windows)
Cache-Control: no-cache
Content-Type: application/json; charset=utf-8
host: localhost:60087
accept: */*

Response DefaultHttpResponse(decodeResult: success, version: HTTP/1.1)
HTTP/1.1 200 OK
Content-Type: application/json; charset=utf-8
cache-control: no-cache
content-length: 17

23:25:14.904 [AsyncHttpClient-1-5] DEBUG org.asynchttpclient.netty.channel.ChannelManager - Adding key: http://localhost:60087 for channel [id: 0xc1a0c0f2, L:/127.0.0.1:52405 - R:localhost/127.0.0.1:60087]
23:25:14.906 [Forwarding findElement on session a1101e3f30afce3b5c3350a1367bd607 to remote] DEBUG org.asynchttpclient.netty.request.NettyRequestSender - Using pooled Channel '[id: 0xc1a0c0f2, L:/127.0.0.1:52405 - R:localhost/127.0.0.1:60087]' for 'POST' to 'http://localhost:60087/session/a1101e3f30afce3b5c3350a1367bd607/element'
23:25:14.906 [Forwarding findElement on session a1101e3f30afce3b5c3350a1367bd607 to remote] DEBUG org.asynchttpclient.netty.request.NettyRequestSender - Using open Channel [id: 0xc1a0c0f2, L:/127.0.0.1:52405 - R:localhost/127.0.0.1:60087] for POST '/session/a1101e3f30afce3b5c3350a1367bd607/element'
23:25:14.916 [AsyncHttpClient-1-5] DEBUG org.asynchttpclient.netty.handler.HttpHandler - 

Request DefaultHttpRequest(decodeResult: success, version: HTTP/1.1)
POST /session/a1101e3f30afce3b5c3350a1367bd607/element HTTP/1.1
User-Agent: selenium/4.1.2 (java windows)
Content-Length: 70
Content-Type: application/json; charset=utf-8
host: localhost:60087
accept: */*

Response DefaultHttpResponse(decodeResult: success, version: HTTP/1.1)
HTTP/1.1 200 OK
Content-Type: application/json; charset=utf-8
cache-control: no-cache
content-length: 88

23:25:14.917 [AsyncHttpClient-1-5] DEBUG org.asynchttpclient.netty.channel.ChannelManager - Adding key: http://localhost:60087 for channel [id: 0xc1a0c0f2, L:/127.0.0.1:52405 - R:localhost/127.0.0.1:60087]
23:25:14.941 [Forwarding clickElement on session a1101e3f30afce3b5c3350a1367bd607 to remote] DEBUG org.asynchttpclient.netty.request.NettyRequestSender - Using pooled Channel '[id: 0xc1a0c0f2, L:/127.0.0.1:52405 - R:localhost/127.0.0.1:60087]' for 'POST' to 'http://localhost:60087/session/a1101e3f30afce3b5c3350a1367bd607/element/f9ff8f72-5833-48b1-aed9-b7a3df179c0b/click'
23:25:14.941 [Forwarding clickElement on session a1101e3f30afce3b5c3350a1367bd607 to remote] DEBUG org.asynchttpclient.netty.request.NettyRequestSender - Using open Channel [id: 0xc1a0c0f2, L:/127.0.0.1:52405 - R:localhost/127.0.0.1:60087] for POST '/session/a1101e3f30afce3b5c3350a1367bd607/element/f9ff8f72-5833-48b1-aed9-b7a3df179c0b/click'
23:25:15.021 [AsyncHttpClient-1-5] DEBUG org.asynchttpclient.netty.handler.HttpHandler - 

Request DefaultHttpRequest(decodeResult: success, version: HTTP/1.1)
POST /session/a1101e3f30afce3b5c3350a1367bd607/element/f9ff8f72-5833-48b1-aed9-b7a3df179c0b/click HTTP/1.1
User-Agent: selenium/4.1.2 (java windows)
Content-Length: 50
Content-Type: application/json; charset=utf-8
host: localhost:60087
accept: */*

Response DefaultHttpResponse(decodeResult: success, version: HTTP/1.1)
HTTP/1.1 200 OK
Content-Type: application/json; charset=utf-8
cache-control: no-cache
content-length: 14

23:25:15.022 [AsyncHttpClient-1-5] DEBUG org.asynchttpclient.netty.channel.ChannelManager - Adding key: http://localhost:60087 for channel [id: 0xc1a0c0f2, L:/127.0.0.1:52405 - R:localhost/127.0.0.1:60087]
23:25:15.029 [Forwarding screenshot on session a1101e3f30afce3b5c3350a1367bd607 to remote] DEBUG org.asynchttpclient.netty.request.NettyRequestSender - Using pooled Channel '[id: 0xc1a0c0f2, L:/127.0.0.1:52405 - R:localhost/127.0.0.1:60087]' for 'GET' to 'http://localhost:60087/session/a1101e3f30afce3b5c3350a1367bd607/screenshot'
23:25:15.029 [Forwarding screenshot on session a1101e3f30afce3b5c3350a1367bd607 to remote] DEBUG org.asynchttpclient.netty.request.NettyRequestSender - Using open Channel [id: 0xc1a0c0f2, L:/127.0.0.1:52405 - R:localhost/127.0.0.1:60087] for GET '/session/a1101e3f30afce3b5c3350a1367bd607/screenshot'
23:25:15.291 [AsyncHttpClient-1-5] DEBUG org.asynchttpclient.netty.handler.HttpHandler - 

Request DefaultFullHttpRequest(decodeResult: success, version: HTTP/1.1, content: EmptyByteBufBE)
GET /session/a1101e3f30afce3b5c3350a1367bd607/screenshot HTTP/1.1
User-Agent: selenium/4.1.2 (java windows)
Cache-Control: no-cache
Content-Type: application/json; charset=utf-8
host: localhost:60087
accept: */*

Response DefaultHttpResponse(decodeResult: success, version: HTTP/1.1)
HTTP/1.1 200 OK
Content-Type: application/json; charset=utf-8
cache-control: no-cache
content-length: 45816

23:25:15.291 [AsyncHttpClient-1-5] DEBUG org.asynchttpclient.netty.channel.ChannelManager - Adding key: http://localhost:60087 for channel [id: 0xc1a0c0f2, L:/127.0.0.1:52405 - R:localhost/127.0.0.1:60087]
23:25:15.294 [main] DEBUG net.serenitybdd.core.photography.Darkroom - Send negative for processing for target\site\serenity\0cb8126bc4c4639ec927820f0b960d4cf67fa727614abaf0971a5fdba8d9fbb9.png
23:25:15.294 [main] DEBUG net.thucydides.core.steps.StepInterceptor - STEP DONE: shortPrice
  &amp#27;[32mAnd &amp#27;[0m&amp#27;[32mI click price field&amp#27;[0m                             &amp#27;[90m# stepdefinitions.TransactionStep.clickPriceField()&amp#27;[0m
23:25:15.295 [Darkroom Processing Line] DEBUG net.serenitybdd.core.photography.DarkroomProcessingLine - Processing screenshot image in /var/screenshots/screenshot-1249672473320247547
23:25:15.295 [Darkroom Processing Line] DEBUG net.serenitybdd.core.photography.DarkroomProcessingLine - Saving screenshot to target\site\serenity\0cb8126bc4c4639ec927820f0b960d4cf67fa727614abaf0971a5fdba8d9fbb9.png
23:25:15.328 [main] DEBUG net.thucydides.core.steps.StepInterceptor - STARTING STEP: TransactionStep.iOnTransactionPage - tableListShort
23:25:15.331 [Forwarding findElement on session a1101e3f30afce3b5c3350a1367bd607 to remote] DEBUG org.asynchttpclient.netty.request.NettyRequestSender - Using pooled Channel '[id: 0xc1a0c0f2, L:/127.0.0.1:52405 - R:localhost/127.0.0.1:60087]' for 'POST' to 'http://localhost:60087/session/a1101e3f30afce3b5c3350a1367bd607/element'
23:25:15.331 [Forwarding findElement on session a1101e3f30afce3b5c3350a1367bd607 to remote] DEBUG org.asynchttpclient.netty.request.NettyRequestSender - Using open Channel [id: 0xc1a0c0f2, L:/127.0.0.1:52405 - R:localhost/127.0.0.1:60087] for POST '/session/a1101e3f30afce3b5c3350a1367bd607/element'
23:25:15.355 [AsyncHttpClient-1-5] DEBUG org.asynchttpclient.netty.handler.HttpHandler - 

Request DefaultHttpRequest(decodeResult: success, version: HTTP/1.1)
POST /session/a1101e3f30afce3b5c3350a1367bd607/element HTTP/1.1
User-Agent: selenium/4.1.2 (java windows)
Content-Length: 152
Content-Type: application/json; charset=utf-8
host: localhost:60087
accept: */*

Response DefaultHttpResponse(decodeResult: success, version: HTTP/1.1)
HTTP/1.1 200 OK
Content-Type: application/json; charset=utf-8
cache-control: no-cache
content-length: 88

23:25:15.355 [AsyncHttpClient-1-5] DEBUG org.asynchttpclient.netty.channel.ChannelManager - Adding key: http://localhost:60087 for channel [id: 0xc1a0c0f2, L:/127.0.0.1:52405 - R:localhost/127.0.0.1:60087]
23:25:15.362 [Forwarding screenshot on session a1101e3f30afce3b5c3350a1367bd607 to remote] DEBUG org.asynchttpclient.netty.request.NettyRequestSender - Using pooled Channel '[id: 0xc1a0c0f2, L:/127.0.0.1:52405 - R:localhost/127.0.0.1:60087]' for 'GET' to 'http://localhost:60087/session/a1101e3f30afce3b5c3350a1367bd607/screenshot'
23:25:15.362 [Forwarding screenshot on session a1101e3f30afce3b5c3350a1367bd607 to remote] DEBUG org.asynchttpclient.netty.request.NettyRequestSender - Using open Channel [id: 0xc1a0c0f2, L:/127.0.0.1:52405 - R:localhost/127.0.0.1:60087] for GET '/session/a1101e3f30afce3b5c3350a1367bd607/screenshot'
23:25:15.459 [AsyncHttpClient-1-1] DEBUG org.asynchttpclient.netty.channel.DefaultChannelPool - Entry count for : http://localhost:52406 : 1
23:25:15.516 [AsyncHttpClient-1-5] DEBUG org.asynchttpclient.netty.handler.HttpHandler - 

Request DefaultFullHttpRequest(decodeResult: success, version: HTTP/1.1, content: EmptyByteBufBE)
GET /session/a1101e3f30afce3b5c3350a1367bd607/screenshot HTTP/1.1
User-Agent: selenium/4.1.2 (java windows)
Cache-Control: no-cache
Content-Type: application/json; charset=utf-8
host: localhost:60087
accept: */*

Response DefaultHttpResponse(decodeResult: success, version: HTTP/1.1)
HTTP/1.1 200 OK
Content-Type: application/json; charset=utf-8
cache-control: no-cache
content-length: 45812

23:25:15.517 [AsyncHttpClient-1-5] DEBUG org.asynchttpclient.netty.channel.ChannelManager - Adding key: http://localhost:60087 for channel [id: 0xc1a0c0f2, L:/127.0.0.1:52405 - R:localhost/127.0.0.1:60087]
23:25:15.519 [main] DEBUG net.serenitybdd.core.photography.Darkroom - Send negative for processing for target\site\serenity\22316fb3864d909993e9f6f0bfc60e21df263e02b171b0207ab8e6e128cd8d01.png
23:25:15.520 [main] DEBUG net.thucydides.core.steps.StepInterceptor - STEP DONE: tableListShort
  &amp#27;[32mThen &amp#27;[0m&amp#27;[32mThe table start from lowlest price&amp#27;[0m             &amp#27;[90m# stepdefinitions.TransactionStep.iOnTransactionPage()&amp#27;[0m
23:25:15.520 [Darkroom Processing Line] DEBUG net.serenitybdd.core.photography.DarkroomProcessingLine - Processing screenshot image in /var/screenshots/screenshot-13346880830250952520
23:25:15.520 [Darkroom Processing Line] DEBUG net.serenitybdd.core.photography.DarkroomProcessingLine - Saving screenshot to target\site\serenity\22316fb3864d909993e9f6f0bfc60e21df263e02b171b0207ab8e6e128cd8d01.png
23:25:15.530 [main] INFO  - 
  _____   ___   ___   _____     ___     _     ___   ___   ___   ___  
 |_   _| | __| / __| |_   _|   | _ \   /_\   / __| / __| | __| |   \ 
   | |   | _|  \__ \   | |     |  _/  / _ \  \__ \ \__ \ | _|  | |) |
   |_|   |___| |___/   |_|     |_|   /_/ \_\ |___/ |___/ |___| |___/ 

As a user, i can short the price of product
----------------------------------------------------------------------
23:25:15.532 [AsyncHttpClient-1-7] DEBUG org.asynchttpclient.netty.handler.WebSocketHandler - Channel Closed: [id: 0x66964579, L:/127.0.0.1:52414 ! R:localhost/127.0.0.1:52406] with attribute NettyResponseFuture{currentRetry=5,
	isDone=1,
	isCancelled=0,
	asyncHandler=org.asynchttpclient.ws.WebSocketUpgradeHandler@355d93d3,
	nettyRequest=org.asynchttpclient.netty.request.NettyRequest@53f60d42,
	future=java.util.concurrent.CompletableFuture@50c4c84a[Completed normally],
	uri=ws://localhost:52406/devtools/browser/457ebfbf-4fc2-4b52-bd62-b4c70f30740f,
	keepAlive=true,
	redirectCount=0,
	timeoutsHolder=null,
	inAuth=0,
	touch=1652631905976}
23:25:15.533 [AsyncHttpClient-1-7] DEBUG org.asynchttpclient.netty.channel.ChannelManager - Closing Channel [id: 0x66964579, L:/127.0.0.1:52414 ! R:localhost/127.0.0.1:52406] 
23:25:15.533 [Driver Command Executor] DEBUG org.asynchttpclient.netty.request.NettyRequestSender - Using pooled Channel '[id: 0xc1a0c0f2, L:/127.0.0.1:52405 - R:localhost/127.0.0.1:60087]' for 'DELETE' to 'http://localhost:60087/session/a1101e3f30afce3b5c3350a1367bd607'
23:25:15.533 [Driver Command Executor] DEBUG org.asynchttpclient.netty.request.NettyRequestSender - Using open Channel [id: 0xc1a0c0f2, L:/127.0.0.1:52405 - R:localhost/127.0.0.1:60087] for DELETE '/session/a1101e3f30afce3b5c3350a1367bd607'
23:25:15.663 [AsyncHttpClient-1-6] DEBUG org.asynchttpclient.netty.handler.HttpHandler - Unexpected I/O exception on channel [id: 0xc543800b, L:/127.0.0.1:52413 - R:localhost/127.0.0.1:52406]
java.io.IOException: An existing connection was forcibly closed by the remote host
	at java.base/sun.nio.ch.SocketDispatcher.read0(Native Method)
	at java.base/sun.nio.ch.SocketDispatcher.read(SocketDispatcher.java:43)
	at java.base/sun.nio.ch.IOUtil.readIntoNativeBuffer(IOUtil.java:276)
	at java.base/sun.nio.ch.IOUtil.read(IOUtil.java:233)
	at java.base/sun.nio.ch.IOUtil.read(IOUtil.java:223)
	at java.base/sun.nio.ch.SocketChannelImpl.read(SocketChannelImpl.java:358)
	at io.netty.buffer.PooledByteBuf.setBytes(PooledByteBuf.java:258)
	at io.netty.buffer.AbstractByteBuf.writeBytes(AbstractByteBuf.java:1132)
	at io.netty.channel.socket.nio.NioSocketChannel.doReadBytes(NioSocketChannel.java:350)
	at io.netty.channel.nio.AbstractNioByteChannel$NioByteUnsafe.read(AbstractNioByteChannel.java:151)
	at io.netty.channel.nio.NioEventLoop.processSelectedKey(NioEventLoop.java:722)
	at io.netty.channel.nio.NioEventLoop.processSelectedKeysOptimized(NioEventLoop.java:658)
	at io.netty.channel.nio.NioEventLoop.processSelectedKeys(NioEventLoop.java:584)
	at io.netty.channel.nio.NioEventLoop.run(NioEventLoop.java:496)
	at io.netty.util.concurrent.SingleThreadEventExecutor$4.run(SingleThreadEventExecutor.java:986)
	at io.netty.util.internal.ThreadExecutorMap$2.run(ThreadExecutorMap.java:74)
	at io.netty.util.concurrent.FastThreadLocalRunnable.run(FastThreadLocalRunnable.java:30)
	at java.base/java.lang.Thread.run(Thread.java:834)
23:25:15.663 [AsyncHttpClient-1-6] DEBUG org.asynchttpclient.netty.channel.ChannelManager - Closing Channel [id: 0xc543800b, L:/127.0.0.1:52413 - R:localhost/127.0.0.1:52406] 
23:25:15.664 [AsyncHttpClient-1-6] DEBUG org.asynchttpclient.netty.handler.HttpHandler - Channel Closed: [id: 0xc543800b, L:/127.0.0.1:52413 ! R:localhost/127.0.0.1:52406] with attribute DISCARD
23:25:15.695 [AsyncHttpClient-1-5] DEBUG org.asynchttpclient.netty.handler.HttpHandler - 

Request DefaultFullHttpRequest(decodeResult: success, version: HTTP/1.1, content: EmptyByteBufBE)
DELETE /session/a1101e3f30afce3b5c3350a1367bd607 HTTP/1.1
User-Agent: selenium/4.1.2 (java windows)
Content-Type: application/json; charset=utf-8
host: localhost:60087
accept: */*

Response DefaultHttpResponse(decodeResult: success, version: HTTP/1.1)
HTTP/1.1 200 OK
Content-Type: application/json; charset=utf-8
cache-control: no-cache
content-length: 14

23:25:15.695 [AsyncHttpClient-1-5] DEBUG org.asynchttpclient.netty.channel.ChannelManager - Adding key: http://localhost:60087 for channel [id: 0xc1a0c0f2, L:/127.0.0.1:52405 - R:localhost/127.0.0.1:60087]
23:25:16.120 [AsyncHttpClient-1-5] DEBUG org.asynchttpclient.netty.handler.HttpHandler - Channel Closed: [id: 0xc1a0c0f2, L:/127.0.0.1:52405 ! R:localhost/127.0.0.1:60087] with attribute DISCARD
23:25:16.558 [AsyncHttpClient-1-1] DEBUG org.asynchttpclient.netty.channel.DefaultChannelPool - Entry count for : http://localhost:60087 : 1
23:25:16.558 [AsyncHttpClient-1-1] DEBUG org.asynchttpclient.netty.channel.DefaultChannelPool - Entry count for : http://localhost:52406 : 1
23:25:16.558 [AsyncHttpClient-1-1] DEBUG org.asynchttpclient.netty.channel.DefaultChannelPool - Adding Candidate expired Channel [id: 0xc1a0c0f2, L:/127.0.0.1:52405 ! R:localhost/127.0.0.1:60087] isIdleTimeoutExpired=false isRemotelyClosed=true isTtlExpired=false
23:25:16.558 [AsyncHttpClient-1-1] DEBUG org.asynchttpclient.netty.channel.DefaultChannelPool - Closing Idle Channel [id: 0xc1a0c0f2, L:/127.0.0.1:52405 ! R:localhost/127.0.0.1:60087]
23:25:16.558 [AsyncHttpClient-1-1] DEBUG org.asynchttpclient.netty.channel.DefaultChannelPool - Adding Candidate expired Channel [id: 0xc543800b, L:/127.0.0.1:52413 ! R:localhost/127.0.0.1:52406] isIdleTimeoutExpired=false isRemotelyClosed=true isTtlExpired=false
23:25:16.558 [AsyncHttpClient-1-1] DEBUG org.asynchttpclient.netty.channel.DefaultChannelPool - Closing Idle Channel [id: 0xc543800b, L:/127.0.0.1:52413 ! R:localhost/127.0.0.1:52406]
23:25:16.558 [AsyncHttpClient-1-1] DEBUG org.asynchttpclient.netty.channel.DefaultChannelPool - Closed 2 connections out of 2 in 0 ms
]]></system-out>
    <system-err><![CDATA[Starting ChromeDriver 101.0.4951.41 (93c720db8323b3ec10d056025ab95c23a31997c9-refs/branch-heads/4951@{#904}) on port 60087
Only local connections are allowed.
Please see https://chromedriver.chromium.org/security-considerations for suggestions on keeping ChromeDriver safe.
ChromeDriver was started successfully.
May 15, 2022 11:25:05 PM org.openqa.selenium.remote.ProtocolHandshake createSession
INFO: Detected dialect: W3C
May 15, 2022 11:25:05 PM org.openqa.selenium.devtools.CdpVersionFinder findNearestMatch
WARNING: Unable to find an exact match for CDP version 101, so returning the closest version found: 97
May 15, 2022 11:25:05 PM org.openqa.selenium.devtools.CdpVersionFinder findNearestMatch
INFO: Found CDP implementation for version 101 of 97
]]></system-err>
  </testcase>
</testsuite>