<?xml version="1.0" encoding="UTF-8"?>
<testsuite xmlns:xsi="http://www.w3.org/2001/XMLSchema-instance" xsi:schemaLocation="https://maven.apache.org/surefire/maven-surefire-plugin/xsd/surefire-test-report.xsd" name="CucumberTestSuite" time="68.719" tests="20" errors="0" skipped="0" failures="0">
  <properties>
[...]
</properties>
  <testcase name="I am on homepage" classname="As Android user, I can buy product and add to chart" time="16.947"/>
  <testcase name="I tap beli button on Durian" classname="As Android user, I can buy product and add to chart" time="0.276"/>
  <testcase name="The number on the chart increased 1" classname="As Android user, I can buy product and add to chart" time="0.302"/>
  <testcase name="As Android user, I can buy product and add to chart" classname="As Android user, I can buy product and add to chart" time="0.324"/>
  <testcase name="I on homepage" classname="As Android user, I can login to the app" time="10.542"/>
  <testcase name="I tap login icon" classname="As Android user, I can login to the app" time="0.863"/>
  <testcase name="I type email alex@email.com" classname="As Android user, I can login to the app" time="2.946"/>
  <testcase name="I type password 123123123" classname="As Android user, I can login to the app" time="1.334"/>
  <testcase name="I tap login button" classname="As Android user, I can login to the app" time="0.762"/>
  <testcase name="I on Home page" classname="As Android user, I can login to the app" time="1.366"/>
  <testcase name="As Android user, I can login to the app" classname="As Android user, I can login to the app" time="1.373"/>
  <testcase name="I on landing page" classname="As Android user, I can creat account on the app" time="11.508"/>
  <testcase name="I tap login-icon" classname="As Android user, I can creat account on the app" time="0.627"/>
  <testcase name="I tap register link" classname="As Android user, I can creat account on the app" time="1.292"/>
  <testcase name="I input full name" classname="As Android user, I can creat account on the app" time="2.405"/>
  <testcase name="I input email" classname="As Android user, I can creat account on the app" time="2.173"/>
  <testcase name="I input password" classname="As Android user, I can creat account on the app" time="1.982"/>
  <testcase name="I tap register button" classname="As Android user, I can creat account on the app" time="0.709"/>
  <testcase name="I on home-page" classname="As Android user, I can creat account on the app" time="2.976"/>
  <testcase name="As Android user, I can creat account on the app" classname="As Android user, I can creat account on the app" time="2.982"/>
</testsuite>